Startpoint: step[4]$_SDFFE_PP0P_
            (rising edge-triggered flip-flop clocked by clk0)
Endpoint: intermediateValue[13]$_DFFE_PP_
          (rising edge-triggered flip-flop clocked by clk0)
Path Group: clk0
Path Type: max

Fanout     Cap    Slew   Delay    Time   Description
-----------------------------------------------------------------------------
                  0.00    0.00    0.00   clock clk0 (rise edge)
                          0.00    0.00   clock network delay (ideal)
                  0.00    0.00    0.00 ^ step[4]$_SDFFE_PP0P_/CK (DFF_X1)
    12   20.85    0.05    0.13    0.13 ^ step[4]$_SDFFE_PP0P_/Q (DFF_X1)
                                         step[4] (net)
                  0.05    0.00    0.13 ^ _3885_/A1 (NOR2_X1)
     3    4.94    0.02    0.02    0.15 v _3885_/ZN (NOR2_X1)
                                         _3242_ (net)
                  0.02    0.00    0.15 v _3886_/A2 (NAND2_X1)
    18   34.28    0.08    0.10    0.25 ^ _3886_/ZN (NAND2_X1)
                                         _3243_ (net)
                  0.08    0.00    0.25 ^ _3941_/A2 (OAI22_X1)
     2    3.17    0.03    0.04    0.29 v _3941_/ZN (OAI22_X1)
                                         _3298_ (net)
                  0.03    0.00    0.29 v _3942_/A2 (NOR2_X1)
     2    3.84    0.03    0.05    0.33 ^ _3942_/ZN (NOR2_X1)
                                         _3299_ (net)
                  0.03    0.00    0.33 ^ _4031_/A (OAI221_X1)
     1    1.65    0.02    0.04    0.37 v _4031_/ZN (OAI221_X1)
                                         _0343_ (net)
                  0.02    0.00    0.37 v _4032_/A4 (NOR4_X1)
     1    2.77    0.05    0.09    0.46 ^ _4032_/ZN (NOR4_X1)
                                         _0344_ (net)
                  0.05    0.00    0.46 ^ _4033_/A4 (NAND4_X1)
     1    1.78    0.02    0.04    0.50 v _4033_/ZN (NAND4_X1)
                                         _0345_ (net)
                  0.02    0.00    0.50 v _4034_/A3 (NOR3_X1)
     3    5.78    0.05    0.09    0.58 ^ _4034_/ZN (NOR3_X1)
                                         _0346_ (net)
                  0.05    0.00    0.58 ^ _4058_/A (INV_X1)
     3    4.65    0.02    0.02    0.60 v _4058_/ZN (INV_X1)
                                         _0369_ (net)
                  0.02    0.00    0.60 v _4060_/A1 (NOR2_X1)
     5    8.58    0.05    0.06    0.66 ^ _4060_/ZN (NOR2_X1)
                                         _0371_ (net)
                  0.05    0.00    0.66 ^ _4075_/A1 (NAND2_X1)
     3    4.97    0.02    0.03    0.69 v _4075_/ZN (NAND2_X1)
                                         _0386_ (net)
                  0.02    0.00    0.69 v _4118_/A3 (NOR3_X1)
    18   49.52    0.35    0.42    1.12 ^ _4118_/ZN (NOR3_X1)
                                         _0429_ (net)
                  0.35    0.00    1.12 ^ _4628_/A2 (NOR4_X1)
     1    0.93    0.06   -0.02    1.10 v _4628_/ZN (NOR4_X1)
                                         _0914_ (net)
                  0.06    0.00    1.10 v _4629_/A4 (AND4_X1)
     2    2.76    0.01    0.06    1.16 v _4629_/ZN (AND4_X1)
                                         _0915_ (net)
                  0.01    0.00    1.16 v _4640_/B1 (AOI21_X1)
    35   86.15    0.40    0.44    1.61 ^ _4640_/ZN (AOI21_X1)
                                         _0926_ (net)
                  0.40    0.01    1.62 ^ _5630_/A1 (NAND3_X1)
    15   45.30    0.16    0.29    1.90 v _5630_/ZN (NAND3_X1)
                                         _1913_ (net)
                  0.16    0.00    1.91 v _6041_/A (INV_X1)
    15   35.11    0.10    0.17    2.08 ^ _6041_/ZN (INV_X1)
                                         _2316_ (net)
                  0.10    0.00    2.08 ^ _6130_/A1 (NAND4_X1)
     1    1.77    0.03    0.04    2.13 v _6130_/ZN (NAND4_X1)
                                         _2403_ (net)
                  0.03    0.00    2.13 v _6142_/A (AOI211_X1)
     1    1.85    0.04    0.08    2.20 ^ _6142_/ZN (AOI211_X1)
                                         _2415_ (net)
                  0.04    0.00    2.20 ^ _6153_/A (OAI221_X1)
     1    3.06    0.03    0.04    2.25 v _6153_/ZN (OAI221_X1)
                                         _2426_ (net)
                  0.03    0.00    2.25 v _6158_/B (AOI211_X1)
     1    2.25    0.04    0.07    2.32 ^ _6158_/ZN (AOI211_X1)
                                         _2431_ (net)
                  0.04    0.00    2.32 ^ _6161_/A1 (NOR2_X1)
     1    1.18    0.01    0.01    2.33 v _6161_/ZN (NOR2_X1)
                                         _0055_ (net)
                  0.01    0.00    2.33 v intermediateValue[13]$_DFFE_PP_/D (DFF_X1)
                                  2.33   data arrival time

                  0.00  100.00  100.00   clock clk0 (rise edge)
                          0.00  100.00   clock network delay (ideal)
                          0.00  100.00   clock reconvergence pessimism
                                100.00 ^ intermediateValue[13]$_DFFE_PP_/CK (DFF_X1)
                         -0.04   99.96   library setup time
                                 99.96   data required time
-----------------------------------------------------------------------------
                                 99.96   data required time
                                 -2.33   data arrival time
-----------------------------------------------------------------------------
                                 97.63   slack (MET)


