[WARNING STA-0503] report_checks -group_count is deprecated. Use -group_path_count instead.
Startpoint: step[4]$_SDFFE_PP0P_
            (rising edge-triggered flip-flop clocked by clk0)
Endpoint: intermediateValue[13]$_DFFE_PP_
          (rising edge-triggered flip-flop clocked by clk0)
Path Group: clk0
Path Type: max

Fanout     Cap    Slew   Delay    Time   Description
-----------------------------------------------------------------------------
                  0.00    0.00    0.00   clock clk0 (rise edge)
                          0.00    0.00   clock network delay (ideal)
                  0.00    0.00    0.00 ^ step[4]$_SDFFE_PP0P_/CK (DFF_X1)
    12   20.85    0.05    0.13    0.13 ^ step[4]$_SDFFE_PP0P_/Q (DFF_X1)
                                         step[4] (net)
                  0.05    0.00    0.13 ^ _3885_/A1 (NOR2_X1)
     3    4.94    0.02    0.02    0.15 v _3885_/ZN (NOR2_X1)
                                         _3242_ (net)
                  0.02    0.00    0.15 v _3886_/A2 (NAND2_X1)
    18   34.28    0.08    0.10    0.25 ^ _3886_/ZN (NAND2_X1)
                                         _3243_ (net)
                  0.08    0.00    0.25 ^ _3941_/A2 (OAI22_X1)
     2    3.17    0.03    0.04    0.29 v _3941_/ZN (OAI22_X1)
                                         _3298_ (net)
                  0.03    0.00    0.29 v _3942_/A2 (NOR2_X1)
     2    3.84    0.03    0.05    0.33 ^ _3942_/ZN (NOR2_X1)
                                         _3299_ (net)
                  0.03    0.00    0.33 ^ _4031_/A (OAI221_X1)
     1    1.65    0.02    0.04    0.37 v _4031_/ZN (OAI221_X1)
                                         _0343_ (net)
                  0.02    0.00    0.37 v _4032_/A4 (NOR4_X1)
     1    2.77    0.05    0.09    0.46 ^ _4032_/ZN (NOR4_X1)
                                         _0344_ (net)
                  0.05    0.00    0.46 ^ _4033_/A4 (NAND4_X1)
     1    1.78    0.02    0.04    0.50 v _4033_/ZN (NAND4_X1)
                                         _0345_ (net)
                  0.02    0.00    0.50 v _4034_/A3 (NOR3_X1)
     3    5.78    0.05    0.09    0.58 ^ _4034_/ZN (NOR3_X1)
                                         _0346_ (net)
                  0.05    0.00    0.58 ^ _4058_/A (INV_X1)
     3    4.65    0.02    0.02    0.60 v _4058_/ZN (INV_X1)
                                         _0369_ (net)
                  0.02    0.00    0.60 v _4060_/A1 (NOR2_X1)
     5    8.58    0.05    0.06    0.66 ^ _4060_/ZN (NOR2_X1)
                                         _0371_ (net)
                  0.05    0.00    0.66 ^ _4075_/A1 (NAND2_X1)
     3    4.97    0.02    0.03    0.69 v _4075_/ZN (NAND2_X1)
                                         _0386_ (net)
                  0.02    0.00    0.69 v _4118_/A3 (NOR3_X1)
    18   49.52    0.35    0.42    1.12 ^ _4118_/ZN (NOR3_X1)
                                         _0429_ (net)
                  0.35    0.00    1.12 ^ _4628_/A2 (NOR4_X1)
     1    0.93    0.06   -0.02    1.10 v _4628_/ZN (NOR4_X1)
                                         _0914_ (net)
                  0.06    0.00    1.10 v _4629_/A4 (AND4_X1)
     2    2.76    0.01    0.06    1.16 v _4629_/ZN (AND4_X1)
                                         _0915_ (net)
                  0.01    0.00    1.16 v _4640_/B1 (AOI21_X1)
    35   86.15    0.40    0.44    1.61 ^ _4640_/ZN (AOI21_X1)
                                         _0926_ (net)
                  0.40    0.01    1.62 ^ _5630_/A1 (NAND3_X1)
    15   45.30    0.16    0.29    1.90 v _5630_/ZN (NAND3_X1)
                                         _1913_ (net)
                  0.16    0.00    1.91 v _6041_/A (INV_X1)
    15   35.11    0.10    0.17    2.08 ^ _6041_/ZN (INV_X1)
                                         _2316_ (net)
                  0.10    0.00    2.08 ^ _6130_/A1 (NAND4_X1)
     1    1.77    0.03    0.04    2.13 v _6130_/ZN (NAND4_X1)
                                         _2403_ (net)
                  0.03    0.00    2.13 v _6142_/A (AOI211_X1)
     1    1.85    0.04    0.08    2.20 ^ _6142_/ZN (AOI211_X1)
                                         _2415_ (net)
                  0.04    0.00    2.20 ^ _6153_/A (OAI221_X1)
     1    3.06    0.03    0.04    2.25 v _6153_/ZN (OAI221_X1)
                                         _2426_ (net)
                  0.03    0.00    2.25 v _6158_/B (AOI211_X1)
     1    2.25    0.04    0.07    2.32 ^ _6158_/ZN (AOI211_X1)
                                         _2431_ (net)
                  0.04    0.00    2.32 ^ _6161_/A1 (NOR2_X1)
     1    1.18    0.01    0.01    2.33 v _6161_/ZN (NOR2_X1)
                                         _0055_ (net)
                  0.01    0.00    2.33 v intermediateValue[13]$_DFFE_PP_/D (DFF_X1)
                                  2.33   data arrival time

                  0.00  100.00  100.00   clock clk0 (rise edge)
                          0.00  100.00   clock network delay (ideal)
                          0.00  100.00   clock reconvergence pessimism
                                100.00 ^ intermediateValue[13]$_DFFE_PP_/CK (DFF_X1)
                         -0.04   99.96   library setup time
                                 99.96   data required time
-----------------------------------------------------------------------------
                                 99.96   data required time
                                 -2.33   data arrival time
-----------------------------------------------------------------------------
                                 97.63   slack (MET)


Startpoint: step[4]$_SDFFE_PP0P_
            (rising edge-triggered flip-flop clocked by clk0)
Endpoint: intermediateValue[11]$_DFFE_PP_
          (rising edge-triggered flip-flop clocked by clk0)
Path Group: clk0
Path Type: max

Fanout     Cap    Slew   Delay    Time   Description
-----------------------------------------------------------------------------
                  0.00    0.00    0.00   clock clk0 (rise edge)
                          0.00    0.00   clock network delay (ideal)
                  0.00    0.00    0.00 ^ step[4]$_SDFFE_PP0P_/CK (DFF_X1)
    12   20.85    0.05    0.13    0.13 ^ step[4]$_SDFFE_PP0P_/Q (DFF_X1)
                                         step[4] (net)
                  0.05    0.00    0.13 ^ _3885_/A1 (NOR2_X1)
     3    4.94    0.02    0.02    0.15 v _3885_/ZN (NOR2_X1)
                                         _3242_ (net)
                  0.02    0.00    0.15 v _3886_/A2 (NAND2_X1)
    18   34.28    0.08    0.10    0.25 ^ _3886_/ZN (NAND2_X1)
                                         _3243_ (net)
                  0.08    0.00    0.25 ^ _3941_/A2 (OAI22_X1)
     2    3.17    0.03    0.04    0.29 v _3941_/ZN (OAI22_X1)
                                         _3298_ (net)
                  0.03    0.00    0.29 v _3942_/A2 (NOR2_X1)
     2    3.84    0.03    0.05    0.33 ^ _3942_/ZN (NOR2_X1)
                                         _3299_ (net)
                  0.03    0.00    0.33 ^ _4031_/A (OAI221_X1)
     1    1.65    0.02    0.04    0.37 v _4031_/ZN (OAI221_X1)
                                         _0343_ (net)
                  0.02    0.00    0.37 v _4032_/A4 (NOR4_X1)
     1    2.77    0.05    0.09    0.46 ^ _4032_/ZN (NOR4_X1)
                                         _0344_ (net)
                  0.05    0.00    0.46 ^ _4033_/A4 (NAND4_X1)
     1    1.78    0.02    0.04    0.50 v _4033_/ZN (NAND4_X1)
                                         _0345_ (net)
                  0.02    0.00    0.50 v _4034_/A3 (NOR3_X1)
     3    5.78    0.05    0.09    0.58 ^ _4034_/ZN (NOR3_X1)
                                         _0346_ (net)
                  0.05    0.00    0.58 ^ _4058_/A (INV_X1)
     3    4.65    0.02    0.02    0.60 v _4058_/ZN (INV_X1)
                                         _0369_ (net)
                  0.02    0.00    0.60 v _4060_/A1 (NOR2_X1)
     5    8.58    0.05    0.06    0.66 ^ _4060_/ZN (NOR2_X1)
                                         _0371_ (net)
                  0.05    0.00    0.66 ^ _4075_/A1 (NAND2_X1)
     3    4.97    0.02    0.03    0.69 v _4075_/ZN (NAND2_X1)
                                         _0386_ (net)
                  0.02    0.00    0.69 v _4118_/A3 (NOR3_X1)
    18   49.52    0.35    0.42    1.12 ^ _4118_/ZN (NOR3_X1)
                                         _0429_ (net)
                  0.35    0.00    1.12 ^ _4628_/A2 (NOR4_X1)
     1    0.93    0.06   -0.02    1.10 v _4628_/ZN (NOR4_X1)
                                         _0914_ (net)
                  0.06    0.00    1.10 v _4629_/A4 (AND4_X1)
     2    2.76    0.01    0.06    1.16 v _4629_/ZN (AND4_X1)
                                         _0915_ (net)
                  0.01    0.00    1.16 v _4640_/B1 (AOI21_X1)
    35   86.15    0.40    0.44    1.61 ^ _4640_/ZN (AOI21_X1)
                                         _0926_ (net)
                  0.40    0.01    1.62 ^ _5630_/A1 (NAND3_X1)
    15   45.30    0.16    0.29    1.90 v _5630_/ZN (NAND3_X1)
                                         _1913_ (net)
                  0.16    0.00    1.91 v _6041_/A (INV_X1)
    15   35.11    0.10    0.17    2.08 ^ _6041_/ZN (INV_X1)
                                         _2316_ (net)
                  0.10    0.00    2.08 ^ _6058_/A1 (NAND3_X1)
     1    1.72    0.03    0.03    2.11 v _6058_/ZN (NAND3_X1)
                                         _2333_ (net)
                  0.03    0.00    2.11 v _6059_/B (AOI211_X1)
     1    1.84    0.04    0.07    2.18 ^ _6059_/ZN (AOI211_X1)
                                         _2334_ (net)
                  0.04    0.00    2.18 ^ _6064_/A (OAI21_X1)
     1    1.67    0.04    0.02    2.21 v _6064_/ZN (OAI21_X1)
                                         _2339_ (net)
                  0.04    0.00    2.21 v _6065_/B2 (OAI22_X1)
     1    4.49    0.08    0.07    2.28 ^ _6065_/ZN (OAI22_X1)
                                         _2340_ (net)
                  0.08    0.00    2.28 ^ _6066_/A (INV_X1)
     1    1.15    0.02    0.01    2.29 v _6066_/ZN (INV_X1)
                                         _0053_ (net)
                  0.02    0.00    2.29 v intermediateValue[11]$_DFFE_PP_/D (DFF_X1)
                                  2.29   data arrival time

                  0.00  100.00  100.00   clock clk0 (rise edge)
                          0.00  100.00   clock network delay (ideal)
                          0.00  100.00   clock reconvergence pessimism
                                100.00 ^ intermediateValue[11]$_DFFE_PP_/CK (DFF_X1)
                         -0.04   99.96   library setup time
                                 99.96   data required time
-----------------------------------------------------------------------------
                                 99.96   data required time
                                 -2.29   data arrival time
-----------------------------------------------------------------------------
                                 97.67   slack (MET)


Startpoint: step[4]$_SDFFE_PP0P_
            (rising edge-triggered flip-flop clocked by clk0)
Endpoint: intermediateValue[28]$_DFFE_PP_
          (rising edge-triggered flip-flop clocked by clk0)
Path Group: clk0
Path Type: max

Fanout     Cap    Slew   Delay    Time   Description
-----------------------------------------------------------------------------
                  0.00    0.00    0.00   clock clk0 (rise edge)
                          0.00    0.00   clock network delay (ideal)
                  0.00    0.00    0.00 ^ step[4]$_SDFFE_PP0P_/CK (DFF_X1)
    12   20.85    0.05    0.13    0.13 ^ step[4]$_SDFFE_PP0P_/Q (DFF_X1)
                                         step[4] (net)
                  0.05    0.00    0.13 ^ _3885_/A1 (NOR2_X1)
     3    4.94    0.02    0.02    0.15 v _3885_/ZN (NOR2_X1)
                                         _3242_ (net)
                  0.02    0.00    0.15 v _3886_/A2 (NAND2_X1)
    18   34.28    0.08    0.10    0.25 ^ _3886_/ZN (NAND2_X1)
                                         _3243_ (net)
                  0.08    0.00    0.25 ^ _3927_/B2 (OAI22_X1)
     1    0.95    0.02    0.03    0.28 v _3927_/ZN (OAI22_X1)
                                         _3284_ (net)
                  0.02    0.00    0.28 v _3928_/A3 (OR3_X1)
     2    4.53    0.02    0.09    0.37 v _3928_/ZN (OR3_X1)
                                         _3285_ (net)
                  0.02    0.00    0.37 v _3934_/A (AOI211_X1)
     2    4.44    0.06    0.09    0.46 ^ _3934_/ZN (AOI211_X1)
                                         _3291_ (net)
                  0.06    0.00    0.46 ^ _3939_/A2 (NAND3_X1)
     2    3.33    0.02    0.04    0.50 v _3939_/ZN (NAND3_X1)
                                         _3296_ (net)
                  0.02    0.00    0.50 v _3956_/A1 (NOR2_X1)
     1    1.72    0.02    0.03    0.53 ^ _3956_/ZN (NOR2_X1)
                                         _3313_ (net)
                  0.02    0.00    0.53 ^ _3967_/A2 (NAND4_X1)
     6   12.00    0.05    0.07    0.60 v _3967_/ZN (NAND4_X1)
                                         _3324_ (net)
                  0.05    0.00    0.60 v _3968_/A2 (NOR2_X1)
    13   22.87    0.11    0.15    0.75 ^ _3968_/ZN (NOR2_X1)
                                         _3325_ (net)
                  0.11    0.00    0.75 ^ _4051_/A1 (AND2_X1)
    36  136.33    0.30    0.35    1.10 ^ _4051_/ZN (AND2_X1)
                                         _3621_ (net)
                  0.30    0.02    1.12 ^ _7207_/CI (FA_X1)
     2    4.17    0.03    0.09    1.21 ^ _7207_/CO (FA_X1)
                                         _3622_ (net)
                  0.03    0.00    1.21 ^ _5700_/B2 (AOI21_X1)
     1    1.76    0.02    0.02    1.23 v _5700_/ZN (AOI21_X1)
                                         _1982_ (net)
                  0.02    0.00    1.23 v _5701_/B1 (OAI21_X1)
     2    6.12    0.04    0.05    1.28 ^ _5701_/ZN (OAI21_X1)
                                         _1983_ (net)
                  0.04    0.00    1.28 ^ _5779_/B1 (AOI21_X1)
     1    2.88    0.02    0.02    1.31 v _5779_/ZN (AOI21_X1)
                                         _2059_ (net)
                  0.02    0.00    1.31 v _5780_/B1 (OAI21_X1)
     2    4.21    0.03    0.04    1.35 ^ _5780_/ZN (OAI21_X1)
                                         _2060_ (net)
                  0.03    0.00    1.35 ^ _5892_/A2 (AND2_X1)
     1    1.76    0.01    0.04    1.39 ^ _5892_/ZN (AND2_X1)
                                         _2170_ (net)
                  0.01    0.00    1.39 ^ _5893_/B2 (OAI21_X1)
     2    3.32    0.02    0.02    1.40 v _5893_/ZN (OAI21_X1)
                                         _2171_ (net)
                  0.02    0.00    1.40 v _5896_/B2 (AOI21_X1)
     2    3.69    0.03    0.04    1.45 ^ _5896_/ZN (AOI21_X1)
                                         _2174_ (net)
                  0.03    0.00    1.45 ^ _5995_/B2 (OAI21_X1)
     2    2.77    0.02    0.02    1.47 v _5995_/ZN (OAI21_X1)
                                         _2271_ (net)
                  0.02    0.00    1.47 v _5997_/B2 (AOI21_X1)
     2    2.96    0.03    0.04    1.51 ^ _5997_/ZN (AOI21_X1)
                                         _2273_ (net)
                  0.03    0.00    1.51 ^ _6082_/B2 (OAI21_X1)
     2    4.85    0.02    0.03    1.54 v _6082_/ZN (OAI21_X1)
                                         _2356_ (net)
                  0.02    0.00    1.54 v _6083_/B2 (AOI21_X1)
     2    3.61    0.03    0.05    1.59 ^ _6083_/ZN (AOI21_X1)
                                         _2357_ (net)
                  0.03    0.00    1.59 ^ _6166_/B2 (OAI21_X1)
     2    2.84    0.02    0.02    1.61 v _6166_/ZN (OAI21_X1)
                                         _2438_ (net)
                  0.02    0.00    1.61 v _6168_/B2 (AOI21_X1)
     2    3.57    0.03    0.04    1.66 ^ _6168_/ZN (AOI21_X1)
                                         _2440_ (net)
                  0.03    0.00    1.66 ^ _6266_/B2 (OAI21_X1)
     2    2.59    0.02    0.02    1.68 v _6266_/ZN (OAI21_X1)
                                         _2536_ (net)
                  0.02    0.00    1.68 v _6267_/B2 (AOI21_X1)
     2    3.54    0.03    0.04    1.72 ^ _6267_/ZN (AOI21_X1)
                                         _2537_ (net)
                  0.03    0.00    1.72 ^ _6282_/B2 (OAI21_X1)
     2    2.51    0.02    0.02    1.75 v _6282_/ZN (OAI21_X1)
                                         _2550_ (net)
                  0.02    0.00    1.75 v _6283_/B2 (AOI21_X1)
     2    3.47    0.03    0.04    1.79 ^ _6283_/ZN (AOI21_X1)
                                         _2551_ (net)
                  0.03    0.00    1.79 ^ _6297_/B2 (OAI21_X1)
     2    2.62    0.02    0.02    1.81 v _6297_/ZN (OAI21_X1)
                                         _2563_ (net)
                  0.02    0.00    1.81 v _6298_/B2 (AOI21_X1)
     2    3.49    0.03    0.04    1.86 ^ _6298_/ZN (AOI21_X1)
                                         _2564_ (net)
                  0.03    0.00    1.86 ^ _6312_/B2 (OAI21_X1)
     2    3.17    0.02    0.03    1.88 v _6312_/ZN (OAI21_X1)
                                         _2576_ (net)
                  0.02    0.00    1.88 v _6313_/B2 (AOI21_X1)
     2    3.67    0.03    0.04    1.93 ^ _6313_/ZN (AOI21_X1)
                                         _2577_ (net)
                  0.03    0.00    1.93 ^ _6328_/B2 (OAI21_X1)
     2    3.15    0.02    0.03    1.95 v _6328_/ZN (OAI21_X1)
                                         _2590_ (net)
                  0.02    0.00    1.95 v _6329_/B2 (AOI21_X1)
     2    3.65    0.03    0.04    2.00 ^ _6329_/ZN (AOI21_X1)
                                         _2591_ (net)
                  0.03    0.00    2.00 ^ _6343_/B2 (OAI21_X1)
     2    3.23    0.02    0.03    2.02 v _6343_/ZN (OAI21_X1)
                                         _2603_ (net)
                  0.02    0.00    2.02 v _6358_/C2 (AOI211_X1)
     1    1.89    0.04    0.05    2.07 ^ _6358_/ZN (AOI211_X1)
                                         _2616_ (net)
                  0.04    0.00    2.07 ^ _6359_/B (AOI211_X1)
     2    4.52    0.02    0.03    2.10 v _6359_/ZN (AOI211_X1)
                                         _2617_ (net)
                  0.02    0.00    2.10 v _6360_/B (XOR2_X1)
     1    1.68    0.02    0.06    2.16 v _6360_/Z (XOR2_X1)
                                         _2618_ (net)
                  0.02    0.00    2.16 v _6361_/B1 (OAI21_X1)
     1    1.78    0.03    0.03    2.19 ^ _6361_/ZN (OAI21_X1)
                                         _2619_ (net)
                  0.03    0.00    2.19 ^ _6362_/A (OAI21_X1)
     1    1.57    0.07    0.02    2.21 v _6362_/ZN (OAI21_X1)
                                         _2620_ (net)
                  0.07    0.00    2.21 v _6363_/A (INV_X1)
     1    1.17    0.02    0.03    2.24 ^ _6363_/ZN (INV_X1)
                                         _0070_ (net)
                  0.02    0.00    2.24 ^ intermediateValue[28]$_DFFE_PP_/D (DFF_X1)
                                  2.24   data arrival time

                  0.00  100.00  100.00   clock clk0 (rise edge)
                          0.00  100.00   clock network delay (ideal)
                          0.00  100.00   clock reconvergence pessimism
                                100.00 ^ intermediateValue[28]$_DFFE_PP_/CK (DFF_X1)
                         -0.03   99.97   library setup time
                                 99.97   data required time
-----------------------------------------------------------------------------
                                 99.97   data required time
                                 -2.24   data arrival time
-----------------------------------------------------------------------------
                                 97.73   slack (MET)


Startpoint: step[4]$_SDFFE_PP0P_
            (rising edge-triggered flip-flop clocked by clk0)
Endpoint: intermediateValue[30]$_DFFE_PP_
          (rising edge-triggered flip-flop clocked by clk0)
Path Group: clk0
Path Type: max

Fanout     Cap    Slew   Delay    Time   Description
-----------------------------------------------------------------------------
                  0.00    0.00    0.00   clock clk0 (rise edge)
                          0.00    0.00   clock network delay (ideal)
                  0.00    0.00    0.00 ^ step[4]$_SDFFE_PP0P_/CK (DFF_X1)
    12   20.85    0.05    0.13    0.13 ^ step[4]$_SDFFE_PP0P_/Q (DFF_X1)
                                         step[4] (net)
                  0.05    0.00    0.13 ^ _3885_/A1 (NOR2_X1)
     3    4.94    0.02    0.02    0.15 v _3885_/ZN (NOR2_X1)
                                         _3242_ (net)
                  0.02    0.00    0.15 v _3886_/A2 (NAND2_X1)
    18   34.28    0.08    0.10    0.25 ^ _3886_/ZN (NAND2_X1)
                                         _3243_ (net)
                  0.08    0.00    0.25 ^ _3927_/B2 (OAI22_X1)
     1    0.95    0.02    0.03    0.28 v _3927_/ZN (OAI22_X1)
                                         _3284_ (net)
                  0.02    0.00    0.28 v _3928_/A3 (OR3_X1)
     2    4.53    0.02    0.09    0.37 v _3928_/ZN (OR3_X1)
                                         _3285_ (net)
                  0.02    0.00    0.37 v _3934_/A (AOI211_X1)
     2    4.44    0.06    0.09    0.46 ^ _3934_/ZN (AOI211_X1)
                                         _3291_ (net)
                  0.06    0.00    0.46 ^ _3939_/A2 (NAND3_X1)
     2    3.33    0.02    0.04    0.50 v _3939_/ZN (NAND3_X1)
                                         _3296_ (net)
                  0.02    0.00    0.50 v _3956_/A1 (NOR2_X1)
     1    1.72    0.02    0.03    0.53 ^ _3956_/ZN (NOR2_X1)
                                         _3313_ (net)
                  0.02    0.00    0.53 ^ _3967_/A2 (NAND4_X1)
     6   12.00    0.05    0.07    0.60 v _3967_/ZN (NAND4_X1)
                                         _3324_ (net)
                  0.05    0.00    0.60 v _3968_/A2 (NOR2_X1)
    13   22.87    0.11    0.15    0.75 ^ _3968_/ZN (NOR2_X1)
                                         _3325_ (net)
                  0.11    0.00    0.75 ^ _4051_/A1 (AND2_X1)
    36  136.33    0.30    0.35    1.10 ^ _4051_/ZN (AND2_X1)
                                         _3621_ (net)
                  0.30    0.02    1.12 ^ _7207_/CI (FA_X1)
     2    4.17    0.03    0.09    1.21 ^ _7207_/CO (FA_X1)
                                         _3622_ (net)
                  0.03    0.00    1.21 ^ _5700_/B2 (AOI21_X1)
     1    1.76    0.02    0.02    1.23 v _5700_/ZN (AOI21_X1)
                                         _1982_ (net)
                  0.02    0.00    1.23 v _5701_/B1 (OAI21_X1)
     2    6.12    0.04    0.05    1.28 ^ _5701_/ZN (OAI21_X1)
                                         _1983_ (net)
                  0.04    0.00    1.28 ^ _5779_/B1 (AOI21_X1)
     1    2.88    0.02    0.02    1.31 v _5779_/ZN (AOI21_X1)
                                         _2059_ (net)
                  0.02    0.00    1.31 v _5780_/B1 (OAI21_X1)
     2    4.21    0.03    0.04    1.35 ^ _5780_/ZN (OAI21_X1)
                                         _2060_ (net)
                  0.03    0.00    1.35 ^ _5892_/A2 (AND2_X1)
     1    1.76    0.01    0.04    1.39 ^ _5892_/ZN (AND2_X1)
                                         _2170_ (net)
                  0.01    0.00    1.39 ^ _5893_/B2 (OAI21_X1)
     2    3.32    0.02    0.02    1.40 v _5893_/ZN (OAI21_X1)
                                         _2171_ (net)
                  0.02    0.00    1.40 v _5896_/B2 (AOI21_X1)
     2    3.69    0.03    0.04    1.45 ^ _5896_/ZN (AOI21_X1)
                                         _2174_ (net)
                  0.03    0.00    1.45 ^ _5995_/B2 (OAI21_X1)
     2    2.77    0.02    0.02    1.47 v _5995_/ZN (OAI21_X1)
                                         _2271_ (net)
                  0.02    0.00    1.47 v _5997_/B2 (AOI21_X1)
     2    2.96    0.03    0.04    1.51 ^ _5997_/ZN (AOI21_X1)
                                         _2273_ (net)
                  0.03    0.00    1.51 ^ _6082_/B2 (OAI21_X1)
     2    4.85    0.02    0.03    1.54 v _6082_/ZN (OAI21_X1)
                                         _2356_ (net)
                  0.02    0.00    1.54 v _6083_/B2 (AOI21_X1)
     2    3.61    0.03    0.05    1.59 ^ _6083_/ZN (AOI21_X1)
                                         _2357_ (net)
                  0.03    0.00    1.59 ^ _6166_/B2 (OAI21_X1)
     2    2.84    0.02    0.02    1.61 v _6166_/ZN (OAI21_X1)
                                         _2438_ (net)
                  0.02    0.00    1.61 v _6168_/B2 (AOI21_X1)
     2    3.57    0.03    0.04    1.66 ^ _6168_/ZN (AOI21_X1)
                                         _2440_ (net)
                  0.03    0.00    1.66 ^ _6266_/B2 (OAI21_X1)
     2    2.59    0.02    0.02    1.68 v _6266_/ZN (OAI21_X1)
                                         _2536_ (net)
                  0.02    0.00    1.68 v _6267_/B2 (AOI21_X1)
     2    3.54    0.03    0.04    1.72 ^ _6267_/ZN (AOI21_X1)
                                         _2537_ (net)
                  0.03    0.00    1.72 ^ _6282_/B2 (OAI21_X1)
     2    2.51    0.02    0.02    1.75 v _6282_/ZN (OAI21_X1)
                                         _2550_ (net)
                  0.02    0.00    1.75 v _6283_/B2 (AOI21_X1)
     2    3.47    0.03    0.04    1.79 ^ _6283_/ZN (AOI21_X1)
                                         _2551_ (net)
                  0.03    0.00    1.79 ^ _6297_/B2 (OAI21_X1)
     2    2.62    0.02    0.02    1.81 v _6297_/ZN (OAI21_X1)
                                         _2563_ (net)
                  0.02    0.00    1.81 v _6298_/B2 (AOI21_X1)
     2    3.49    0.03    0.04    1.86 ^ _6298_/ZN (AOI21_X1)
                                         _2564_ (net)
                  0.03    0.00    1.86 ^ _6312_/B2 (OAI21_X1)
     2    3.17    0.02    0.03    1.88 v _6312_/ZN (OAI21_X1)
                                         _2576_ (net)
                  0.02    0.00    1.88 v _6313_/B2 (AOI21_X1)
     2    3.67    0.03    0.04    1.93 ^ _6313_/ZN (AOI21_X1)
                                         _2577_ (net)
                  0.03    0.00    1.93 ^ _6328_/B2 (OAI21_X1)
     2    3.15    0.02    0.03    1.95 v _6328_/ZN (OAI21_X1)
                                         _2590_ (net)
                  0.02    0.00    1.95 v _6329_/B2 (AOI21_X1)
     2    3.65    0.03    0.04    2.00 ^ _6329_/ZN (AOI21_X1)
                                         _2591_ (net)
                  0.03    0.00    2.00 ^ _6343_/B2 (OAI21_X1)
     2    3.23    0.02    0.03    2.02 v _6343_/ZN (OAI21_X1)
                                         _2603_ (net)
                  0.02    0.00    2.02 v _6358_/C2 (AOI211_X1)
     1    1.89    0.04    0.05    2.07 ^ _6358_/ZN (AOI211_X1)
                                         _2616_ (net)
                  0.04    0.00    2.07 ^ _6359_/B (AOI211_X1)
     2    4.52    0.02    0.03    2.10 v _6359_/ZN (AOI211_X1)
                                         _2617_ (net)
                  0.02    0.00    2.10 v _6375_/B2 (OAI21_X1)
     2    3.53    0.03    0.05    2.14 ^ _6375_/ZN (OAI21_X1)
                                         _2631_ (net)
                  0.03    0.00    2.14 ^ _6376_/B1 (AOI21_X1)
     1    1.54    0.04    0.02    2.16 v _6376_/ZN (AOI21_X1)
                                         _2632_ (net)
                  0.04    0.00    2.16 v _6377_/A (OAI21_X1)
     1    1.79    0.02    0.04    2.20 ^ _6377_/ZN (OAI21_X1)
                                         _2633_ (net)
                  0.02    0.00    2.20 ^ _6378_/B1 (AOI21_X1)
     1    1.12    0.02    0.02    2.21 v _6378_/ZN (AOI21_X1)
                                         _0072_ (net)
                  0.02    0.00    2.21 v intermediateValue[30]$_DFFE_PP_/D (DFF_X1)
                                  2.21   data arrival time

                  0.00  100.00  100.00   clock clk0 (rise edge)
                          0.00  100.00   clock network delay (ideal)
                          0.00  100.00   clock reconvergence pessimism
                                100.00 ^ intermediateValue[30]$_DFFE_PP_/CK (DFF_X1)
                         -0.04   99.96   library setup time
                                 99.96   data required time
-----------------------------------------------------------------------------
                                 99.96   data required time
                                 -2.21   data arrival time
-----------------------------------------------------------------------------
                                 97.74   slack (MET)


Startpoint: step[4]$_SDFFE_PP0P_
            (rising edge-triggered flip-flop clocked by clk0)
Endpoint: intermediateValue[31]$_DFFE_PP_
          (rising edge-triggered flip-flop clocked by clk0)
Path Group: clk0
Path Type: max

Fanout     Cap    Slew   Delay    Time   Description
-----------------------------------------------------------------------------
                  0.00    0.00    0.00   clock clk0 (rise edge)
                          0.00    0.00   clock network delay (ideal)
                  0.00    0.00    0.00 ^ step[4]$_SDFFE_PP0P_/CK (DFF_X1)
    12   20.85    0.05    0.13    0.13 ^ step[4]$_SDFFE_PP0P_/Q (DFF_X1)
                                         step[4] (net)
                  0.05    0.00    0.13 ^ _3885_/A1 (NOR2_X1)
     3    4.94    0.02    0.02    0.15 v _3885_/ZN (NOR2_X1)
                                         _3242_ (net)
                  0.02    0.00    0.15 v _3886_/A2 (NAND2_X1)
    18   34.28    0.08    0.10    0.25 ^ _3886_/ZN (NAND2_X1)
                                         _3243_ (net)
                  0.08    0.00    0.25 ^ _3927_/B2 (OAI22_X1)
     1    0.95    0.02    0.03    0.28 v _3927_/ZN (OAI22_X1)
                                         _3284_ (net)
                  0.02    0.00    0.28 v _3928_/A3 (OR3_X1)
     2    4.53    0.02    0.09    0.37 v _3928_/ZN (OR3_X1)
                                         _3285_ (net)
                  0.02    0.00    0.37 v _3934_/A (AOI211_X1)
     2    4.44    0.06    0.09    0.46 ^ _3934_/ZN (AOI211_X1)
                                         _3291_ (net)
                  0.06    0.00    0.46 ^ _3939_/A2 (NAND3_X1)
     2    3.33    0.02    0.04    0.50 v _3939_/ZN (NAND3_X1)
                                         _3296_ (net)
                  0.02    0.00    0.50 v _3956_/A1 (NOR2_X1)
     1    1.72    0.02    0.03    0.53 ^ _3956_/ZN (NOR2_X1)
                                         _3313_ (net)
                  0.02    0.00    0.53 ^ _3967_/A2 (NAND4_X1)
     6   12.00    0.05    0.07    0.60 v _3967_/ZN (NAND4_X1)
                                         _3324_ (net)
                  0.05    0.00    0.60 v _3968_/A2 (NOR2_X1)
    13   22.87    0.11    0.15    0.75 ^ _3968_/ZN (NOR2_X1)
                                         _3325_ (net)
                  0.11    0.00    0.75 ^ _4051_/A1 (AND2_X1)
    36  136.33    0.30    0.35    1.10 ^ _4051_/ZN (AND2_X1)
                                         _3621_ (net)
                  0.30    0.02    1.12 ^ _7263_/B (HA_X1)
     3    6.15    0.06    0.08    1.20 ^ _7263_/S (HA_X1)
                                         _3781_ (net)
                  0.06    0.00    1.20 ^ _5638_/A (INV_X1)
     1    1.60    0.01    0.01    1.21 v _5638_/ZN (INV_X1)
                                         _1921_ (net)
                  0.01    0.00    1.21 v _5639_/B2 (OAI21_X1)
     2    4.63    0.03    0.05    1.26 ^ _5639_/ZN (OAI21_X1)
                                         _1922_ (net)
                  0.03    0.00    1.26 ^ _5737_/B1 (AOI21_X1)
     1    3.17    0.01    0.02    1.28 v _5737_/ZN (AOI21_X1)
                                         _2018_ (net)
                  0.01    0.00    1.28 v _5738_/B1 (OAI21_X1)
     2    5.84    0.04    0.05    1.33 ^ _5738_/ZN (OAI21_X1)
                                         _2019_ (net)
                  0.04    0.00    1.33 ^ _5827_/B1 (AOI21_X1)
     1    1.81    0.01    0.02    1.35 v _5827_/ZN (AOI21_X1)
                                         _2106_ (net)
                  0.01    0.00    1.35 v _5828_/B1 (OAI21_X1)
     2    4.46    0.03    0.04    1.39 ^ _5828_/ZN (OAI21_X1)
                                         _2107_ (net)
                  0.03    0.00    1.39 ^ _5961_/B1 (AOI21_X1)
     1    1.80    0.01    0.02    1.41 v _5961_/ZN (AOI21_X1)
                                         _2238_ (net)
                  0.01    0.00    1.41 v _5962_/B1 (OAI21_X1)
     2    4.69    0.03    0.04    1.46 ^ _5962_/ZN (OAI21_X1)
                                         _2239_ (net)
                  0.03    0.00    1.46 ^ _6061_/B1 (AOI21_X1)
     1    1.81    0.01    0.02    1.48 v _6061_/ZN (AOI21_X1)
                                         _2336_ (net)
                  0.01    0.00    1.48 v _6062_/B1 (OAI21_X1)
     2    6.82    0.04    0.05    1.53 ^ _6062_/ZN (OAI21_X1)
                                         _2337_ (net)
                  0.04    0.00    1.53 ^ _6155_/B1 (AOI21_X1)
     1    2.01    0.01    0.02    1.55 v _6155_/ZN (AOI21_X1)
                                         _2428_ (net)
                  0.01    0.00    1.55 v _6156_/B1 (OAI21_X1)
     2    4.36    0.03    0.04    1.59 ^ _6156_/ZN (OAI21_X1)
                                         _2429_ (net)
                  0.03    0.00    1.59 ^ _6257_/B1 (AOI21_X1)
     1    2.00    0.01    0.02    1.61 v _6257_/ZN (AOI21_X1)
                                         _2528_ (net)
                  0.01    0.00    1.61 v _6258_/B1 (OAI21_X1)
     2    4.63    0.03    0.04    1.66 ^ _6258_/ZN (OAI21_X1)
                                         _2529_ (net)
                  0.03    0.00    1.66 ^ _6274_/B1 (AOI21_X1)
     1    1.86    0.01    0.02    1.68 v _6274_/ZN (AOI21_X1)
                                         _2543_ (net)
                  0.01    0.00    1.68 v _6275_/B1 (OAI21_X1)
     2    4.77    0.03    0.04    1.72 ^ _6275_/ZN (OAI21_X1)
                                         _2544_ (net)
                  0.03    0.00    1.72 ^ _6289_/B1 (AOI21_X1)
     1    1.80    0.01    0.02    1.74 v _6289_/ZN (AOI21_X1)
                                         _2556_ (net)
                  0.01    0.00    1.74 v _6290_/B1 (OAI21_X1)
     2    4.53    0.03    0.04    1.78 ^ _6290_/ZN (OAI21_X1)
                                         _2557_ (net)
                  0.03    0.00    1.78 ^ _6304_/B1 (AOI21_X1)
     1    1.69    0.01    0.02    1.80 v _6304_/ZN (AOI21_X1)
                                         _2569_ (net)
                  0.01    0.00    1.80 v _6305_/B1 (OAI21_X1)
     2    4.59    0.03    0.04    1.84 ^ _6305_/ZN (OAI21_X1)
                                         _2570_ (net)
                  0.03    0.00    1.84 ^ _6320_/B1 (AOI21_X1)
     1    1.88    0.01    0.02    1.86 v _6320_/ZN (AOI21_X1)
                                         _2583_ (net)
                  0.01    0.00    1.86 v _6321_/B1 (OAI21_X1)
     2    4.59    0.03    0.04    1.91 ^ _6321_/ZN (OAI21_X1)
                                         _2584_ (net)
                  0.03    0.00    1.91 ^ _6336_/B1 (AOI21_X1)
     1    1.76    0.01    0.02    1.92 v _6336_/ZN (AOI21_X1)
                                         _2597_ (net)
                  0.01    0.00    1.92 v _6337_/B1 (OAI21_X1)
     2    4.68    0.03    0.04    1.97 ^ _6337_/ZN (OAI21_X1)
                                         _2598_ (net)
                  0.03    0.00    1.97 ^ _6350_/B1 (AOI21_X1)
     1    1.80    0.01    0.02    1.99 v _6350_/ZN (AOI21_X1)
                                         _2609_ (net)
                  0.01    0.00    1.99 v _6352_/B1 (OAI21_X1)
     3    5.92    0.04    0.05    2.04 ^ _6352_/ZN (OAI21_X1)
                                         _2611_ (net)
                  0.04    0.00    2.04 ^ _6383_/A3 (NAND4_X1)
     2    2.85    0.03    0.04    2.08 v _6383_/ZN (NAND4_X1)
                                         _2638_ (net)
                  0.03    0.00    2.08 v _6386_/A1 (AND3_X1)
     1    0.94    0.01    0.04    2.12 v _6386_/ZN (AND3_X1)
                                         _2641_ (net)
                  0.01    0.00    2.12 v _6388_/A2 (OR3_X1)
     1    1.58    0.02    0.08    2.19 v _6388_/ZN (OR3_X1)
                                         _2643_ (net)
                  0.02    0.00    2.19 v _6389_/B1 (AOI21_X1)
     1    1.27    0.03    0.03    2.22 ^ _6389_/ZN (AOI21_X1)
                                         _0073_ (net)
                  0.03    0.00    2.22 ^ intermediateValue[31]$_DFFE_PP_/D (DFF_X1)
                                  2.22   data arrival time

                  0.00  100.00  100.00   clock clk0 (rise edge)
                          0.00  100.00   clock network delay (ideal)
                          0.00  100.00   clock reconvergence pessimism
                                100.00 ^ intermediateValue[31]$_DFFE_PP_/CK (DFF_X1)
                         -0.04   99.96   library setup time
                                 99.96   data required time
-----------------------------------------------------------------------------
                                 99.96   data required time
                                 -2.22   data arrival time
-----------------------------------------------------------------------------
                                 97.75   slack (MET)


Startpoint: step[4]$_SDFFE_PP0P_
            (rising edge-triggered flip-flop clocked by clk0)
Endpoint: intermediateValue[15]$_DFFE_PP_
          (rising edge-triggered flip-flop clocked by clk0)
Path Group: clk0
Path Type: max

Fanout     Cap    Slew   Delay    Time   Description
-----------------------------------------------------------------------------
                  0.00    0.00    0.00   clock clk0 (rise edge)
                          0.00    0.00   clock network delay (ideal)
                  0.00    0.00    0.00 ^ step[4]$_SDFFE_PP0P_/CK (DFF_X1)
    12   20.85    0.05    0.13    0.13 ^ step[4]$_SDFFE_PP0P_/Q (DFF_X1)
                                         step[4] (net)
                  0.05    0.00    0.13 ^ _3885_/A1 (NOR2_X1)
     3    4.94    0.02    0.02    0.15 v _3885_/ZN (NOR2_X1)
                                         _3242_ (net)
                  0.02    0.00    0.15 v _3886_/A2 (NAND2_X1)
    18   34.28    0.08    0.10    0.25 ^ _3886_/ZN (NAND2_X1)
                                         _3243_ (net)
                  0.08    0.00    0.25 ^ _3941_/A2 (OAI22_X1)
     2    3.17    0.03    0.04    0.29 v _3941_/ZN (OAI22_X1)
                                         _3298_ (net)
                  0.03    0.00    0.29 v _3942_/A2 (NOR2_X1)
     2    3.84    0.03    0.05    0.33 ^ _3942_/ZN (NOR2_X1)
                                         _3299_ (net)
                  0.03    0.00    0.33 ^ _4031_/A (OAI221_X1)
     1    1.65    0.02    0.04    0.37 v _4031_/ZN (OAI221_X1)
                                         _0343_ (net)
                  0.02    0.00    0.37 v _4032_/A4 (NOR4_X1)
     1    2.77    0.05    0.09    0.46 ^ _4032_/ZN (NOR4_X1)
                                         _0344_ (net)
                  0.05    0.00    0.46 ^ _4033_/A4 (NAND4_X1)
     1    1.78    0.02    0.04    0.50 v _4033_/ZN (NAND4_X1)
                                         _0345_ (net)
                  0.02    0.00    0.50 v _4034_/A3 (NOR3_X1)
     3    5.78    0.05    0.09    0.58 ^ _4034_/ZN (NOR3_X1)
                                         _0346_ (net)
                  0.05    0.00    0.58 ^ _4058_/A (INV_X1)
     3    4.65    0.02    0.02    0.60 v _4058_/ZN (INV_X1)
                                         _0369_ (net)
                  0.02    0.00    0.60 v _4060_/A1 (NOR2_X1)
     5    8.58    0.05    0.06    0.66 ^ _4060_/ZN (NOR2_X1)
                                         _0371_ (net)
                  0.05    0.00    0.66 ^ _4075_/A1 (NAND2_X1)
     3    4.97    0.02    0.03    0.69 v _4075_/ZN (NAND2_X1)
                                         _0386_ (net)
                  0.02    0.00    0.69 v _4118_/A3 (NOR3_X1)
    18   49.52    0.35    0.42    1.12 ^ _4118_/ZN (NOR3_X1)
                                         _0429_ (net)
                  0.35    0.00    1.12 ^ _4628_/A2 (NOR4_X1)
     1    0.93    0.06   -0.02    1.10 v _4628_/ZN (NOR4_X1)
                                         _0914_ (net)
                  0.06    0.00    1.10 v _4629_/A4 (AND4_X1)
     2    2.76    0.01    0.06    1.16 v _4629_/ZN (AND4_X1)
                                         _0915_ (net)
                  0.01    0.00    1.16 v _4640_/B1 (AOI21_X1)
    35   86.15    0.40    0.44    1.61 ^ _4640_/ZN (AOI21_X1)
                                         _0926_ (net)
                  0.40    0.01    1.62 ^ _5630_/A1 (NAND3_X1)
    15   45.30    0.16    0.29    1.90 v _5630_/ZN (NAND3_X1)
                                         _1913_ (net)
                  0.16    0.00    1.91 v _6241_/A (AOI211_X1)
     1    1.73    0.05    0.11    2.01 ^ _6241_/ZN (AOI211_X1)
                                         _2512_ (net)
                  0.05    0.00    2.01 ^ _6242_/A (OAI21_X1)
     1    2.00    0.02    0.03    2.04 v _6242_/ZN (OAI21_X1)
                                         _2513_ (net)
                  0.02    0.00    2.04 v _6255_/A2 (NOR3_X1)
     1    3.49    0.04    0.06    2.10 ^ _6255_/ZN (NOR3_X1)
                                         _2526_ (net)
                  0.04    0.00    2.10 ^ _6260_/A (OAI21_X1)
     1    1.61    0.04    0.03    2.13 v _6260_/ZN (OAI21_X1)
                                         _2531_ (net)
                  0.04    0.00    2.13 v _6261_/B2 (OAI22_X1)
     1    1.78    0.07    0.06    2.19 ^ _6261_/ZN (OAI22_X1)
                                         _2532_ (net)
                  0.07    0.00    2.19 ^ _6262_/A (INV_X1)
     1    1.13    0.01    0.01    2.19 v _6262_/ZN (INV_X1)
                                         _0057_ (net)
                  0.01    0.00    2.19 v intermediateValue[15]$_DFFE_PP_/D (DFF_X1)
                                  2.19   data arrival time

                  0.00  100.00  100.00   clock clk0 (rise edge)
                          0.00  100.00   clock network delay (ideal)
                          0.00  100.00   clock reconvergence pessimism
                                100.00 ^ intermediateValue[15]$_DFFE_PP_/CK (DFF_X1)
                         -0.04   99.96   library setup time
                                 99.96   data required time
-----------------------------------------------------------------------------
                                 99.96   data required time
                                 -2.19   data arrival time
-----------------------------------------------------------------------------
                                 97.77   slack (MET)


Startpoint: step[4]$_SDFFE_PP0P_
            (rising edge-triggered flip-flop clocked by clk0)
Endpoint: intermediateValue[14]$_DFFE_PP_
          (rising edge-triggered flip-flop clocked by clk0)
Path Group: clk0
Path Type: max

Fanout     Cap    Slew   Delay    Time   Description
-----------------------------------------------------------------------------
                  0.00    0.00    0.00   clock clk0 (rise edge)
                          0.00    0.00   clock network delay (ideal)
                  0.00    0.00    0.00 ^ step[4]$_SDFFE_PP0P_/CK (DFF_X1)
    12   20.85    0.05    0.13    0.13 ^ step[4]$_SDFFE_PP0P_/Q (DFF_X1)
                                         step[4] (net)
                  0.05    0.00    0.13 ^ _3885_/A1 (NOR2_X1)
     3    4.94    0.02    0.02    0.15 v _3885_/ZN (NOR2_X1)
                                         _3242_ (net)
                  0.02    0.00    0.15 v _3886_/A2 (NAND2_X1)
    18   34.28    0.08    0.10    0.25 ^ _3886_/ZN (NAND2_X1)
                                         _3243_ (net)
                  0.08    0.00    0.25 ^ _3941_/A2 (OAI22_X1)
     2    3.17    0.03    0.04    0.29 v _3941_/ZN (OAI22_X1)
                                         _3298_ (net)
                  0.03    0.00    0.29 v _3942_/A2 (NOR2_X1)
     2    3.84    0.03    0.05    0.33 ^ _3942_/ZN (NOR2_X1)
                                         _3299_ (net)
                  0.03    0.00    0.33 ^ _4031_/A (OAI221_X1)
     1    1.65    0.02    0.04    0.37 v _4031_/ZN (OAI221_X1)
                                         _0343_ (net)
                  0.02    0.00    0.37 v _4032_/A4 (NOR4_X1)
     1    2.77    0.05    0.09    0.46 ^ _4032_/ZN (NOR4_X1)
                                         _0344_ (net)
                  0.05    0.00    0.46 ^ _4033_/A4 (NAND4_X1)
     1    1.78    0.02    0.04    0.50 v _4033_/ZN (NAND4_X1)
                                         _0345_ (net)
                  0.02    0.00    0.50 v _4034_/A3 (NOR3_X1)
     3    5.78    0.05    0.09    0.58 ^ _4034_/ZN (NOR3_X1)
                                         _0346_ (net)
                  0.05    0.00    0.58 ^ _4058_/A (INV_X1)
     3    4.65    0.02    0.02    0.60 v _4058_/ZN (INV_X1)
                                         _0369_ (net)
                  0.02    0.00    0.60 v _4060_/A1 (NOR2_X1)
     5    8.58    0.05    0.06    0.66 ^ _4060_/ZN (NOR2_X1)
                                         _0371_ (net)
                  0.05    0.00    0.66 ^ _4075_/A1 (NAND2_X1)
     3    4.97    0.02    0.03    0.69 v _4075_/ZN (NAND2_X1)
                                         _0386_ (net)
                  0.02    0.00    0.69 v _4118_/A3 (NOR3_X1)
    18   49.52    0.35    0.42    1.12 ^ _4118_/ZN (NOR3_X1)
                                         _0429_ (net)
                  0.35    0.00    1.12 ^ _4628_/A2 (NOR4_X1)
     1    0.93    0.06   -0.02    1.10 v _4628_/ZN (NOR4_X1)
                                         _0914_ (net)
                  0.06    0.00    1.10 v _4629_/A4 (AND4_X1)
     2    2.76    0.01    0.06    1.16 v _4629_/ZN (AND4_X1)
                                         _0915_ (net)
                  0.01    0.00    1.16 v _4640_/B1 (AOI21_X1)
    35   86.15    0.40    0.44    1.61 ^ _4640_/ZN (AOI21_X1)
                                         _0926_ (net)
                  0.40    0.01    1.62 ^ _5630_/A1 (NAND3_X1)
    15   45.30    0.16    0.29    1.90 v _5630_/ZN (NAND3_X1)
                                         _1913_ (net)
                  0.16    0.00    1.91 v _6197_/A (AOI211_X1)
     1    1.70    0.05    0.11    2.01 ^ _6197_/ZN (AOI211_X1)
                                         _2469_ (net)
                  0.05    0.00    2.01 ^ _6210_/A (OAI221_X1)
     1    2.12    0.02    0.04    2.06 v _6210_/ZN (OAI221_X1)
                                         _2482_ (net)
                  0.02    0.00    2.06 v _6211_/A4 (NOR4_X1)
     1    2.83    0.05    0.10    2.15 ^ _6211_/ZN (NOR4_X1)
                                         _2483_ (net)
                  0.05    0.00    2.15 ^ _6212_/A2 (NOR2_X1)
     1    1.13    0.01    0.01    2.16 v _6212_/ZN (NOR2_X1)
                                         _0056_ (net)
                  0.01    0.00    2.16 v intermediateValue[14]$_DFFE_PP_/D (DFF_X1)
                                  2.16   data arrival time

                  0.00  100.00  100.00   clock clk0 (rise edge)
                          0.00  100.00   clock network delay (ideal)
                          0.00  100.00   clock reconvergence pessimism
                                100.00 ^ intermediateValue[14]$_DFFE_PP_/CK (DFF_X1)
                         -0.04   99.96   library setup time
                                 99.96   data required time
-----------------------------------------------------------------------------
                                 99.96   data required time
                                 -2.16   data arrival time
-----------------------------------------------------------------------------
                                 97.79   slack (MET)


Startpoint: step[4]$_SDFFE_PP0P_
            (rising edge-triggered flip-flop clocked by clk0)
Endpoint: intermediateValue[29]$_DFFE_PP_
          (rising edge-triggered flip-flop clocked by clk0)
Path Group: clk0
Path Type: max

Fanout     Cap    Slew   Delay    Time   Description
-----------------------------------------------------------------------------
                  0.00    0.00    0.00   clock clk0 (rise edge)
                          0.00    0.00   clock network delay (ideal)
                  0.00    0.00    0.00 ^ step[4]$_SDFFE_PP0P_/CK (DFF_X1)
    12   20.85    0.05    0.13    0.13 ^ step[4]$_SDFFE_PP0P_/Q (DFF_X1)
                                         step[4] (net)
                  0.05    0.00    0.13 ^ _3885_/A1 (NOR2_X1)
     3    4.94    0.02    0.02    0.15 v _3885_/ZN (NOR2_X1)
                                         _3242_ (net)
                  0.02    0.00    0.15 v _3886_/A2 (NAND2_X1)
    18   34.28    0.08    0.10    0.25 ^ _3886_/ZN (NAND2_X1)
                                         _3243_ (net)
                  0.08    0.00    0.25 ^ _3927_/B2 (OAI22_X1)
     1    0.95    0.02    0.03    0.28 v _3927_/ZN (OAI22_X1)
                                         _3284_ (net)
                  0.02    0.00    0.28 v _3928_/A3 (OR3_X1)
     2    4.53    0.02    0.09    0.37 v _3928_/ZN (OR3_X1)
                                         _3285_ (net)
                  0.02    0.00    0.37 v _3934_/A (AOI211_X1)
     2    4.44    0.06    0.09    0.46 ^ _3934_/ZN (AOI211_X1)
                                         _3291_ (net)
                  0.06    0.00    0.46 ^ _3939_/A2 (NAND3_X1)
     2    3.33    0.02    0.04    0.50 v _3939_/ZN (NAND3_X1)
                                         _3296_ (net)
                  0.02    0.00    0.50 v _3956_/A1 (NOR2_X1)
     1    1.72    0.02    0.03    0.53 ^ _3956_/ZN (NOR2_X1)
                                         _3313_ (net)
                  0.02    0.00    0.53 ^ _3967_/A2 (NAND4_X1)
     6   12.00    0.05    0.07    0.60 v _3967_/ZN (NAND4_X1)
                                         _3324_ (net)
                  0.05    0.00    0.60 v _3968_/A2 (NOR2_X1)
    13   22.87    0.11    0.15    0.75 ^ _3968_/ZN (NOR2_X1)
                                         _3325_ (net)
                  0.11    0.00    0.75 ^ _4051_/A1 (AND2_X1)
    36  136.33    0.30    0.35    1.10 ^ _4051_/ZN (AND2_X1)
                                         _3621_ (net)
                  0.30    0.02    1.12 ^ _7263_/B (HA_X1)
     3    6.15    0.06    0.08    1.20 ^ _7263_/S (HA_X1)
                                         _3781_ (net)
                  0.06    0.00    1.20 ^ _5638_/A (INV_X1)
     1    1.60    0.01    0.01    1.21 v _5638_/ZN (INV_X1)
                                         _1921_ (net)
                  0.01    0.00    1.21 v _5639_/B2 (OAI21_X1)
     2    4.63    0.03    0.05    1.26 ^ _5639_/ZN (OAI21_X1)
                                         _1922_ (net)
                  0.03    0.00    1.26 ^ _5737_/B1 (AOI21_X1)
     1    3.17    0.01    0.02    1.28 v _5737_/ZN (AOI21_X1)
                                         _2018_ (net)
                  0.01    0.00    1.28 v _5738_/B1 (OAI21_X1)
     2    5.84    0.04    0.05    1.33 ^ _5738_/ZN (OAI21_X1)
                                         _2019_ (net)
                  0.04    0.00    1.33 ^ _5827_/B1 (AOI21_X1)
     1    1.81    0.01    0.02    1.35 v _5827_/ZN (AOI21_X1)
                                         _2106_ (net)
                  0.01    0.00    1.35 v _5828_/B1 (OAI21_X1)
     2    4.46    0.03    0.04    1.39 ^ _5828_/ZN (OAI21_X1)
                                         _2107_ (net)
                  0.03    0.00    1.39 ^ _5961_/B1 (AOI21_X1)
     1    1.80    0.01    0.02    1.41 v _5961_/ZN (AOI21_X1)
                                         _2238_ (net)
                  0.01    0.00    1.41 v _5962_/B1 (OAI21_X1)
     2    4.69    0.03    0.04    1.46 ^ _5962_/ZN (OAI21_X1)
                                         _2239_ (net)
                  0.03    0.00    1.46 ^ _6061_/B1 (AOI21_X1)
     1    1.81    0.01    0.02    1.48 v _6061_/ZN (AOI21_X1)
                                         _2336_ (net)
                  0.01    0.00    1.48 v _6062_/B1 (OAI21_X1)
     2    6.82    0.04    0.05    1.53 ^ _6062_/ZN (OAI21_X1)
                                         _2337_ (net)
                  0.04    0.00    1.53 ^ _6155_/B1 (AOI21_X1)
     1    2.01    0.01    0.02    1.55 v _6155_/ZN (AOI21_X1)
                                         _2428_ (net)
                  0.01    0.00    1.55 v _6156_/B1 (OAI21_X1)
     2    4.36    0.03    0.04    1.59 ^ _6156_/ZN (OAI21_X1)
                                         _2429_ (net)
                  0.03    0.00    1.59 ^ _6257_/B1 (AOI21_X1)
     1    2.00    0.01    0.02    1.61 v _6257_/ZN (AOI21_X1)
                                         _2528_ (net)
                  0.01    0.00    1.61 v _6258_/B1 (OAI21_X1)
     2    4.63    0.03    0.04    1.66 ^ _6258_/ZN (OAI21_X1)
                                         _2529_ (net)
                  0.03    0.00    1.66 ^ _6274_/B1 (AOI21_X1)
     1    1.86    0.01    0.02    1.68 v _6274_/ZN (AOI21_X1)
                                         _2543_ (net)
                  0.01    0.00    1.68 v _6275_/B1 (OAI21_X1)
     2    4.77    0.03    0.04    1.72 ^ _6275_/ZN (OAI21_X1)
                                         _2544_ (net)
                  0.03    0.00    1.72 ^ _6289_/B1 (AOI21_X1)
     1    1.80    0.01    0.02    1.74 v _6289_/ZN (AOI21_X1)
                                         _2556_ (net)
                  0.01    0.00    1.74 v _6290_/B1 (OAI21_X1)
     2    4.53    0.03    0.04    1.78 ^ _6290_/ZN (OAI21_X1)
                                         _2557_ (net)
                  0.03    0.00    1.78 ^ _6304_/B1 (AOI21_X1)
     1    1.69    0.01    0.02    1.80 v _6304_/ZN (AOI21_X1)
                                         _2569_ (net)
                  0.01    0.00    1.80 v _6305_/B1 (OAI21_X1)
     2    4.59    0.03    0.04    1.84 ^ _6305_/ZN (OAI21_X1)
                                         _2570_ (net)
                  0.03    0.00    1.84 ^ _6320_/B1 (AOI21_X1)
     1    1.88    0.01    0.02    1.86 v _6320_/ZN (AOI21_X1)
                                         _2583_ (net)
                  0.01    0.00    1.86 v _6321_/B1 (OAI21_X1)
     2    4.59    0.03    0.04    1.91 ^ _6321_/ZN (OAI21_X1)
                                         _2584_ (net)
                  0.03    0.00    1.91 ^ _6336_/B1 (AOI21_X1)
     1    1.76    0.01    0.02    1.92 v _6336_/ZN (AOI21_X1)
                                         _2597_ (net)
                  0.01    0.00    1.92 v _6337_/B1 (OAI21_X1)
     2    4.68    0.03    0.04    1.97 ^ _6337_/ZN (OAI21_X1)
                                         _2598_ (net)
                  0.03    0.00    1.97 ^ _6350_/B1 (AOI21_X1)
     1    1.80    0.01    0.02    1.99 v _6350_/ZN (AOI21_X1)
                                         _2609_ (net)
                  0.01    0.00    1.99 v _6352_/B1 (OAI21_X1)
     3    5.92    0.04    0.05    2.04 ^ _6352_/ZN (OAI21_X1)
                                         _2611_ (net)
                  0.04    0.00    2.04 ^ _6367_/A3 (AND3_X1)
     2    2.73    0.01    0.05    2.09 ^ _6367_/ZN (AND3_X1)
                                         _2624_ (net)
                  0.01    0.00    2.09 ^ _6368_/A3 (OR3_X1)
     1    1.67    0.01    0.03    2.12 ^ _6368_/ZN (OR3_X1)
                                         _2625_ (net)
                  0.01    0.00    2.12 ^ _6370_/A2 (NAND3_X1)
     1    1.66    0.02    0.02    2.14 v _6370_/ZN (NAND3_X1)
                                         _2627_ (net)
                  0.02    0.00    2.14 v _6371_/B1 (AOI21_X1)
     1    1.25    0.03    0.03    2.17 ^ _6371_/ZN (AOI21_X1)
                                         _0071_ (net)
                  0.03    0.00    2.17 ^ intermediateValue[29]$_DFFE_PP_/D (DFF_X1)
                                  2.17   data arrival time

                  0.00  100.00  100.00   clock clk0 (rise edge)
                          0.00  100.00   clock network delay (ideal)
                          0.00  100.00   clock reconvergence pessimism
                                100.00 ^ intermediateValue[29]$_DFFE_PP_/CK (DFF_X1)
                         -0.04   99.96   library setup time
                                 99.96   data required time
-----------------------------------------------------------------------------
                                 99.96   data required time
                                 -2.17   data arrival time
-----------------------------------------------------------------------------
                                 97.80   slack (MET)


Startpoint: step[4]$_SDFFE_PP0P_
            (rising edge-triggered flip-flop clocked by clk0)
Endpoint: intermediateValue[17]$_DFFE_PP_
          (rising edge-triggered flip-flop clocked by clk0)
Path Group: clk0
Path Type: max

Fanout     Cap    Slew   Delay    Time   Description
-----------------------------------------------------------------------------
                  0.00    0.00    0.00   clock clk0 (rise edge)
                          0.00    0.00   clock network delay (ideal)
                  0.00    0.00    0.00 ^ step[4]$_SDFFE_PP0P_/CK (DFF_X1)
    12   20.85    0.05    0.13    0.13 ^ step[4]$_SDFFE_PP0P_/Q (DFF_X1)
                                         step[4] (net)
                  0.05    0.00    0.13 ^ _3885_/A1 (NOR2_X1)
     3    4.94    0.02    0.02    0.15 v _3885_/ZN (NOR2_X1)
                                         _3242_ (net)
                  0.02    0.00    0.15 v _3886_/A2 (NAND2_X1)
    18   34.28    0.08    0.10    0.25 ^ _3886_/ZN (NAND2_X1)
                                         _3243_ (net)
                  0.08    0.00    0.25 ^ _3941_/A2 (OAI22_X1)
     2    3.17    0.03    0.04    0.29 v _3941_/ZN (OAI22_X1)
                                         _3298_ (net)
                  0.03    0.00    0.29 v _3942_/A2 (NOR2_X1)
     2    3.84    0.03    0.05    0.33 ^ _3942_/ZN (NOR2_X1)
                                         _3299_ (net)
                  0.03    0.00    0.33 ^ _4031_/A (OAI221_X1)
     1    1.65    0.02    0.04    0.37 v _4031_/ZN (OAI221_X1)
                                         _0343_ (net)
                  0.02    0.00    0.37 v _4032_/A4 (NOR4_X1)
     1    2.77    0.05    0.09    0.46 ^ _4032_/ZN (NOR4_X1)
                                         _0344_ (net)
                  0.05    0.00    0.46 ^ _4033_/A4 (NAND4_X1)
     1    1.78    0.02    0.04    0.50 v _4033_/ZN (NAND4_X1)
                                         _0345_ (net)
                  0.02    0.00    0.50 v _4034_/A3 (NOR3_X1)
     3    5.78    0.05    0.09    0.58 ^ _4034_/ZN (NOR3_X1)
                                         _0346_ (net)
                  0.05    0.00    0.58 ^ _4058_/A (INV_X1)
     3    4.65    0.02    0.02    0.60 v _4058_/ZN (INV_X1)
                                         _0369_ (net)
                  0.02    0.00    0.60 v _4060_/A1 (NOR2_X1)
     5    8.58    0.05    0.06    0.66 ^ _4060_/ZN (NOR2_X1)
                                         _0371_ (net)
                  0.05    0.00    0.66 ^ _4075_/A1 (NAND2_X1)
     3    4.97    0.02    0.03    0.69 v _4075_/ZN (NAND2_X1)
                                         _0386_ (net)
                  0.02    0.00    0.69 v _4118_/A3 (NOR3_X1)
    18   49.52    0.35    0.42    1.12 ^ _4118_/ZN (NOR3_X1)
                                         _0429_ (net)
                  0.35    0.00    1.12 ^ _4628_/A2 (NOR4_X1)
     1    0.93    0.06   -0.02    1.10 v _4628_/ZN (NOR4_X1)
                                         _0914_ (net)
                  0.06    0.00    1.10 v _4629_/A4 (AND4_X1)
     2    2.76    0.01    0.06    1.16 v _4629_/ZN (AND4_X1)
                                         _0915_ (net)
                  0.01    0.00    1.16 v _4640_/B1 (AOI21_X1)
    35   86.15    0.40    0.44    1.61 ^ _4640_/ZN (AOI21_X1)
                                         _0926_ (net)
                  0.40    0.01    1.62 ^ _5630_/A1 (NAND3_X1)
    15   45.30    0.16    0.29    1.90 v _5630_/ZN (NAND3_X1)
                                         _1913_ (net)
                  0.16    0.00    1.91 v _6041_/A (INV_X1)
    15   35.11    0.10    0.17    2.08 ^ _6041_/ZN (INV_X1)
                                         _2316_ (net)
                  0.10    0.00    2.08 ^ _6277_/A (OAI21_X1)
     1    1.66    0.04    0.03    2.11 v _6277_/ZN (OAI21_X1)
                                         _2546_ (net)
                  0.04    0.00    2.11 v _6278_/A (OAI21_X1)
     1    1.90    0.07    0.04    2.15 ^ _6278_/ZN (OAI21_X1)
                                         _2547_ (net)
                  0.07    0.00    2.15 ^ _6279_/A (INV_X1)
     1    1.19    0.01    0.01    2.16 v _6279_/ZN (INV_X1)
                                         _0059_ (net)
                  0.01    0.00    2.16 v intermediateValue[17]$_DFFE_PP_/D (DFF_X1)
                                  2.16   data arrival time

                  0.00  100.00  100.00   clock clk0 (rise edge)
                          0.00  100.00   clock network delay (ideal)
                          0.00  100.00   clock reconvergence pessimism
                                100.00 ^ intermediateValue[17]$_DFFE_PP_/CK (DFF_X1)
                         -0.04   99.96   library setup time
                                 99.96   data required time
-----------------------------------------------------------------------------
                                 99.96   data required time
                                 -2.16   data arrival time
-----------------------------------------------------------------------------
                                 97.80   slack (MET)


Startpoint: step[4]$_SDFFE_PP0P_
            (rising edge-triggered flip-flop clocked by clk0)
Endpoint: intermediateValue[19]$_DFFE_PP_
          (rising edge-triggered flip-flop clocked by clk0)
Path Group: clk0
Path Type: max

Fanout     Cap    Slew   Delay    Time   Description
-----------------------------------------------------------------------------
                  0.00    0.00    0.00   clock clk0 (rise edge)
                          0.00    0.00   clock network delay (ideal)
                  0.00    0.00    0.00 ^ step[4]$_SDFFE_PP0P_/CK (DFF_X1)
    12   20.85    0.05    0.13    0.13 ^ step[4]$_SDFFE_PP0P_/Q (DFF_X1)
                                         step[4] (net)
                  0.05    0.00    0.13 ^ _3885_/A1 (NOR2_X1)
     3    4.94    0.02    0.02    0.15 v _3885_/ZN (NOR2_X1)
                                         _3242_ (net)
                  0.02    0.00    0.15 v _3886_/A2 (NAND2_X1)
    18   34.28    0.08    0.10    0.25 ^ _3886_/ZN (NAND2_X1)
                                         _3243_ (net)
                  0.08    0.00    0.25 ^ _3941_/A2 (OAI22_X1)
     2    3.17    0.03    0.04    0.29 v _3941_/ZN (OAI22_X1)
                                         _3298_ (net)
                  0.03    0.00    0.29 v _3942_/A2 (NOR2_X1)
     2    3.84    0.03    0.05    0.33 ^ _3942_/ZN (NOR2_X1)
                                         _3299_ (net)
                  0.03    0.00    0.33 ^ _4031_/A (OAI221_X1)
     1    1.65    0.02    0.04    0.37 v _4031_/ZN (OAI221_X1)
                                         _0343_ (net)
                  0.02    0.00    0.37 v _4032_/A4 (NOR4_X1)
     1    2.77    0.05    0.09    0.46 ^ _4032_/ZN (NOR4_X1)
                                         _0344_ (net)
                  0.05    0.00    0.46 ^ _4033_/A4 (NAND4_X1)
     1    1.78    0.02    0.04    0.50 v _4033_/ZN (NAND4_X1)
                                         _0345_ (net)
                  0.02    0.00    0.50 v _4034_/A3 (NOR3_X1)
     3    5.78    0.05    0.09    0.58 ^ _4034_/ZN (NOR3_X1)
                                         _0346_ (net)
                  0.05    0.00    0.58 ^ _4058_/A (INV_X1)
     3    4.65    0.02    0.02    0.60 v _4058_/ZN (INV_X1)
                                         _0369_ (net)
                  0.02    0.00    0.60 v _4060_/A1 (NOR2_X1)
     5    8.58    0.05    0.06    0.66 ^ _4060_/ZN (NOR2_X1)
                                         _0371_ (net)
                  0.05    0.00    0.66 ^ _4075_/A1 (NAND2_X1)
     3    4.97    0.02    0.03    0.69 v _4075_/ZN (NAND2_X1)
                                         _0386_ (net)
                  0.02    0.00    0.69 v _4118_/A3 (NOR3_X1)
    18   49.52    0.35    0.42    1.12 ^ _4118_/ZN (NOR3_X1)
                                         _0429_ (net)
                  0.35    0.00    1.12 ^ _4628_/A2 (NOR4_X1)
     1    0.93    0.06   -0.02    1.10 v _4628_/ZN (NOR4_X1)
                                         _0914_ (net)
                  0.06    0.00    1.10 v _4629_/A4 (AND4_X1)
     2    2.76    0.01    0.06    1.16 v _4629_/ZN (AND4_X1)
                                         _0915_ (net)
                  0.01    0.00    1.16 v _4640_/B1 (AOI21_X1)
    35   86.15    0.40    0.44    1.61 ^ _4640_/ZN (AOI21_X1)
                                         _0926_ (net)
                  0.40    0.01    1.62 ^ _5630_/A1 (NAND3_X1)
    15   45.30    0.16    0.29    1.90 v _5630_/ZN (NAND3_X1)
                                         _1913_ (net)
                  0.16    0.00    1.91 v _6041_/A (INV_X1)
    15   35.11    0.10    0.17    2.08 ^ _6041_/ZN (INV_X1)
                                         _2316_ (net)
                  0.10    0.00    2.08 ^ _6292_/A (OAI21_X1)
     1    1.58    0.04    0.03    2.11 v _6292_/ZN (OAI21_X1)
                                         _2559_ (net)
                  0.04    0.00    2.11 v _6293_/A (OAI21_X1)
     1    1.76    0.07    0.04    2.15 ^ _6293_/ZN (OAI21_X1)
                                         _2560_ (net)
                  0.07    0.00    2.15 ^ _6294_/A (INV_X1)
     1    1.15    0.01    0.01    2.15 v _6294_/ZN (INV_X1)
                                         _0061_ (net)
                  0.01    0.00    2.15 v intermediateValue[19]$_DFFE_PP_/D (DFF_X1)
                                  2.15   data arrival time

                  0.00  100.00  100.00   clock clk0 (rise edge)
                          0.00  100.00   clock network delay (ideal)
                          0.00  100.00   clock reconvergence pessimism
                                100.00 ^ intermediateValue[19]$_DFFE_PP_/CK (DFF_X1)
                         -0.04   99.96   library setup time
                                 99.96   data required time
-----------------------------------------------------------------------------
                                 99.96   data required time
                                 -2.15   data arrival time
-----------------------------------------------------------------------------
                                 97.80   slack (MET)


