[WARNING STA-0503] report_checks -group_count is deprecated. Use -group_path_count instead.
Startpoint: step[4]$_SDFFE_PP0P_
            (rising edge-triggered flip-flop clocked by clk0)
Endpoint: intermediateValue[28]$_DFFE_PP_
          (rising edge-triggered flip-flop clocked by clk0)
Path Group: clk0
Path Type: max

Fanout     Cap    Slew   Delay    Time   Description
-----------------------------------------------------------------------------
                  0.00    0.00    0.00   clock clk0 (rise edge)
                          0.00    0.00   clock network delay (ideal)
                  0.00    0.00    0.00 ^ step[4]$_SDFFE_PP0P_/CK (DFF_X1)
    12   18.20    0.04    0.12    0.12 ^ step[4]$_SDFFE_PP0P_/Q (DFF_X1)
                                         step[4] (net)
                  0.04    0.00    0.12 ^ _3885_/A1 (NOR2_X1)
     3    4.56    0.01    0.02    0.14 v _3885_/ZN (NOR2_X1)
                                         _3242_ (net)
                  0.01    0.00    0.14 v _3886_/A2 (NAND2_X1)
    18   29.16    0.07    0.09    0.23 ^ _3886_/ZN (NAND2_X1)
                                         _3243_ (net)
                  0.07    0.00    0.23 ^ _3927_/B2 (OAI22_X1)
     1    0.90    0.02    0.03    0.26 v _3927_/ZN (OAI22_X1)
                                         _3284_ (net)
                  0.02    0.00    0.26 v _3928_/A3 (OR3_X1)
     2    3.13    0.01    0.09    0.35 v _3928_/ZN (OR3_X1)
                                         _3285_ (net)
                  0.01    0.00    0.35 v _3934_/A (AOI211_X1)
     2    3.21    0.05    0.08    0.43 ^ _3934_/ZN (AOI211_X1)
                                         _3291_ (net)
                  0.05    0.00    0.43 ^ _3939_/A2 (NAND3_X1)
     2    2.86    0.02    0.03    0.46 v _3939_/ZN (NAND3_X1)
                                         _3296_ (net)
                  0.02    0.00    0.46 v _3956_/A1 (NOR2_X1)
     1    1.60    0.02    0.03    0.49 ^ _3956_/ZN (NOR2_X1)
                                         _3313_ (net)
                  0.02    0.00    0.49 ^ _3967_/A2 (NAND4_X1)
     6    9.11    0.04    0.06    0.55 v _3967_/ZN (NAND4_X1)
                                         _3324_ (net)
                  0.04    0.00    0.55 v _3968_/A2 (NOR2_X1)
    13   18.15    0.09    0.12    0.67 ^ _3968_/ZN (NOR2_X1)
                                         _3325_ (net)
                  0.09    0.00    0.67 ^ _4051_/A1 (AND2_X1)
    36  114.09    0.26    0.32    0.99 ^ _4051_/ZN (AND2_X1)
                                         _3621_ (net)
                  0.26    0.00    0.99 ^ _7207_/CI (FA_X1)
     2    3.91    0.02    0.09    1.08 ^ _7207_/CO (FA_X1)
                                         _3622_ (net)
                  0.02    0.00    1.08 ^ _5700_/B2 (AOI21_X1)
     1    1.46    0.02    0.02    1.09 v _5700_/ZN (AOI21_X1)
                                         _1982_ (net)
                  0.02    0.00    1.09 v _5701_/B1 (OAI21_X1)
     2    4.22    0.03    0.04    1.14 ^ _5701_/ZN (OAI21_X1)
                                         _1983_ (net)
                  0.03    0.00    1.14 ^ _5779_/B1 (AOI21_X1)
     1    1.46    0.01    0.02    1.15 v _5779_/ZN (AOI21_X1)
                                         _2059_ (net)
                  0.01    0.00    1.15 v _5780_/B1 (OAI21_X1)
     2    3.55    0.03    0.04    1.19 ^ _5780_/ZN (OAI21_X1)
                                         _2060_ (net)
                  0.03    0.00    1.19 ^ _5892_/A2 (AND2_X1)
     1    1.57    0.01    0.04    1.23 ^ _5892_/ZN (AND2_X1)
                                         _2170_ (net)
                  0.01    0.00    1.23 ^ _5893_/B2 (OAI21_X1)
     2    2.90    0.02    0.02    1.25 v _5893_/ZN (OAI21_X1)
                                         _2171_ (net)
                  0.02    0.00    1.25 v _5896_/B2 (AOI21_X1)
     2    3.22    0.03    0.04    1.29 ^ _5896_/ZN (AOI21_X1)
                                         _2174_ (net)
                  0.03    0.00    1.29 ^ _5995_/B2 (OAI21_X1)
     2    2.29    0.01    0.02    1.31 v _5995_/ZN (OAI21_X1)
                                         _2271_ (net)
                  0.01    0.00    1.31 v _5997_/B2 (AOI21_X1)
     2    2.49    0.03    0.04    1.35 ^ _5997_/ZN (AOI21_X1)
                                         _2273_ (net)
                  0.03    0.00    1.35 ^ _6082_/B2 (OAI21_X1)
     2    2.29    0.01    0.02    1.37 v _6082_/ZN (OAI21_X1)
                                         _2356_ (net)
                  0.01    0.00    1.37 v _6083_/B2 (AOI21_X1)
     2    3.24    0.03    0.04    1.41 ^ _6083_/ZN (AOI21_X1)
                                         _2357_ (net)
                  0.03    0.00    1.41 ^ _6166_/B2 (OAI21_X1)
     2    2.29    0.01    0.02    1.43 v _6166_/ZN (OAI21_X1)
                                         _2438_ (net)
                  0.01    0.00    1.43 v _6168_/B2 (AOI21_X1)
     2    3.19    0.03    0.04    1.47 ^ _6168_/ZN (AOI21_X1)
                                         _2440_ (net)
                  0.03    0.00    1.47 ^ _6266_/B2 (OAI21_X1)
     2    2.29    0.01    0.02    1.50 v _6266_/ZN (OAI21_X1)
                                         _2536_ (net)
                  0.01    0.00    1.50 v _6267_/B2 (AOI21_X1)
     2    3.24    0.03    0.04    1.54 ^ _6267_/ZN (AOI21_X1)
                                         _2537_ (net)
                  0.03    0.00    1.54 ^ _6282_/B2 (OAI21_X1)
     2    2.29    0.01    0.02    1.56 v _6282_/ZN (OAI21_X1)
                                         _2550_ (net)
                  0.01    0.00    1.56 v _6283_/B2 (AOI21_X1)
     2    3.24    0.03    0.04    1.60 ^ _6283_/ZN (AOI21_X1)
                                         _2551_ (net)
                  0.03    0.00    1.60 ^ _6297_/B2 (OAI21_X1)
     2    2.29    0.01    0.02    1.63 v _6297_/ZN (OAI21_X1)
                                         _2563_ (net)
                  0.01    0.00    1.63 v _6298_/B2 (AOI21_X1)
     2    3.24    0.03    0.04    1.67 ^ _6298_/ZN (AOI21_X1)
                                         _2564_ (net)
                  0.03    0.00    1.67 ^ _6312_/B2 (OAI21_X1)
     2    2.90    0.02    0.02    1.69 v _6312_/ZN (OAI21_X1)
                                         _2576_ (net)
                  0.02    0.00    1.69 v _6313_/B2 (AOI21_X1)
     2    3.23    0.03    0.04    1.73 ^ _6313_/ZN (AOI21_X1)
                                         _2577_ (net)
                  0.03    0.00    1.73 ^ _6328_/B2 (OAI21_X1)
     2    2.90    0.02    0.02    1.76 v _6328_/ZN (OAI21_X1)
                                         _2590_ (net)
                  0.02    0.00    1.76 v _6329_/B2 (AOI21_X1)
     2    3.23    0.03    0.04    1.80 ^ _6329_/ZN (AOI21_X1)
                                         _2591_ (net)
                  0.03    0.00    1.80 ^ _6343_/B2 (OAI21_X1)
     2    2.87    0.02    0.02    1.82 v _6343_/ZN (OAI21_X1)
                                         _2603_ (net)
                  0.02    0.00    1.82 v _6358_/C2 (AOI211_X1)
     1    1.66    0.04    0.05    1.87 ^ _6358_/ZN (AOI211_X1)
                                         _2616_ (net)
                  0.04    0.00    1.87 ^ _6359_/B (AOI211_X1)
     2    3.97    0.02    0.02    1.89 v _6359_/ZN (AOI211_X1)
                                         _2617_ (net)
                  0.02    0.00    1.89 v _6360_/B (XOR2_X1)
     1    1.46    0.02    0.06    1.95 v _6360_/Z (XOR2_X1)
                                         _2618_ (net)
                  0.02    0.00    1.95 v _6361_/B1 (OAI21_X1)
     1    1.67    0.03    0.03    1.98 ^ _6361_/ZN (OAI21_X1)
                                         _2619_ (net)
                  0.03    0.00    1.98 ^ _6362_/A (OAI21_X1)
     1    1.55    0.05    0.02    2.01 v _6362_/ZN (OAI21_X1)
                                         _2620_ (net)
                  0.05    0.00    2.01 v _6363_/A (INV_X1)
     1    1.14    0.01    0.02    2.03 ^ _6363_/ZN (INV_X1)
                                         _0070_ (net)
                  0.01    0.00    2.03 ^ intermediateValue[28]$_DFFE_PP_/D (DFF_X1)
                                  2.03   data arrival time

                  0.00  100.00  100.00   clock clk0 (rise edge)
                          0.00  100.00   clock network delay (ideal)
                          0.00  100.00   clock reconvergence pessimism
                                100.00 ^ intermediateValue[28]$_DFFE_PP_/CK (DFF_X1)
                         -0.03   99.97   library setup time
                                 99.97   data required time
-----------------------------------------------------------------------------
                                 99.97   data required time
                                 -2.03   data arrival time
-----------------------------------------------------------------------------
                                 97.94   slack (MET)


Startpoint: step[4]$_SDFFE_PP0P_
            (rising edge-triggered flip-flop clocked by clk0)
Endpoint: intermediateValue[30]$_DFFE_PP_
          (rising edge-triggered flip-flop clocked by clk0)
Path Group: clk0
Path Type: max

Fanout     Cap    Slew   Delay    Time   Description
-----------------------------------------------------------------------------
                  0.00    0.00    0.00   clock clk0 (rise edge)
                          0.00    0.00   clock network delay (ideal)
                  0.00    0.00    0.00 ^ step[4]$_SDFFE_PP0P_/CK (DFF_X1)
    12   18.20    0.04    0.12    0.12 ^ step[4]$_SDFFE_PP0P_/Q (DFF_X1)
                                         step[4] (net)
                  0.04    0.00    0.12 ^ _3885_/A1 (NOR2_X1)
     3    4.56    0.01    0.02    0.14 v _3885_/ZN (NOR2_X1)
                                         _3242_ (net)
                  0.01    0.00    0.14 v _3886_/A2 (NAND2_X1)
    18   29.16    0.07    0.09    0.23 ^ _3886_/ZN (NAND2_X1)
                                         _3243_ (net)
                  0.07    0.00    0.23 ^ _3927_/B2 (OAI22_X1)
     1    0.90    0.02    0.03    0.26 v _3927_/ZN (OAI22_X1)
                                         _3284_ (net)
                  0.02    0.00    0.26 v _3928_/A3 (OR3_X1)
     2    3.13    0.01    0.09    0.35 v _3928_/ZN (OR3_X1)
                                         _3285_ (net)
                  0.01    0.00    0.35 v _3934_/A (AOI211_X1)
     2    3.21    0.05    0.08    0.43 ^ _3934_/ZN (AOI211_X1)
                                         _3291_ (net)
                  0.05    0.00    0.43 ^ _3939_/A2 (NAND3_X1)
     2    2.86    0.02    0.03    0.46 v _3939_/ZN (NAND3_X1)
                                         _3296_ (net)
                  0.02    0.00    0.46 v _3956_/A1 (NOR2_X1)
     1    1.60    0.02    0.03    0.49 ^ _3956_/ZN (NOR2_X1)
                                         _3313_ (net)
                  0.02    0.00    0.49 ^ _3967_/A2 (NAND4_X1)
     6    9.11    0.04    0.06    0.55 v _3967_/ZN (NAND4_X1)
                                         _3324_ (net)
                  0.04    0.00    0.55 v _3968_/A2 (NOR2_X1)
    13   18.15    0.09    0.12    0.67 ^ _3968_/ZN (NOR2_X1)
                                         _3325_ (net)
                  0.09    0.00    0.67 ^ _4051_/A1 (AND2_X1)
    36  114.09    0.26    0.32    0.99 ^ _4051_/ZN (AND2_X1)
                                         _3621_ (net)
                  0.26    0.00    0.99 ^ _7207_/CI (FA_X1)
     2    3.91    0.02    0.09    1.08 ^ _7207_/CO (FA_X1)
                                         _3622_ (net)
                  0.02    0.00    1.08 ^ _5700_/B2 (AOI21_X1)
     1    1.46    0.02    0.02    1.09 v _5700_/ZN (AOI21_X1)
                                         _1982_ (net)
                  0.02    0.00    1.09 v _5701_/B1 (OAI21_X1)
     2    4.22    0.03    0.04    1.14 ^ _5701_/ZN (OAI21_X1)
                                         _1983_ (net)
                  0.03    0.00    1.14 ^ _5779_/B1 (AOI21_X1)
     1    1.46    0.01    0.02    1.15 v _5779_/ZN (AOI21_X1)
                                         _2059_ (net)
                  0.01    0.00    1.15 v _5780_/B1 (OAI21_X1)
     2    3.55    0.03    0.04    1.19 ^ _5780_/ZN (OAI21_X1)
                                         _2060_ (net)
                  0.03    0.00    1.19 ^ _5892_/A2 (AND2_X1)
     1    1.57    0.01    0.04    1.23 ^ _5892_/ZN (AND2_X1)
                                         _2170_ (net)
                  0.01    0.00    1.23 ^ _5893_/B2 (OAI21_X1)
     2    2.90    0.02    0.02    1.25 v _5893_/ZN (OAI21_X1)
                                         _2171_ (net)
                  0.02    0.00    1.25 v _5896_/B2 (AOI21_X1)
     2    3.22    0.03    0.04    1.29 ^ _5896_/ZN (AOI21_X1)
                                         _2174_ (net)
                  0.03    0.00    1.29 ^ _5995_/B2 (OAI21_X1)
     2    2.29    0.01    0.02    1.31 v _5995_/ZN (OAI21_X1)
                                         _2271_ (net)
                  0.01    0.00    1.31 v _5997_/B2 (AOI21_X1)
     2    2.49    0.03    0.04    1.35 ^ _5997_/ZN (AOI21_X1)
                                         _2273_ (net)
                  0.03    0.00    1.35 ^ _6082_/B2 (OAI21_X1)
     2    2.29    0.01    0.02    1.37 v _6082_/ZN (OAI21_X1)
                                         _2356_ (net)
                  0.01    0.00    1.37 v _6083_/B2 (AOI21_X1)
     2    3.24    0.03    0.04    1.41 ^ _6083_/ZN (AOI21_X1)
                                         _2357_ (net)
                  0.03    0.00    1.41 ^ _6166_/B2 (OAI21_X1)
     2    2.29    0.01    0.02    1.43 v _6166_/ZN (OAI21_X1)
                                         _2438_ (net)
                  0.01    0.00    1.43 v _6168_/B2 (AOI21_X1)
     2    3.19    0.03    0.04    1.47 ^ _6168_/ZN (AOI21_X1)
                                         _2440_ (net)
                  0.03    0.00    1.47 ^ _6266_/B2 (OAI21_X1)
     2    2.29    0.01    0.02    1.50 v _6266_/ZN (OAI21_X1)
                                         _2536_ (net)
                  0.01    0.00    1.50 v _6267_/B2 (AOI21_X1)
     2    3.24    0.03    0.04    1.54 ^ _6267_/ZN (AOI21_X1)
                                         _2537_ (net)
                  0.03    0.00    1.54 ^ _6282_/B2 (OAI21_X1)
     2    2.29    0.01    0.02    1.56 v _6282_/ZN (OAI21_X1)
                                         _2550_ (net)
                  0.01    0.00    1.56 v _6283_/B2 (AOI21_X1)
     2    3.24    0.03    0.04    1.60 ^ _6283_/ZN (AOI21_X1)
                                         _2551_ (net)
                  0.03    0.00    1.60 ^ _6297_/B2 (OAI21_X1)
     2    2.29    0.01    0.02    1.63 v _6297_/ZN (OAI21_X1)
                                         _2563_ (net)
                  0.01    0.00    1.63 v _6298_/B2 (AOI21_X1)
     2    3.24    0.03    0.04    1.67 ^ _6298_/ZN (AOI21_X1)
                                         _2564_ (net)
                  0.03    0.00    1.67 ^ _6312_/B2 (OAI21_X1)
     2    2.90    0.02    0.02    1.69 v _6312_/ZN (OAI21_X1)
                                         _2576_ (net)
                  0.02    0.00    1.69 v _6313_/B2 (AOI21_X1)
     2    3.23    0.03    0.04    1.73 ^ _6313_/ZN (AOI21_X1)
                                         _2577_ (net)
                  0.03    0.00    1.73 ^ _6328_/B2 (OAI21_X1)
     2    2.90    0.02    0.02    1.76 v _6328_/ZN (OAI21_X1)
                                         _2590_ (net)
                  0.02    0.00    1.76 v _6329_/B2 (AOI21_X1)
     2    3.23    0.03    0.04    1.80 ^ _6329_/ZN (AOI21_X1)
                                         _2591_ (net)
                  0.03    0.00    1.80 ^ _6343_/B2 (OAI21_X1)
     2    2.87    0.02    0.02    1.82 v _6343_/ZN (OAI21_X1)
                                         _2603_ (net)
                  0.02    0.00    1.82 v _6358_/C2 (AOI211_X1)
     1    1.66    0.04    0.05    1.87 ^ _6358_/ZN (AOI211_X1)
                                         _2616_ (net)
                  0.04    0.00    1.87 ^ _6359_/B (AOI211_X1)
     2    3.97    0.02    0.02    1.89 v _6359_/ZN (AOI211_X1)
                                         _2617_ (net)
                  0.02    0.00    1.89 v _6375_/B2 (OAI21_X1)
     2    3.31    0.03    0.05    1.94 ^ _6375_/ZN (OAI21_X1)
                                         _2631_ (net)
                  0.03    0.00    1.94 ^ _6376_/B1 (AOI21_X1)
     1    1.52    0.03    0.02    1.96 v _6376_/ZN (AOI21_X1)
                                         _2632_ (net)
                  0.03    0.00    1.96 v _6377_/A (OAI21_X1)
     1    1.65    0.02    0.03    1.99 ^ _6377_/ZN (OAI21_X1)
                                         _2633_ (net)
                  0.02    0.00    1.99 ^ _6378_/B1 (AOI21_X1)
     1    1.06    0.01    0.02    2.00 v _6378_/ZN (AOI21_X1)
                                         _0072_ (net)
                  0.01    0.00    2.00 v intermediateValue[30]$_DFFE_PP_/D (DFF_X1)
                                  2.00   data arrival time

                  0.00  100.00  100.00   clock clk0 (rise edge)
                          0.00  100.00   clock network delay (ideal)
                          0.00  100.00   clock reconvergence pessimism
                                100.00 ^ intermediateValue[30]$_DFFE_PP_/CK (DFF_X1)
                         -0.04   99.96   library setup time
                                 99.96   data required time
-----------------------------------------------------------------------------
                                 99.96   data required time
                                 -2.00   data arrival time
-----------------------------------------------------------------------------
                                 97.95   slack (MET)


Startpoint: step[4]$_SDFFE_PP0P_
            (rising edge-triggered flip-flop clocked by clk0)
Endpoint: intermediateValue[31]$_DFFE_PP_
          (rising edge-triggered flip-flop clocked by clk0)
Path Group: clk0
Path Type: max

Fanout     Cap    Slew   Delay    Time   Description
-----------------------------------------------------------------------------
                  0.00    0.00    0.00   clock clk0 (rise edge)
                          0.00    0.00   clock network delay (ideal)
                  0.00    0.00    0.00 ^ step[4]$_SDFFE_PP0P_/CK (DFF_X1)
    12   18.20    0.04    0.12    0.12 ^ step[4]$_SDFFE_PP0P_/Q (DFF_X1)
                                         step[4] (net)
                  0.04    0.00    0.12 ^ _3885_/A1 (NOR2_X1)
     3    4.56    0.01    0.02    0.14 v _3885_/ZN (NOR2_X1)
                                         _3242_ (net)
                  0.01    0.00    0.14 v _3886_/A2 (NAND2_X1)
    18   29.16    0.07    0.09    0.23 ^ _3886_/ZN (NAND2_X1)
                                         _3243_ (net)
                  0.07    0.00    0.23 ^ _3927_/B2 (OAI22_X1)
     1    0.90    0.02    0.03    0.26 v _3927_/ZN (OAI22_X1)
                                         _3284_ (net)
                  0.02    0.00    0.26 v _3928_/A3 (OR3_X1)
     2    3.13    0.01    0.09    0.35 v _3928_/ZN (OR3_X1)
                                         _3285_ (net)
                  0.01    0.00    0.35 v _3934_/A (AOI211_X1)
     2    3.21    0.05    0.08    0.43 ^ _3934_/ZN (AOI211_X1)
                                         _3291_ (net)
                  0.05    0.00    0.43 ^ _3939_/A2 (NAND3_X1)
     2    2.86    0.02    0.03    0.46 v _3939_/ZN (NAND3_X1)
                                         _3296_ (net)
                  0.02    0.00    0.46 v _3956_/A1 (NOR2_X1)
     1    1.60    0.02    0.03    0.49 ^ _3956_/ZN (NOR2_X1)
                                         _3313_ (net)
                  0.02    0.00    0.49 ^ _3967_/A2 (NAND4_X1)
     6    9.11    0.04    0.06    0.55 v _3967_/ZN (NAND4_X1)
                                         _3324_ (net)
                  0.04    0.00    0.55 v _3968_/A2 (NOR2_X1)
    13   18.15    0.09    0.12    0.67 ^ _3968_/ZN (NOR2_X1)
                                         _3325_ (net)
                  0.09    0.00    0.67 ^ _4051_/A1 (AND2_X1)
    36  114.09    0.26    0.32    0.99 ^ _4051_/ZN (AND2_X1)
                                         _3621_ (net)
                  0.26    0.00    0.99 ^ _7263_/B (HA_X1)
     3    5.71    0.05    0.08    1.07 ^ _7263_/S (HA_X1)
                                         _3781_ (net)
                  0.05    0.00    1.07 ^ _5638_/A (INV_X1)
     1    1.56    0.01    0.01    1.08 v _5638_/ZN (INV_X1)
                                         _1921_ (net)
                  0.01    0.00    1.08 v _5639_/B2 (OAI21_X1)
     2    4.22    0.03    0.05    1.12 ^ _5639_/ZN (OAI21_X1)
                                         _1922_ (net)
                  0.03    0.00    1.12 ^ _5737_/B1 (AOI21_X1)
     1    1.46    0.01    0.02    1.14 v _5737_/ZN (AOI21_X1)
                                         _2018_ (net)
                  0.01    0.00    1.14 v _5738_/B1 (OAI21_X1)
     2    4.22    0.03    0.04    1.18 ^ _5738_/ZN (OAI21_X1)
                                         _2019_ (net)
                  0.03    0.00    1.18 ^ _5827_/B1 (AOI21_X1)
     1    1.46    0.01    0.02    1.20 v _5827_/ZN (AOI21_X1)
                                         _2106_ (net)
                  0.01    0.00    1.20 v _5828_/B1 (OAI21_X1)
     2    4.01    0.03    0.04    1.24 ^ _5828_/ZN (OAI21_X1)
                                         _2107_ (net)
                  0.03    0.00    1.24 ^ _5961_/B1 (AOI21_X1)
     1    1.46    0.01    0.02    1.25 v _5961_/ZN (AOI21_X1)
                                         _2238_ (net)
                  0.01    0.00    1.25 v _5962_/B1 (OAI21_X1)
     2    4.22    0.03    0.04    1.30 ^ _5962_/ZN (OAI21_X1)
                                         _2239_ (net)
                  0.03    0.00    1.30 ^ _6061_/B1 (AOI21_X1)
     1    1.46    0.01    0.02    1.31 v _6061_/ZN (AOI21_X1)
                                         _2336_ (net)
                  0.01    0.00    1.31 v _6062_/B1 (OAI21_X1)
     2    4.22    0.03    0.04    1.35 ^ _6062_/ZN (OAI21_X1)
                                         _2337_ (net)
                  0.03    0.00    1.35 ^ _6155_/B1 (AOI21_X1)
     1    1.46    0.01    0.02    1.37 v _6155_/ZN (AOI21_X1)
                                         _2428_ (net)
                  0.01    0.00    1.37 v _6156_/B1 (OAI21_X1)
     2    4.01    0.03    0.04    1.41 ^ _6156_/ZN (OAI21_X1)
                                         _2429_ (net)
                  0.03    0.00    1.41 ^ _6257_/B1 (AOI21_X1)
     1    1.46    0.01    0.02    1.43 v _6257_/ZN (AOI21_X1)
                                         _2528_ (net)
                  0.01    0.00    1.43 v _6258_/B1 (OAI21_X1)
     2    4.22    0.03    0.04    1.47 ^ _6258_/ZN (OAI21_X1)
                                         _2529_ (net)
                  0.03    0.00    1.47 ^ _6274_/B1 (AOI21_X1)
     1    1.46    0.01    0.02    1.49 v _6274_/ZN (AOI21_X1)
                                         _2543_ (net)
                  0.01    0.00    1.49 v _6275_/B1 (OAI21_X1)
     2    4.22    0.03    0.04    1.53 ^ _6275_/ZN (OAI21_X1)
                                         _2544_ (net)
                  0.03    0.00    1.53 ^ _6289_/B1 (AOI21_X1)
     1    1.46    0.01    0.02    1.55 v _6289_/ZN (AOI21_X1)
                                         _2556_ (net)
                  0.01    0.00    1.55 v _6290_/B1 (OAI21_X1)
     2    4.22    0.03    0.04    1.59 ^ _6290_/ZN (OAI21_X1)
                                         _2557_ (net)
                  0.03    0.00    1.59 ^ _6304_/B1 (AOI21_X1)
     1    1.46    0.01    0.02    1.60 v _6304_/ZN (AOI21_X1)
                                         _2569_ (net)
                  0.01    0.00    1.60 v _6305_/B1 (OAI21_X1)
     2    4.22    0.03    0.04    1.65 ^ _6305_/ZN (OAI21_X1)
                                         _2570_ (net)
                  0.03    0.00    1.65 ^ _6320_/B1 (AOI21_X1)
     1    1.46    0.01    0.02    1.66 v _6320_/ZN (AOI21_X1)
                                         _2583_ (net)
                  0.01    0.00    1.66 v _6321_/B1 (OAI21_X1)
     2    4.22    0.03    0.04    1.70 ^ _6321_/ZN (OAI21_X1)
                                         _2584_ (net)
                  0.03    0.00    1.70 ^ _6336_/B1 (AOI21_X1)
     1    1.46    0.01    0.02    1.72 v _6336_/ZN (AOI21_X1)
                                         _2597_ (net)
                  0.01    0.00    1.72 v _6337_/B1 (OAI21_X1)
     2    4.22    0.03    0.04    1.76 ^ _6337_/ZN (OAI21_X1)
                                         _2598_ (net)
                  0.03    0.00    1.76 ^ _6350_/B1 (AOI21_X1)
     1    1.46    0.01    0.02    1.78 v _6350_/ZN (AOI21_X1)
                                         _2609_ (net)
                  0.01    0.00    1.78 v _6352_/B1 (OAI21_X1)
     3    5.18    0.03    0.05    1.83 ^ _6352_/ZN (OAI21_X1)
                                         _2611_ (net)
                  0.03    0.00    1.83 ^ _6383_/A3 (NAND4_X1)
     2    2.28    0.03    0.04    1.86 v _6383_/ZN (NAND4_X1)
                                         _2638_ (net)
                  0.03    0.00    1.86 v _6386_/A1 (AND3_X1)
     1    0.85    0.01    0.04    1.90 v _6386_/ZN (AND3_X1)
                                         _2641_ (net)
                  0.01    0.00    1.90 v _6388_/A2 (OR3_X1)
     1    1.45    0.01    0.07    1.97 v _6388_/ZN (OR3_X1)
                                         _2643_ (net)
                  0.01    0.00    1.97 v _6389_/B1 (AOI21_X1)
     1    1.14    0.02    0.03    2.00 ^ _6389_/ZN (AOI21_X1)
                                         _0073_ (net)
                  0.02    0.00    2.00 ^ intermediateValue[31]$_DFFE_PP_/D (DFF_X1)
                                  2.00   data arrival time

                  0.00  100.00  100.00   clock clk0 (rise edge)
                          0.00  100.00   clock network delay (ideal)
                          0.00  100.00   clock reconvergence pessimism
                                100.00 ^ intermediateValue[31]$_DFFE_PP_/CK (DFF_X1)
                         -0.04   99.96   library setup time
                                 99.96   data required time
-----------------------------------------------------------------------------
                                 99.96   data required time
                                 -2.00   data arrival time
-----------------------------------------------------------------------------
                                 97.97   slack (MET)


Startpoint: step[4]$_SDFFE_PP0P_
            (rising edge-triggered flip-flop clocked by clk0)
Endpoint: intermediateValue[29]$_DFFE_PP_
          (rising edge-triggered flip-flop clocked by clk0)
Path Group: clk0
Path Type: max

Fanout     Cap    Slew   Delay    Time   Description
-----------------------------------------------------------------------------
                  0.00    0.00    0.00   clock clk0 (rise edge)
                          0.00    0.00   clock network delay (ideal)
                  0.00    0.00    0.00 ^ step[4]$_SDFFE_PP0P_/CK (DFF_X1)
    12   18.20    0.04    0.12    0.12 ^ step[4]$_SDFFE_PP0P_/Q (DFF_X1)
                                         step[4] (net)
                  0.04    0.00    0.12 ^ _3885_/A1 (NOR2_X1)
     3    4.56    0.01    0.02    0.14 v _3885_/ZN (NOR2_X1)
                                         _3242_ (net)
                  0.01    0.00    0.14 v _3886_/A2 (NAND2_X1)
    18   29.16    0.07    0.09    0.23 ^ _3886_/ZN (NAND2_X1)
                                         _3243_ (net)
                  0.07    0.00    0.23 ^ _3927_/B2 (OAI22_X1)
     1    0.90    0.02    0.03    0.26 v _3927_/ZN (OAI22_X1)
                                         _3284_ (net)
                  0.02    0.00    0.26 v _3928_/A3 (OR3_X1)
     2    3.13    0.01    0.09    0.35 v _3928_/ZN (OR3_X1)
                                         _3285_ (net)
                  0.01    0.00    0.35 v _3934_/A (AOI211_X1)
     2    3.21    0.05    0.08    0.43 ^ _3934_/ZN (AOI211_X1)
                                         _3291_ (net)
                  0.05    0.00    0.43 ^ _3939_/A2 (NAND3_X1)
     2    2.86    0.02    0.03    0.46 v _3939_/ZN (NAND3_X1)
                                         _3296_ (net)
                  0.02    0.00    0.46 v _3956_/A1 (NOR2_X1)
     1    1.60    0.02    0.03    0.49 ^ _3956_/ZN (NOR2_X1)
                                         _3313_ (net)
                  0.02    0.00    0.49 ^ _3967_/A2 (NAND4_X1)
     6    9.11    0.04    0.06    0.55 v _3967_/ZN (NAND4_X1)
                                         _3324_ (net)
                  0.04    0.00    0.55 v _3968_/A2 (NOR2_X1)
    13   18.15    0.09    0.12    0.67 ^ _3968_/ZN (NOR2_X1)
                                         _3325_ (net)
                  0.09    0.00    0.67 ^ _4051_/A1 (AND2_X1)
    36  114.09    0.26    0.32    0.99 ^ _4051_/ZN (AND2_X1)
                                         _3621_ (net)
                  0.26    0.00    0.99 ^ _7263_/B (HA_X1)
     3    5.71    0.05    0.08    1.07 ^ _7263_/S (HA_X1)
                                         _3781_ (net)
                  0.05    0.00    1.07 ^ _5638_/A (INV_X1)
     1    1.56    0.01    0.01    1.08 v _5638_/ZN (INV_X1)
                                         _1921_ (net)
                  0.01    0.00    1.08 v _5639_/B2 (OAI21_X1)
     2    4.22    0.03    0.05    1.12 ^ _5639_/ZN (OAI21_X1)
                                         _1922_ (net)
                  0.03    0.00    1.12 ^ _5737_/B1 (AOI21_X1)
     1    1.46    0.01    0.02    1.14 v _5737_/ZN (AOI21_X1)
                                         _2018_ (net)
                  0.01    0.00    1.14 v _5738_/B1 (OAI21_X1)
     2    4.22    0.03    0.04    1.18 ^ _5738_/ZN (OAI21_X1)
                                         _2019_ (net)
                  0.03    0.00    1.18 ^ _5827_/B1 (AOI21_X1)
     1    1.46    0.01    0.02    1.20 v _5827_/ZN (AOI21_X1)
                                         _2106_ (net)
                  0.01    0.00    1.20 v _5828_/B1 (OAI21_X1)
     2    4.01    0.03    0.04    1.24 ^ _5828_/ZN (OAI21_X1)
                                         _2107_ (net)
                  0.03    0.00    1.24 ^ _5961_/B1 (AOI21_X1)
     1    1.46    0.01    0.02    1.25 v _5961_/ZN (AOI21_X1)
                                         _2238_ (net)
                  0.01    0.00    1.25 v _5962_/B1 (OAI21_X1)
     2    4.22    0.03    0.04    1.30 ^ _5962_/ZN (OAI21_X1)
                                         _2239_ (net)
                  0.03    0.00    1.30 ^ _6061_/B1 (AOI21_X1)
     1    1.46    0.01    0.02    1.31 v _6061_/ZN (AOI21_X1)
                                         _2336_ (net)
                  0.01    0.00    1.31 v _6062_/B1 (OAI21_X1)
     2    4.22    0.03    0.04    1.35 ^ _6062_/ZN (OAI21_X1)
                                         _2337_ (net)
                  0.03    0.00    1.35 ^ _6155_/B1 (AOI21_X1)
     1    1.46    0.01    0.02    1.37 v _6155_/ZN (AOI21_X1)
                                         _2428_ (net)
                  0.01    0.00    1.37 v _6156_/B1 (OAI21_X1)
     2    4.01    0.03    0.04    1.41 ^ _6156_/ZN (OAI21_X1)
                                         _2429_ (net)
                  0.03    0.00    1.41 ^ _6257_/B1 (AOI21_X1)
     1    1.46    0.01    0.02    1.43 v _6257_/ZN (AOI21_X1)
                                         _2528_ (net)
                  0.01    0.00    1.43 v _6258_/B1 (OAI21_X1)
     2    4.22    0.03    0.04    1.47 ^ _6258_/ZN (OAI21_X1)
                                         _2529_ (net)
                  0.03    0.00    1.47 ^ _6274_/B1 (AOI21_X1)
     1    1.46    0.01    0.02    1.49 v _6274_/ZN (AOI21_X1)
                                         _2543_ (net)
                  0.01    0.00    1.49 v _6275_/B1 (OAI21_X1)
     2    4.22    0.03    0.04    1.53 ^ _6275_/ZN (OAI21_X1)
                                         _2544_ (net)
                  0.03    0.00    1.53 ^ _6289_/B1 (AOI21_X1)
     1    1.46    0.01    0.02    1.55 v _6289_/ZN (AOI21_X1)
                                         _2556_ (net)
                  0.01    0.00    1.55 v _6290_/B1 (OAI21_X1)
     2    4.22    0.03    0.04    1.59 ^ _6290_/ZN (OAI21_X1)
                                         _2557_ (net)
                  0.03    0.00    1.59 ^ _6304_/B1 (AOI21_X1)
     1    1.46    0.01    0.02    1.60 v _6304_/ZN (AOI21_X1)
                                         _2569_ (net)
                  0.01    0.00    1.60 v _6305_/B1 (OAI21_X1)
     2    4.22    0.03    0.04    1.65 ^ _6305_/ZN (OAI21_X1)
                                         _2570_ (net)
                  0.03    0.00    1.65 ^ _6320_/B1 (AOI21_X1)
     1    1.46    0.01    0.02    1.66 v _6320_/ZN (AOI21_X1)
                                         _2583_ (net)
                  0.01    0.00    1.66 v _6321_/B1 (OAI21_X1)
     2    4.22    0.03    0.04    1.70 ^ _6321_/ZN (OAI21_X1)
                                         _2584_ (net)
                  0.03    0.00    1.70 ^ _6336_/B1 (AOI21_X1)
     1    1.46    0.01    0.02    1.72 v _6336_/ZN (AOI21_X1)
                                         _2597_ (net)
                  0.01    0.00    1.72 v _6337_/B1 (OAI21_X1)
     2    4.22    0.03    0.04    1.76 ^ _6337_/ZN (OAI21_X1)
                                         _2598_ (net)
                  0.03    0.00    1.76 ^ _6350_/B1 (AOI21_X1)
     1    1.46    0.01    0.02    1.78 v _6350_/ZN (AOI21_X1)
                                         _2609_ (net)
                  0.01    0.00    1.78 v _6352_/B1 (OAI21_X1)
     3    5.18    0.03    0.05    1.83 ^ _6352_/ZN (OAI21_X1)
                                         _2611_ (net)
                  0.03    0.00    1.83 ^ _6367_/A3 (AND3_X1)
     2    2.49    0.01    0.05    1.88 ^ _6367_/ZN (AND3_X1)
                                         _2624_ (net)
                  0.01    0.00    1.88 ^ _6368_/A3 (OR3_X1)
     1    1.62    0.01    0.03    1.90 ^ _6368_/ZN (OR3_X1)
                                         _2625_ (net)
                  0.01    0.00    1.90 ^ _6370_/A2 (NAND3_X1)
     1    1.45    0.02    0.02    1.92 v _6370_/ZN (NAND3_X1)
                                         _2627_ (net)
                  0.02    0.00    1.92 v _6371_/B1 (AOI21_X1)
     1    1.14    0.02    0.03    1.95 ^ _6371_/ZN (AOI21_X1)
                                         _0071_ (net)
                  0.02    0.00    1.95 ^ intermediateValue[29]$_DFFE_PP_/D (DFF_X1)
                                  1.95   data arrival time

                  0.00  100.00  100.00   clock clk0 (rise edge)
                          0.00  100.00   clock network delay (ideal)
                          0.00  100.00   clock reconvergence pessimism
                                100.00 ^ intermediateValue[29]$_DFFE_PP_/CK (DFF_X1)
                         -0.04   99.96   library setup time
                                 99.96   data required time
-----------------------------------------------------------------------------
                                 99.96   data required time
                                 -1.95   data arrival time
-----------------------------------------------------------------------------
                                 98.01   slack (MET)


Startpoint: step[4]$_SDFFE_PP0P_
            (rising edge-triggered flip-flop clocked by clk0)
Endpoint: intermediateValue[26]$_DFFE_PP_
          (rising edge-triggered flip-flop clocked by clk0)
Path Group: clk0
Path Type: max

Fanout     Cap    Slew   Delay    Time   Description
-----------------------------------------------------------------------------
                  0.00    0.00    0.00   clock clk0 (rise edge)
                          0.00    0.00   clock network delay (ideal)
                  0.00    0.00    0.00 ^ step[4]$_SDFFE_PP0P_/CK (DFF_X1)
    12   18.20    0.04    0.12    0.12 ^ step[4]$_SDFFE_PP0P_/Q (DFF_X1)
                                         step[4] (net)
                  0.04    0.00    0.12 ^ _3885_/A1 (NOR2_X1)
     3    4.56    0.01    0.02    0.14 v _3885_/ZN (NOR2_X1)
                                         _3242_ (net)
                  0.01    0.00    0.14 v _3886_/A2 (NAND2_X1)
    18   29.16    0.07    0.09    0.23 ^ _3886_/ZN (NAND2_X1)
                                         _3243_ (net)
                  0.07    0.00    0.23 ^ _3927_/B2 (OAI22_X1)
     1    0.90    0.02    0.03    0.26 v _3927_/ZN (OAI22_X1)
                                         _3284_ (net)
                  0.02    0.00    0.26 v _3928_/A3 (OR3_X1)
     2    3.13    0.01    0.09    0.35 v _3928_/ZN (OR3_X1)
                                         _3285_ (net)
                  0.01    0.00    0.35 v _3934_/A (AOI211_X1)
     2    3.21    0.05    0.08    0.43 ^ _3934_/ZN (AOI211_X1)
                                         _3291_ (net)
                  0.05    0.00    0.43 ^ _3939_/A2 (NAND3_X1)
     2    2.86    0.02    0.03    0.46 v _3939_/ZN (NAND3_X1)
                                         _3296_ (net)
                  0.02    0.00    0.46 v _3956_/A1 (NOR2_X1)
     1    1.60    0.02    0.03    0.49 ^ _3956_/ZN (NOR2_X1)
                                         _3313_ (net)
                  0.02    0.00    0.49 ^ _3967_/A2 (NAND4_X1)
     6    9.11    0.04    0.06    0.55 v _3967_/ZN (NAND4_X1)
                                         _3324_ (net)
                  0.04    0.00    0.55 v _3968_/A2 (NOR2_X1)
    13   18.15    0.09    0.12    0.67 ^ _3968_/ZN (NOR2_X1)
                                         _3325_ (net)
                  0.09    0.00    0.67 ^ _4051_/A1 (AND2_X1)
    36  114.09    0.26    0.32    0.99 ^ _4051_/ZN (AND2_X1)
                                         _3621_ (net)
                  0.26    0.00    0.99 ^ _7207_/CI (FA_X1)
     2    3.91    0.02    0.09    1.08 ^ _7207_/CO (FA_X1)
                                         _3622_ (net)
                  0.02    0.00    1.08 ^ _5700_/B2 (AOI21_X1)
     1    1.46    0.02    0.02    1.09 v _5700_/ZN (AOI21_X1)
                                         _1982_ (net)
                  0.02    0.00    1.09 v _5701_/B1 (OAI21_X1)
     2    4.22    0.03    0.04    1.14 ^ _5701_/ZN (OAI21_X1)
                                         _1983_ (net)
                  0.03    0.00    1.14 ^ _5779_/B1 (AOI21_X1)
     1    1.46    0.01    0.02    1.15 v _5779_/ZN (AOI21_X1)
                                         _2059_ (net)
                  0.01    0.00    1.15 v _5780_/B1 (OAI21_X1)
     2    3.55    0.03    0.04    1.19 ^ _5780_/ZN (OAI21_X1)
                                         _2060_ (net)
                  0.03    0.00    1.19 ^ _5892_/A2 (AND2_X1)
     1    1.57    0.01    0.04    1.23 ^ _5892_/ZN (AND2_X1)
                                         _2170_ (net)
                  0.01    0.00    1.23 ^ _5893_/B2 (OAI21_X1)
     2    2.90    0.02    0.02    1.25 v _5893_/ZN (OAI21_X1)
                                         _2171_ (net)
                  0.02    0.00    1.25 v _5896_/B2 (AOI21_X1)
     2    3.22    0.03    0.04    1.29 ^ _5896_/ZN (AOI21_X1)
                                         _2174_ (net)
                  0.03    0.00    1.29 ^ _5995_/B2 (OAI21_X1)
     2    2.29    0.01    0.02    1.31 v _5995_/ZN (OAI21_X1)
                                         _2271_ (net)
                  0.01    0.00    1.31 v _5997_/B2 (AOI21_X1)
     2    2.49    0.03    0.04    1.35 ^ _5997_/ZN (AOI21_X1)
                                         _2273_ (net)
                  0.03    0.00    1.35 ^ _6082_/B2 (OAI21_X1)
     2    2.29    0.01    0.02    1.37 v _6082_/ZN (OAI21_X1)
                                         _2356_ (net)
                  0.01    0.00    1.37 v _6083_/B2 (AOI21_X1)
     2    3.24    0.03    0.04    1.41 ^ _6083_/ZN (AOI21_X1)
                                         _2357_ (net)
                  0.03    0.00    1.41 ^ _6166_/B2 (OAI21_X1)
     2    2.29    0.01    0.02    1.43 v _6166_/ZN (OAI21_X1)
                                         _2438_ (net)
                  0.01    0.00    1.43 v _6168_/B2 (AOI21_X1)
     2    3.19    0.03    0.04    1.47 ^ _6168_/ZN (AOI21_X1)
                                         _2440_ (net)
                  0.03    0.00    1.47 ^ _6266_/B2 (OAI21_X1)
     2    2.29    0.01    0.02    1.50 v _6266_/ZN (OAI21_X1)
                                         _2536_ (net)
                  0.01    0.00    1.50 v _6267_/B2 (AOI21_X1)
     2    3.24    0.03    0.04    1.54 ^ _6267_/ZN (AOI21_X1)
                                         _2537_ (net)
                  0.03    0.00    1.54 ^ _6282_/B2 (OAI21_X1)
     2    2.29    0.01    0.02    1.56 v _6282_/ZN (OAI21_X1)
                                         _2550_ (net)
                  0.01    0.00    1.56 v _6283_/B2 (AOI21_X1)
     2    3.24    0.03    0.04    1.60 ^ _6283_/ZN (AOI21_X1)
                                         _2551_ (net)
                  0.03    0.00    1.60 ^ _6297_/B2 (OAI21_X1)
     2    2.29    0.01    0.02    1.63 v _6297_/ZN (OAI21_X1)
                                         _2563_ (net)
                  0.01    0.00    1.63 v _6298_/B2 (AOI21_X1)
     2    3.24    0.03    0.04    1.67 ^ _6298_/ZN (AOI21_X1)
                                         _2564_ (net)
                  0.03    0.00    1.67 ^ _6312_/B2 (OAI21_X1)
     2    2.90    0.02    0.02    1.69 v _6312_/ZN (OAI21_X1)
                                         _2576_ (net)
                  0.02    0.00    1.69 v _6313_/B2 (AOI21_X1)
     2    3.23    0.03    0.04    1.73 ^ _6313_/ZN (AOI21_X1)
                                         _2577_ (net)
                  0.03    0.00    1.73 ^ _6328_/B2 (OAI21_X1)
     2    2.90    0.02    0.02    1.76 v _6328_/ZN (OAI21_X1)
                                         _2590_ (net)
                  0.02    0.00    1.76 v _6329_/B2 (AOI21_X1)
     2    3.23    0.03    0.04    1.80 ^ _6329_/ZN (AOI21_X1)
                                         _2591_ (net)
                  0.03    0.00    1.80 ^ _6343_/B2 (OAI21_X1)
     2    2.87    0.02    0.02    1.82 v _6343_/ZN (OAI21_X1)
                                         _2603_ (net)
                  0.02    0.00    1.82 v _6344_/A2 (NAND2_X1)
     1    2.57    0.01    0.02    1.85 ^ _6344_/ZN (NAND2_X1)
                                         _2604_ (net)
                  0.01    0.00    1.85 ^ _6345_/B (XNOR2_X1)
     1    1.66    0.02    0.04    1.88 ^ _6345_/ZN (XNOR2_X1)
                                         _2605_ (net)
                  0.02    0.00    1.88 ^ _6346_/B1 (OAI21_X1)
     1    1.52    0.03    0.02    1.90 v _6346_/ZN (OAI21_X1)
                                         _2606_ (net)
                  0.03    0.00    1.90 v _6347_/A (OAI21_X1)
     1    1.70    0.05    0.03    1.93 ^ _6347_/ZN (OAI21_X1)
                                         _2607_ (net)
                  0.05    0.00    1.93 ^ _6348_/A (INV_X1)
     1    1.06    0.01    0.01    1.94 v _6348_/ZN (INV_X1)
                                         _0068_ (net)
                  0.01    0.00    1.94 v intermediateValue[26]$_DFFE_PP_/D (DFF_X1)
                                  1.94   data arrival time

                  0.00  100.00  100.00   clock clk0 (rise edge)
                          0.00  100.00   clock network delay (ideal)
                          0.00  100.00   clock reconvergence pessimism
                                100.00 ^ intermediateValue[26]$_DFFE_PP_/CK (DFF_X1)
                         -0.04   99.96   library setup time
                                 99.96   data required time
-----------------------------------------------------------------------------
                                 99.96   data required time
                                 -1.94   data arrival time
-----------------------------------------------------------------------------
                                 98.02   slack (MET)


Startpoint: step[4]$_SDFFE_PP0P_
            (rising edge-triggered flip-flop clocked by clk0)
Endpoint: intermediateValue[27]$_DFFE_PP_
          (rising edge-triggered flip-flop clocked by clk0)
Path Group: clk0
Path Type: max

Fanout     Cap    Slew   Delay    Time   Description
-----------------------------------------------------------------------------
                  0.00    0.00    0.00   clock clk0 (rise edge)
                          0.00    0.00   clock network delay (ideal)
                  0.00    0.00    0.00 ^ step[4]$_SDFFE_PP0P_/CK (DFF_X1)
    12   18.20    0.04    0.12    0.12 ^ step[4]$_SDFFE_PP0P_/Q (DFF_X1)
                                         step[4] (net)
                  0.04    0.00    0.12 ^ _3885_/A1 (NOR2_X1)
     3    4.56    0.01    0.02    0.14 v _3885_/ZN (NOR2_X1)
                                         _3242_ (net)
                  0.01    0.00    0.14 v _3886_/A2 (NAND2_X1)
    18   29.16    0.07    0.09    0.23 ^ _3886_/ZN (NAND2_X1)
                                         _3243_ (net)
                  0.07    0.00    0.23 ^ _3927_/B2 (OAI22_X1)
     1    0.90    0.02    0.03    0.26 v _3927_/ZN (OAI22_X1)
                                         _3284_ (net)
                  0.02    0.00    0.26 v _3928_/A3 (OR3_X1)
     2    3.13    0.01    0.09    0.35 v _3928_/ZN (OR3_X1)
                                         _3285_ (net)
                  0.01    0.00    0.35 v _3934_/A (AOI211_X1)
     2    3.21    0.05    0.08    0.43 ^ _3934_/ZN (AOI211_X1)
                                         _3291_ (net)
                  0.05    0.00    0.43 ^ _3939_/A2 (NAND3_X1)
     2    2.86    0.02    0.03    0.46 v _3939_/ZN (NAND3_X1)
                                         _3296_ (net)
                  0.02    0.00    0.46 v _3956_/A1 (NOR2_X1)
     1    1.60    0.02    0.03    0.49 ^ _3956_/ZN (NOR2_X1)
                                         _3313_ (net)
                  0.02    0.00    0.49 ^ _3967_/A2 (NAND4_X1)
     6    9.11    0.04    0.06    0.55 v _3967_/ZN (NAND4_X1)
                                         _3324_ (net)
                  0.04    0.00    0.55 v _3968_/A2 (NOR2_X1)
    13   18.15    0.09    0.12    0.67 ^ _3968_/ZN (NOR2_X1)
                                         _3325_ (net)
                  0.09    0.00    0.67 ^ _4051_/A1 (AND2_X1)
    36  114.09    0.26    0.32    0.99 ^ _4051_/ZN (AND2_X1)
                                         _3621_ (net)
                  0.26    0.00    0.99 ^ _7263_/B (HA_X1)
     3    5.71    0.05    0.08    1.07 ^ _7263_/S (HA_X1)
                                         _3781_ (net)
                  0.05    0.00    1.07 ^ _5638_/A (INV_X1)
     1    1.56    0.01    0.01    1.08 v _5638_/ZN (INV_X1)
                                         _1921_ (net)
                  0.01    0.00    1.08 v _5639_/B2 (OAI21_X1)
     2    4.22    0.03    0.05    1.12 ^ _5639_/ZN (OAI21_X1)
                                         _1922_ (net)
                  0.03    0.00    1.12 ^ _5737_/B1 (AOI21_X1)
     1    1.46    0.01    0.02    1.14 v _5737_/ZN (AOI21_X1)
                                         _2018_ (net)
                  0.01    0.00    1.14 v _5738_/B1 (OAI21_X1)
     2    4.22    0.03    0.04    1.18 ^ _5738_/ZN (OAI21_X1)
                                         _2019_ (net)
                  0.03    0.00    1.18 ^ _5827_/B1 (AOI21_X1)
     1    1.46    0.01    0.02    1.20 v _5827_/ZN (AOI21_X1)
                                         _2106_ (net)
                  0.01    0.00    1.20 v _5828_/B1 (OAI21_X1)
     2    4.01    0.03    0.04    1.24 ^ _5828_/ZN (OAI21_X1)
                                         _2107_ (net)
                  0.03    0.00    1.24 ^ _5961_/B1 (AOI21_X1)
     1    1.46    0.01    0.02    1.25 v _5961_/ZN (AOI21_X1)
                                         _2238_ (net)
                  0.01    0.00    1.25 v _5962_/B1 (OAI21_X1)
     2    4.22    0.03    0.04    1.30 ^ _5962_/ZN (OAI21_X1)
                                         _2239_ (net)
                  0.03    0.00    1.30 ^ _6061_/B1 (AOI21_X1)
     1    1.46    0.01    0.02    1.31 v _6061_/ZN (AOI21_X1)
                                         _2336_ (net)
                  0.01    0.00    1.31 v _6062_/B1 (OAI21_X1)
     2    4.22    0.03    0.04    1.35 ^ _6062_/ZN (OAI21_X1)
                                         _2337_ (net)
                  0.03    0.00    1.35 ^ _6155_/B1 (AOI21_X1)
     1    1.46    0.01    0.02    1.37 v _6155_/ZN (AOI21_X1)
                                         _2428_ (net)
                  0.01    0.00    1.37 v _6156_/B1 (OAI21_X1)
     2    4.01    0.03    0.04    1.41 ^ _6156_/ZN (OAI21_X1)
                                         _2429_ (net)
                  0.03    0.00    1.41 ^ _6257_/B1 (AOI21_X1)
     1    1.46    0.01    0.02    1.43 v _6257_/ZN (AOI21_X1)
                                         _2528_ (net)
                  0.01    0.00    1.43 v _6258_/B1 (OAI21_X1)
     2    4.22    0.03    0.04    1.47 ^ _6258_/ZN (OAI21_X1)
                                         _2529_ (net)
                  0.03    0.00    1.47 ^ _6274_/B1 (AOI21_X1)
     1    1.46    0.01    0.02    1.49 v _6274_/ZN (AOI21_X1)
                                         _2543_ (net)
                  0.01    0.00    1.49 v _6275_/B1 (OAI21_X1)
     2    4.22    0.03    0.04    1.53 ^ _6275_/ZN (OAI21_X1)
                                         _2544_ (net)
                  0.03    0.00    1.53 ^ _6289_/B1 (AOI21_X1)
     1    1.46    0.01    0.02    1.55 v _6289_/ZN (AOI21_X1)
                                         _2556_ (net)
                  0.01    0.00    1.55 v _6290_/B1 (OAI21_X1)
     2    4.22    0.03    0.04    1.59 ^ _6290_/ZN (OAI21_X1)
                                         _2557_ (net)
                  0.03    0.00    1.59 ^ _6304_/B1 (AOI21_X1)
     1    1.46    0.01    0.02    1.60 v _6304_/ZN (AOI21_X1)
                                         _2569_ (net)
                  0.01    0.00    1.60 v _6305_/B1 (OAI21_X1)
     2    4.22    0.03    0.04    1.65 ^ _6305_/ZN (OAI21_X1)
                                         _2570_ (net)
                  0.03    0.00    1.65 ^ _6320_/B1 (AOI21_X1)
     1    1.46    0.01    0.02    1.66 v _6320_/ZN (AOI21_X1)
                                         _2583_ (net)
                  0.01    0.00    1.66 v _6321_/B1 (OAI21_X1)
     2    4.22    0.03    0.04    1.70 ^ _6321_/ZN (OAI21_X1)
                                         _2584_ (net)
                  0.03    0.00    1.70 ^ _6336_/B1 (AOI21_X1)
     1    1.46    0.01    0.02    1.72 v _6336_/ZN (AOI21_X1)
                                         _2597_ (net)
                  0.01    0.00    1.72 v _6337_/B1 (OAI21_X1)
     2    4.22    0.03    0.04    1.76 ^ _6337_/ZN (OAI21_X1)
                                         _2598_ (net)
                  0.03    0.00    1.76 ^ _6350_/B1 (AOI21_X1)
     1    1.46    0.01    0.02    1.78 v _6350_/ZN (AOI21_X1)
                                         _2609_ (net)
                  0.01    0.00    1.78 v _6352_/B1 (OAI21_X1)
     3    5.18    0.03    0.05    1.83 ^ _6352_/ZN (OAI21_X1)
                                         _2611_ (net)
                  0.03    0.00    1.83 ^ _6353_/B (XNOR2_X1)
     1    1.66    0.02    0.04    1.87 ^ _6353_/ZN (XNOR2_X1)
                                         _2612_ (net)
                  0.02    0.00    1.87 ^ _6354_/B1 (OAI21_X1)
     1    1.52    0.03    0.02    1.89 v _6354_/ZN (OAI21_X1)
                                         _2613_ (net)
                  0.03    0.00    1.89 v _6355_/A (OAI21_X1)
     1    1.70    0.05    0.03    1.92 ^ _6355_/ZN (OAI21_X1)
                                         _2614_ (net)
                  0.05    0.00    1.92 ^ _6356_/A (INV_X1)
     1    1.06    0.01    0.01    1.93 v _6356_/ZN (INV_X1)
                                         _0069_ (net)
                  0.01    0.00    1.93 v intermediateValue[27]$_DFFE_PP_/D (DFF_X1)
                                  1.93   data arrival time

                  0.00  100.00  100.00   clock clk0 (rise edge)
                          0.00  100.00   clock network delay (ideal)
                          0.00  100.00   clock reconvergence pessimism
                                100.00 ^ intermediateValue[27]$_DFFE_PP_/CK (DFF_X1)
                         -0.04   99.96   library setup time
                                 99.96   data required time
-----------------------------------------------------------------------------
                                 99.96   data required time
                                 -1.93   data arrival time
-----------------------------------------------------------------------------
                                 98.03   slack (MET)


Startpoint: step[4]$_SDFFE_PP0P_
            (rising edge-triggered flip-flop clocked by clk0)
Endpoint: intermediateValue[24]$_DFFE_PP_
          (rising edge-triggered flip-flop clocked by clk0)
Path Group: clk0
Path Type: max

Fanout     Cap    Slew   Delay    Time   Description
-----------------------------------------------------------------------------
                  0.00    0.00    0.00   clock clk0 (rise edge)
                          0.00    0.00   clock network delay (ideal)
                  0.00    0.00    0.00 ^ step[4]$_SDFFE_PP0P_/CK (DFF_X1)
    12   18.20    0.04    0.12    0.12 ^ step[4]$_SDFFE_PP0P_/Q (DFF_X1)
                                         step[4] (net)
                  0.04    0.00    0.12 ^ _3885_/A1 (NOR2_X1)
     3    4.56    0.01    0.02    0.14 v _3885_/ZN (NOR2_X1)
                                         _3242_ (net)
                  0.01    0.00    0.14 v _3886_/A2 (NAND2_X1)
    18   29.16    0.07    0.09    0.23 ^ _3886_/ZN (NAND2_X1)
                                         _3243_ (net)
                  0.07    0.00    0.23 ^ _3927_/B2 (OAI22_X1)
     1    0.90    0.02    0.03    0.26 v _3927_/ZN (OAI22_X1)
                                         _3284_ (net)
                  0.02    0.00    0.26 v _3928_/A3 (OR3_X1)
     2    3.13    0.01    0.09    0.35 v _3928_/ZN (OR3_X1)
                                         _3285_ (net)
                  0.01    0.00    0.35 v _3934_/A (AOI211_X1)
     2    3.21    0.05    0.08    0.43 ^ _3934_/ZN (AOI211_X1)
                                         _3291_ (net)
                  0.05    0.00    0.43 ^ _3939_/A2 (NAND3_X1)
     2    2.86    0.02    0.03    0.46 v _3939_/ZN (NAND3_X1)
                                         _3296_ (net)
                  0.02    0.00    0.46 v _3956_/A1 (NOR2_X1)
     1    1.60    0.02    0.03    0.49 ^ _3956_/ZN (NOR2_X1)
                                         _3313_ (net)
                  0.02    0.00    0.49 ^ _3967_/A2 (NAND4_X1)
     6    9.11    0.04    0.06    0.55 v _3967_/ZN (NAND4_X1)
                                         _3324_ (net)
                  0.04    0.00    0.55 v _3968_/A2 (NOR2_X1)
    13   18.15    0.09    0.12    0.67 ^ _3968_/ZN (NOR2_X1)
                                         _3325_ (net)
                  0.09    0.00    0.67 ^ _4051_/A1 (AND2_X1)
    36  114.09    0.26    0.32    0.99 ^ _4051_/ZN (AND2_X1)
                                         _3621_ (net)
                  0.26    0.00    0.99 ^ _7207_/CI (FA_X1)
     2    3.91    0.02    0.09    1.08 ^ _7207_/CO (FA_X1)
                                         _3622_ (net)
                  0.02    0.00    1.08 ^ _5700_/B2 (AOI21_X1)
     1    1.46    0.02    0.02    1.09 v _5700_/ZN (AOI21_X1)
                                         _1982_ (net)
                  0.02    0.00    1.09 v _5701_/B1 (OAI21_X1)
     2    4.22    0.03    0.04    1.14 ^ _5701_/ZN (OAI21_X1)
                                         _1983_ (net)
                  0.03    0.00    1.14 ^ _5779_/B1 (AOI21_X1)
     1    1.46    0.01    0.02    1.15 v _5779_/ZN (AOI21_X1)
                                         _2059_ (net)
                  0.01    0.00    1.15 v _5780_/B1 (OAI21_X1)
     2    3.55    0.03    0.04    1.19 ^ _5780_/ZN (OAI21_X1)
                                         _2060_ (net)
                  0.03    0.00    1.19 ^ _5892_/A2 (AND2_X1)
     1    1.57    0.01    0.04    1.23 ^ _5892_/ZN (AND2_X1)
                                         _2170_ (net)
                  0.01    0.00    1.23 ^ _5893_/B2 (OAI21_X1)
     2    2.90    0.02    0.02    1.25 v _5893_/ZN (OAI21_X1)
                                         _2171_ (net)
                  0.02    0.00    1.25 v _5896_/B2 (AOI21_X1)
     2    3.22    0.03    0.04    1.29 ^ _5896_/ZN (AOI21_X1)
                                         _2174_ (net)
                  0.03    0.00    1.29 ^ _5995_/B2 (OAI21_X1)
     2    2.29    0.01    0.02    1.31 v _5995_/ZN (OAI21_X1)
                                         _2271_ (net)
                  0.01    0.00    1.31 v _5997_/B2 (AOI21_X1)
     2    2.49    0.03    0.04    1.35 ^ _5997_/ZN (AOI21_X1)
                                         _2273_ (net)
                  0.03    0.00    1.35 ^ _6082_/B2 (OAI21_X1)
     2    2.29    0.01    0.02    1.37 v _6082_/ZN (OAI21_X1)
                                         _2356_ (net)
                  0.01    0.00    1.37 v _6083_/B2 (AOI21_X1)
     2    3.24    0.03    0.04    1.41 ^ _6083_/ZN (AOI21_X1)
                                         _2357_ (net)
                  0.03    0.00    1.41 ^ _6166_/B2 (OAI21_X1)
     2    2.29    0.01    0.02    1.43 v _6166_/ZN (OAI21_X1)
                                         _2438_ (net)
                  0.01    0.00    1.43 v _6168_/B2 (AOI21_X1)
     2    3.19    0.03    0.04    1.47 ^ _6168_/ZN (AOI21_X1)
                                         _2440_ (net)
                  0.03    0.00    1.47 ^ _6266_/B2 (OAI21_X1)
     2    2.29    0.01    0.02    1.50 v _6266_/ZN (OAI21_X1)
                                         _2536_ (net)
                  0.01    0.00    1.50 v _6267_/B2 (AOI21_X1)
     2    3.24    0.03    0.04    1.54 ^ _6267_/ZN (AOI21_X1)
                                         _2537_ (net)
                  0.03    0.00    1.54 ^ _6282_/B2 (OAI21_X1)
     2    2.29    0.01    0.02    1.56 v _6282_/ZN (OAI21_X1)
                                         _2550_ (net)
                  0.01    0.00    1.56 v _6283_/B2 (AOI21_X1)
     2    3.24    0.03    0.04    1.60 ^ _6283_/ZN (AOI21_X1)
                                         _2551_ (net)
                  0.03    0.00    1.60 ^ _6297_/B2 (OAI21_X1)
     2    2.29    0.01    0.02    1.63 v _6297_/ZN (OAI21_X1)
                                         _2563_ (net)
                  0.01    0.00    1.63 v _6298_/B2 (AOI21_X1)
     2    3.24    0.03    0.04    1.67 ^ _6298_/ZN (AOI21_X1)
                                         _2564_ (net)
                  0.03    0.00    1.67 ^ _6312_/B2 (OAI21_X1)
     2    2.90    0.02    0.02    1.69 v _6312_/ZN (OAI21_X1)
                                         _2576_ (net)
                  0.02    0.00    1.69 v _6313_/B2 (AOI21_X1)
     2    3.23    0.03    0.04    1.73 ^ _6313_/ZN (AOI21_X1)
                                         _2577_ (net)
                  0.03    0.00    1.73 ^ _6328_/B2 (OAI21_X1)
     2    2.90    0.02    0.02    1.76 v _6328_/ZN (OAI21_X1)
                                         _2590_ (net)
                  0.02    0.00    1.76 v _6330_/A3 (NAND3_X1)
     1    1.66    0.01    0.02    1.78 ^ _6330_/ZN (NAND3_X1)
                                         _2592_ (net)
                  0.01    0.00    1.78 ^ _6331_/A2 (NAND2_X1)
     1    1.56    0.01    0.01    1.79 v _6331_/ZN (NAND2_X1)
                                         _2593_ (net)
                  0.01    0.00    1.79 v _6332_/B2 (OAI21_X1)
     1    1.67    0.02    0.03    1.83 ^ _6332_/ZN (OAI21_X1)
                                         _2594_ (net)
                  0.02    0.00    1.83 ^ _6333_/A (OAI21_X1)
     1    1.55    0.05    0.02    1.85 v _6333_/ZN (OAI21_X1)
                                         _2595_ (net)
                  0.05    0.00    1.85 v _6334_/A (INV_X1)
     1    1.14    0.01    0.02    1.87 ^ _6334_/ZN (INV_X1)
                                         _0066_ (net)
                  0.01    0.00    1.87 ^ intermediateValue[24]$_DFFE_PP_/D (DFF_X1)
                                  1.87   data arrival time

                  0.00  100.00  100.00   clock clk0 (rise edge)
                          0.00  100.00   clock network delay (ideal)
                          0.00  100.00   clock reconvergence pessimism
                                100.00 ^ intermediateValue[24]$_DFFE_PP_/CK (DFF_X1)
                         -0.03   99.97   library setup time
                                 99.97   data required time
-----------------------------------------------------------------------------
                                 99.97   data required time
                                 -1.87   data arrival time
-----------------------------------------------------------------------------
                                 98.10   slack (MET)


Startpoint: step[4]$_SDFFE_PP0P_
            (rising edge-triggered flip-flop clocked by clk0)
Endpoint: intermediateValue[25]$_DFFE_PP_
          (rising edge-triggered flip-flop clocked by clk0)
Path Group: clk0
Path Type: max

Fanout     Cap    Slew   Delay    Time   Description
-----------------------------------------------------------------------------
                  0.00    0.00    0.00   clock clk0 (rise edge)
                          0.00    0.00   clock network delay (ideal)
                  0.00    0.00    0.00 ^ step[4]$_SDFFE_PP0P_/CK (DFF_X1)
    12   18.20    0.04    0.12    0.12 ^ step[4]$_SDFFE_PP0P_/Q (DFF_X1)
                                         step[4] (net)
                  0.04    0.00    0.12 ^ _3885_/A1 (NOR2_X1)
     3    4.56    0.01    0.02    0.14 v _3885_/ZN (NOR2_X1)
                                         _3242_ (net)
                  0.01    0.00    0.14 v _3886_/A2 (NAND2_X1)
    18   29.16    0.07    0.09    0.23 ^ _3886_/ZN (NAND2_X1)
                                         _3243_ (net)
                  0.07    0.00    0.23 ^ _3927_/B2 (OAI22_X1)
     1    0.90    0.02    0.03    0.26 v _3927_/ZN (OAI22_X1)
                                         _3284_ (net)
                  0.02    0.00    0.26 v _3928_/A3 (OR3_X1)
     2    3.13    0.01    0.09    0.35 v _3928_/ZN (OR3_X1)
                                         _3285_ (net)
                  0.01    0.00    0.35 v _3934_/A (AOI211_X1)
     2    3.21    0.05    0.08    0.43 ^ _3934_/ZN (AOI211_X1)
                                         _3291_ (net)
                  0.05    0.00    0.43 ^ _3939_/A2 (NAND3_X1)
     2    2.86    0.02    0.03    0.46 v _3939_/ZN (NAND3_X1)
                                         _3296_ (net)
                  0.02    0.00    0.46 v _3956_/A1 (NOR2_X1)
     1    1.60    0.02    0.03    0.49 ^ _3956_/ZN (NOR2_X1)
                                         _3313_ (net)
                  0.02    0.00    0.49 ^ _3967_/A2 (NAND4_X1)
     6    9.11    0.04    0.06    0.55 v _3967_/ZN (NAND4_X1)
                                         _3324_ (net)
                  0.04    0.00    0.55 v _3968_/A2 (NOR2_X1)
    13   18.15    0.09    0.12    0.67 ^ _3968_/ZN (NOR2_X1)
                                         _3325_ (net)
                  0.09    0.00    0.67 ^ _4051_/A1 (AND2_X1)
    36  114.09    0.26    0.32    0.99 ^ _4051_/ZN (AND2_X1)
                                         _3621_ (net)
                  0.26    0.00    0.99 ^ _7263_/B (HA_X1)
     3    5.71    0.05    0.08    1.07 ^ _7263_/S (HA_X1)
                                         _3781_ (net)
                  0.05    0.00    1.07 ^ _5638_/A (INV_X1)
     1    1.56    0.01    0.01    1.08 v _5638_/ZN (INV_X1)
                                         _1921_ (net)
                  0.01    0.00    1.08 v _5639_/B2 (OAI21_X1)
     2    4.22    0.03    0.05    1.12 ^ _5639_/ZN (OAI21_X1)
                                         _1922_ (net)
                  0.03    0.00    1.12 ^ _5737_/B1 (AOI21_X1)
     1    1.46    0.01    0.02    1.14 v _5737_/ZN (AOI21_X1)
                                         _2018_ (net)
                  0.01    0.00    1.14 v _5738_/B1 (OAI21_X1)
     2    4.22    0.03    0.04    1.18 ^ _5738_/ZN (OAI21_X1)
                                         _2019_ (net)
                  0.03    0.00    1.18 ^ _5827_/B1 (AOI21_X1)
     1    1.46    0.01    0.02    1.20 v _5827_/ZN (AOI21_X1)
                                         _2106_ (net)
                  0.01    0.00    1.20 v _5828_/B1 (OAI21_X1)
     2    4.01    0.03    0.04    1.24 ^ _5828_/ZN (OAI21_X1)
                                         _2107_ (net)
                  0.03    0.00    1.24 ^ _5961_/B1 (AOI21_X1)
     1    1.46    0.01    0.02    1.25 v _5961_/ZN (AOI21_X1)
                                         _2238_ (net)
                  0.01    0.00    1.25 v _5962_/B1 (OAI21_X1)
     2    4.22    0.03    0.04    1.30 ^ _5962_/ZN (OAI21_X1)
                                         _2239_ (net)
                  0.03    0.00    1.30 ^ _6061_/B1 (AOI21_X1)
     1    1.46    0.01    0.02    1.31 v _6061_/ZN (AOI21_X1)
                                         _2336_ (net)
                  0.01    0.00    1.31 v _6062_/B1 (OAI21_X1)
     2    4.22    0.03    0.04    1.35 ^ _6062_/ZN (OAI21_X1)
                                         _2337_ (net)
                  0.03    0.00    1.35 ^ _6155_/B1 (AOI21_X1)
     1    1.46    0.01    0.02    1.37 v _6155_/ZN (AOI21_X1)
                                         _2428_ (net)
                  0.01    0.00    1.37 v _6156_/B1 (OAI21_X1)
     2    4.01    0.03    0.04    1.41 ^ _6156_/ZN (OAI21_X1)
                                         _2429_ (net)
                  0.03    0.00    1.41 ^ _6257_/B1 (AOI21_X1)
     1    1.46    0.01    0.02    1.43 v _6257_/ZN (AOI21_X1)
                                         _2528_ (net)
                  0.01    0.00    1.43 v _6258_/B1 (OAI21_X1)
     2    4.22    0.03    0.04    1.47 ^ _6258_/ZN (OAI21_X1)
                                         _2529_ (net)
                  0.03    0.00    1.47 ^ _6274_/B1 (AOI21_X1)
     1    1.46    0.01    0.02    1.49 v _6274_/ZN (AOI21_X1)
                                         _2543_ (net)
                  0.01    0.00    1.49 v _6275_/B1 (OAI21_X1)
     2    4.22    0.03    0.04    1.53 ^ _6275_/ZN (OAI21_X1)
                                         _2544_ (net)
                  0.03    0.00    1.53 ^ _6289_/B1 (AOI21_X1)
     1    1.46    0.01    0.02    1.55 v _6289_/ZN (AOI21_X1)
                                         _2556_ (net)
                  0.01    0.00    1.55 v _6290_/B1 (OAI21_X1)
     2    4.22    0.03    0.04    1.59 ^ _6290_/ZN (OAI21_X1)
                                         _2557_ (net)
                  0.03    0.00    1.59 ^ _6304_/B1 (AOI21_X1)
     1    1.46    0.01    0.02    1.60 v _6304_/ZN (AOI21_X1)
                                         _2569_ (net)
                  0.01    0.00    1.60 v _6305_/B1 (OAI21_X1)
     2    4.22    0.03    0.04    1.65 ^ _6305_/ZN (OAI21_X1)
                                         _2570_ (net)
                  0.03    0.00    1.65 ^ _6320_/B1 (AOI21_X1)
     1    1.46    0.01    0.02    1.66 v _6320_/ZN (AOI21_X1)
                                         _2583_ (net)
                  0.01    0.00    1.66 v _6321_/B1 (OAI21_X1)
     2    4.22    0.03    0.04    1.70 ^ _6321_/ZN (OAI21_X1)
                                         _2584_ (net)
                  0.03    0.00    1.70 ^ _6336_/B1 (AOI21_X1)
     1    1.46    0.01    0.02    1.72 v _6336_/ZN (AOI21_X1)
                                         _2597_ (net)
                  0.01    0.00    1.72 v _6337_/B1 (OAI21_X1)
     2    4.22    0.03    0.04    1.76 ^ _6337_/ZN (OAI21_X1)
                                         _2598_ (net)
                  0.03    0.00    1.76 ^ _6338_/B (XNOR2_X1)
     1    1.66    0.02    0.04    1.81 ^ _6338_/ZN (XNOR2_X1)
                                         _2599_ (net)
                  0.02    0.00    1.81 ^ _6339_/B1 (OAI21_X1)
     1    1.52    0.03    0.02    1.82 v _6339_/ZN (OAI21_X1)
                                         _2600_ (net)
                  0.03    0.00    1.82 v _6340_/A (OAI21_X1)
     1    1.70    0.05    0.03    1.85 ^ _6340_/ZN (OAI21_X1)
                                         _2601_ (net)
                  0.05    0.00    1.85 ^ _6341_/A (INV_X1)
     1    1.06    0.01    0.01    1.86 v _6341_/ZN (INV_X1)
                                         _0067_ (net)
                  0.01    0.00    1.86 v intermediateValue[25]$_DFFE_PP_/D (DFF_X1)
                                  1.86   data arrival time

                  0.00  100.00  100.00   clock clk0 (rise edge)
                          0.00  100.00   clock network delay (ideal)
                          0.00  100.00   clock reconvergence pessimism
                                100.00 ^ intermediateValue[25]$_DFFE_PP_/CK (DFF_X1)
                         -0.04   99.96   library setup time
                                 99.96   data required time
-----------------------------------------------------------------------------
                                 99.96   data required time
                                 -1.86   data arrival time
-----------------------------------------------------------------------------
                                 98.10   slack (MET)


Startpoint: step[4]$_SDFFE_PP0P_
            (rising edge-triggered flip-flop clocked by clk0)
Endpoint: intermediateValue[13]$_DFFE_PP_
          (rising edge-triggered flip-flop clocked by clk0)
Path Group: clk0
Path Type: max

Fanout     Cap    Slew   Delay    Time   Description
-----------------------------------------------------------------------------
                  0.00    0.00    0.00   clock clk0 (rise edge)
                          0.00    0.00   clock network delay (ideal)
                  0.00    0.00    0.00 ^ step[4]$_SDFFE_PP0P_/CK (DFF_X1)
    12   18.20    0.04    0.12    0.12 ^ step[4]$_SDFFE_PP0P_/Q (DFF_X1)
                                         step[4] (net)
                  0.04    0.00    0.12 ^ _3885_/A1 (NOR2_X1)
     3    4.56    0.01    0.02    0.14 v _3885_/ZN (NOR2_X1)
                                         _3242_ (net)
                  0.01    0.00    0.14 v _3886_/A2 (NAND2_X1)
    18   29.16    0.07    0.09    0.23 ^ _3886_/ZN (NAND2_X1)
                                         _3243_ (net)
                  0.07    0.00    0.23 ^ _3927_/B2 (OAI22_X1)
     1    0.90    0.02    0.03    0.26 v _3927_/ZN (OAI22_X1)
                                         _3284_ (net)
                  0.02    0.00    0.26 v _3928_/A3 (OR3_X1)
     2    3.13    0.01    0.09    0.35 v _3928_/ZN (OR3_X1)
                                         _3285_ (net)
                  0.01    0.00    0.35 v _3934_/A (AOI211_X1)
     2    3.21    0.05    0.08    0.43 ^ _3934_/ZN (AOI211_X1)
                                         _3291_ (net)
                  0.05    0.00    0.43 ^ _3939_/A2 (NAND3_X1)
     2    2.86    0.02    0.03    0.46 v _3939_/ZN (NAND3_X1)
                                         _3296_ (net)
                  0.02    0.00    0.46 v _3956_/A1 (NOR2_X1)
     1    1.60    0.02    0.03    0.49 ^ _3956_/ZN (NOR2_X1)
                                         _3313_ (net)
                  0.02    0.00    0.49 ^ _3967_/A2 (NAND4_X1)
     6    9.11    0.04    0.06    0.55 v _3967_/ZN (NAND4_X1)
                                         _3324_ (net)
                  0.04    0.00    0.55 v _3968_/A2 (NOR2_X1)
    13   18.15    0.09    0.12    0.67 ^ _3968_/ZN (NOR2_X1)
                                         _3325_ (net)
                  0.09    0.00    0.67 ^ _4051_/A1 (AND2_X1)
    36  114.09    0.26    0.32    0.99 ^ _4051_/ZN (AND2_X1)
                                         _3621_ (net)
                  0.26    0.00    0.99 ^ _4633_/A1 (NOR2_X1)
     1    1.56    0.04   -0.01    0.98 v _4633_/ZN (NOR2_X1)
                                         _0919_ (net)
                  0.04    0.00    0.98 v _4638_/A1 (NAND3_X1)
     1    1.61    0.02    0.03    1.00 ^ _4638_/ZN (NAND3_X1)
                                         _0924_ (net)
                  0.02    0.00    1.00 ^ _4639_/A4 (NOR4_X1)
     1    1.41    0.01    0.01    1.02 v _4639_/ZN (NOR4_X1)
                                         _0925_ (net)
                  0.01    0.00    1.02 v _4640_/B2 (AOI21_X1)
    35   57.73    0.28    0.32    1.33 ^ _4640_/ZN (AOI21_X1)
                                         _0926_ (net)
                  0.28    0.00    1.33 ^ _5630_/A1 (NAND3_X1)
    15   22.74    0.11    0.16    1.50 v _5630_/ZN (NAND3_X1)
                                         _1913_ (net)
                  0.11    0.00    1.50 v _6041_/A (INV_X1)
    15   24.85    0.07    0.12    1.62 ^ _6041_/ZN (INV_X1)
                                         _2316_ (net)
                  0.07    0.00    1.62 ^ _6130_/A1 (NAND4_X1)
     1    1.56    0.03    0.04    1.65 v _6130_/ZN (NAND4_X1)
                                         _2403_ (net)
                  0.03    0.00    1.65 v _6142_/A (AOI211_X1)
     1    1.63    0.04    0.07    1.73 ^ _6142_/ZN (AOI211_X1)
                                         _2415_ (net)
                  0.04    0.00    1.73 ^ _6153_/A (OAI221_X1)
     1    1.47    0.02    0.04    1.77 v _6153_/ZN (OAI221_X1)
                                         _2426_ (net)
                  0.02    0.00    1.77 v _6158_/B (AOI211_X1)
     1    1.71    0.04    0.07    1.83 ^ _6158_/ZN (AOI211_X1)
                                         _2431_ (net)
                  0.04    0.00    1.83 ^ _6161_/A1 (NOR2_X1)
     1    1.06    0.01    0.01    1.84 v _6161_/ZN (NOR2_X1)
                                         _0055_ (net)
                  0.01    0.00    1.84 v intermediateValue[13]$_DFFE_PP_/D (DFF_X1)
                                  1.84   data arrival time

                  0.00  100.00  100.00   clock clk0 (rise edge)
                          0.00  100.00   clock network delay (ideal)
                          0.00  100.00   clock reconvergence pessimism
                                100.00 ^ intermediateValue[13]$_DFFE_PP_/CK (DFF_X1)
                         -0.04   99.96   library setup time
                                 99.96   data required time
-----------------------------------------------------------------------------
                                 99.96   data required time
                                 -1.84   data arrival time
-----------------------------------------------------------------------------
                                 98.12   slack (MET)


Startpoint: step[4]$_SDFFE_PP0P_
            (rising edge-triggered flip-flop clocked by clk0)
Endpoint: intermediateValue[23]$_DFFE_PP_
          (rising edge-triggered flip-flop clocked by clk0)
Path Group: clk0
Path Type: max

Fanout     Cap    Slew   Delay    Time   Description
-----------------------------------------------------------------------------
                  0.00    0.00    0.00   clock clk0 (rise edge)
                          0.00    0.00   clock network delay (ideal)
                  0.00    0.00    0.00 ^ step[4]$_SDFFE_PP0P_/CK (DFF_X1)
    12   18.20    0.04    0.12    0.12 ^ step[4]$_SDFFE_PP0P_/Q (DFF_X1)
                                         step[4] (net)
                  0.04    0.00    0.12 ^ _3885_/A1 (NOR2_X1)
     3    4.56    0.01    0.02    0.14 v _3885_/ZN (NOR2_X1)
                                         _3242_ (net)
                  0.01    0.00    0.14 v _3886_/A2 (NAND2_X1)
    18   29.16    0.07    0.09    0.23 ^ _3886_/ZN (NAND2_X1)
                                         _3243_ (net)
                  0.07    0.00    0.23 ^ _3927_/B2 (OAI22_X1)
     1    0.90    0.02    0.03    0.26 v _3927_/ZN (OAI22_X1)
                                         _3284_ (net)
                  0.02    0.00    0.26 v _3928_/A3 (OR3_X1)
     2    3.13    0.01    0.09    0.35 v _3928_/ZN (OR3_X1)
                                         _3285_ (net)
                  0.01    0.00    0.35 v _3934_/A (AOI211_X1)
     2    3.21    0.05    0.08    0.43 ^ _3934_/ZN (AOI211_X1)
                                         _3291_ (net)
                  0.05    0.00    0.43 ^ _3939_/A2 (NAND3_X1)
     2    2.86    0.02    0.03    0.46 v _3939_/ZN (NAND3_X1)
                                         _3296_ (net)
                  0.02    0.00    0.46 v _3956_/A1 (NOR2_X1)
     1    1.60    0.02    0.03    0.49 ^ _3956_/ZN (NOR2_X1)
                                         _3313_ (net)
                  0.02    0.00    0.49 ^ _3967_/A2 (NAND4_X1)
     6    9.11    0.04    0.06    0.55 v _3967_/ZN (NAND4_X1)
                                         _3324_ (net)
                  0.04    0.00    0.55 v _3968_/A2 (NOR2_X1)
    13   18.15    0.09    0.12    0.67 ^ _3968_/ZN (NOR2_X1)
                                         _3325_ (net)
                  0.09    0.00    0.67 ^ _4051_/A1 (AND2_X1)
    36  114.09    0.26    0.32    0.99 ^ _4051_/ZN (AND2_X1)
                                         _3621_ (net)
                  0.26    0.00    0.99 ^ _7263_/B (HA_X1)
     3    5.71    0.05    0.08    1.07 ^ _7263_/S (HA_X1)
                                         _3781_ (net)
                  0.05    0.00    1.07 ^ _5638_/A (INV_X1)
     1    1.56    0.01    0.01    1.08 v _5638_/ZN (INV_X1)
                                         _1921_ (net)
                  0.01    0.00    1.08 v _5639_/B2 (OAI21_X1)
     2    4.22    0.03    0.05    1.12 ^ _5639_/ZN (OAI21_X1)
                                         _1922_ (net)
                  0.03    0.00    1.12 ^ _5737_/B1 (AOI21_X1)
     1    1.46    0.01    0.02    1.14 v _5737_/ZN (AOI21_X1)
                                         _2018_ (net)
                  0.01    0.00    1.14 v _5738_/B1 (OAI21_X1)
     2    4.22    0.03    0.04    1.18 ^ _5738_/ZN (OAI21_X1)
                                         _2019_ (net)
                  0.03    0.00    1.18 ^ _5827_/B1 (AOI21_X1)
     1    1.46    0.01    0.02    1.20 v _5827_/ZN (AOI21_X1)
                                         _2106_ (net)
                  0.01    0.00    1.20 v _5828_/B1 (OAI21_X1)
     2    4.01    0.03    0.04    1.24 ^ _5828_/ZN (OAI21_X1)
                                         _2107_ (net)
                  0.03    0.00    1.24 ^ _5961_/B1 (AOI21_X1)
     1    1.46    0.01    0.02    1.25 v _5961_/ZN (AOI21_X1)
                                         _2238_ (net)
                  0.01    0.00    1.25 v _5962_/B1 (OAI21_X1)
     2    4.22    0.03    0.04    1.30 ^ _5962_/ZN (OAI21_X1)
                                         _2239_ (net)
                  0.03    0.00    1.30 ^ _6061_/B1 (AOI21_X1)
     1    1.46    0.01    0.02    1.31 v _6061_/ZN (AOI21_X1)
                                         _2336_ (net)
                  0.01    0.00    1.31 v _6062_/B1 (OAI21_X1)
     2    4.22    0.03    0.04    1.35 ^ _6062_/ZN (OAI21_X1)
                                         _2337_ (net)
                  0.03    0.00    1.35 ^ _6155_/B1 (AOI21_X1)
     1    1.46    0.01    0.02    1.37 v _6155_/ZN (AOI21_X1)
                                         _2428_ (net)
                  0.01    0.00    1.37 v _6156_/B1 (OAI21_X1)
     2    4.01    0.03    0.04    1.41 ^ _6156_/ZN (OAI21_X1)
                                         _2429_ (net)
                  0.03    0.00    1.41 ^ _6257_/B1 (AOI21_X1)
     1    1.46    0.01    0.02    1.43 v _6257_/ZN (AOI21_X1)
                                         _2528_ (net)
                  0.01    0.00    1.43 v _6258_/B1 (OAI21_X1)
     2    4.22    0.03    0.04    1.47 ^ _6258_/ZN (OAI21_X1)
                                         _2529_ (net)
                  0.03    0.00    1.47 ^ _6274_/B1 (AOI21_X1)
     1    1.46    0.01    0.02    1.49 v _6274_/ZN (AOI21_X1)
                                         _2543_ (net)
                  0.01    0.00    1.49 v _6275_/B1 (OAI21_X1)
     2    4.22    0.03    0.04    1.53 ^ _6275_/ZN (OAI21_X1)
                                         _2544_ (net)
                  0.03    0.00    1.53 ^ _6289_/B1 (AOI21_X1)
     1    1.46    0.01    0.02    1.55 v _6289_/ZN (AOI21_X1)
                                         _2556_ (net)
                  0.01    0.00    1.55 v _6290_/B1 (OAI21_X1)
     2    4.22    0.03    0.04    1.59 ^ _6290_/ZN (OAI21_X1)
                                         _2557_ (net)
                  0.03    0.00    1.59 ^ _6304_/B1 (AOI21_X1)
     1    1.46    0.01    0.02    1.60 v _6304_/ZN (AOI21_X1)
                                         _2569_ (net)
                  0.01    0.00    1.60 v _6305_/B1 (OAI21_X1)
     2    4.22    0.03    0.04    1.65 ^ _6305_/ZN (OAI21_X1)
                                         _2570_ (net)
                  0.03    0.00    1.65 ^ _6320_/B1 (AOI21_X1)
     1    1.46    0.01    0.02    1.66 v _6320_/ZN (AOI21_X1)
                                         _2583_ (net)
                  0.01    0.00    1.66 v _6321_/B1 (OAI21_X1)
     2    4.22    0.03    0.04    1.70 ^ _6321_/ZN (OAI21_X1)
                                         _2584_ (net)
                  0.03    0.00    1.70 ^ _6322_/B (XNOR2_X1)
     1    1.66    0.02    0.04    1.75 ^ _6322_/ZN (XNOR2_X1)
                                         _2585_ (net)
                  0.02    0.00    1.75 ^ _6323_/B1 (OAI21_X1)
     1    1.52    0.03    0.02    1.76 v _6323_/ZN (OAI21_X1)
                                         _2586_ (net)
                  0.03    0.00    1.76 v _6324_/A (OAI21_X1)
     1    1.70    0.05    0.03    1.80 ^ _6324_/ZN (OAI21_X1)
                                         _2587_ (net)
                  0.05    0.00    1.80 ^ _6325_/A (INV_X1)
     1    1.06    0.01    0.01    1.80 v _6325_/ZN (INV_X1)
                                         _0065_ (net)
                  0.01    0.00    1.80 v intermediateValue[23]$_DFFE_PP_/D (DFF_X1)
                                  1.80   data arrival time

                  0.00  100.00  100.00   clock clk0 (rise edge)
                          0.00  100.00   clock network delay (ideal)
                          0.00  100.00   clock reconvergence pessimism
                                100.00 ^ intermediateValue[23]$_DFFE_PP_/CK (DFF_X1)
                         -0.04   99.96   library setup time
                                 99.96   data required time
-----------------------------------------------------------------------------
                                 99.96   data required time
                                 -1.80   data arrival time
-----------------------------------------------------------------------------
                                 98.16   slack (MET)


