Startpoint: step[4]$_SDFFE_PP0P_
            (rising edge-triggered flip-flop clocked by clk0)
Endpoint: intermediateValue[28]$_DFFE_PP_
          (rising edge-triggered flip-flop clocked by clk0)
Path Group: clk0
Path Type: max

Fanout     Cap    Slew   Delay    Time   Description
-----------------------------------------------------------------------------
                  0.00    0.00    0.00   clock clk0 (rise edge)
                          0.00    0.00   clock network delay (ideal)
                  0.00    0.00    0.00 ^ step[4]$_SDFFE_PP0P_/CK (DFF_X1)
    12   18.20    0.04    0.12    0.12 ^ step[4]$_SDFFE_PP0P_/Q (DFF_X1)
                                         step[4] (net)
                  0.04    0.00    0.12 ^ _3885_/A1 (NOR2_X1)
     3    4.56    0.01    0.02    0.14 v _3885_/ZN (NOR2_X1)
                                         _3242_ (net)
                  0.01    0.00    0.14 v _3886_/A2 (NAND2_X1)
    18   29.16    0.07    0.09    0.23 ^ _3886_/ZN (NAND2_X1)
                                         _3243_ (net)
                  0.07    0.00    0.23 ^ _3927_/B2 (OAI22_X1)
     1    0.90    0.02    0.03    0.26 v _3927_/ZN (OAI22_X1)
                                         _3284_ (net)
                  0.02    0.00    0.26 v _3928_/A3 (OR3_X1)
     2    3.13    0.01    0.09    0.35 v _3928_/ZN (OR3_X1)
                                         _3285_ (net)
                  0.01    0.00    0.35 v _3934_/A (AOI211_X1)
     2    3.21    0.05    0.08    0.43 ^ _3934_/ZN (AOI211_X1)
                                         _3291_ (net)
                  0.05    0.00    0.43 ^ _3939_/A2 (NAND3_X1)
     2    2.86    0.02    0.03    0.46 v _3939_/ZN (NAND3_X1)
                                         _3296_ (net)
                  0.02    0.00    0.46 v _3956_/A1 (NOR2_X1)
     1    1.60    0.02    0.03    0.49 ^ _3956_/ZN (NOR2_X1)
                                         _3313_ (net)
                  0.02    0.00    0.49 ^ _3967_/A2 (NAND4_X1)
     6    9.11    0.04    0.06    0.55 v _3967_/ZN (NAND4_X1)
                                         _3324_ (net)
                  0.04    0.00    0.55 v _3968_/A2 (NOR2_X1)
    13   18.15    0.09    0.12    0.67 ^ _3968_/ZN (NOR2_X1)
                                         _3325_ (net)
                  0.09    0.00    0.67 ^ _4051_/A1 (AND2_X1)
    36  114.09    0.26    0.32    0.99 ^ _4051_/ZN (AND2_X1)
                                         _3621_ (net)
                  0.26    0.00    0.99 ^ _7207_/CI (FA_X1)
     2    3.91    0.02    0.09    1.08 ^ _7207_/CO (FA_X1)
                                         _3622_ (net)
                  0.02    0.00    1.08 ^ _5700_/B2 (AOI21_X1)
     1    1.46    0.02    0.02    1.09 v _5700_/ZN (AOI21_X1)
                                         _1982_ (net)
                  0.02    0.00    1.09 v _5701_/B1 (OAI21_X1)
     2    4.22    0.03    0.04    1.14 ^ _5701_/ZN (OAI21_X1)
                                         _1983_ (net)
                  0.03    0.00    1.14 ^ _5779_/B1 (AOI21_X1)
     1    1.46    0.01    0.02    1.15 v _5779_/ZN (AOI21_X1)
                                         _2059_ (net)
                  0.01    0.00    1.15 v _5780_/B1 (OAI21_X1)
     2    3.55    0.03    0.04    1.19 ^ _5780_/ZN (OAI21_X1)
                                         _2060_ (net)
                  0.03    0.00    1.19 ^ _5892_/A2 (AND2_X1)
     1    1.57    0.01    0.04    1.23 ^ _5892_/ZN (AND2_X1)
                                         _2170_ (net)
                  0.01    0.00    1.23 ^ _5893_/B2 (OAI21_X1)
     2    2.90    0.02    0.02    1.25 v _5893_/ZN (OAI21_X1)
                                         _2171_ (net)
                  0.02    0.00    1.25 v _5896_/B2 (AOI21_X1)
     2    3.22    0.03    0.04    1.29 ^ _5896_/ZN (AOI21_X1)
                                         _2174_ (net)
                  0.03    0.00    1.29 ^ _5995_/B2 (OAI21_X1)
     2    2.29    0.01    0.02    1.31 v _5995_/ZN (OAI21_X1)
                                         _2271_ (net)
                  0.01    0.00    1.31 v _5997_/B2 (AOI21_X1)
     2    2.49    0.03    0.04    1.35 ^ _5997_/ZN (AOI21_X1)
                                         _2273_ (net)
                  0.03    0.00    1.35 ^ _6082_/B2 (OAI21_X1)
     2    2.29    0.01    0.02    1.37 v _6082_/ZN (OAI21_X1)
                                         _2356_ (net)
                  0.01    0.00    1.37 v _6083_/B2 (AOI21_X1)
     2    3.24    0.03    0.04    1.41 ^ _6083_/ZN (AOI21_X1)
                                         _2357_ (net)
                  0.03    0.00    1.41 ^ _6166_/B2 (OAI21_X1)
     2    2.29    0.01    0.02    1.43 v _6166_/ZN (OAI21_X1)
                                         _2438_ (net)
                  0.01    0.00    1.43 v _6168_/B2 (AOI21_X1)
     2    3.19    0.03    0.04    1.47 ^ _6168_/ZN (AOI21_X1)
                                         _2440_ (net)
                  0.03    0.00    1.47 ^ _6266_/B2 (OAI21_X1)
     2    2.29    0.01    0.02    1.50 v _6266_/ZN (OAI21_X1)
                                         _2536_ (net)
                  0.01    0.00    1.50 v _6267_/B2 (AOI21_X1)
     2    3.24    0.03    0.04    1.54 ^ _6267_/ZN (AOI21_X1)
                                         _2537_ (net)
                  0.03    0.00    1.54 ^ _6282_/B2 (OAI21_X1)
     2    2.29    0.01    0.02    1.56 v _6282_/ZN (OAI21_X1)
                                         _2550_ (net)
                  0.01    0.00    1.56 v _6283_/B2 (AOI21_X1)
     2    3.24    0.03    0.04    1.60 ^ _6283_/ZN (AOI21_X1)
                                         _2551_ (net)
                  0.03    0.00    1.60 ^ _6297_/B2 (OAI21_X1)
     2    2.29    0.01    0.02    1.63 v _6297_/ZN (OAI21_X1)
                                         _2563_ (net)
                  0.01    0.00    1.63 v _6298_/B2 (AOI21_X1)
     2    3.24    0.03    0.04    1.67 ^ _6298_/ZN (AOI21_X1)
                                         _2564_ (net)
                  0.03    0.00    1.67 ^ _6312_/B2 (OAI21_X1)
     2    2.90    0.02    0.02    1.69 v _6312_/ZN (OAI21_X1)
                                         _2576_ (net)
                  0.02    0.00    1.69 v _6313_/B2 (AOI21_X1)
     2    3.23    0.03    0.04    1.73 ^ _6313_/ZN (AOI21_X1)
                                         _2577_ (net)
                  0.03    0.00    1.73 ^ _6328_/B2 (OAI21_X1)
     2    2.90    0.02    0.02    1.76 v _6328_/ZN (OAI21_X1)
                                         _2590_ (net)
                  0.02    0.00    1.76 v _6329_/B2 (AOI21_X1)
     2    3.23    0.03    0.04    1.80 ^ _6329_/ZN (AOI21_X1)
                                         _2591_ (net)
                  0.03    0.00    1.80 ^ _6343_/B2 (OAI21_X1)
     2    2.87    0.02    0.02    1.82 v _6343_/ZN (OAI21_X1)
                                         _2603_ (net)
                  0.02    0.00    1.82 v _6358_/C2 (AOI211_X1)
     1    1.66    0.04    0.05    1.87 ^ _6358_/ZN (AOI211_X1)
                                         _2616_ (net)
                  0.04    0.00    1.87 ^ _6359_/B (AOI211_X1)
     2    3.97    0.02    0.02    1.89 v _6359_/ZN (AOI211_X1)
                                         _2617_ (net)
                  0.02    0.00    1.89 v _6360_/B (XOR2_X1)
     1    1.46    0.02    0.06    1.95 v _6360_/Z (XOR2_X1)
                                         _2618_ (net)
                  0.02    0.00    1.95 v _6361_/B1 (OAI21_X1)
     1    1.67    0.03    0.03    1.98 ^ _6361_/ZN (OAI21_X1)
                                         _2619_ (net)
                  0.03    0.00    1.98 ^ _6362_/A (OAI21_X1)
     1    1.55    0.05    0.02    2.01 v _6362_/ZN (OAI21_X1)
                                         _2620_ (net)
                  0.05    0.00    2.01 v _6363_/A (INV_X1)
     1    1.14    0.01    0.02    2.03 ^ _6363_/ZN (INV_X1)
                                         _0070_ (net)
                  0.01    0.00    2.03 ^ intermediateValue[28]$_DFFE_PP_/D (DFF_X1)
                                  2.03   data arrival time

                  0.00  100.00  100.00   clock clk0 (rise edge)
                          0.00  100.00   clock network delay (ideal)
                          0.00  100.00   clock reconvergence pessimism
                                100.00 ^ intermediateValue[28]$_DFFE_PP_/CK (DFF_X1)
                         -0.03   99.97   library setup time
                                 99.97   data required time
-----------------------------------------------------------------------------
                                 99.97   data required time
                                 -2.03   data arrival time
-----------------------------------------------------------------------------
                                 97.94   slack (MET)


