Copyright 1986-2022 Xilinx, Inc. All Rights Reserved. Copyright 2022-2024 Advanced Micro Devices, Inc. All Rights Reserved.
---------------------------------------------------------------------------------------------------------------------------------------------
| Tool Version : Vivado v.2024.2 (lin64) Build 5239630 Fri Nov 08 22:34:34 MST 2024
| Date         : Thu Feb 20 18:32:24 2025
| Host         : vivado running 64-bit Ubuntu 24.04.1 LTS
| Command      : report_high_fanout_nets -file /home/azureuser/btreeBlock/verilog/find/vivado/reports//fanout.rpt
| Design       : find
| Device       : xc7a200t
---------------------------------------------------------------------------------------------------------------------------------------------

High Fan-out Nets Information

1. Summary
----------

+-------------------------------------------------------------+--------+-------------+
| Net Name                                                    | Fanout | Driver Type |
+-------------------------------------------------------------+--------+-------------+
| branch_0_StuckSA_Memory_Based_45_base_offset_reg_n_0_[3]    |    202 | FDRE        |
| branch_0_StuckSA_Memory_Based_45_base_offset_reg_n_0_[5]    |    190 | FDRE        |
| branch_0_StuckSA_Memory_Based_45_base_offset_reg_n_0_[4]    |    190 | FDRE        |
| branch_0_StuckSA_Memory_Based_45_base_offset_reg_n_0_[6]    |    175 | FDRE        |
| branch_0_StuckSA_Memory_Based_45_base_offset_reg_n_0_[7]    |    167 | FDRE        |
| branch_0_StuckSA_Memory_Based_45_base_offset_reg_n_0_[2]    |    158 | FDRE        |
| branch_0_StuckSA_Memory_Based_45_base_offset_reg[0]_rep_n_0 |    114 | FDRE        |
| leaf_0_StuckSA_Memory_Based_57_base_offset[3]               |    112 | FDRE        |
| leaf_0_StuckSA_Memory_Based_57_base_offset[6]               |    110 | FDRE        |
| leaf_0_StuckSA_Memory_Based_57_base_offset[7]               |    107 | FDRE        |
+-------------------------------------------------------------+--------+-------------+


