Copyright 1986-2022 Xilinx, Inc. All Rights Reserved. Copyright 2022-2024 Advanced Micro Devices, Inc. All Rights Reserved.
---------------------------------------------------------------------------------------------------------------------------------------------
| Tool Version : Vivado v.2024.2 (lin64) Build 5239630 Fri Nov 08 22:34:34 MST 2024
| Date         : Sat Mar 15 16:12:23 2025
| Host         : vivado running 64-bit Ubuntu 24.04.1 LTS
| Command      : report_high_fanout_nets -file /home/azureuser/btreeBlock/verilog/find/vivado/reports/high_fanout_nets.rpt
| Design       : find
| Device       : xc7v2000t
---------------------------------------------------------------------------------------------------------------------------------------------

High Fan-out Nets Information

1. Summary
----------

+------------------------------------+--------+-------------+
| Net Name                           | Fanout | Driver Type |
+------------------------------------+--------+-------------+
| reset__0                           |  10235 | IBUF        |
| T[137]_i_1_n_0                     |   2730 | LUT5        |
| bT_StuckSA_Memory[38]_i_2_n_0      |   2300 | LUT6        |
| bT_StuckSA_Transaction[73]_i_1_n_0 |   1240 | LUT4        |
| nT[43]_i_1_n_0                     |   1156 | LUT4        |
| bT_StuckSA_Memory[38]_i_3_n_0      |   1142 | LUT6        |
| bT_StuckSA_Memory[38]_i_4_n_0      |   1142 | LUT6        |
| bT_StuckSA_Memory[38]_i_5_n_0      |   1142 | LUT6        |
| nT[43]_i_21_n_0                    |    518 | LUT6        |
| T1_out[3]__0                       |    389 | IBUF        |
+------------------------------------+--------+-------------+


