Copyright 1986-2022 Xilinx, Inc. All Rights Reserved. Copyright 2022-2024 Advanced Micro Devices, Inc. All Rights Reserved.
---------------------------------------------------------------------------------------------------------------------------------------------
| Tool Version : Vivado v.2024.2 (lin64) Build 5239630 Fri Nov 08 22:34:34 MST 2024
| Date         : Sun Mar 16 21:35:28 2025
| Host         : vivado running 64-bit Ubuntu 24.04.1 LTS
| Command      : report_timing_summary -file /home/azureuser/btreeBlock/verilog/find/vivado/reports/timing_summary.rpt
| Design       : find
| Device       : 7a50t-cpg236
| Speed File   : -3  PRODUCTION 1.23 2018-06-13
| Design State : Optimized
---------------------------------------------------------------------------------------------------------------------------------------------

Timing Summary Report

------------------------------------------------------------------------------------------------
| Timer Settings
| --------------
------------------------------------------------------------------------------------------------

  Enable Multi Corner Analysis               :  Yes
  Enable Pessimism Removal                   :  Yes
  Pessimism Removal Resolution               :  Nearest Common Node
  Enable Input Delay Default Clock           :  No
  Enable Preset / Clear Arcs                 :  No
  Disable Flight Delays                      :  No
  Ignore I/O Paths                           :  No
  Timing Early Launch at Borrowing Latches   :  No
  Borrow Time for Max Delay Exceptions       :  Yes
  Merge Timing Exceptions                    :  Yes
  Inter-SLR Compensation                     :  Conservative

  Corner  Analyze    Analyze    
  Name    Max Paths  Min Paths  
  ------  ---------  ---------  
  Slow    Yes        Yes        
  Fast    Yes        Yes        


------------------------------------------------------------------------------------------------
| Report Methodology
| ------------------
------------------------------------------------------------------------------------------------

Rule       Severity  Description                    Violations  
---------  --------  -----------------------------  ----------  
TIMING-18  Warning   Missing input or output delay  11          

Note: This report is based on the most recent report_methodology run and may not be up-to-date. Run report_methodology on the current design for the latest report.



check_timing report

Table of Contents
-----------------
1. checking no_clock (0)
2. checking constant_clock (0)
3. checking pulse_width_clock (0)
4. checking unconstrained_internal_endpoints (0)
5. checking no_input_delay (6)
6. checking no_output_delay (5)
7. checking multiple_clock (0)
8. checking generated_clocks (0)
9. checking loops (0)
10. checking partial_input_delay (0)
11. checking partial_output_delay (0)
12. checking latch_loops (0)

1. checking no_clock (0)
------------------------
 There are 0 register/latch pins with no clock.


2. checking constant_clock (0)
------------------------------
 There are 0 register/latch pins with constant_clock.


3. checking pulse_width_clock (0)
---------------------------------
 There are 0 register/latch pins which need pulse_width check


4. checking unconstrained_internal_endpoints (0)
------------------------------------------------
 There are 0 pins that are not constrained for maximum delay.

 There are 0 pins that are not constrained for maximum delay due to constant clock.


5. checking no_input_delay (6)
------------------------------
 There are 6 input ports with no input delay specified. (HIGH)

 There are 0 input ports with no input delay but user has a false path constraint.


6. checking no_output_delay (5)
-------------------------------
 There are 5 ports with no output delay specified. (HIGH)

 There are 0 ports with no output delay but user has a false path constraint

 There are 0 ports with no output delay but with a timing clock defined on it or propagating through it


7. checking multiple_clock (0)
------------------------------
 There are 0 register/latch pins with multiple clocks.


8. checking generated_clocks (0)
--------------------------------
 There are 0 generated clocks that are not connected to a clock source.


9. checking loops (0)
---------------------
 There are 0 combinational loops in the design.


10. checking partial_input_delay (0)
------------------------------------
 There are 0 input ports with partial input delay specified.


11. checking partial_output_delay (0)
-------------------------------------
 There are 0 ports with partial output delay specified.


12. checking latch_loops (0)
----------------------------
 There are 0 combinational latch loops in the design through latch input



------------------------------------------------------------------------------------------------
| Design Timing Summary
| ---------------------
------------------------------------------------------------------------------------------------

    WNS(ns)      TNS(ns)  TNS Failing Endpoints  TNS Total Endpoints      WHS(ns)      THS(ns)  THS Failing Endpoints  THS Total Endpoints     WPWS(ns)     TPWS(ns)  TPWS Failing Endpoints  TPWS Total Endpoints  
    -------      -------  ---------------------  -------------------      -------      -------  ---------------------  -------------------     --------     --------  ----------------------  --------------------  
     97.596        0.000                      0                  155        0.124        0.000                      0                  155       49.500        0.000                       0                    88  


All user specified timing constraints are met.


------------------------------------------------------------------------------------------------
| Clock Summary
| -------------
------------------------------------------------------------------------------------------------

Clock  Waveform(ns)         Period(ns)      Frequency(MHz)
-----  ------------         ----------      --------------
clock  {0.000 50.000}       100.000         10.000          


------------------------------------------------------------------------------------------------
| Intra Clock Table
| -----------------
------------------------------------------------------------------------------------------------

Clock             WNS(ns)      TNS(ns)  TNS Failing Endpoints  TNS Total Endpoints      WHS(ns)      THS(ns)  THS Failing Endpoints  THS Total Endpoints     WPWS(ns)     TPWS(ns)  TPWS Failing Endpoints  TPWS Total Endpoints  
-----             -------      -------  ---------------------  -------------------      -------      -------  ---------------------  -------------------     --------     --------  ----------------------  --------------------  
clock              97.596        0.000                      0                  155        0.124        0.000                      0                  155       49.500        0.000                       0                    88  


------------------------------------------------------------------------------------------------
| Inter Clock Table
| -----------------
------------------------------------------------------------------------------------------------

From Clock    To Clock          WNS(ns)      TNS(ns)  TNS Failing Endpoints  TNS Total Endpoints      WHS(ns)      THS(ns)  THS Failing Endpoints  THS Total Endpoints  
----------    --------          -------      -------  ---------------------  -------------------      -------      -------  ---------------------  -------------------  


------------------------------------------------------------------------------------------------
| Other Path Groups Table
| -----------------------
------------------------------------------------------------------------------------------------

Path Group    From Clock    To Clock          WNS(ns)      TNS(ns)  TNS Failing Endpoints  TNS Total Endpoints      WHS(ns)      THS(ns)  THS Failing Endpoints  THS Total Endpoints  
----------    ----------    --------          -------      -------  ---------------------  -------------------      -------      -------  ---------------------  -------------------  


------------------------------------------------------------------------------------------------
| Timing Details
| --------------
------------------------------------------------------------------------------------------------


---------------------------------------------------------------------------------------------------
From Clock:  clock
  To Clock:  clock

Setup :            0  Failing Endpoints,  Worst Slack       97.596ns,  Total Violation        0.000ns
Hold  :            0  Failing Endpoints,  Worst Slack        0.124ns,  Total Violation        0.000ns
PW    :            0  Failing Endpoints,  Worst Slack       49.500ns,  Total Violation        0.000ns
---------------------------------------------------------------------------------------------------


Max Delay Paths
--------------------------------------------------------------------------------------
Slack (MET) :             97.596ns  (required time - arrival time)
  Source:                 step_reg[3]/C
                            (rising edge-triggered cell FDRE clocked by clock  {rise@0.000ns fall@50.000ns period=100.000ns})
  Destination:            step_reg[4]/D
                            (rising edge-triggered cell FDRE clocked by clock  {rise@0.000ns fall@50.000ns period=100.000ns})
  Path Group:             clock
  Path Type:              Setup (Max at Slow Process Corner)
  Requirement:            100.000ns  (clock rise@100.000ns - clock rise@0.000ns)
  Data Path Delay:        2.254ns  (logic 1.028ns (45.608%)  route 1.226ns (54.392%))
  Logic Levels:           2  (CARRY4=1 LUT6=1)
  Clock Path Skew:        -0.145ns (DCD - SCD + CPR)
    Destination Clock Delay (DCD):    1.707ns = ( 101.707 - 100.000 ) 
    Source Clock Delay      (SCD):    2.015ns
    Clock Pessimism Removal (CPR):    0.163ns
  Clock Uncertainty:      0.035ns  ((TSJ^2 + TIJ^2)^1/2 + DJ) / 2 + PE
    Total System Jitter     (TSJ):    0.071ns
    Total Input Jitter      (TIJ):    0.000ns
    Discrete Jitter          (DJ):    0.000ns
    Phase Error              (PE):    0.000ns

    Location             Delay type                Incr(ns)  Path(ns)    Netlist Resource(s)
  -------------------------------------------------------------------    -------------------
                         (clock clock rise edge)      0.000     0.000 r  
    C15                                               0.000     0.000 r  clock (IN)
                         net (fo=0)                   0.000     0.000    clock
    C15                  IBUF (Prop_ibuf_I_O)         0.784     0.784 r  clock_IBUF_inst/O
                         net (fo=1, unplaced)         0.571     1.355    clock_IBUF
                         BUFG (Prop_bufg_I_O)         0.076     1.431 r  clock_IBUF_BUFG_inst/O
                         net (fo=87, unplaced)        0.584     2.015    clock_IBUF_BUFG
                         FDRE                                         r  step_reg[3]/C
  -------------------------------------------------------------------    -------------------
                         FDRE (Prop_fdre_C_Q)         0.341     2.356 r  step_reg[3]/Q
                         net (fo=15, unplaced)        0.769     3.125    step_reg_n_0_[3]
                         CARRY4 (Prop_carry4_S[2]_O[3])
                                                      0.465     3.590 r  step_reg[4]_i_4/O[3]
                         net (fo=1, unplaced)         0.457     4.047    step_reg[4]_i_4_n_4
                         LUT6 (Prop_lut6_I5_O)        0.222     4.269 r  step[4]_i_1/O
                         net (fo=1, unplaced)         0.000     4.269    step[4]
                         FDRE                                         r  step_reg[4]/D
  -------------------------------------------------------------------    -------------------

                         (clock clock rise edge)    100.000   100.000 r  
    C15                                               0.000   100.000 r  clock (IN)
                         net (fo=0)                   0.000   100.000    clock
    C15                  IBUF (Prop_ibuf_I_O)         0.653   100.653 r  clock_IBUF_inst/O
                         net (fo=1, unplaced)         0.543   101.196    clock_IBUF
                         BUFG (Prop_bufg_I_O)         0.072   101.268 r  clock_IBUF_BUFG_inst/O
                         net (fo=87, unplaced)        0.439   101.707    clock_IBUF_BUFG
                         FDRE                                         r  step_reg[4]/C
                         clock pessimism              0.163   101.870    
                         clock uncertainty           -0.035   101.835    
                         FDRE (Setup_fdre_C_D)        0.030   101.865    step_reg[4]
  -------------------------------------------------------------------
                         required time                        101.865    
                         arrival time                          -4.269    
  -------------------------------------------------------------------
                         slack                                 97.596    





Min Delay Paths
--------------------------------------------------------------------------------------
Slack (MET) :             0.124ns  (arrival time - required time)
  Source:                 lT_StuckSA_Memory_reg[18]/C
                            (rising edge-triggered cell FDRE clocked by clock  {rise@0.000ns fall@50.000ns period=100.000ns})
  Destination:            T_reg[29]/D
                            (rising edge-triggered cell FDRE clocked by clock  {rise@0.000ns fall@50.000ns period=100.000ns})
  Path Group:             clock
  Path Type:              Hold (Min at Fast Process Corner)
  Requirement:            0.000ns  (clock rise@0.000ns - clock rise@0.000ns)
  Data Path Delay:        0.360ns  (logic 0.239ns (66.324%)  route 0.121ns (33.676%))
  Logic Levels:           1  (LUT4=1)
  Clock Path Skew:        0.145ns (DCD - SCD - CPR)
    Destination Clock Delay (DCD):    0.992ns
    Source Clock Delay      (SCD):    0.637ns
    Clock Pessimism Removal (CPR):    0.209ns

    Location             Delay type                Incr(ns)  Path(ns)    Netlist Resource(s)
  -------------------------------------------------------------------    -------------------
                         (clock clock rise edge)      0.000     0.000 r  
    C15                                               0.000     0.000 r  clock (IN)
                         net (fo=0)                   0.000     0.000    clock
    C15                  IBUF (Prop_ibuf_I_O)         0.164     0.164 r  clock_IBUF_inst/O
                         net (fo=1, unplaced)         0.333     0.497    clock_IBUF
                         BUFG (Prop_bufg_I_O)         0.026     0.523 r  clock_IBUF_BUFG_inst/O
                         net (fo=87, unplaced)        0.114     0.637    clock_IBUF_BUFG
                         FDRE                                         r  lT_StuckSA_Memory_reg[18]/C
  -------------------------------------------------------------------    -------------------
                         FDRE (Prop_fdre_C_Q)         0.141     0.778 r  lT_StuckSA_Memory_reg[18]/Q
                         net (fo=1, unplaced)         0.121     0.900    lT_StuckSA_Memory_reg_n_0_[18]
                         LUT4 (Prop_lut4_I3_O)        0.098     0.998 r  T[29]_i_1/O
                         net (fo=1, unplaced)         0.000     0.998    p_2_out[29]
                         FDRE                                         r  T_reg[29]/D
  -------------------------------------------------------------------    -------------------

                         (clock clock rise edge)      0.000     0.000 r  
    C15                                               0.000     0.000 r  clock (IN)
                         net (fo=0)                   0.000     0.000    clock
    C15                  IBUF (Prop_ibuf_I_O)         0.353     0.353 r  clock_IBUF_inst/O
                         net (fo=1, unplaced)         0.351     0.704    clock_IBUF
                         BUFG (Prop_bufg_I_O)         0.029     0.733 r  clock_IBUF_BUFG_inst/O
                         net (fo=87, unplaced)        0.259     0.992    clock_IBUF_BUFG
                         FDRE                                         r  T_reg[29]/C
                         clock pessimism             -0.209     0.782    
                         FDRE (Hold_fdre_C_D)         0.091     0.873    T_reg[29]
  -------------------------------------------------------------------
                         required time                         -0.873    
                         arrival time                           0.998    
  -------------------------------------------------------------------
                         slack                                  0.124    





Pulse Width Checks
--------------------------------------------------------------------------------------
Clock Name:         clock
Waveform(ns):       { 0.000 50.000 }
Period(ns):         100.000
Sources:            { clock }

Check Type        Corner  Lib Pin  Reference Pin  Required(ns)  Actual(ns)  Slack(ns)  Location  Pin
Min Period        n/a     BUFG/I   n/a            1.592         100.000     98.408               clock_IBUF_BUFG_inst/I
Low Pulse Width   Slow    FDRE/C   n/a            0.500         50.000      49.500               T_reg[113]/C
High Pulse Width  Slow    FDRE/C   n/a            0.500         50.000      49.500               T_reg[113]/C



