Copyright 1986-2022 Xilinx, Inc. All Rights Reserved. Copyright 2022-2024 Advanced Micro Devices, Inc. All Rights Reserved.
---------------------------------------------------------------------------------------------------------------------------------------------
| Tool Version : Vivado v.2024.2 (lin64) Build 5239630 Fri Nov 08 22:34:34 MST 2024
| Date         : Mon Mar 17 06:22:21 2025
| Host         : vivado running 64-bit Ubuntu 24.04.1 LTS
| Command      : report_timing_summary -file /home/azureuser/btreeBlock/verilog/delete/3/statement/8/vivado/reports/timing_route.rpt
| Design       : delete
| Device       : 7a50t-cpg236
| Speed File   : -3  PRODUCTION 1.23 2018-06-13
| Design State : Routed
---------------------------------------------------------------------------------------------------------------------------------------------

Timing Summary Report

------------------------------------------------------------------------------------------------
| Timer Settings
| --------------
------------------------------------------------------------------------------------------------

  Enable Multi Corner Analysis               :  Yes
  Enable Pessimism Removal                   :  Yes
  Pessimism Removal Resolution               :  Nearest Common Node
  Enable Input Delay Default Clock           :  No
  Enable Preset / Clear Arcs                 :  No
  Disable Flight Delays                      :  No
  Ignore I/O Paths                           :  No
  Timing Early Launch at Borrowing Latches   :  No
  Borrow Time for Max Delay Exceptions       :  Yes
  Merge Timing Exceptions                    :  Yes
  Inter-SLR Compensation                     :  Conservative

  Corner  Analyze    Analyze    
  Name    Max Paths  Min Paths  
  ------  ---------  ---------  
  Slow    Yes        Yes        
  Fast    Yes        Yes        


------------------------------------------------------------------------------------------------
| Report Methodology
| ------------------
------------------------------------------------------------------------------------------------

Rule       Severity  Description                    Violations  
---------  --------  -----------------------------  ----------  
TIMING-18  Warning   Missing input or output delay  2           

Note: This report is based on the most recent report_methodology run and may not be up-to-date. Run report_methodology on the current design for the latest report.



check_timing report

Table of Contents
-----------------
1. checking no_clock (0)
2. checking constant_clock (0)
3. checking pulse_width_clock (0)
4. checking unconstrained_internal_endpoints (0)
5. checking no_input_delay (1)
6. checking no_output_delay (1)
7. checking multiple_clock (0)
8. checking generated_clocks (0)
9. checking loops (0)
10. checking partial_input_delay (0)
11. checking partial_output_delay (0)
12. checking latch_loops (0)

1. checking no_clock (0)
------------------------
 There are 0 register/latch pins with no clock.


2. checking constant_clock (0)
------------------------------
 There are 0 register/latch pins with constant_clock.


3. checking pulse_width_clock (0)
---------------------------------
 There are 0 register/latch pins which need pulse_width check


4. checking unconstrained_internal_endpoints (0)
------------------------------------------------
 There are 0 pins that are not constrained for maximum delay.

 There are 0 pins that are not constrained for maximum delay due to constant clock.


5. checking no_input_delay (1)
------------------------------
 There is 1 input port with no input delay specified. (HIGH)

 There are 0 input ports with no input delay but user has a false path constraint.


6. checking no_output_delay (1)
-------------------------------
 There is 1 port with no output delay specified. (HIGH)

 There are 0 ports with no output delay but user has a false path constraint

 There are 0 ports with no output delay but with a timing clock defined on it or propagating through it


7. checking multiple_clock (0)
------------------------------
 There are 0 register/latch pins with multiple clocks.


8. checking generated_clocks (0)
--------------------------------
 There are 0 generated clocks that are not connected to a clock source.


9. checking loops (0)
---------------------
 There are 0 combinational loops in the design.


10. checking partial_input_delay (0)
------------------------------------
 There are 0 input ports with partial input delay specified.


11. checking partial_output_delay (0)
-------------------------------------
 There are 0 ports with partial output delay specified.


12. checking latch_loops (0)
----------------------------
 There are 0 combinational latch loops in the design through latch input



------------------------------------------------------------------------------------------------
| Design Timing Summary
| ---------------------
------------------------------------------------------------------------------------------------

    WNS(ns)      TNS(ns)  TNS Failing Endpoints  TNS Total Endpoints      WHS(ns)      THS(ns)  THS Failing Endpoints  THS Total Endpoints     WPWS(ns)     TPWS(ns)  TPWS Failing Endpoints  TPWS Total Endpoints  
    -------      -------  ---------------------  -------------------      -------      -------  ---------------------  -------------------     --------     --------  ----------------------  --------------------  
     96.501        0.000                      0                   22        0.284        0.000                      0                   22       49.500        0.000                       0                    12  


All user specified timing constraints are met.


------------------------------------------------------------------------------------------------
| Clock Summary
| -------------
------------------------------------------------------------------------------------------------

Clock  Waveform(ns)         Period(ns)      Frequency(MHz)
-----  ------------         ----------      --------------
clock  {0.000 50.000}       100.000         10.000          


------------------------------------------------------------------------------------------------
| Intra Clock Table
| -----------------
------------------------------------------------------------------------------------------------

Clock             WNS(ns)      TNS(ns)  TNS Failing Endpoints  TNS Total Endpoints      WHS(ns)      THS(ns)  THS Failing Endpoints  THS Total Endpoints     WPWS(ns)     TPWS(ns)  TPWS Failing Endpoints  TPWS Total Endpoints  
-----             -------      -------  ---------------------  -------------------      -------      -------  ---------------------  -------------------     --------     --------  ----------------------  --------------------  
clock              96.501        0.000                      0                   22        0.284        0.000                      0                   22       49.500        0.000                       0                    12  


------------------------------------------------------------------------------------------------
| Inter Clock Table
| -----------------
------------------------------------------------------------------------------------------------

From Clock    To Clock          WNS(ns)      TNS(ns)  TNS Failing Endpoints  TNS Total Endpoints      WHS(ns)      THS(ns)  THS Failing Endpoints  THS Total Endpoints  
----------    --------          -------      -------  ---------------------  -------------------      -------      -------  ---------------------  -------------------  


------------------------------------------------------------------------------------------------
| Other Path Groups Table
| -----------------------
------------------------------------------------------------------------------------------------

Path Group    From Clock    To Clock          WNS(ns)      TNS(ns)  TNS Failing Endpoints  TNS Total Endpoints      WHS(ns)      THS(ns)  THS Failing Endpoints  THS Total Endpoints  
----------    ----------    --------          -------      -------  ---------------------  -------------------      -------      -------  ---------------------  -------------------  


------------------------------------------------------------------------------------------------
| Timing Details
| --------------
------------------------------------------------------------------------------------------------


---------------------------------------------------------------------------------------------------
From Clock:  clock
  To Clock:  clock

Setup :            0  Failing Endpoints,  Worst Slack       96.501ns,  Total Violation        0.000ns
Hold  :            0  Failing Endpoints,  Worst Slack        0.284ns,  Total Violation        0.000ns
PW    :            0  Failing Endpoints,  Worst Slack       49.500ns,  Total Violation        0.000ns
---------------------------------------------------------------------------------------------------


Max Delay Paths
--------------------------------------------------------------------------------------
Slack (MET) :             96.501ns  (required time - arrival time)
  Source:                 step_reg[3]/C
                            (rising edge-triggered cell FDRE clocked by clock  {rise@0.000ns fall@50.000ns period=100.000ns})
  Destination:            step_reg[4]/CE
                            (rising edge-triggered cell FDRE clocked by clock  {rise@0.000ns fall@50.000ns period=100.000ns})
  Path Group:             clock
  Path Type:              Setup (Max at Slow Process Corner)
  Requirement:            100.000ns  (clock rise@100.000ns - clock rise@0.000ns)
  Data Path Delay:        3.290ns  (logic 0.774ns (23.528%)  route 2.516ns (76.472%))
  Logic Levels:           3  (LUT5=1 LUT6=2)
  Clock Path Skew:        -0.024ns (DCD - SCD + CPR)
    Destination Clock Delay (DCD):    3.591ns = ( 103.591 - 100.000 ) 
    Source Clock Delay      (SCD):    3.920ns
    Clock Pessimism Removal (CPR):    0.305ns
  Clock Uncertainty:      0.035ns  ((TSJ^2 + TIJ^2)^1/2 + DJ) / 2 + PE
    Total System Jitter     (TSJ):    0.071ns
    Total Input Jitter      (TIJ):    0.000ns
    Discrete Jitter          (DJ):    0.000ns
    Phase Error              (PE):    0.000ns

    Location             Delay type                Incr(ns)  Path(ns)    Netlist Resource(s)
  -------------------------------------------------------------------    -------------------
                         (clock clock rise edge)      0.000     0.000 r  
    C15                                               0.000     0.000 r  clock (IN)
                         net (fo=0)                   0.000     0.000    clock
    C15                  IBUF (Prop_ibuf_I_O)         0.784     0.784 r  clock_IBUF_inst/O
                         net (fo=1, routed)           1.757     2.541    clock_IBUF
    BUFGCTRL_X0Y16       BUFG (Prop_bufg_I_O)         0.076     2.617 r  clock_IBUF_BUFG_inst/O
                         net (fo=11, routed)          1.303     3.920    clock_IBUF_BUFG
    SLICE_X0Y39          FDRE                                         r  step_reg[3]/C
  -------------------------------------------------------------------    -------------------
    SLICE_X0Y39          FDRE (Prop_fdre_C_Q)         0.341     4.261 r  step_reg[3]/Q
                         net (fo=9, routed)           0.627     4.888    step_reg[3]
    SLICE_X1Y40          LUT5 (Prop_lut5_I3_O)        0.097     4.985 r  step[0]_i_8/O
                         net (fo=1, routed)           0.685     5.670    step[0]_i_8_n_0
    SLICE_X1Y39          LUT6 (Prop_lut6_I2_O)        0.239     5.909 r  step[0]_i_4/O
                         net (fo=1, routed)           0.592     6.501    step[0]_i_4_n_0
    SLICE_X1Y41          LUT6 (Prop_lut6_I1_O)        0.097     6.598 r  step[0]_i_1/O
                         net (fo=10, routed)          0.611     7.210    step
    SLICE_X0Y40          FDRE                                         r  step_reg[4]/CE
  -------------------------------------------------------------------    -------------------

                         (clock clock rise edge)    100.000   100.000 r  
    C15                                               0.000   100.000 r  clock (IN)
                         net (fo=0)                   0.000   100.000    clock
    C15                  IBUF (Prop_ibuf_I_O)         0.653   100.653 r  clock_IBUF_inst/O
                         net (fo=1, routed)           1.663   102.316    clock_IBUF
    BUFGCTRL_X0Y16       BUFG (Prop_bufg_I_O)         0.072   102.388 r  clock_IBUF_BUFG_inst/O
                         net (fo=11, routed)          1.203   103.591    clock_IBUF_BUFG
    SLICE_X0Y40          FDRE                                         r  step_reg[4]/C
                         clock pessimism              0.305   103.896    
                         clock uncertainty           -0.035   103.861    
    SLICE_X0Y40          FDRE (Setup_fdre_C_CE)      -0.150   103.711    step_reg[4]
  -------------------------------------------------------------------
                         required time                        103.711    
                         arrival time                          -7.210    
  -------------------------------------------------------------------
                         slack                                 96.501    





Min Delay Paths
--------------------------------------------------------------------------------------
Slack (MET) :             0.284ns  (arrival time - required time)
  Source:                 step_reg[6]/C
                            (rising edge-triggered cell FDRE clocked by clock  {rise@0.000ns fall@50.000ns period=100.000ns})
  Destination:            step_reg[6]/D
                            (rising edge-triggered cell FDRE clocked by clock  {rise@0.000ns fall@50.000ns period=100.000ns})
  Path Group:             clock
  Path Type:              Hold (Min at Fast Process Corner)
  Requirement:            0.000ns  (clock rise@0.000ns - clock rise@0.000ns)
  Data Path Delay:        0.389ns  (logic 0.252ns (64.706%)  route 0.137ns (35.294%))
  Logic Levels:           1  (CARRY4=1)
  Clock Path Skew:        0.000ns (DCD - SCD - CPR)
    Destination Clock Delay (DCD):    2.113ns
    Source Clock Delay      (SCD):    1.587ns
    Clock Pessimism Removal (CPR):    0.526ns

    Location             Delay type                Incr(ns)  Path(ns)    Netlist Resource(s)
  -------------------------------------------------------------------    -------------------
                         (clock clock rise edge)      0.000     0.000 r  
    C15                                               0.000     0.000 r  clock (IN)
                         net (fo=0)                   0.000     0.000    clock
    C15                  IBUF (Prop_ibuf_I_O)         0.164     0.164 r  clock_IBUF_inst/O
                         net (fo=1, routed)           0.802     0.966    clock_IBUF
    BUFGCTRL_X0Y16       BUFG (Prop_bufg_I_O)         0.026     0.992 r  clock_IBUF_BUFG_inst/O
                         net (fo=11, routed)          0.596     1.587    clock_IBUF_BUFG
    SLICE_X0Y40          FDRE                                         r  step_reg[6]/C
  -------------------------------------------------------------------    -------------------
    SLICE_X0Y40          FDRE (Prop_fdre_C_Q)         0.141     1.728 r  step_reg[6]/Q
                         net (fo=7, routed)           0.137     1.866    step_reg[6]
    SLICE_X0Y40          CARRY4 (Prop_carry4_S[2]_O[2])
                                                      0.111     1.977 r  step_reg[4]_i_1/O[2]
                         net (fo=1, routed)           0.000     1.977    step_reg[4]_i_1_n_5
    SLICE_X0Y40          FDRE                                         r  step_reg[6]/D
  -------------------------------------------------------------------    -------------------

                         (clock clock rise edge)      0.000     0.000 r  
    C15                                               0.000     0.000 r  clock (IN)
                         net (fo=0)                   0.000     0.000    clock
    C15                  IBUF (Prop_ibuf_I_O)         0.353     0.353 r  clock_IBUF_inst/O
                         net (fo=1, routed)           0.865     1.218    clock_IBUF
    BUFGCTRL_X0Y16       BUFG (Prop_bufg_I_O)         0.029     1.247 r  clock_IBUF_BUFG_inst/O
                         net (fo=11, routed)          0.867     2.113    clock_IBUF_BUFG
    SLICE_X0Y40          FDRE                                         r  step_reg[6]/C
                         clock pessimism             -0.526     1.587    
    SLICE_X0Y40          FDRE (Hold_fdre_C_D)         0.105     1.692    step_reg[6]
  -------------------------------------------------------------------
                         required time                         -1.692    
                         arrival time                           1.977    
  -------------------------------------------------------------------
                         slack                                  0.284    





Pulse Width Checks
--------------------------------------------------------------------------------------
Clock Name:         clock
Waveform(ns):       { 0.000 50.000 }
Period(ns):         100.000
Sources:            { clock }

Check Type        Corner  Lib Pin  Reference Pin  Required(ns)  Actual(ns)  Slack(ns)  Location        Pin
Min Period        n/a     BUFG/I   n/a            1.592         100.000     98.408     BUFGCTRL_X0Y16  clock_IBUF_BUFG_inst/I
Low Pulse Width   Slow    FDRE/C   n/a            0.500         50.000      49.500     SLICE_X0Y39     step_reg[0]/C
High Pulse Width  Slow    FDRE/C   n/a            0.500         50.000      49.500     SLICE_X0Y39     step_reg[0]/C



