Cell type report:                       Count       Area
  Fill cell                              4104    7068.15
  Tap cell                                162      43.09
  Clock buffer                             13      17.29
  Timing Repair Buffer                     18      57.99
  Inverter                                294     210.94
  Clock inverter                            1       0.80
  Sequential cell                         297    1343.03
  Multi-Input combinational cell         2948    4186.31
  Total                                  7837   12927.60

Cell instance report:
  AND2_X1                                  19      20.22
  AND2_X2                                  13      17.29
  AND2_X4                                  38      90.97
  AND3_X1                                  11      14.63
  AND3_X2                                   2       3.19
  AND3_X4                                   6      17.56
  AND4_X1                                   9      14.36
  AND4_X2                                   1       1.86
  AND4_X4                                   4      13.83
  AOI211_X1                               203     269.99
  AOI21_X1                                274     291.54
  AOI21_X2                                 12      22.34
  AOI21_X4                                  1       3.46
  AOI221_X1                                62      98.95
  AOI222_X1                               154     327.71
  AOI22_X1                                312     414.96
  BUF_X1                                    1       0.80
  BUF_X4                                    1       1.86
  BUF_X8                                   16      55.33
  CLKBUF_X3                                13      17.29
  DFF_X1                                  297    1343.03
  FA_X1                                     3      12.77
  TAPCELL_X1                              162      43.09
  FILLCELL_X1                            1168     310.69
  FILLCELL_X16                            271    1153.38
  FILLCELL_X2                            1012     538.38
  FILLCELL_X32                            375    3192.00
  FILLCELL_X4                             795     845.88
  FILLCELL_X8                             483    1027.82
  HA_X1                                    84     223.44
  INV_X1                                  239     127.15
  INV_X2                                   15      11.97
  INV_X32                                   1       8.78
  INV_X4                                   30      39.90
  INV_X8                                   10      23.94
  MUX2_X1                                   9      16.76
  MUX2_X2                                   1       2.39
  NAND2_X1                                176     140.45
  NAND2_X2                                 45      59.85
  NAND2_X4                                 93     222.64
  NAND3_X1                                113     120.23
  NAND3_X2                                 13      24.21
  NAND3_X4                                 16      55.33
  NAND4_X1                                 99     131.67
  NAND4_X2                                 12      28.73
  NAND4_X4                                  2       9.58
  NOR2_X1                                 335     267.33
  NOR2_X2                                  61      81.13
  NOR2_X4                                  88     210.67
  NOR3_X1                                  66      70.22
  NOR3_X2                                  13      24.21
  NOR3_X4                                  14      52.14
  NOR4_X1                                  53      70.49
  NOR4_X2                                   3       7.18
  OAI21_X1                                296     314.94
  OAI21_X2                                  6      11.17
  OAI21_X4                                  1       3.46
  OAI221_X1                                20      31.92
  OAI221_X2                                 1       2.93
  OAI222_X1                                 8      17.02
  OAI22_X1                                 48      63.84
  OAI22_X2                                  2       4.79
  OAI33_X1                                 14      26.07
  OR2_X1                                   10      10.64
  OR2_X2                                    7       9.31
  OR2_X4                                   20      47.88
  OR3_X1                                   14      18.62
  OR3_X2                                    3       4.79
  OR3_X4                                    2       5.85
  OR4_X1                                    8      12.77
  OR4_X2                                    3       5.59
  OR4_X4                                    2       6.92
  XNOR2_X1                                 23      36.71
  XNOR2_X2                                 22      58.52
  XOR2_X1                                   6       9.58
  XOR2_X2                                  12      28.73
