[WARNING STA-0503] report_checks -group_count is deprecated. Use -group_path_count instead.
Startpoint: step[4]$_SDFFE_PP0P_
            (rising edge-triggered flip-flop clocked by clk0)
Endpoint: intermediateValue[28]$_DFFE_PP_
          (rising edge-triggered flip-flop clocked by clk0)
Path Group: clk0
Path Type: max

Fanout     Cap    Slew   Delay    Time   Description
-----------------------------------------------------------------------------
                          0.00    0.00   clock clk0 (rise edge)
                          0.19    0.19   clock network delay (propagated)
                  0.04    0.00    0.19 ^ step[4]$_SDFFE_PP0P_/CK (DFF_X1)
    12   47.13    0.11    0.20    0.39 ^ step[4]$_SDFFE_PP0P_/Q (DFF_X1)
                                         step[4] (net)
                  0.11    0.00    0.39 ^ _3885_/A1 (NOR2_X4)
     3   14.27    0.02    0.02    0.40 v _3885_/ZN (NOR2_X4)
                                         _3242_ (net)
                  0.02    0.00    0.40 v _3886_/A2 (NAND2_X4)
    18   36.40    0.03    0.04    0.45 ^ _3886_/ZN (NAND2_X4)
                                         _3243_ (net)
                  0.03    0.00    0.45 ^ _3927_/B2 (OAI22_X1)
     1    1.88    0.01    0.03    0.47 v _3927_/ZN (OAI22_X1)
                                         _3284_ (net)
                  0.01    0.00    0.47 v _3928_/A3 (OR3_X2)
     2    5.64    0.01    0.08    0.55 v _3928_/ZN (OR3_X2)
                                         _3285_ (net)
                  0.01    0.00    0.55 v _3934_/A (AOI211_X2)
     2    8.34    0.05    0.09    0.64 ^ _3934_/ZN (AOI211_X2)
                                         _3291_ (net)
                  0.05    0.00    0.64 ^ _3939_/A2 (NAND3_X1)
     2    4.57    0.02    0.04    0.68 v _3939_/ZN (NAND3_X1)
                                         _3296_ (net)
                  0.02    0.00    0.68 v _3956_/A1 (NOR2_X1)
     1    6.09    0.04    0.05    0.74 ^ _3956_/ZN (NOR2_X1)
                                         _3313_ (net)
                  0.04    0.00    0.74 ^ _3967_/A2 (NAND4_X4)
     6   34.61    0.04    0.06    0.80 v _3967_/ZN (NAND4_X4)
                                         _3324_ (net)
                  0.04    0.00    0.80 v _3968_/A2 (NOR2_X4)
    13   42.09    0.05    0.08    0.88 ^ _3968_/ZN (NOR2_X4)
                                         _3325_ (net)
                  0.05    0.00    0.88 ^ _4051_/A1 (AND2_X4)
     5   21.01    0.02    0.05    0.94 ^ _4051_/ZN (AND2_X4)
                                         _3621_ (net)
                  0.02    0.00    0.94 ^ max_cap21/A (BUF_X8)
    32  119.41    0.03    0.05    0.99 ^ max_cap21/Z (BUF_X8)
                                         net21 (net)
                  0.03    0.01    0.99 ^ _7263_/B (HA_X1)
     3    6.39    0.04    0.08    1.07 ^ _7263_/S (HA_X1)
                                         _3781_ (net)
                  0.04    0.00    1.07 ^ _5700_/B1 (AOI21_X1)
     1    1.58    0.01    0.02    1.09 v _5700_/ZN (AOI21_X1)
                                         _1982_ (net)
                  0.01    0.00    1.09 v _5701_/B1 (OAI21_X1)
     2    4.75    0.03    0.04    1.13 ^ _5701_/ZN (OAI21_X1)
                                         _1983_ (net)
                  0.03    0.00    1.13 ^ _5779_/B1 (AOI21_X1)
     1    1.82    0.01    0.02    1.15 v _5779_/ZN (AOI21_X1)
                                         _2059_ (net)
                  0.01    0.00    1.15 v _5780_/B1 (OAI21_X1)
     2    3.84    0.03    0.04    1.19 ^ _5780_/ZN (OAI21_X1)
                                         _2060_ (net)
                  0.03    0.00    1.19 ^ _5892_/A2 (AND2_X1)
     1    1.84    0.01    0.04    1.23 ^ _5892_/ZN (AND2_X1)
                                         _2170_ (net)
                  0.01    0.00    1.23 ^ _5893_/B2 (OAI21_X1)
     2    3.09    0.01    0.02    1.24 v _5893_/ZN (OAI21_X1)
                                         _2171_ (net)
                  0.01    0.00    1.24 v _5896_/B2 (AOI21_X1)
     2    3.75    0.03    0.04    1.29 ^ _5896_/ZN (AOI21_X1)
                                         _2174_ (net)
                  0.03    0.00    1.29 ^ _5995_/B2 (OAI21_X1)
     2    2.58    0.01    0.02    1.31 v _5995_/ZN (OAI21_X1)
                                         _2271_ (net)
                  0.01    0.00    1.31 v _5997_/B2 (AOI21_X1)
     2    3.61    0.03    0.04    1.35 ^ _5997_/ZN (AOI21_X1)
                                         _2273_ (net)
                  0.03    0.00    1.35 ^ _6082_/B2 (OAI21_X1)
     2    2.78    0.01    0.02    1.38 v _6082_/ZN (OAI21_X1)
                                         _2356_ (net)
                  0.01    0.00    1.38 v _6083_/B2 (AOI21_X1)
     2    5.21    0.04    0.05    1.43 ^ _6083_/ZN (AOI21_X1)
                                         _2357_ (net)
                  0.04    0.00    1.43 ^ _6166_/B2 (OAI21_X1)
     2    2.51    0.02    0.03    1.46 v _6166_/ZN (OAI21_X1)
                                         _2438_ (net)
                  0.02    0.00    1.46 v _6168_/B2 (AOI21_X1)
     2    5.40    0.04    0.05    1.51 ^ _6168_/ZN (AOI21_X1)
                                         _2440_ (net)
                  0.04    0.00    1.51 ^ _6266_/B2 (OAI21_X1)
     2    2.47    0.02    0.03    1.53 v _6266_/ZN (OAI21_X1)
                                         _2536_ (net)
                  0.02    0.00    1.53 v _6267_/B2 (AOI21_X1)
     2    3.52    0.03    0.04    1.58 ^ _6267_/ZN (AOI21_X1)
                                         _2537_ (net)
                  0.03    0.00    1.58 ^ _6282_/B2 (OAI21_X1)
     2    2.47    0.01    0.02    1.60 v _6282_/ZN (OAI21_X1)
                                         _2550_ (net)
                  0.01    0.00    1.60 v _6283_/B2 (AOI21_X1)
     2    3.40    0.03    0.04    1.64 ^ _6283_/ZN (AOI21_X1)
                                         _2551_ (net)
                  0.03    0.00    1.64 ^ _6297_/B2 (OAI21_X1)
     2    2.44    0.01    0.02    1.67 v _6297_/ZN (OAI21_X1)
                                         _2563_ (net)
                  0.01    0.00    1.67 v _6298_/B2 (AOI21_X1)
     2    3.47    0.03    0.04    1.71 ^ _6298_/ZN (AOI21_X1)
                                         _2564_ (net)
                  0.03    0.00    1.71 ^ _6312_/B2 (OAI21_X1)
     2    3.23    0.01    0.03    1.73 v _6312_/ZN (OAI21_X1)
                                         _2576_ (net)
                  0.01    0.00    1.73 v _6313_/B2 (AOI21_X1)
     2    3.48    0.03    0.04    1.78 ^ _6313_/ZN (AOI21_X1)
                                         _2577_ (net)
                  0.03    0.00    1.78 ^ _6328_/B2 (OAI21_X1)
     2    3.13    0.01    0.03    1.80 v _6328_/ZN (OAI21_X1)
                                         _2590_ (net)
                  0.01    0.00    1.80 v _6329_/B2 (AOI21_X1)
     2    3.42    0.03    0.04    1.84 ^ _6329_/ZN (AOI21_X1)
                                         _2591_ (net)
                  0.03    0.00    1.84 ^ _6343_/B2 (OAI21_X1)
     2    3.26    0.01    0.03    1.87 v _6343_/ZN (OAI21_X1)
                                         _2603_ (net)
                  0.01    0.00    1.87 v _6358_/C2 (AOI211_X1)
     1    1.95    0.04    0.05    1.92 ^ _6358_/ZN (AOI211_X1)
                                         _2616_ (net)
                  0.04    0.00    1.92 ^ _6359_/B (AOI211_X1)
     2    4.51    0.02    0.03    1.94 v _6359_/ZN (AOI211_X1)
                                         _2617_ (net)
                  0.02    0.00    1.95 v _6360_/B (XOR2_X1)
     1    1.59    0.02    0.06    2.00 v _6360_/Z (XOR2_X1)
                                         _2618_ (net)
                  0.02    0.00    2.00 v _6361_/B1 (OAI21_X1)
     1    1.73    0.02    0.03    2.03 ^ _6361_/ZN (OAI21_X1)
                                         _2619_ (net)
                  0.02    0.00    2.03 ^ _6362_/A (OAI21_X1)
     1    1.82    0.03    0.02    2.06 v _6362_/ZN (OAI21_X1)
                                         _2620_ (net)
                  0.03    0.00    2.06 v _6363_/A (INV_X1)
     1    1.32    0.01    0.02    2.07 ^ _6363_/ZN (INV_X1)
                                         _0070_ (net)
                  0.01    0.00    2.07 ^ intermediateValue[28]$_DFFE_PP_/D (DFF_X1)
                                  2.07   data arrival time

                        100.00  100.00   clock clk0 (rise edge)
                          0.18  100.18   clock network delay (propagated)
                          0.00  100.18   clock reconvergence pessimism
                                100.18 ^ intermediateValue[28]$_DFFE_PP_/CK (DFF_X1)
                         -0.03  100.15   library setup time
                                100.15   data required time
-----------------------------------------------------------------------------
                                100.15   data required time
                                 -2.07   data arrival time
-----------------------------------------------------------------------------
                                 98.08   slack (MET)


Startpoint: step[4]$_SDFFE_PP0P_
            (rising edge-triggered flip-flop clocked by clk0)
Endpoint: intermediateValue[30]$_DFFE_PP_
          (rising edge-triggered flip-flop clocked by clk0)
Path Group: clk0
Path Type: max

Fanout     Cap    Slew   Delay    Time   Description
-----------------------------------------------------------------------------
                          0.00    0.00   clock clk0 (rise edge)
                          0.19    0.19   clock network delay (propagated)
                  0.04    0.00    0.19 ^ step[4]$_SDFFE_PP0P_/CK (DFF_X1)
    12   47.13    0.11    0.20    0.39 ^ step[4]$_SDFFE_PP0P_/Q (DFF_X1)
                                         step[4] (net)
                  0.11    0.00    0.39 ^ _3885_/A1 (NOR2_X4)
     3   14.27    0.02    0.02    0.40 v _3885_/ZN (NOR2_X4)
                                         _3242_ (net)
                  0.02    0.00    0.40 v _3886_/A2 (NAND2_X4)
    18   36.40    0.03    0.04    0.45 ^ _3886_/ZN (NAND2_X4)
                                         _3243_ (net)
                  0.03    0.00    0.45 ^ _3927_/B2 (OAI22_X1)
     1    1.88    0.01    0.03    0.47 v _3927_/ZN (OAI22_X1)
                                         _3284_ (net)
                  0.01    0.00    0.47 v _3928_/A3 (OR3_X2)
     2    5.64    0.01    0.08    0.55 v _3928_/ZN (OR3_X2)
                                         _3285_ (net)
                  0.01    0.00    0.55 v _3934_/A (AOI211_X2)
     2    8.34    0.05    0.09    0.64 ^ _3934_/ZN (AOI211_X2)
                                         _3291_ (net)
                  0.05    0.00    0.64 ^ _3939_/A2 (NAND3_X1)
     2    4.57    0.02    0.04    0.68 v _3939_/ZN (NAND3_X1)
                                         _3296_ (net)
                  0.02    0.00    0.68 v _3956_/A1 (NOR2_X1)
     1    6.09    0.04    0.05    0.74 ^ _3956_/ZN (NOR2_X1)
                                         _3313_ (net)
                  0.04    0.00    0.74 ^ _3967_/A2 (NAND4_X4)
     6   34.61    0.04    0.06    0.80 v _3967_/ZN (NAND4_X4)
                                         _3324_ (net)
                  0.04    0.00    0.80 v _3968_/A2 (NOR2_X4)
    13   42.09    0.05    0.08    0.88 ^ _3968_/ZN (NOR2_X4)
                                         _3325_ (net)
                  0.05    0.00    0.88 ^ _4051_/A1 (AND2_X4)
     5   21.01    0.02    0.05    0.94 ^ _4051_/ZN (AND2_X4)
                                         _3621_ (net)
                  0.02    0.00    0.94 ^ max_cap21/A (BUF_X8)
    32  119.41    0.03    0.05    0.99 ^ max_cap21/Z (BUF_X8)
                                         net21 (net)
                  0.03    0.01    0.99 ^ _7263_/B (HA_X1)
     3    6.39    0.04    0.08    1.07 ^ _7263_/S (HA_X1)
                                         _3781_ (net)
                  0.04    0.00    1.07 ^ _5700_/B1 (AOI21_X1)
     1    1.58    0.01    0.02    1.09 v _5700_/ZN (AOI21_X1)
                                         _1982_ (net)
                  0.01    0.00    1.09 v _5701_/B1 (OAI21_X1)
     2    4.75    0.03    0.04    1.13 ^ _5701_/ZN (OAI21_X1)
                                         _1983_ (net)
                  0.03    0.00    1.13 ^ _5779_/B1 (AOI21_X1)
     1    1.82    0.01    0.02    1.15 v _5779_/ZN (AOI21_X1)
                                         _2059_ (net)
                  0.01    0.00    1.15 v _5780_/B1 (OAI21_X1)
     2    3.84    0.03    0.04    1.19 ^ _5780_/ZN (OAI21_X1)
                                         _2060_ (net)
                  0.03    0.00    1.19 ^ _5892_/A2 (AND2_X1)
     1    1.84    0.01    0.04    1.23 ^ _5892_/ZN (AND2_X1)
                                         _2170_ (net)
                  0.01    0.00    1.23 ^ _5893_/B2 (OAI21_X1)
     2    3.09    0.01    0.02    1.24 v _5893_/ZN (OAI21_X1)
                                         _2171_ (net)
                  0.01    0.00    1.24 v _5896_/B2 (AOI21_X1)
     2    3.75    0.03    0.04    1.29 ^ _5896_/ZN (AOI21_X1)
                                         _2174_ (net)
                  0.03    0.00    1.29 ^ _5995_/B2 (OAI21_X1)
     2    2.58    0.01    0.02    1.31 v _5995_/ZN (OAI21_X1)
                                         _2271_ (net)
                  0.01    0.00    1.31 v _5997_/B2 (AOI21_X1)
     2    3.61    0.03    0.04    1.35 ^ _5997_/ZN (AOI21_X1)
                                         _2273_ (net)
                  0.03    0.00    1.35 ^ _6082_/B2 (OAI21_X1)
     2    2.78    0.01    0.02    1.38 v _6082_/ZN (OAI21_X1)
                                         _2356_ (net)
                  0.01    0.00    1.38 v _6083_/B2 (AOI21_X1)
     2    5.21    0.04    0.05    1.43 ^ _6083_/ZN (AOI21_X1)
                                         _2357_ (net)
                  0.04    0.00    1.43 ^ _6166_/B2 (OAI21_X1)
     2    2.51    0.02    0.03    1.46 v _6166_/ZN (OAI21_X1)
                                         _2438_ (net)
                  0.02    0.00    1.46 v _6168_/B2 (AOI21_X1)
     2    5.40    0.04    0.05    1.51 ^ _6168_/ZN (AOI21_X1)
                                         _2440_ (net)
                  0.04    0.00    1.51 ^ _6266_/B2 (OAI21_X1)
     2    2.47    0.02    0.03    1.53 v _6266_/ZN (OAI21_X1)
                                         _2536_ (net)
                  0.02    0.00    1.53 v _6267_/B2 (AOI21_X1)
     2    3.52    0.03    0.04    1.58 ^ _6267_/ZN (AOI21_X1)
                                         _2537_ (net)
                  0.03    0.00    1.58 ^ _6282_/B2 (OAI21_X1)
     2    2.47    0.01    0.02    1.60 v _6282_/ZN (OAI21_X1)
                                         _2550_ (net)
                  0.01    0.00    1.60 v _6283_/B2 (AOI21_X1)
     2    3.40    0.03    0.04    1.64 ^ _6283_/ZN (AOI21_X1)
                                         _2551_ (net)
                  0.03    0.00    1.64 ^ _6297_/B2 (OAI21_X1)
     2    2.44    0.01    0.02    1.67 v _6297_/ZN (OAI21_X1)
                                         _2563_ (net)
                  0.01    0.00    1.67 v _6298_/B2 (AOI21_X1)
     2    3.47    0.03    0.04    1.71 ^ _6298_/ZN (AOI21_X1)
                                         _2564_ (net)
                  0.03    0.00    1.71 ^ _6312_/B2 (OAI21_X1)
     2    3.23    0.01    0.03    1.73 v _6312_/ZN (OAI21_X1)
                                         _2576_ (net)
                  0.01    0.00    1.73 v _6313_/B2 (AOI21_X1)
     2    3.48    0.03    0.04    1.78 ^ _6313_/ZN (AOI21_X1)
                                         _2577_ (net)
                  0.03    0.00    1.78 ^ _6328_/B2 (OAI21_X1)
     2    3.13    0.01    0.03    1.80 v _6328_/ZN (OAI21_X1)
                                         _2590_ (net)
                  0.01    0.00    1.80 v _6329_/B2 (AOI21_X1)
     2    3.42    0.03    0.04    1.84 ^ _6329_/ZN (AOI21_X1)
                                         _2591_ (net)
                  0.03    0.00    1.84 ^ _6343_/B2 (OAI21_X1)
     2    3.26    0.01    0.03    1.87 v _6343_/ZN (OAI21_X1)
                                         _2603_ (net)
                  0.01    0.00    1.87 v _6358_/C2 (AOI211_X1)
     1    1.95    0.04    0.05    1.92 ^ _6358_/ZN (AOI211_X1)
                                         _2616_ (net)
                  0.04    0.00    1.92 ^ _6359_/B (AOI211_X1)
     2    4.51    0.02    0.03    1.94 v _6359_/ZN (AOI211_X1)
                                         _2617_ (net)
                  0.02    0.00    1.95 v _6375_/B2 (OAI21_X1)
     2    3.47    0.03    0.05    1.99 ^ _6375_/ZN (OAI21_X1)
                                         _2631_ (net)
                  0.03    0.00    1.99 ^ _6376_/B1 (AOI21_X1)
     1    1.58    0.02    0.02    2.01 v _6376_/ZN (AOI21_X1)
                                         _2632_ (net)
                  0.02    0.00    2.01 v _6377_/A (OAI21_X1)
     1    1.78    0.02    0.03    2.03 ^ _6377_/ZN (OAI21_X1)
                                         _2633_ (net)
                  0.02    0.00    2.03 ^ _6378_/B1 (AOI21_X1)
     1    1.34    0.01    0.02    2.05 v _6378_/ZN (AOI21_X1)
                                         _0072_ (net)
                  0.01    0.00    2.05 v intermediateValue[30]$_DFFE_PP_/D (DFF_X1)
                                  2.05   data arrival time

                        100.00  100.00   clock clk0 (rise edge)
                          0.18  100.18   clock network delay (propagated)
                          0.00  100.18   clock reconvergence pessimism
                                100.18 ^ intermediateValue[30]$_DFFE_PP_/CK (DFF_X1)
                         -0.03  100.15   library setup time
                                100.15   data required time
-----------------------------------------------------------------------------
                                100.15   data required time
                                 -2.05   data arrival time
-----------------------------------------------------------------------------
                                 98.10   slack (MET)


Startpoint: step[4]$_SDFFE_PP0P_
            (rising edge-triggered flip-flop clocked by clk0)
Endpoint: intermediateValue[31]$_DFFE_PP_
          (rising edge-triggered flip-flop clocked by clk0)
Path Group: clk0
Path Type: max

Fanout     Cap    Slew   Delay    Time   Description
-----------------------------------------------------------------------------
                          0.00    0.00   clock clk0 (rise edge)
                          0.19    0.19   clock network delay (propagated)
                  0.04    0.00    0.19 ^ step[4]$_SDFFE_PP0P_/CK (DFF_X1)
    12   47.13    0.11    0.20    0.39 ^ step[4]$_SDFFE_PP0P_/Q (DFF_X1)
                                         step[4] (net)
                  0.11    0.00    0.39 ^ _3885_/A1 (NOR2_X4)
     3   14.27    0.02    0.02    0.40 v _3885_/ZN (NOR2_X4)
                                         _3242_ (net)
                  0.02    0.00    0.40 v _3886_/A2 (NAND2_X4)
    18   36.40    0.03    0.04    0.45 ^ _3886_/ZN (NAND2_X4)
                                         _3243_ (net)
                  0.03    0.00    0.45 ^ _3927_/B2 (OAI22_X1)
     1    1.88    0.01    0.03    0.47 v _3927_/ZN (OAI22_X1)
                                         _3284_ (net)
                  0.01    0.00    0.47 v _3928_/A3 (OR3_X2)
     2    5.64    0.01    0.08    0.55 v _3928_/ZN (OR3_X2)
                                         _3285_ (net)
                  0.01    0.00    0.55 v _3934_/A (AOI211_X2)
     2    8.34    0.05    0.09    0.64 ^ _3934_/ZN (AOI211_X2)
                                         _3291_ (net)
                  0.05    0.00    0.64 ^ _3939_/A2 (NAND3_X1)
     2    4.57    0.02    0.04    0.68 v _3939_/ZN (NAND3_X1)
                                         _3296_ (net)
                  0.02    0.00    0.68 v _3956_/A1 (NOR2_X1)
     1    6.09    0.04    0.05    0.74 ^ _3956_/ZN (NOR2_X1)
                                         _3313_ (net)
                  0.04    0.00    0.74 ^ _3967_/A2 (NAND4_X4)
     6   34.61    0.04    0.06    0.80 v _3967_/ZN (NAND4_X4)
                                         _3324_ (net)
                  0.04    0.00    0.80 v _3968_/A2 (NOR2_X4)
    13   42.09    0.05    0.08    0.88 ^ _3968_/ZN (NOR2_X4)
                                         _3325_ (net)
                  0.05    0.00    0.88 ^ _4051_/A1 (AND2_X4)
     5   21.01    0.02    0.05    0.94 ^ _4051_/ZN (AND2_X4)
                                         _3621_ (net)
                  0.02    0.00    0.94 ^ max_cap21/A (BUF_X8)
    32  119.41    0.03    0.05    0.99 ^ max_cap21/Z (BUF_X8)
                                         net21 (net)
                  0.03    0.01    0.99 ^ _7263_/B (HA_X1)
     3    6.39    0.04    0.08    1.07 ^ _7263_/S (HA_X1)
                                         _3781_ (net)
                  0.04    0.00    1.07 ^ _5638_/A (INV_X1)
     1    1.68    0.01    0.01    1.08 v _5638_/ZN (INV_X1)
                                         _1921_ (net)
                  0.01    0.00    1.08 v _5639_/B2 (OAI21_X1)
     2    4.52    0.03    0.05    1.12 ^ _5639_/ZN (OAI21_X1)
                                         _1922_ (net)
                  0.03    0.00    1.12 ^ _5737_/B1 (AOI21_X1)
     1    1.64    0.01    0.02    1.14 v _5737_/ZN (AOI21_X1)
                                         _2018_ (net)
                  0.01    0.00    1.14 v _5738_/B1 (OAI21_X1)
     2    4.68    0.03    0.04    1.18 ^ _5738_/ZN (OAI21_X1)
                                         _2019_ (net)
                  0.03    0.00    1.18 ^ _5827_/B1 (AOI21_X1)
     1    1.70    0.01    0.02    1.20 v _5827_/ZN (AOI21_X1)
                                         _2106_ (net)
                  0.01    0.00    1.20 v _5828_/B1 (OAI21_X1)
     2    4.29    0.03    0.04    1.24 ^ _5828_/ZN (OAI21_X1)
                                         _2107_ (net)
                  0.03    0.00    1.24 ^ _5961_/B1 (AOI21_X1)
     1    1.72    0.01    0.02    1.26 v _5961_/ZN (AOI21_X1)
                                         _2238_ (net)
                  0.01    0.00    1.26 v _5962_/B1 (OAI21_X1)
     2    4.50    0.03    0.04    1.30 ^ _5962_/ZN (OAI21_X1)
                                         _2239_ (net)
                  0.03    0.00    1.30 ^ _6061_/B1 (AOI21_X1)
     1    1.57    0.01    0.02    1.32 v _6061_/ZN (AOI21_X1)
                                         _2336_ (net)
                  0.01    0.00    1.32 v _6062_/B1 (OAI21_X1)
     2    4.65    0.03    0.04    1.37 ^ _6062_/ZN (OAI21_X1)
                                         _2337_ (net)
                  0.03    0.00    1.37 ^ _6155_/B1 (AOI21_X1)
     1    1.57    0.01    0.02    1.38 v _6155_/ZN (AOI21_X1)
                                         _2428_ (net)
                  0.01    0.00    1.38 v _6156_/B1 (OAI21_X1)
     2    4.46    0.03    0.04    1.43 ^ _6156_/ZN (OAI21_X1)
                                         _2429_ (net)
                  0.03    0.00    1.43 ^ _6257_/B1 (AOI21_X1)
     1    1.57    0.01    0.02    1.44 v _6257_/ZN (AOI21_X1)
                                         _2528_ (net)
                  0.01    0.00    1.44 v _6258_/B1 (OAI21_X1)
     2    4.65    0.03    0.04    1.49 ^ _6258_/ZN (OAI21_X1)
                                         _2529_ (net)
                  0.03    0.00    1.49 ^ _6274_/B1 (AOI21_X1)
     1    1.63    0.01    0.02    1.51 v _6274_/ZN (AOI21_X1)
                                         _2543_ (net)
                  0.01    0.00    1.51 v _6275_/B1 (OAI21_X1)
     2    4.45    0.03    0.04    1.55 ^ _6275_/ZN (OAI21_X1)
                                         _2544_ (net)
                  0.03    0.00    1.55 ^ _6289_/B1 (AOI21_X1)
     1    1.63    0.01    0.02    1.57 v _6289_/ZN (AOI21_X1)
                                         _2556_ (net)
                  0.01    0.00    1.57 v _6290_/B1 (OAI21_X1)
     2    4.63    0.03    0.04    1.61 ^ _6290_/ZN (OAI21_X1)
                                         _2557_ (net)
                  0.03    0.00    1.61 ^ _6304_/B1 (AOI21_X1)
     1    1.73    0.01    0.02    1.63 v _6304_/ZN (AOI21_X1)
                                         _2569_ (net)
                  0.01    0.00    1.63 v _6305_/B1 (OAI21_X1)
     2    4.46    0.03    0.04    1.67 ^ _6305_/ZN (OAI21_X1)
                                         _2570_ (net)
                  0.03    0.00    1.67 ^ _6320_/B1 (AOI21_X1)
     1    1.63    0.01    0.02    1.69 v _6320_/ZN (AOI21_X1)
                                         _2583_ (net)
                  0.01    0.00    1.69 v _6321_/B1 (OAI21_X1)
     2    4.53    0.03    0.04    1.73 ^ _6321_/ZN (OAI21_X1)
                                         _2584_ (net)
                  0.03    0.00    1.73 ^ _6336_/B1 (AOI21_X1)
     1    1.60    0.01    0.02    1.75 v _6336_/ZN (AOI21_X1)
                                         _2597_ (net)
                  0.01    0.00    1.75 v _6337_/B1 (OAI21_X1)
     2    4.70    0.03    0.04    1.79 ^ _6337_/ZN (OAI21_X1)
                                         _2598_ (net)
                  0.03    0.00    1.79 ^ _6350_/B1 (AOI21_X1)
     1    1.58    0.01    0.02    1.81 v _6350_/ZN (AOI21_X1)
                                         _2609_ (net)
                  0.01    0.00    1.81 v _6352_/B1 (OAI21_X1)
     3    5.57    0.04    0.05    1.86 ^ _6352_/ZN (OAI21_X1)
                                         _2611_ (net)
                  0.04    0.00    1.86 ^ _6383_/A3 (NAND4_X1)
     2    2.40    0.02    0.04    1.89 v _6383_/ZN (NAND4_X1)
                                         _2638_ (net)
                  0.02    0.00    1.89 v _6386_/A1 (AND3_X1)
     1    1.16    0.01    0.04    1.93 v _6386_/ZN (AND3_X1)
                                         _2641_ (net)
                  0.01    0.00    1.93 v _6388_/A2 (OR3_X1)
     1    1.50    0.01    0.07    2.01 v _6388_/ZN (OR3_X1)
                                         _2643_ (net)
                  0.01    0.00    2.01 v _6389_/B1 (AOI21_X1)
     1    1.26    0.02    0.03    2.03 ^ _6389_/ZN (AOI21_X1)
                                         _0073_ (net)
                  0.02    0.00    2.03 ^ intermediateValue[31]$_DFFE_PP_/D (DFF_X1)
                                  2.03   data arrival time

                        100.00  100.00   clock clk0 (rise edge)
                          0.18  100.18   clock network delay (propagated)
                          0.00  100.18   clock reconvergence pessimism
                                100.18 ^ intermediateValue[31]$_DFFE_PP_/CK (DFF_X1)
                         -0.03  100.15   library setup time
                                100.15   data required time
-----------------------------------------------------------------------------
                                100.15   data required time
                                 -2.03   data arrival time
-----------------------------------------------------------------------------
                                 98.12   slack (MET)


Startpoint: step[4]$_SDFFE_PP0P_
            (rising edge-triggered flip-flop clocked by clk0)
Endpoint: intermediateValue[29]$_DFFE_PP_
          (rising edge-triggered flip-flop clocked by clk0)
Path Group: clk0
Path Type: max

Fanout     Cap    Slew   Delay    Time   Description
-----------------------------------------------------------------------------
                          0.00    0.00   clock clk0 (rise edge)
                          0.19    0.19   clock network delay (propagated)
                  0.04    0.00    0.19 ^ step[4]$_SDFFE_PP0P_/CK (DFF_X1)
    12   47.13    0.11    0.20    0.39 ^ step[4]$_SDFFE_PP0P_/Q (DFF_X1)
                                         step[4] (net)
                  0.11    0.00    0.39 ^ _3885_/A1 (NOR2_X4)
     3   14.27    0.02    0.02    0.40 v _3885_/ZN (NOR2_X4)
                                         _3242_ (net)
                  0.02    0.00    0.40 v _3886_/A2 (NAND2_X4)
    18   36.40    0.03    0.04    0.45 ^ _3886_/ZN (NAND2_X4)
                                         _3243_ (net)
                  0.03    0.00    0.45 ^ _3927_/B2 (OAI22_X1)
     1    1.88    0.01    0.03    0.47 v _3927_/ZN (OAI22_X1)
                                         _3284_ (net)
                  0.01    0.00    0.47 v _3928_/A3 (OR3_X2)
     2    5.64    0.01    0.08    0.55 v _3928_/ZN (OR3_X2)
                                         _3285_ (net)
                  0.01    0.00    0.55 v _3934_/A (AOI211_X2)
     2    8.34    0.05    0.09    0.64 ^ _3934_/ZN (AOI211_X2)
                                         _3291_ (net)
                  0.05    0.00    0.64 ^ _3939_/A2 (NAND3_X1)
     2    4.57    0.02    0.04    0.68 v _3939_/ZN (NAND3_X1)
                                         _3296_ (net)
                  0.02    0.00    0.68 v _3956_/A1 (NOR2_X1)
     1    6.09    0.04    0.05    0.74 ^ _3956_/ZN (NOR2_X1)
                                         _3313_ (net)
                  0.04    0.00    0.74 ^ _3967_/A2 (NAND4_X4)
     6   34.61    0.04    0.06    0.80 v _3967_/ZN (NAND4_X4)
                                         _3324_ (net)
                  0.04    0.00    0.80 v _3968_/A2 (NOR2_X4)
    13   42.09    0.05    0.08    0.88 ^ _3968_/ZN (NOR2_X4)
                                         _3325_ (net)
                  0.05    0.00    0.88 ^ _4051_/A1 (AND2_X4)
     5   21.01    0.02    0.05    0.94 ^ _4051_/ZN (AND2_X4)
                                         _3621_ (net)
                  0.02    0.00    0.94 ^ max_cap21/A (BUF_X8)
    32  119.41    0.03    0.05    0.99 ^ max_cap21/Z (BUF_X8)
                                         net21 (net)
                  0.03    0.01    0.99 ^ _7263_/B (HA_X1)
     3    6.39    0.04    0.08    1.07 ^ _7263_/S (HA_X1)
                                         _3781_ (net)
                  0.04    0.00    1.07 ^ _5638_/A (INV_X1)
     1    1.68    0.01    0.01    1.08 v _5638_/ZN (INV_X1)
                                         _1921_ (net)
                  0.01    0.00    1.08 v _5639_/B2 (OAI21_X1)
     2    4.52    0.03    0.05    1.12 ^ _5639_/ZN (OAI21_X1)
                                         _1922_ (net)
                  0.03    0.00    1.12 ^ _5737_/B1 (AOI21_X1)
     1    1.64    0.01    0.02    1.14 v _5737_/ZN (AOI21_X1)
                                         _2018_ (net)
                  0.01    0.00    1.14 v _5738_/B1 (OAI21_X1)
     2    4.68    0.03    0.04    1.18 ^ _5738_/ZN (OAI21_X1)
                                         _2019_ (net)
                  0.03    0.00    1.18 ^ _5827_/B1 (AOI21_X1)
     1    1.70    0.01    0.02    1.20 v _5827_/ZN (AOI21_X1)
                                         _2106_ (net)
                  0.01    0.00    1.20 v _5828_/B1 (OAI21_X1)
     2    4.29    0.03    0.04    1.24 ^ _5828_/ZN (OAI21_X1)
                                         _2107_ (net)
                  0.03    0.00    1.24 ^ _5961_/B1 (AOI21_X1)
     1    1.72    0.01    0.02    1.26 v _5961_/ZN (AOI21_X1)
                                         _2238_ (net)
                  0.01    0.00    1.26 v _5962_/B1 (OAI21_X1)
     2    4.50    0.03    0.04    1.30 ^ _5962_/ZN (OAI21_X1)
                                         _2239_ (net)
                  0.03    0.00    1.30 ^ _6061_/B1 (AOI21_X1)
     1    1.57    0.01    0.02    1.32 v _6061_/ZN (AOI21_X1)
                                         _2336_ (net)
                  0.01    0.00    1.32 v _6062_/B1 (OAI21_X1)
     2    4.65    0.03    0.04    1.37 ^ _6062_/ZN (OAI21_X1)
                                         _2337_ (net)
                  0.03    0.00    1.37 ^ _6155_/B1 (AOI21_X1)
     1    1.57    0.01    0.02    1.38 v _6155_/ZN (AOI21_X1)
                                         _2428_ (net)
                  0.01    0.00    1.38 v _6156_/B1 (OAI21_X1)
     2    4.46    0.03    0.04    1.43 ^ _6156_/ZN (OAI21_X1)
                                         _2429_ (net)
                  0.03    0.00    1.43 ^ _6257_/B1 (AOI21_X1)
     1    1.57    0.01    0.02    1.44 v _6257_/ZN (AOI21_X1)
                                         _2528_ (net)
                  0.01    0.00    1.44 v _6258_/B1 (OAI21_X1)
     2    4.65    0.03    0.04    1.49 ^ _6258_/ZN (OAI21_X1)
                                         _2529_ (net)
                  0.03    0.00    1.49 ^ _6274_/B1 (AOI21_X1)
     1    1.63    0.01    0.02    1.51 v _6274_/ZN (AOI21_X1)
                                         _2543_ (net)
                  0.01    0.00    1.51 v _6275_/B1 (OAI21_X1)
     2    4.45    0.03    0.04    1.55 ^ _6275_/ZN (OAI21_X1)
                                         _2544_ (net)
                  0.03    0.00    1.55 ^ _6289_/B1 (AOI21_X1)
     1    1.63    0.01    0.02    1.57 v _6289_/ZN (AOI21_X1)
                                         _2556_ (net)
                  0.01    0.00    1.57 v _6290_/B1 (OAI21_X1)
     2    4.63    0.03    0.04    1.61 ^ _6290_/ZN (OAI21_X1)
                                         _2557_ (net)
                  0.03    0.00    1.61 ^ _6304_/B1 (AOI21_X1)
     1    1.73    0.01    0.02    1.63 v _6304_/ZN (AOI21_X1)
                                         _2569_ (net)
                  0.01    0.00    1.63 v _6305_/B1 (OAI21_X1)
     2    4.46    0.03    0.04    1.67 ^ _6305_/ZN (OAI21_X1)
                                         _2570_ (net)
                  0.03    0.00    1.67 ^ _6320_/B1 (AOI21_X1)
     1    1.63    0.01    0.02    1.69 v _6320_/ZN (AOI21_X1)
                                         _2583_ (net)
                  0.01    0.00    1.69 v _6321_/B1 (OAI21_X1)
     2    4.53    0.03    0.04    1.73 ^ _6321_/ZN (OAI21_X1)
                                         _2584_ (net)
                  0.03    0.00    1.73 ^ _6336_/B1 (AOI21_X1)
     1    1.60    0.01    0.02    1.75 v _6336_/ZN (AOI21_X1)
                                         _2597_ (net)
                  0.01    0.00    1.75 v _6337_/B1 (OAI21_X1)
     2    4.70    0.03    0.04    1.79 ^ _6337_/ZN (OAI21_X1)
                                         _2598_ (net)
                  0.03    0.00    1.79 ^ _6350_/B1 (AOI21_X1)
     1    1.58    0.01    0.02    1.81 v _6350_/ZN (AOI21_X1)
                                         _2609_ (net)
                  0.01    0.00    1.81 v _6352_/B1 (OAI21_X1)
     3    5.57    0.04    0.05    1.86 ^ _6352_/ZN (OAI21_X1)
                                         _2611_ (net)
                  0.04    0.00    1.86 ^ _6367_/A3 (AND3_X1)
     2    2.84    0.01    0.05    1.91 ^ _6367_/ZN (AND3_X1)
                                         _2624_ (net)
                  0.01    0.00    1.91 ^ _6368_/A3 (OR3_X1)
     1    1.79    0.01    0.03    1.94 ^ _6368_/ZN (OR3_X1)
                                         _2625_ (net)
                  0.01    0.00    1.94 ^ _6370_/A2 (NAND3_X1)
     1    1.54    0.01    0.02    1.96 v _6370_/ZN (NAND3_X1)
                                         _2627_ (net)
                  0.01    0.00    1.96 v _6371_/B1 (AOI21_X1)
     1    1.32    0.02    0.03    1.98 ^ _6371_/ZN (AOI21_X1)
                                         _0071_ (net)
                  0.02    0.00    1.98 ^ intermediateValue[29]$_DFFE_PP_/D (DFF_X1)
                                  1.98   data arrival time

                        100.00  100.00   clock clk0 (rise edge)
                          0.18  100.18   clock network delay (propagated)
                          0.00  100.18   clock reconvergence pessimism
                                100.18 ^ intermediateValue[29]$_DFFE_PP_/CK (DFF_X1)
                         -0.03  100.15   library setup time
                                100.15   data required time
-----------------------------------------------------------------------------
                                100.15   data required time
                                 -1.98   data arrival time
-----------------------------------------------------------------------------
                                 98.17   slack (MET)


Startpoint: step[4]$_SDFFE_PP0P_
            (rising edge-triggered flip-flop clocked by clk0)
Endpoint: intermediateValue[26]$_DFFE_PP_
          (rising edge-triggered flip-flop clocked by clk0)
Path Group: clk0
Path Type: max

Fanout     Cap    Slew   Delay    Time   Description
-----------------------------------------------------------------------------
                          0.00    0.00   clock clk0 (rise edge)
                          0.19    0.19   clock network delay (propagated)
                  0.04    0.00    0.19 ^ step[4]$_SDFFE_PP0P_/CK (DFF_X1)
    12   47.13    0.11    0.20    0.39 ^ step[4]$_SDFFE_PP0P_/Q (DFF_X1)
                                         step[4] (net)
                  0.11    0.00    0.39 ^ _3885_/A1 (NOR2_X4)
     3   14.27    0.02    0.02    0.40 v _3885_/ZN (NOR2_X4)
                                         _3242_ (net)
                  0.02    0.00    0.40 v _3886_/A2 (NAND2_X4)
    18   36.40    0.03    0.04    0.45 ^ _3886_/ZN (NAND2_X4)
                                         _3243_ (net)
                  0.03    0.00    0.45 ^ _3927_/B2 (OAI22_X1)
     1    1.88    0.01    0.03    0.47 v _3927_/ZN (OAI22_X1)
                                         _3284_ (net)
                  0.01    0.00    0.47 v _3928_/A3 (OR3_X2)
     2    5.64    0.01    0.08    0.55 v _3928_/ZN (OR3_X2)
                                         _3285_ (net)
                  0.01    0.00    0.55 v _3934_/A (AOI211_X2)
     2    8.34    0.05    0.09    0.64 ^ _3934_/ZN (AOI211_X2)
                                         _3291_ (net)
                  0.05    0.00    0.64 ^ _3939_/A2 (NAND3_X1)
     2    4.57    0.02    0.04    0.68 v _3939_/ZN (NAND3_X1)
                                         _3296_ (net)
                  0.02    0.00    0.68 v _3956_/A1 (NOR2_X1)
     1    6.09    0.04    0.05    0.74 ^ _3956_/ZN (NOR2_X1)
                                         _3313_ (net)
                  0.04    0.00    0.74 ^ _3967_/A2 (NAND4_X4)
     6   34.61    0.04    0.06    0.80 v _3967_/ZN (NAND4_X4)
                                         _3324_ (net)
                  0.04    0.00    0.80 v _3968_/A2 (NOR2_X4)
    13   42.09    0.05    0.08    0.88 ^ _3968_/ZN (NOR2_X4)
                                         _3325_ (net)
                  0.05    0.00    0.88 ^ _4051_/A1 (AND2_X4)
     5   21.01    0.02    0.05    0.94 ^ _4051_/ZN (AND2_X4)
                                         _3621_ (net)
                  0.02    0.00    0.94 ^ max_cap21/A (BUF_X8)
    32  119.41    0.03    0.05    0.99 ^ max_cap21/Z (BUF_X8)
                                         net21 (net)
                  0.03    0.01    0.99 ^ _7263_/B (HA_X1)
     3    6.39    0.04    0.08    1.07 ^ _7263_/S (HA_X1)
                                         _3781_ (net)
                  0.04    0.00    1.07 ^ _5700_/B1 (AOI21_X1)
     1    1.58    0.01    0.02    1.09 v _5700_/ZN (AOI21_X1)
                                         _1982_ (net)
                  0.01    0.00    1.09 v _5701_/B1 (OAI21_X1)
     2    4.75    0.03    0.04    1.13 ^ _5701_/ZN (OAI21_X1)
                                         _1983_ (net)
                  0.03    0.00    1.13 ^ _5779_/B1 (AOI21_X1)
     1    1.82    0.01    0.02    1.15 v _5779_/ZN (AOI21_X1)
                                         _2059_ (net)
                  0.01    0.00    1.15 v _5780_/B1 (OAI21_X1)
     2    3.84    0.03    0.04    1.19 ^ _5780_/ZN (OAI21_X1)
                                         _2060_ (net)
                  0.03    0.00    1.19 ^ _5892_/A2 (AND2_X1)
     1    1.84    0.01    0.04    1.23 ^ _5892_/ZN (AND2_X1)
                                         _2170_ (net)
                  0.01    0.00    1.23 ^ _5893_/B2 (OAI21_X1)
     2    3.09    0.01    0.02    1.24 v _5893_/ZN (OAI21_X1)
                                         _2171_ (net)
                  0.01    0.00    1.24 v _5896_/B2 (AOI21_X1)
     2    3.75    0.03    0.04    1.29 ^ _5896_/ZN (AOI21_X1)
                                         _2174_ (net)
                  0.03    0.00    1.29 ^ _5995_/B2 (OAI21_X1)
     2    2.58    0.01    0.02    1.31 v _5995_/ZN (OAI21_X1)
                                         _2271_ (net)
                  0.01    0.00    1.31 v _5997_/B2 (AOI21_X1)
     2    3.61    0.03    0.04    1.35 ^ _5997_/ZN (AOI21_X1)
                                         _2273_ (net)
                  0.03    0.00    1.35 ^ _6082_/B2 (OAI21_X1)
     2    2.78    0.01    0.02    1.38 v _6082_/ZN (OAI21_X1)
                                         _2356_ (net)
                  0.01    0.00    1.38 v _6083_/B2 (AOI21_X1)
     2    5.21    0.04    0.05    1.43 ^ _6083_/ZN (AOI21_X1)
                                         _2357_ (net)
                  0.04    0.00    1.43 ^ _6166_/B2 (OAI21_X1)
     2    2.51    0.02    0.03    1.46 v _6166_/ZN (OAI21_X1)
                                         _2438_ (net)
                  0.02    0.00    1.46 v _6168_/B2 (AOI21_X1)
     2    5.40    0.04    0.05    1.51 ^ _6168_/ZN (AOI21_X1)
                                         _2440_ (net)
                  0.04    0.00    1.51 ^ _6266_/B2 (OAI21_X1)
     2    2.47    0.02    0.03    1.53 v _6266_/ZN (OAI21_X1)
                                         _2536_ (net)
                  0.02    0.00    1.53 v _6267_/B2 (AOI21_X1)
     2    3.52    0.03    0.04    1.58 ^ _6267_/ZN (AOI21_X1)
                                         _2537_ (net)
                  0.03    0.00    1.58 ^ _6282_/B2 (OAI21_X1)
     2    2.47    0.01    0.02    1.60 v _6282_/ZN (OAI21_X1)
                                         _2550_ (net)
                  0.01    0.00    1.60 v _6283_/B2 (AOI21_X1)
     2    3.40    0.03    0.04    1.64 ^ _6283_/ZN (AOI21_X1)
                                         _2551_ (net)
                  0.03    0.00    1.64 ^ _6297_/B2 (OAI21_X1)
     2    2.44    0.01    0.02    1.67 v _6297_/ZN (OAI21_X1)
                                         _2563_ (net)
                  0.01    0.00    1.67 v _6298_/B2 (AOI21_X1)
     2    3.47    0.03    0.04    1.71 ^ _6298_/ZN (AOI21_X1)
                                         _2564_ (net)
                  0.03    0.00    1.71 ^ _6312_/B2 (OAI21_X1)
     2    3.23    0.01    0.03    1.73 v _6312_/ZN (OAI21_X1)
                                         _2576_ (net)
                  0.01    0.00    1.73 v _6313_/B2 (AOI21_X1)
     2    3.48    0.03    0.04    1.78 ^ _6313_/ZN (AOI21_X1)
                                         _2577_ (net)
                  0.03    0.00    1.78 ^ _6328_/B2 (OAI21_X1)
     2    3.13    0.01    0.03    1.80 v _6328_/ZN (OAI21_X1)
                                         _2590_ (net)
                  0.01    0.00    1.80 v _6329_/B2 (AOI21_X1)
     2    3.42    0.03    0.04    1.84 ^ _6329_/ZN (AOI21_X1)
                                         _2591_ (net)
                  0.03    0.00    1.84 ^ _6343_/B2 (OAI21_X1)
     2    3.26    0.01    0.03    1.87 v _6343_/ZN (OAI21_X1)
                                         _2603_ (net)
                  0.01    0.00    1.87 v _6344_/A2 (NAND2_X1)
     1    2.70    0.01    0.02    1.89 ^ _6344_/ZN (NAND2_X1)
                                         _2604_ (net)
                  0.01    0.00    1.89 ^ _6345_/B (XNOR2_X1)
     1    1.80    0.02    0.04    1.93 ^ _6345_/ZN (XNOR2_X1)
                                         _2605_ (net)
                  0.02    0.00    1.93 ^ _6346_/B1 (OAI21_X1)
     1    1.58    0.02    0.02    1.95 v _6346_/ZN (OAI21_X1)
                                         _2606_ (net)
                  0.02    0.00    1.95 v _6347_/A (OAI21_X1)
     1    1.79    0.02    0.03    1.97 ^ _6347_/ZN (OAI21_X1)
                                         _2607_ (net)
                  0.02    0.00    1.97 ^ _6348_/A (INV_X1)
     1    1.25    0.01    0.01    1.98 v _6348_/ZN (INV_X1)
                                         _0068_ (net)
                  0.01    0.00    1.98 v intermediateValue[26]$_DFFE_PP_/D (DFF_X1)
                                  1.98   data arrival time

                        100.00  100.00   clock clk0 (rise edge)
                          0.18  100.18   clock network delay (propagated)
                          0.00  100.18   clock reconvergence pessimism
                                100.18 ^ intermediateValue[26]$_DFFE_PP_/CK (DFF_X1)
                         -0.03  100.15   library setup time
                                100.15   data required time
-----------------------------------------------------------------------------
                                100.15   data required time
                                 -1.98   data arrival time
-----------------------------------------------------------------------------
                                 98.17   slack (MET)


Startpoint: step[4]$_SDFFE_PP0P_
            (rising edge-triggered flip-flop clocked by clk0)
Endpoint: intermediateValue[27]$_DFFE_PP_
          (rising edge-triggered flip-flop clocked by clk0)
Path Group: clk0
Path Type: max

Fanout     Cap    Slew   Delay    Time   Description
-----------------------------------------------------------------------------
                          0.00    0.00   clock clk0 (rise edge)
                          0.19    0.19   clock network delay (propagated)
                  0.04    0.00    0.19 ^ step[4]$_SDFFE_PP0P_/CK (DFF_X1)
    12   47.13    0.11    0.20    0.39 ^ step[4]$_SDFFE_PP0P_/Q (DFF_X1)
                                         step[4] (net)
                  0.11    0.00    0.39 ^ _3885_/A1 (NOR2_X4)
     3   14.27    0.02    0.02    0.40 v _3885_/ZN (NOR2_X4)
                                         _3242_ (net)
                  0.02    0.00    0.40 v _3886_/A2 (NAND2_X4)
    18   36.40    0.03    0.04    0.45 ^ _3886_/ZN (NAND2_X4)
                                         _3243_ (net)
                  0.03    0.00    0.45 ^ _3927_/B2 (OAI22_X1)
     1    1.88    0.01    0.03    0.47 v _3927_/ZN (OAI22_X1)
                                         _3284_ (net)
                  0.01    0.00    0.47 v _3928_/A3 (OR3_X2)
     2    5.64    0.01    0.08    0.55 v _3928_/ZN (OR3_X2)
                                         _3285_ (net)
                  0.01    0.00    0.55 v _3934_/A (AOI211_X2)
     2    8.34    0.05    0.09    0.64 ^ _3934_/ZN (AOI211_X2)
                                         _3291_ (net)
                  0.05    0.00    0.64 ^ _3939_/A2 (NAND3_X1)
     2    4.57    0.02    0.04    0.68 v _3939_/ZN (NAND3_X1)
                                         _3296_ (net)
                  0.02    0.00    0.68 v _3956_/A1 (NOR2_X1)
     1    6.09    0.04    0.05    0.74 ^ _3956_/ZN (NOR2_X1)
                                         _3313_ (net)
                  0.04    0.00    0.74 ^ _3967_/A2 (NAND4_X4)
     6   34.61    0.04    0.06    0.80 v _3967_/ZN (NAND4_X4)
                                         _3324_ (net)
                  0.04    0.00    0.80 v _3968_/A2 (NOR2_X4)
    13   42.09    0.05    0.08    0.88 ^ _3968_/ZN (NOR2_X4)
                                         _3325_ (net)
                  0.05    0.00    0.88 ^ _4051_/A1 (AND2_X4)
     5   21.01    0.02    0.05    0.94 ^ _4051_/ZN (AND2_X4)
                                         _3621_ (net)
                  0.02    0.00    0.94 ^ max_cap21/A (BUF_X8)
    32  119.41    0.03    0.05    0.99 ^ max_cap21/Z (BUF_X8)
                                         net21 (net)
                  0.03    0.01    0.99 ^ _7263_/B (HA_X1)
     3    6.39    0.04    0.08    1.07 ^ _7263_/S (HA_X1)
                                         _3781_ (net)
                  0.04    0.00    1.07 ^ _5638_/A (INV_X1)
     1    1.68    0.01    0.01    1.08 v _5638_/ZN (INV_X1)
                                         _1921_ (net)
                  0.01    0.00    1.08 v _5639_/B2 (OAI21_X1)
     2    4.52    0.03    0.05    1.12 ^ _5639_/ZN (OAI21_X1)
                                         _1922_ (net)
                  0.03    0.00    1.12 ^ _5737_/B1 (AOI21_X1)
     1    1.64    0.01    0.02    1.14 v _5737_/ZN (AOI21_X1)
                                         _2018_ (net)
                  0.01    0.00    1.14 v _5738_/B1 (OAI21_X1)
     2    4.68    0.03    0.04    1.18 ^ _5738_/ZN (OAI21_X1)
                                         _2019_ (net)
                  0.03    0.00    1.18 ^ _5827_/B1 (AOI21_X1)
     1    1.70    0.01    0.02    1.20 v _5827_/ZN (AOI21_X1)
                                         _2106_ (net)
                  0.01    0.00    1.20 v _5828_/B1 (OAI21_X1)
     2    4.29    0.03    0.04    1.24 ^ _5828_/ZN (OAI21_X1)
                                         _2107_ (net)
                  0.03    0.00    1.24 ^ _5961_/B1 (AOI21_X1)
     1    1.72    0.01    0.02    1.26 v _5961_/ZN (AOI21_X1)
                                         _2238_ (net)
                  0.01    0.00    1.26 v _5962_/B1 (OAI21_X1)
     2    4.50    0.03    0.04    1.30 ^ _5962_/ZN (OAI21_X1)
                                         _2239_ (net)
                  0.03    0.00    1.30 ^ _6061_/B1 (AOI21_X1)
     1    1.57    0.01    0.02    1.32 v _6061_/ZN (AOI21_X1)
                                         _2336_ (net)
                  0.01    0.00    1.32 v _6062_/B1 (OAI21_X1)
     2    4.65    0.03    0.04    1.37 ^ _6062_/ZN (OAI21_X1)
                                         _2337_ (net)
                  0.03    0.00    1.37 ^ _6155_/B1 (AOI21_X1)
     1    1.57    0.01    0.02    1.38 v _6155_/ZN (AOI21_X1)
                                         _2428_ (net)
                  0.01    0.00    1.38 v _6156_/B1 (OAI21_X1)
     2    4.46    0.03    0.04    1.43 ^ _6156_/ZN (OAI21_X1)
                                         _2429_ (net)
                  0.03    0.00    1.43 ^ _6257_/B1 (AOI21_X1)
     1    1.57    0.01    0.02    1.44 v _6257_/ZN (AOI21_X1)
                                         _2528_ (net)
                  0.01    0.00    1.44 v _6258_/B1 (OAI21_X1)
     2    4.65    0.03    0.04    1.49 ^ _6258_/ZN (OAI21_X1)
                                         _2529_ (net)
                  0.03    0.00    1.49 ^ _6274_/B1 (AOI21_X1)
     1    1.63    0.01    0.02    1.51 v _6274_/ZN (AOI21_X1)
                                         _2543_ (net)
                  0.01    0.00    1.51 v _6275_/B1 (OAI21_X1)
     2    4.45    0.03    0.04    1.55 ^ _6275_/ZN (OAI21_X1)
                                         _2544_ (net)
                  0.03    0.00    1.55 ^ _6289_/B1 (AOI21_X1)
     1    1.63    0.01    0.02    1.57 v _6289_/ZN (AOI21_X1)
                                         _2556_ (net)
                  0.01    0.00    1.57 v _6290_/B1 (OAI21_X1)
     2    4.63    0.03    0.04    1.61 ^ _6290_/ZN (OAI21_X1)
                                         _2557_ (net)
                  0.03    0.00    1.61 ^ _6304_/B1 (AOI21_X1)
     1    1.73    0.01    0.02    1.63 v _6304_/ZN (AOI21_X1)
                                         _2569_ (net)
                  0.01    0.00    1.63 v _6305_/B1 (OAI21_X1)
     2    4.46    0.03    0.04    1.67 ^ _6305_/ZN (OAI21_X1)
                                         _2570_ (net)
                  0.03    0.00    1.67 ^ _6320_/B1 (AOI21_X1)
     1    1.63    0.01    0.02    1.69 v _6320_/ZN (AOI21_X1)
                                         _2583_ (net)
                  0.01    0.00    1.69 v _6321_/B1 (OAI21_X1)
     2    4.53    0.03    0.04    1.73 ^ _6321_/ZN (OAI21_X1)
                                         _2584_ (net)
                  0.03    0.00    1.73 ^ _6336_/B1 (AOI21_X1)
     1    1.60    0.01    0.02    1.75 v _6336_/ZN (AOI21_X1)
                                         _2597_ (net)
                  0.01    0.00    1.75 v _6337_/B1 (OAI21_X1)
     2    4.70    0.03    0.04    1.79 ^ _6337_/ZN (OAI21_X1)
                                         _2598_ (net)
                  0.03    0.00    1.79 ^ _6350_/B1 (AOI21_X1)
     1    1.58    0.01    0.02    1.81 v _6350_/ZN (AOI21_X1)
                                         _2609_ (net)
                  0.01    0.00    1.81 v _6352_/B1 (OAI21_X1)
     3    5.57    0.04    0.05    1.86 ^ _6352_/ZN (OAI21_X1)
                                         _2611_ (net)
                  0.04    0.00    1.86 ^ _6353_/B (XNOR2_X1)
     1    1.80    0.02    0.05    1.90 ^ _6353_/ZN (XNOR2_X1)
                                         _2612_ (net)
                  0.02    0.00    1.90 ^ _6354_/B1 (OAI21_X1)
     1    1.77    0.02    0.02    1.92 v _6354_/ZN (OAI21_X1)
                                         _2613_ (net)
                  0.02    0.00    1.92 v _6355_/A (OAI21_X1)
     1    1.81    0.02    0.03    1.94 ^ _6355_/ZN (OAI21_X1)
                                         _2614_ (net)
                  0.02    0.00    1.94 ^ _6356_/A (INV_X1)
     1    1.29    0.01    0.01    1.95 v _6356_/ZN (INV_X1)
                                         _0069_ (net)
                  0.01    0.00    1.95 v intermediateValue[27]$_DFFE_PP_/D (DFF_X1)
                                  1.95   data arrival time

                        100.00  100.00   clock clk0 (rise edge)
                          0.18  100.18   clock network delay (propagated)
                          0.00  100.18   clock reconvergence pessimism
                                100.18 ^ intermediateValue[27]$_DFFE_PP_/CK (DFF_X1)
                         -0.03  100.15   library setup time
                                100.15   data required time
-----------------------------------------------------------------------------
                                100.15   data required time
                                 -1.95   data arrival time
-----------------------------------------------------------------------------
                                 98.20   slack (MET)


Startpoint: step[4]$_SDFFE_PP0P_
            (rising edge-triggered flip-flop clocked by clk0)
Endpoint: intermediateValue[24]$_DFFE_PP_
          (rising edge-triggered flip-flop clocked by clk0)
Path Group: clk0
Path Type: max

Fanout     Cap    Slew   Delay    Time   Description
-----------------------------------------------------------------------------
                          0.00    0.00   clock clk0 (rise edge)
                          0.19    0.19   clock network delay (propagated)
                  0.04    0.00    0.19 ^ step[4]$_SDFFE_PP0P_/CK (DFF_X1)
    12   47.13    0.11    0.20    0.39 ^ step[4]$_SDFFE_PP0P_/Q (DFF_X1)
                                         step[4] (net)
                  0.11    0.00    0.39 ^ _3885_/A1 (NOR2_X4)
     3   14.27    0.02    0.02    0.40 v _3885_/ZN (NOR2_X4)
                                         _3242_ (net)
                  0.02    0.00    0.40 v _3886_/A2 (NAND2_X4)
    18   36.40    0.03    0.04    0.45 ^ _3886_/ZN (NAND2_X4)
                                         _3243_ (net)
                  0.03    0.00    0.45 ^ _3927_/B2 (OAI22_X1)
     1    1.88    0.01    0.03    0.47 v _3927_/ZN (OAI22_X1)
                                         _3284_ (net)
                  0.01    0.00    0.47 v _3928_/A3 (OR3_X2)
     2    5.64    0.01    0.08    0.55 v _3928_/ZN (OR3_X2)
                                         _3285_ (net)
                  0.01    0.00    0.55 v _3934_/A (AOI211_X2)
     2    8.34    0.05    0.09    0.64 ^ _3934_/ZN (AOI211_X2)
                                         _3291_ (net)
                  0.05    0.00    0.64 ^ _3939_/A2 (NAND3_X1)
     2    4.57    0.02    0.04    0.68 v _3939_/ZN (NAND3_X1)
                                         _3296_ (net)
                  0.02    0.00    0.68 v _3956_/A1 (NOR2_X1)
     1    6.09    0.04    0.05    0.74 ^ _3956_/ZN (NOR2_X1)
                                         _3313_ (net)
                  0.04    0.00    0.74 ^ _3967_/A2 (NAND4_X4)
     6   34.61    0.04    0.06    0.80 v _3967_/ZN (NAND4_X4)
                                         _3324_ (net)
                  0.04    0.00    0.80 v _3968_/A2 (NOR2_X4)
    13   42.09    0.05    0.08    0.88 ^ _3968_/ZN (NOR2_X4)
                                         _3325_ (net)
                  0.05    0.00    0.88 ^ _4051_/A1 (AND2_X4)
     5   21.01    0.02    0.05    0.94 ^ _4051_/ZN (AND2_X4)
                                         _3621_ (net)
                  0.02    0.00    0.94 ^ max_cap21/A (BUF_X8)
    32  119.41    0.03    0.05    0.99 ^ max_cap21/Z (BUF_X8)
                                         net21 (net)
                  0.03    0.01    0.99 ^ _7263_/B (HA_X1)
     3    6.39    0.04    0.08    1.07 ^ _7263_/S (HA_X1)
                                         _3781_ (net)
                  0.04    0.00    1.07 ^ _5700_/B1 (AOI21_X1)
     1    1.58    0.01    0.02    1.09 v _5700_/ZN (AOI21_X1)
                                         _1982_ (net)
                  0.01    0.00    1.09 v _5701_/B1 (OAI21_X1)
     2    4.75    0.03    0.04    1.13 ^ _5701_/ZN (OAI21_X1)
                                         _1983_ (net)
                  0.03    0.00    1.13 ^ _5779_/B1 (AOI21_X1)
     1    1.82    0.01    0.02    1.15 v _5779_/ZN (AOI21_X1)
                                         _2059_ (net)
                  0.01    0.00    1.15 v _5780_/B1 (OAI21_X1)
     2    3.84    0.03    0.04    1.19 ^ _5780_/ZN (OAI21_X1)
                                         _2060_ (net)
                  0.03    0.00    1.19 ^ _5892_/A2 (AND2_X1)
     1    1.84    0.01    0.04    1.23 ^ _5892_/ZN (AND2_X1)
                                         _2170_ (net)
                  0.01    0.00    1.23 ^ _5893_/B2 (OAI21_X1)
     2    3.09    0.01    0.02    1.24 v _5893_/ZN (OAI21_X1)
                                         _2171_ (net)
                  0.01    0.00    1.24 v _5896_/B2 (AOI21_X1)
     2    3.75    0.03    0.04    1.29 ^ _5896_/ZN (AOI21_X1)
                                         _2174_ (net)
                  0.03    0.00    1.29 ^ _5995_/B2 (OAI21_X1)
     2    2.58    0.01    0.02    1.31 v _5995_/ZN (OAI21_X1)
                                         _2271_ (net)
                  0.01    0.00    1.31 v _5997_/B2 (AOI21_X1)
     2    3.61    0.03    0.04    1.35 ^ _5997_/ZN (AOI21_X1)
                                         _2273_ (net)
                  0.03    0.00    1.35 ^ _6082_/B2 (OAI21_X1)
     2    2.78    0.01    0.02    1.38 v _6082_/ZN (OAI21_X1)
                                         _2356_ (net)
                  0.01    0.00    1.38 v _6083_/B2 (AOI21_X1)
     2    5.21    0.04    0.05    1.43 ^ _6083_/ZN (AOI21_X1)
                                         _2357_ (net)
                  0.04    0.00    1.43 ^ _6166_/B2 (OAI21_X1)
     2    2.51    0.02    0.03    1.46 v _6166_/ZN (OAI21_X1)
                                         _2438_ (net)
                  0.02    0.00    1.46 v _6168_/B2 (AOI21_X1)
     2    5.40    0.04    0.05    1.51 ^ _6168_/ZN (AOI21_X1)
                                         _2440_ (net)
                  0.04    0.00    1.51 ^ _6266_/B2 (OAI21_X1)
     2    2.47    0.02    0.03    1.53 v _6266_/ZN (OAI21_X1)
                                         _2536_ (net)
                  0.02    0.00    1.53 v _6267_/B2 (AOI21_X1)
     2    3.52    0.03    0.04    1.58 ^ _6267_/ZN (AOI21_X1)
                                         _2537_ (net)
                  0.03    0.00    1.58 ^ _6282_/B2 (OAI21_X1)
     2    2.47    0.01    0.02    1.60 v _6282_/ZN (OAI21_X1)
                                         _2550_ (net)
                  0.01    0.00    1.60 v _6283_/B2 (AOI21_X1)
     2    3.40    0.03    0.04    1.64 ^ _6283_/ZN (AOI21_X1)
                                         _2551_ (net)
                  0.03    0.00    1.64 ^ _6297_/B2 (OAI21_X1)
     2    2.44    0.01    0.02    1.67 v _6297_/ZN (OAI21_X1)
                                         _2563_ (net)
                  0.01    0.00    1.67 v _6298_/B2 (AOI21_X1)
     2    3.47    0.03    0.04    1.71 ^ _6298_/ZN (AOI21_X1)
                                         _2564_ (net)
                  0.03    0.00    1.71 ^ _6312_/B2 (OAI21_X1)
     2    3.23    0.01    0.03    1.73 v _6312_/ZN (OAI21_X1)
                                         _2576_ (net)
                  0.01    0.00    1.73 v _6313_/B2 (AOI21_X1)
     2    3.48    0.03    0.04    1.78 ^ _6313_/ZN (AOI21_X1)
                                         _2577_ (net)
                  0.03    0.00    1.78 ^ _6328_/B2 (OAI21_X1)
     2    3.13    0.01    0.03    1.80 v _6328_/ZN (OAI21_X1)
                                         _2590_ (net)
                  0.01    0.00    1.80 v _6330_/A3 (NAND3_X1)
     1    1.91    0.01    0.02    1.83 ^ _6330_/ZN (NAND3_X1)
                                         _2592_ (net)
                  0.01    0.00    1.83 ^ _6331_/A2 (NAND2_X1)
     1    1.86    0.01    0.01    1.84 v _6331_/ZN (NAND2_X1)
                                         _2593_ (net)
                  0.01    0.00    1.84 v _6332_/B2 (OAI21_X1)
     1    1.78    0.02    0.03    1.87 ^ _6332_/ZN (OAI21_X1)
                                         _2594_ (net)
                  0.02    0.00    1.87 ^ _6333_/A (OAI21_X1)
     1    1.61    0.03    0.02    1.89 v _6333_/ZN (OAI21_X1)
                                         _2595_ (net)
                  0.03    0.00    1.89 v _6334_/A (INV_X1)
     1    1.28    0.01    0.02    1.91 ^ _6334_/ZN (INV_X1)
                                         _0066_ (net)
                  0.01    0.00    1.91 ^ intermediateValue[24]$_DFFE_PP_/D (DFF_X1)
                                  1.91   data arrival time

                        100.00  100.00   clock clk0 (rise edge)
                          0.18  100.18   clock network delay (propagated)
                          0.00  100.18   clock reconvergence pessimism
                                100.18 ^ intermediateValue[24]$_DFFE_PP_/CK (DFF_X1)
                         -0.03  100.15   library setup time
                                100.15   data required time
-----------------------------------------------------------------------------
                                100.15   data required time
                                 -1.91   data arrival time
-----------------------------------------------------------------------------
                                 98.24   slack (MET)


Startpoint: memory[238][3]$_SDFFE_PP0P_
            (rising edge-triggered flip-flop clocked by clk0)
Endpoint: intermediateValue[13]$_DFFE_PP_
          (rising edge-triggered flip-flop clocked by clk0)
Path Group: clk0
Path Type: max

Fanout     Cap    Slew   Delay    Time   Description
-----------------------------------------------------------------------------
                          0.00    0.00   clock clk0 (rise edge)
                          0.19    0.19   clock network delay (propagated)
                  0.04    0.00    0.19 ^ memory[238][3]$_SDFFE_PP0P_/CK (DFF_X1)
    12   57.75    0.13    0.21    0.40 ^ memory[238][3]$_SDFFE_PP0P_/QN (DFF_X1)
                                         _3665_ (net)
                  0.13    0.00    0.40 ^ _7224_/B (HA_X1)
     4   11.62    0.07    0.11    0.50 ^ _7224_/S (HA_X1)
                                         _3667_ (net)
                  0.07    0.00    0.50 ^ _4175_/A (INV_X1)
     1    3.50    0.02    0.02    0.52 v _4175_/ZN (INV_X1)
                                         _3669_ (net)
                  0.02    0.00    0.52 v _7226_/B (HA_X1)
     3   10.80    0.06    0.08    0.60 ^ _7226_/S (HA_X1)
                                         _3671_ (net)
                  0.06    0.00    0.60 ^ _4189_/B2 (AOI21_X1)
     1    3.14    0.02    0.03    0.63 v _4189_/ZN (AOI21_X1)
                                         _0496_ (net)
                  0.02    0.00    0.63 v _4192_/A (OAI21_X2)
     2    9.56    0.03    0.03    0.66 ^ _4192_/ZN (OAI21_X2)
                                         _0499_ (net)
                  0.03    0.00    0.66 ^ _4193_/B (XOR2_X2)
     7   35.32    0.09    0.13    0.79 ^ _4193_/Z (XOR2_X2)
                                         _0500_ (net)
                  0.09    0.00    0.79 ^ _4196_/A1 (NOR2_X4)
     3   13.97    0.02    0.02    0.81 v _4196_/ZN (NOR2_X4)
                                         _0503_ (net)
                  0.02    0.00    0.81 v _4212_/A2 (NAND2_X4)
     8   35.62    0.03    0.04    0.85 ^ _4212_/ZN (NAND2_X4)
                                         _0519_ (net)
                  0.03    0.00    0.85 ^ _4347_/A1 (OAI22_X1)
     1    1.60    0.01    0.02    0.87 v _4347_/ZN (OAI22_X1)
                                         _0654_ (net)
                  0.01    0.00    0.87 v _4351_/A3 (NOR4_X1)
     1    2.25    0.05    0.08    0.95 ^ _4351_/ZN (NOR4_X1)
                                         _0658_ (net)
                  0.05    0.00    0.95 ^ _4352_/A4 (NAND4_X1)
     1    2.02    0.02    0.04    0.99 v _4352_/ZN (NAND4_X1)
                                         _0659_ (net)
                  0.02    0.00    0.99 v _4355_/B (AOI211_X1)
     1    2.54    0.04    0.07    1.06 ^ _4355_/ZN (AOI211_X1)
                                         _0662_ (net)
                  0.04    0.00    1.06 ^ _4356_/A4 (NAND4_X1)
     1    3.36    0.03    0.04    1.10 v _4356_/ZN (NAND4_X1)
                                         _0663_ (net)
                  0.03    0.00    1.10 v _4408_/A2 (OR4_X4)
    16   40.33    0.03    0.12    1.22 v _4408_/ZN (OR4_X4)
                                         _0715_ (net)
                  0.03    0.00    1.22 v _4598_/B1 (OAI21_X1)
     2    4.34    0.03    0.05    1.27 ^ _4598_/ZN (OAI21_X1)
                                         _0891_ (net)
                  0.03    0.00    1.27 ^ _4599_/A (INV_X1)
     1    3.65    0.01    0.01    1.28 v _4599_/ZN (INV_X1)
                                         _3723_ (net)
                  0.01    0.00    1.28 v _7244_/B (HA_X1)
     2    4.39    0.03    0.05    1.33 ^ _7244_/S (HA_X1)
                                         _3725_ (net)
                  0.03    0.00    1.33 ^ _5167_/B2 (AOI21_X1)
     1    1.96    0.01    0.02    1.35 v _5167_/ZN (AOI21_X1)
                                         _1453_ (net)
                  0.01    0.00    1.35 v _5169_/B1 (OAI21_X1)
     1    2.11    0.02    0.03    1.38 ^ _5169_/ZN (OAI21_X1)
                                         _1455_ (net)
                  0.02    0.00    1.38 ^ _5170_/B2 (AOI21_X1)
     1    2.46    0.01    0.02    1.40 v _5170_/ZN (AOI21_X1)
                                         _1456_ (net)
                  0.01    0.00    1.40 v _5171_/A (INV_X1)
     1    1.83    0.01    0.01    1.41 ^ _5171_/ZN (INV_X1)
                                         _1457_ (net)
                  0.01    0.00    1.41 ^ _5172_/B1 (AOI21_X1)
     1    1.76    0.01    0.01    1.43 v _5172_/ZN (AOI21_X1)
                                         _1458_ (net)
                  0.01    0.00    1.43 v _5173_/B2 (OAI21_X1)
     1    1.77    0.02    0.03    1.46 ^ _5173_/ZN (OAI21_X1)
                                         _1459_ (net)
                  0.02    0.00    1.46 ^ _5175_/B1 (AOI21_X1)
     1    2.47    0.01    0.02    1.48 v _5175_/ZN (AOI21_X1)
                                         _1461_ (net)
                  0.01    0.00    1.48 v _5177_/B1 (OAI21_X1)
     2    3.68    0.03    0.04    1.52 ^ _5177_/ZN (OAI21_X1)
                                         _1463_ (net)
                  0.03    0.00    1.52 ^ _5526_/A2 (NOR2_X1)
     1    2.84    0.01    0.02    1.53 v _5526_/ZN (NOR2_X1)
                                         _1811_ (net)
                  0.01    0.00    1.53 v _5528_/A1 (NOR2_X2)
     3   11.32    0.03    0.04    1.58 ^ _5528_/ZN (NOR2_X2)
                                         _1813_ (net)
                  0.03    0.00    1.58 ^ _5630_/A3 (NAND3_X4)
    15   49.89    0.05    0.06    1.63 v _5630_/ZN (NAND3_X4)
                                         _1913_ (net)
                  0.05    0.00    1.63 v _6041_/A (INV_X8)
    15   35.19    0.02    0.04    1.67 ^ _6041_/ZN (INV_X8)
                                         _2316_ (net)
                  0.02    0.00    1.67 ^ _6130_/A1 (NAND4_X1)
     1    1.74    0.02    0.03    1.70 v _6130_/ZN (NAND4_X1)
                                         _2403_ (net)
                  0.02    0.00    1.70 v _6142_/A (AOI211_X1)
     1    1.93    0.04    0.07    1.77 ^ _6142_/ZN (AOI211_X1)
                                         _2415_ (net)
                  0.04    0.00    1.77 ^ _6153_/A (OAI221_X1)
     1    1.82    0.02    0.04    1.81 v _6153_/ZN (OAI221_X1)
                                         _2426_ (net)
                  0.02    0.00    1.81 v _6158_/B (AOI211_X1)
     1    1.88    0.04    0.07    1.88 ^ _6158_/ZN (AOI211_X1)
                                         _2431_ (net)
                  0.04    0.00    1.88 ^ _6161_/A1 (NOR2_X1)
     1    1.20    0.01    0.01    1.89 v _6161_/ZN (NOR2_X1)
                                         _0055_ (net)
                  0.01    0.00    1.89 v intermediateValue[13]$_DFFE_PP_/D (DFF_X1)
                                  1.89   data arrival time

                        100.00  100.00   clock clk0 (rise edge)
                          0.18  100.18   clock network delay (propagated)
                          0.00  100.18   clock reconvergence pessimism
                                100.18 ^ intermediateValue[13]$_DFFE_PP_/CK (DFF_X1)
                         -0.03  100.15   library setup time
                                100.15   data required time
-----------------------------------------------------------------------------
                                100.15   data required time
                                 -1.89   data arrival time
-----------------------------------------------------------------------------
                                 98.26   slack (MET)


Startpoint: step[4]$_SDFFE_PP0P_
            (rising edge-triggered flip-flop clocked by clk0)
Endpoint: intermediateValue[25]$_DFFE_PP_
          (rising edge-triggered flip-flop clocked by clk0)
Path Group: clk0
Path Type: max

Fanout     Cap    Slew   Delay    Time   Description
-----------------------------------------------------------------------------
                          0.00    0.00   clock clk0 (rise edge)
                          0.19    0.19   clock network delay (propagated)
                  0.04    0.00    0.19 ^ step[4]$_SDFFE_PP0P_/CK (DFF_X1)
    12   47.13    0.11    0.20    0.39 ^ step[4]$_SDFFE_PP0P_/Q (DFF_X1)
                                         step[4] (net)
                  0.11    0.00    0.39 ^ _3885_/A1 (NOR2_X4)
     3   14.27    0.02    0.02    0.40 v _3885_/ZN (NOR2_X4)
                                         _3242_ (net)
                  0.02    0.00    0.40 v _3886_/A2 (NAND2_X4)
    18   36.40    0.03    0.04    0.45 ^ _3886_/ZN (NAND2_X4)
                                         _3243_ (net)
                  0.03    0.00    0.45 ^ _3927_/B2 (OAI22_X1)
     1    1.88    0.01    0.03    0.47 v _3927_/ZN (OAI22_X1)
                                         _3284_ (net)
                  0.01    0.00    0.47 v _3928_/A3 (OR3_X2)
     2    5.64    0.01    0.08    0.55 v _3928_/ZN (OR3_X2)
                                         _3285_ (net)
                  0.01    0.00    0.55 v _3934_/A (AOI211_X2)
     2    8.34    0.05    0.09    0.64 ^ _3934_/ZN (AOI211_X2)
                                         _3291_ (net)
                  0.05    0.00    0.64 ^ _3939_/A2 (NAND3_X1)
     2    4.57    0.02    0.04    0.68 v _3939_/ZN (NAND3_X1)
                                         _3296_ (net)
                  0.02    0.00    0.68 v _3956_/A1 (NOR2_X1)
     1    6.09    0.04    0.05    0.74 ^ _3956_/ZN (NOR2_X1)
                                         _3313_ (net)
                  0.04    0.00    0.74 ^ _3967_/A2 (NAND4_X4)
     6   34.61    0.04    0.06    0.80 v _3967_/ZN (NAND4_X4)
                                         _3324_ (net)
                  0.04    0.00    0.80 v _3968_/A2 (NOR2_X4)
    13   42.09    0.05    0.08    0.88 ^ _3968_/ZN (NOR2_X4)
                                         _3325_ (net)
                  0.05    0.00    0.88 ^ _4051_/A1 (AND2_X4)
     5   21.01    0.02    0.05    0.94 ^ _4051_/ZN (AND2_X4)
                                         _3621_ (net)
                  0.02    0.00    0.94 ^ max_cap21/A (BUF_X8)
    32  119.41    0.03    0.05    0.99 ^ max_cap21/Z (BUF_X8)
                                         net21 (net)
                  0.03    0.01    0.99 ^ _7263_/B (HA_X1)
     3    6.39    0.04    0.08    1.07 ^ _7263_/S (HA_X1)
                                         _3781_ (net)
                  0.04    0.00    1.07 ^ _5638_/A (INV_X1)
     1    1.68    0.01    0.01    1.08 v _5638_/ZN (INV_X1)
                                         _1921_ (net)
                  0.01    0.00    1.08 v _5639_/B2 (OAI21_X1)
     2    4.52    0.03    0.05    1.12 ^ _5639_/ZN (OAI21_X1)
                                         _1922_ (net)
                  0.03    0.00    1.12 ^ _5737_/B1 (AOI21_X1)
     1    1.64    0.01    0.02    1.14 v _5737_/ZN (AOI21_X1)
                                         _2018_ (net)
                  0.01    0.00    1.14 v _5738_/B1 (OAI21_X1)
     2    4.68    0.03    0.04    1.18 ^ _5738_/ZN (OAI21_X1)
                                         _2019_ (net)
                  0.03    0.00    1.18 ^ _5827_/B1 (AOI21_X1)
     1    1.70    0.01    0.02    1.20 v _5827_/ZN (AOI21_X1)
                                         _2106_ (net)
                  0.01    0.00    1.20 v _5828_/B1 (OAI21_X1)
     2    4.29    0.03    0.04    1.24 ^ _5828_/ZN (OAI21_X1)
                                         _2107_ (net)
                  0.03    0.00    1.24 ^ _5961_/B1 (AOI21_X1)
     1    1.72    0.01    0.02    1.26 v _5961_/ZN (AOI21_X1)
                                         _2238_ (net)
                  0.01    0.00    1.26 v _5962_/B1 (OAI21_X1)
     2    4.50    0.03    0.04    1.30 ^ _5962_/ZN (OAI21_X1)
                                         _2239_ (net)
                  0.03    0.00    1.30 ^ _6061_/B1 (AOI21_X1)
     1    1.57    0.01    0.02    1.32 v _6061_/ZN (AOI21_X1)
                                         _2336_ (net)
                  0.01    0.00    1.32 v _6062_/B1 (OAI21_X1)
     2    4.65    0.03    0.04    1.37 ^ _6062_/ZN (OAI21_X1)
                                         _2337_ (net)
                  0.03    0.00    1.37 ^ _6155_/B1 (AOI21_X1)
     1    1.57    0.01    0.02    1.38 v _6155_/ZN (AOI21_X1)
                                         _2428_ (net)
                  0.01    0.00    1.38 v _6156_/B1 (OAI21_X1)
     2    4.46    0.03    0.04    1.43 ^ _6156_/ZN (OAI21_X1)
                                         _2429_ (net)
                  0.03    0.00    1.43 ^ _6257_/B1 (AOI21_X1)
     1    1.57    0.01    0.02    1.44 v _6257_/ZN (AOI21_X1)
                                         _2528_ (net)
                  0.01    0.00    1.44 v _6258_/B1 (OAI21_X1)
     2    4.65    0.03    0.04    1.49 ^ _6258_/ZN (OAI21_X1)
                                         _2529_ (net)
                  0.03    0.00    1.49 ^ _6274_/B1 (AOI21_X1)
     1    1.63    0.01    0.02    1.51 v _6274_/ZN (AOI21_X1)
                                         _2543_ (net)
                  0.01    0.00    1.51 v _6275_/B1 (OAI21_X1)
     2    4.45    0.03    0.04    1.55 ^ _6275_/ZN (OAI21_X1)
                                         _2544_ (net)
                  0.03    0.00    1.55 ^ _6289_/B1 (AOI21_X1)
     1    1.63    0.01    0.02    1.57 v _6289_/ZN (AOI21_X1)
                                         _2556_ (net)
                  0.01    0.00    1.57 v _6290_/B1 (OAI21_X1)
     2    4.63    0.03    0.04    1.61 ^ _6290_/ZN (OAI21_X1)
                                         _2557_ (net)
                  0.03    0.00    1.61 ^ _6304_/B1 (AOI21_X1)
     1    1.73    0.01    0.02    1.63 v _6304_/ZN (AOI21_X1)
                                         _2569_ (net)
                  0.01    0.00    1.63 v _6305_/B1 (OAI21_X1)
     2    4.46    0.03    0.04    1.67 ^ _6305_/ZN (OAI21_X1)
                                         _2570_ (net)
                  0.03    0.00    1.67 ^ _6320_/B1 (AOI21_X1)
     1    1.63    0.01    0.02    1.69 v _6320_/ZN (AOI21_X1)
                                         _2583_ (net)
                  0.01    0.00    1.69 v _6321_/B1 (OAI21_X1)
     2    4.53    0.03    0.04    1.73 ^ _6321_/ZN (OAI21_X1)
                                         _2584_ (net)
                  0.03    0.00    1.73 ^ _6336_/B1 (AOI21_X1)
     1    1.60    0.01    0.02    1.75 v _6336_/ZN (AOI21_X1)
                                         _2597_ (net)
                  0.01    0.00    1.75 v _6337_/B1 (OAI21_X1)
     2    4.70    0.03    0.04    1.79 ^ _6337_/ZN (OAI21_X1)
                                         _2598_ (net)
                  0.03    0.00    1.79 ^ _6338_/B (XNOR2_X1)
     1    1.79    0.02    0.04    1.84 ^ _6338_/ZN (XNOR2_X1)
                                         _2599_ (net)
                  0.02    0.00    1.84 ^ _6339_/B1 (OAI21_X1)
     1    1.67    0.02    0.02    1.85 v _6339_/ZN (OAI21_X1)
                                         _2600_ (net)
                  0.02    0.00    1.85 v _6340_/A (OAI21_X1)
     1    1.97    0.02    0.03    1.88 ^ _6340_/ZN (OAI21_X1)
                                         _2601_ (net)
                  0.02    0.00    1.88 ^ _6341_/A (INV_X1)
     1    1.26    0.01    0.01    1.89 v _6341_/ZN (INV_X1)
                                         _0067_ (net)
                  0.01    0.00    1.89 v intermediateValue[25]$_DFFE_PP_/D (DFF_X1)
                                  1.89   data arrival time

                        100.00  100.00   clock clk0 (rise edge)
                          0.18  100.18   clock network delay (propagated)
                          0.00  100.18   clock reconvergence pessimism
                                100.18 ^ intermediateValue[25]$_DFFE_PP_/CK (DFF_X1)
                         -0.03  100.15   library setup time
                                100.15   data required time
-----------------------------------------------------------------------------
                                100.15   data required time
                                 -1.89   data arrival time
-----------------------------------------------------------------------------
                                 98.27   slack (MET)


Startpoint: memory[238][3]$_SDFFE_PP0P_
            (rising edge-triggered flip-flop clocked by clk0)
Endpoint: intermediateValue[15]$_DFFE_PP_
          (rising edge-triggered flip-flop clocked by clk0)
Path Group: clk0
Path Type: max

Fanout     Cap    Slew   Delay    Time   Description
-----------------------------------------------------------------------------
                          0.00    0.00   clock clk0 (rise edge)
                          0.19    0.19   clock network delay (propagated)
                  0.04    0.00    0.19 ^ memory[238][3]$_SDFFE_PP0P_/CK (DFF_X1)
    12   57.75    0.13    0.21    0.40 ^ memory[238][3]$_SDFFE_PP0P_/QN (DFF_X1)
                                         _3665_ (net)
                  0.13    0.00    0.40 ^ _7224_/B (HA_X1)
     4   11.62    0.07    0.11    0.50 ^ _7224_/S (HA_X1)
                                         _3667_ (net)
                  0.07    0.00    0.50 ^ _4175_/A (INV_X1)
     1    3.50    0.02    0.02    0.52 v _4175_/ZN (INV_X1)
                                         _3669_ (net)
                  0.02    0.00    0.52 v _7226_/B (HA_X1)
     3   10.80    0.06    0.08    0.60 ^ _7226_/S (HA_X1)
                                         _3671_ (net)
                  0.06    0.00    0.60 ^ _4189_/B2 (AOI21_X1)
     1    3.14    0.02    0.03    0.63 v _4189_/ZN (AOI21_X1)
                                         _0496_ (net)
                  0.02    0.00    0.63 v _4192_/A (OAI21_X2)
     2    9.56    0.03    0.03    0.66 ^ _4192_/ZN (OAI21_X2)
                                         _0499_ (net)
                  0.03    0.00    0.66 ^ _4193_/B (XOR2_X2)
     7   35.32    0.09    0.13    0.79 ^ _4193_/Z (XOR2_X2)
                                         _0500_ (net)
                  0.09    0.00    0.79 ^ _4196_/A1 (NOR2_X4)
     3   13.97    0.02    0.02    0.81 v _4196_/ZN (NOR2_X4)
                                         _0503_ (net)
                  0.02    0.00    0.81 v _4212_/A2 (NAND2_X4)
     8   35.62    0.03    0.04    0.85 ^ _4212_/ZN (NAND2_X4)
                                         _0519_ (net)
                  0.03    0.00    0.85 ^ _4347_/A1 (OAI22_X1)
     1    1.60    0.01    0.02    0.87 v _4347_/ZN (OAI22_X1)
                                         _0654_ (net)
                  0.01    0.00    0.87 v _4351_/A3 (NOR4_X1)
     1    2.25    0.05    0.08    0.95 ^ _4351_/ZN (NOR4_X1)
                                         _0658_ (net)
                  0.05    0.00    0.95 ^ _4352_/A4 (NAND4_X1)
     1    2.02    0.02    0.04    0.99 v _4352_/ZN (NAND4_X1)
                                         _0659_ (net)
                  0.02    0.00    0.99 v _4355_/B (AOI211_X1)
     1    2.54    0.04    0.07    1.06 ^ _4355_/ZN (AOI211_X1)
                                         _0662_ (net)
                  0.04    0.00    1.06 ^ _4356_/A4 (NAND4_X1)
     1    3.36    0.03    0.04    1.10 v _4356_/ZN (NAND4_X1)
                                         _0663_ (net)
                  0.03    0.00    1.10 v _4408_/A2 (OR4_X4)
    16   40.33    0.03    0.12    1.22 v _4408_/ZN (OR4_X4)
                                         _0715_ (net)
                  0.03    0.00    1.22 v _4598_/B1 (OAI21_X1)
     2    4.34    0.03    0.05    1.27 ^ _4598_/ZN (OAI21_X1)
                                         _0891_ (net)
                  0.03    0.00    1.27 ^ _4599_/A (INV_X1)
     1    3.65    0.01    0.01    1.28 v _4599_/ZN (INV_X1)
                                         _3723_ (net)
                  0.01    0.00    1.28 v _7244_/B (HA_X1)
     2    4.39    0.03    0.05    1.33 ^ _7244_/S (HA_X1)
                                         _3725_ (net)
                  0.03    0.00    1.33 ^ _5167_/B2 (AOI21_X1)
     1    1.96    0.01    0.02    1.35 v _5167_/ZN (AOI21_X1)
                                         _1453_ (net)
                  0.01    0.00    1.35 v _5169_/B1 (OAI21_X1)
     1    2.11    0.02    0.03    1.38 ^ _5169_/ZN (OAI21_X1)
                                         _1455_ (net)
                  0.02    0.00    1.38 ^ _5170_/B2 (AOI21_X1)
     1    2.46    0.01    0.02    1.40 v _5170_/ZN (AOI21_X1)
                                         _1456_ (net)
                  0.01    0.00    1.40 v _5171_/A (INV_X1)
     1    1.83    0.01    0.01    1.41 ^ _5171_/ZN (INV_X1)
                                         _1457_ (net)
                  0.01    0.00    1.41 ^ _5172_/B1 (AOI21_X1)
     1    1.76    0.01    0.01    1.43 v _5172_/ZN (AOI21_X1)
                                         _1458_ (net)
                  0.01    0.00    1.43 v _5173_/B2 (OAI21_X1)
     1    1.77    0.02    0.03    1.46 ^ _5173_/ZN (OAI21_X1)
                                         _1459_ (net)
                  0.02    0.00    1.46 ^ _5175_/B1 (AOI21_X1)
     1    2.47    0.01    0.02    1.48 v _5175_/ZN (AOI21_X1)
                                         _1461_ (net)
                  0.01    0.00    1.48 v _5177_/B1 (OAI21_X1)
     2    3.68    0.03    0.04    1.52 ^ _5177_/ZN (OAI21_X1)
                                         _1463_ (net)
                  0.03    0.00    1.52 ^ _5526_/A2 (NOR2_X1)
     1    2.84    0.01    0.02    1.53 v _5526_/ZN (NOR2_X1)
                                         _1811_ (net)
                  0.01    0.00    1.53 v _5528_/A1 (NOR2_X2)
     3   11.32    0.03    0.04    1.58 ^ _5528_/ZN (NOR2_X2)
                                         _1813_ (net)
                  0.03    0.00    1.58 ^ _5630_/A3 (NAND3_X4)
    15   49.89    0.05    0.06    1.63 v _5630_/ZN (NAND3_X4)
                                         _1913_ (net)
                  0.05    0.00    1.63 v _6241_/A (AOI211_X1)
     1    1.96    0.04    0.08    1.72 ^ _6241_/ZN (AOI211_X1)
                                         _2512_ (net)
                  0.04    0.00    1.72 ^ _6242_/A (OAI21_X1)
     1    1.68    0.01    0.03    1.74 v _6242_/ZN (OAI21_X1)
                                         _2513_ (net)
                  0.01    0.00    1.74 v _6255_/A2 (NOR3_X1)
     1    2.76    0.03    0.05    1.80 ^ _6255_/ZN (NOR3_X1)
                                         _2526_ (net)
                  0.03    0.00    1.80 ^ _6260_/A (OAI21_X1)
     1    2.25    0.02    0.03    1.82 v _6260_/ZN (OAI21_X1)
                                         _2531_ (net)
                  0.02    0.00    1.82 v _6261_/B2 (OAI22_X1)
     1    1.75    0.03    0.05    1.87 ^ _6261_/ZN (OAI22_X1)
                                         _2532_ (net)
                  0.03    0.00    1.87 ^ _6262_/A (INV_X1)
     1    1.20    0.01    0.01    1.88 v _6262_/ZN (INV_X1)
                                         _0057_ (net)
                  0.01    0.00    1.88 v intermediateValue[15]$_DFFE_PP_/D (DFF_X1)
                                  1.88   data arrival time

                        100.00  100.00   clock clk0 (rise edge)
                          0.18  100.18   clock network delay (propagated)
                          0.00  100.18   clock reconvergence pessimism
                                100.18 ^ intermediateValue[15]$_DFFE_PP_/CK (DFF_X1)
                         -0.03  100.15   library setup time
                                100.15   data required time
-----------------------------------------------------------------------------
                                100.15   data required time
                                 -1.88   data arrival time
-----------------------------------------------------------------------------
                                 98.28   slack (MET)


