Startpoint: step[4]$_SDFFE_PP0P_
            (rising edge-triggered flip-flop clocked by clk0)
Endpoint: intermediateValue[28]$_DFFE_PP_
          (rising edge-triggered flip-flop clocked by clk0)
Path Group: clk0
Path Type: max

Fanout     Cap    Slew   Delay    Time   Description
-----------------------------------------------------------------------------
                          0.00    0.00   clock clk0 (rise edge)
                          0.00    0.00   clock source latency
     1   12.24    0.03    0.03    0.03 ^ clock (in)
                                         clock (net)
                  0.03    0.00    0.03 ^ clkbuf_0_clock/A (CLKBUF_X3)
     2    6.12    0.01    0.04    0.07 ^ clkbuf_0_clock/Z (CLKBUF_X3)
                                         clknet_0_clock (net)
                  0.01    0.00    0.07 ^ clkbuf_1_0__f_clock/A (CLKBUF_X3)
     5   20.80    0.02    0.04    0.12 ^ clkbuf_1_0__f_clock/Z (CLKBUF_X3)
                                         clknet_1_0__leaf_clock (net)
                  0.02    0.00    0.12 ^ clkbuf_leaf_7_clock/A (CLKBUF_X3)
    30   45.22    0.04    0.07    0.18 ^ clkbuf_leaf_7_clock/Z (CLKBUF_X3)
                                         clknet_leaf_7_clock (net)
                  0.04    0.00    0.19 ^ step[4]$_SDFFE_PP0P_/CK (DFF_X1)
    12   47.13    0.11    0.20    0.39 ^ step[4]$_SDFFE_PP0P_/Q (DFF_X1)
                                         step[4] (net)
                  0.11    0.00    0.39 ^ _3885_/A1 (NOR2_X4)
     3   14.27    0.02    0.02    0.40 v _3885_/ZN (NOR2_X4)
                                         _3242_ (net)
                  0.02    0.00    0.40 v _3886_/A2 (NAND2_X4)
    18   36.40    0.03    0.04    0.45 ^ _3886_/ZN (NAND2_X4)
                                         _3243_ (net)
                  0.03    0.00    0.45 ^ _3927_/B2 (OAI22_X1)
     1    1.88    0.01    0.03    0.47 v _3927_/ZN (OAI22_X1)
                                         _3284_ (net)
                  0.01    0.00    0.47 v _3928_/A3 (OR3_X2)
     2    5.64    0.01    0.08    0.55 v _3928_/ZN (OR3_X2)
                                         _3285_ (net)
                  0.01    0.00    0.55 v _3934_/A (AOI211_X2)
     2    8.34    0.05    0.09    0.64 ^ _3934_/ZN (AOI211_X2)
                                         _3291_ (net)
                  0.05    0.00    0.64 ^ _3939_/A2 (NAND3_X1)
     2    4.57    0.02    0.04    0.68 v _3939_/ZN (NAND3_X1)
                                         _3296_ (net)
                  0.02    0.00    0.68 v _3956_/A1 (NOR2_X1)
     1    6.09    0.04    0.05    0.74 ^ _3956_/ZN (NOR2_X1)
                                         _3313_ (net)
                  0.04    0.00    0.74 ^ _3967_/A2 (NAND4_X4)
     6   34.61    0.04    0.06    0.80 v _3967_/ZN (NAND4_X4)
                                         _3324_ (net)
                  0.04    0.00    0.80 v _3968_/A2 (NOR2_X4)
    13   42.09    0.05    0.08    0.88 ^ _3968_/ZN (NOR2_X4)
                                         _3325_ (net)
                  0.05    0.00    0.88 ^ _4051_/A1 (AND2_X4)
     5   21.01    0.02    0.05    0.94 ^ _4051_/ZN (AND2_X4)
                                         _3621_ (net)
                  0.02    0.00    0.94 ^ max_cap21/A (BUF_X8)
    32  119.41    0.03    0.05    0.99 ^ max_cap21/Z (BUF_X8)
                                         net21 (net)
                  0.03    0.01    0.99 ^ _7263_/B (HA_X1)
     3    6.39    0.04    0.08    1.07 ^ _7263_/S (HA_X1)
                                         _3781_ (net)
                  0.04    0.00    1.07 ^ _5700_/B1 (AOI21_X1)
     1    1.58    0.01    0.02    1.09 v _5700_/ZN (AOI21_X1)
                                         _1982_ (net)
                  0.01    0.00    1.09 v _5701_/B1 (OAI21_X1)
     2    4.75    0.03    0.04    1.13 ^ _5701_/ZN (OAI21_X1)
                                         _1983_ (net)
                  0.03    0.00    1.13 ^ _5779_/B1 (AOI21_X1)
     1    1.82    0.01    0.02    1.15 v _5779_/ZN (AOI21_X1)
                                         _2059_ (net)
                  0.01    0.00    1.15 v _5780_/B1 (OAI21_X1)
     2    3.84    0.03    0.04    1.19 ^ _5780_/ZN (OAI21_X1)
                                         _2060_ (net)
                  0.03    0.00    1.19 ^ _5892_/A2 (AND2_X1)
     1    1.84    0.01    0.04    1.23 ^ _5892_/ZN (AND2_X1)
                                         _2170_ (net)
                  0.01    0.00    1.23 ^ _5893_/B2 (OAI21_X1)
     2    3.09    0.01    0.02    1.24 v _5893_/ZN (OAI21_X1)
                                         _2171_ (net)
                  0.01    0.00    1.24 v _5896_/B2 (AOI21_X1)
     2    3.75    0.03    0.04    1.29 ^ _5896_/ZN (AOI21_X1)
                                         _2174_ (net)
                  0.03    0.00    1.29 ^ _5995_/B2 (OAI21_X1)
     2    2.58    0.01    0.02    1.31 v _5995_/ZN (OAI21_X1)
                                         _2271_ (net)
                  0.01    0.00    1.31 v _5997_/B2 (AOI21_X1)
     2    3.61    0.03    0.04    1.35 ^ _5997_/ZN (AOI21_X1)
                                         _2273_ (net)
                  0.03    0.00    1.35 ^ _6082_/B2 (OAI21_X1)
     2    2.78    0.01    0.02    1.38 v _6082_/ZN (OAI21_X1)
                                         _2356_ (net)
                  0.01    0.00    1.38 v _6083_/B2 (AOI21_X1)
     2    5.21    0.04    0.05    1.43 ^ _6083_/ZN (AOI21_X1)
                                         _2357_ (net)
                  0.04    0.00    1.43 ^ _6166_/B2 (OAI21_X1)
     2    2.51    0.02    0.03    1.46 v _6166_/ZN (OAI21_X1)
                                         _2438_ (net)
                  0.02    0.00    1.46 v _6168_/B2 (AOI21_X1)
     2    5.40    0.04    0.05    1.51 ^ _6168_/ZN (AOI21_X1)
                                         _2440_ (net)
                  0.04    0.00    1.51 ^ _6266_/B2 (OAI21_X1)
     2    2.47    0.02    0.03    1.53 v _6266_/ZN (OAI21_X1)
                                         _2536_ (net)
                  0.02    0.00    1.53 v _6267_/B2 (AOI21_X1)
     2    3.52    0.03    0.04    1.58 ^ _6267_/ZN (AOI21_X1)
                                         _2537_ (net)
                  0.03    0.00    1.58 ^ _6282_/B2 (OAI21_X1)
     2    2.47    0.01    0.02    1.60 v _6282_/ZN (OAI21_X1)
                                         _2550_ (net)
                  0.01    0.00    1.60 v _6283_/B2 (AOI21_X1)
     2    3.40    0.03    0.04    1.64 ^ _6283_/ZN (AOI21_X1)
                                         _2551_ (net)
                  0.03    0.00    1.64 ^ _6297_/B2 (OAI21_X1)
     2    2.44    0.01    0.02    1.67 v _6297_/ZN (OAI21_X1)
                                         _2563_ (net)
                  0.01    0.00    1.67 v _6298_/B2 (AOI21_X1)
     2    3.47    0.03    0.04    1.71 ^ _6298_/ZN (AOI21_X1)
                                         _2564_ (net)
                  0.03    0.00    1.71 ^ _6312_/B2 (OAI21_X1)
     2    3.23    0.01    0.03    1.73 v _6312_/ZN (OAI21_X1)
                                         _2576_ (net)
                  0.01    0.00    1.73 v _6313_/B2 (AOI21_X1)
     2    3.48    0.03    0.04    1.78 ^ _6313_/ZN (AOI21_X1)
                                         _2577_ (net)
                  0.03    0.00    1.78 ^ _6328_/B2 (OAI21_X1)
     2    3.13    0.01    0.03    1.80 v _6328_/ZN (OAI21_X1)
                                         _2590_ (net)
                  0.01    0.00    1.80 v _6329_/B2 (AOI21_X1)
     2    3.42    0.03    0.04    1.84 ^ _6329_/ZN (AOI21_X1)
                                         _2591_ (net)
                  0.03    0.00    1.84 ^ _6343_/B2 (OAI21_X1)
     2    3.26    0.01    0.03    1.87 v _6343_/ZN (OAI21_X1)
                                         _2603_ (net)
                  0.01    0.00    1.87 v _6358_/C2 (AOI211_X1)
     1    1.95    0.04    0.05    1.92 ^ _6358_/ZN (AOI211_X1)
                                         _2616_ (net)
                  0.04    0.00    1.92 ^ _6359_/B (AOI211_X1)
     2    4.51    0.02    0.03    1.94 v _6359_/ZN (AOI211_X1)
                                         _2617_ (net)
                  0.02    0.00    1.95 v _6360_/B (XOR2_X1)
     1    1.59    0.02    0.06    2.00 v _6360_/Z (XOR2_X1)
                                         _2618_ (net)
                  0.02    0.00    2.00 v _6361_/B1 (OAI21_X1)
     1    1.73    0.02    0.03    2.03 ^ _6361_/ZN (OAI21_X1)
                                         _2619_ (net)
                  0.02    0.00    2.03 ^ _6362_/A (OAI21_X1)
     1    1.82    0.03    0.02    2.06 v _6362_/ZN (OAI21_X1)
                                         _2620_ (net)
                  0.03    0.00    2.06 v _6363_/A (INV_X1)
     1    1.32    0.01    0.02    2.07 ^ _6363_/ZN (INV_X1)
                                         _0070_ (net)
                  0.01    0.00    2.07 ^ intermediateValue[28]$_DFFE_PP_/D (DFF_X1)
                                  2.07   data arrival time

                        100.00  100.00   clock clk0 (rise edge)
                          0.00  100.00   clock source latency
     1   12.24    0.03    0.03  100.03 ^ clock (in)
                                         clock (net)
                  0.03    0.00  100.03 ^ clkbuf_0_clock/A (CLKBUF_X3)
     2    6.12    0.01    0.04  100.07 ^ clkbuf_0_clock/Z (CLKBUF_X3)
                                         clknet_0_clock (net)
                  0.01    0.00  100.07 ^ clkbuf_1_0__f_clock/A (CLKBUF_X3)
     5   20.80    0.02    0.04  100.12 ^ clkbuf_1_0__f_clock/Z (CLKBUF_X3)
                                         clknet_1_0__leaf_clock (net)
                  0.02    0.00  100.12 ^ clkbuf_leaf_8_clock/A (CLKBUF_X3)
    30   40.63    0.03    0.06  100.18 ^ clkbuf_leaf_8_clock/Z (CLKBUF_X3)
                                         clknet_leaf_8_clock (net)
                  0.03    0.00  100.18 ^ intermediateValue[28]$_DFFE_PP_/CK (DFF_X1)
                          0.00  100.18   clock reconvergence pessimism
                         -0.03  100.15   library setup time
                                100.15   data required time
-----------------------------------------------------------------------------
                                100.15   data required time
                                 -2.07   data arrival time
-----------------------------------------------------------------------------
                                 98.08   slack (MET)


