Warning: There are 33 input ports missing set_input_delay.
  Data[0]
  Data[10]
  Data[11]
  Data[12]
  Data[13]
  Data[14]
  Data[15]
  Data[1]
  Data[2]
  Data[3]
  Data[4]
  Data[5]
  Data[6]
  Data[7]
  Data[8]
  Data[9]
  Key[0]
  Key[10]
  Key[11]
  Key[12]
  Key[13]
  Key[14]
  Key[15]
  Key[1]
  Key[2]
  Key[3]
  Key[4]
  Key[5]
  Key[6]
  Key[7]
  Key[8]
  Key[9]
  reset
Warning: There are 18 output ports missing set_output_delay.
  data[0]
  data[10]
  data[11]
  data[12]
  data[13]
  data[14]
  data[15]
  data[1]
  data[2]
  data[3]
  data[4]
  data[5]
  data[6]
  data[7]
  data[8]
  data[9]
  found
  stop
Warning: There are 18 unconstrained endpoints.
  data[0]
  data[10]
  data[11]
  data[12]
  data[13]
  data[14]
  data[15]
  data[1]
  data[2]
  data[3]
  data[4]
  data[5]
  data[6]
  data[7]
  data[8]
  data[9]
  found
  stop
