Copyright 1986-2022 Xilinx, Inc. All Rights Reserved. Copyright 2022-2024 Advanced Micro Devices, Inc. All Rights Reserved.
---------------------------------------------------------------------------------------------------------------------------------------------
| Tool Version : Vivado v.2024.2 (lin64) Build 5239630 Fri Nov 08 22:34:34 MST 2024
| Date         : Sat Mar 15 18:50:16 2025
| Host         : vivado running 64-bit Ubuntu 24.04.1 LTS
| Command      : report_timing_summary -file /home/azureuser/btreeBlock/verilog/find/vivado/reports/statement/0/timing_summary.rpt
| Design       : find
| Device       : 7v2000t-flg1925
| Speed File   : -1  PRODUCTION 1.10 2014-09-11
| Design State : Optimized
---------------------------------------------------------------------------------------------------------------------------------------------

Timing Summary Report

------------------------------------------------------------------------------------------------
| Timer Settings
| --------------
------------------------------------------------------------------------------------------------

  Enable Multi Corner Analysis               :  Yes
  Enable Pessimism Removal                   :  Yes
  Pessimism Removal Resolution               :  Nearest Common Node
  Enable Input Delay Default Clock           :  No
  Enable Preset / Clear Arcs                 :  No
  Disable Flight Delays                      :  No
  Ignore I/O Paths                           :  No
  Timing Early Launch at Borrowing Latches   :  No
  Borrow Time for Max Delay Exceptions       :  Yes
  Merge Timing Exceptions                    :  Yes
  Inter-SLR Compensation                     :  Conservative

  Corner  Analyze    Analyze    
  Name    Max Paths  Min Paths  
  ------  ---------  ---------  
  Slow    Yes        Yes        
  Fast    Yes        Yes        


------------------------------------------------------------------------------------------------
| Report Methodology
| ------------------
------------------------------------------------------------------------------------------------

Rule       Severity  Description                    Violations  
---------  --------  -----------------------------  ----------  
TIMING-18  Warning   Missing input or output delay  2           

Note: This report is based on the most recent report_methodology run and may not be up-to-date. Run report_methodology on the current design for the latest report.



check_timing report

Table of Contents
-----------------
1. checking no_clock (0)
2. checking constant_clock (0)
3. checking pulse_width_clock (0)
4. checking unconstrained_internal_endpoints (0)
5. checking no_input_delay (1)
6. checking no_output_delay (1)
7. checking multiple_clock (0)
8. checking generated_clocks (0)
9. checking loops (0)
10. checking partial_input_delay (0)
11. checking partial_output_delay (0)
12. checking latch_loops (0)

1. checking no_clock (0)
------------------------
 There are 0 register/latch pins with no clock.


2. checking constant_clock (0)
------------------------------
 There are 0 register/latch pins with constant_clock.


3. checking pulse_width_clock (0)
---------------------------------
 There are 0 register/latch pins which need pulse_width check


4. checking unconstrained_internal_endpoints (0)
------------------------------------------------
 There are 0 pins that are not constrained for maximum delay.

 There are 0 pins that are not constrained for maximum delay due to constant clock.


5. checking no_input_delay (1)
------------------------------
 There is 1 input port with no input delay specified. (HIGH)

 There are 0 input ports with no input delay but user has a false path constraint.


6. checking no_output_delay (1)
-------------------------------
 There is 1 port with no output delay specified. (HIGH)

 There are 0 ports with no output delay but user has a false path constraint

 There are 0 ports with no output delay but with a timing clock defined on it or propagating through it


7. checking multiple_clock (0)
------------------------------
 There are 0 register/latch pins with multiple clocks.


8. checking generated_clocks (0)
--------------------------------
 There are 0 generated clocks that are not connected to a clock source.


9. checking loops (0)
---------------------
 There are 0 combinational loops in the design.


10. checking partial_input_delay (0)
------------------------------------
 There are 0 input ports with partial input delay specified.


11. checking partial_output_delay (0)
-------------------------------------
 There are 0 ports with partial output delay specified.


12. checking latch_loops (0)
----------------------------
 There are 0 combinational latch loops in the design through latch input



------------------------------------------------------------------------------------------------
| Design Timing Summary
| ---------------------
------------------------------------------------------------------------------------------------

    WNS(ns)      TNS(ns)  TNS Failing Endpoints  TNS Total Endpoints      WHS(ns)      THS(ns)  THS Failing Endpoints  THS Total Endpoints     WPWS(ns)     TPWS(ns)  TPWS Failing Endpoints  TPWS Total Endpoints  
    -------      -------  ---------------------  -------------------      -------      -------  ---------------------  -------------------     --------     --------  ----------------------  --------------------  
     97.791        0.000                      0                   12        0.057        0.000                      0                   12       49.600        0.000                       0                     7  


All user specified timing constraints are met.


------------------------------------------------------------------------------------------------
| Clock Summary
| -------------
------------------------------------------------------------------------------------------------

Clock  Waveform(ns)         Period(ns)      Frequency(MHz)
-----  ------------         ----------      --------------
clock  {0.000 50.000}       100.000         10.000          


------------------------------------------------------------------------------------------------
| Intra Clock Table
| -----------------
------------------------------------------------------------------------------------------------

Clock             WNS(ns)      TNS(ns)  TNS Failing Endpoints  TNS Total Endpoints      WHS(ns)      THS(ns)  THS Failing Endpoints  THS Total Endpoints     WPWS(ns)     TPWS(ns)  TPWS Failing Endpoints  TPWS Total Endpoints  
-----             -------      -------  ---------------------  -------------------      -------      -------  ---------------------  -------------------     --------     --------  ----------------------  --------------------  
clock              97.791        0.000                      0                   12        0.057        0.000                      0                   12       49.600        0.000                       0                     7  


------------------------------------------------------------------------------------------------
| Inter Clock Table
| -----------------
------------------------------------------------------------------------------------------------

From Clock    To Clock          WNS(ns)      TNS(ns)  TNS Failing Endpoints  TNS Total Endpoints      WHS(ns)      THS(ns)  THS Failing Endpoints  THS Total Endpoints  
----------    --------          -------      -------  ---------------------  -------------------      -------      -------  ---------------------  -------------------  


------------------------------------------------------------------------------------------------
| Other Path Groups Table
| -----------------------
------------------------------------------------------------------------------------------------

Path Group    From Clock    To Clock          WNS(ns)      TNS(ns)  TNS Failing Endpoints  TNS Total Endpoints      WHS(ns)      THS(ns)  THS Failing Endpoints  THS Total Endpoints  
----------    ----------    --------          -------      -------  ---------------------  -------------------      -------      -------  ---------------------  -------------------  


------------------------------------------------------------------------------------------------
| Timing Details
| --------------
------------------------------------------------------------------------------------------------


---------------------------------------------------------------------------------------------------
From Clock:  clock
  To Clock:  clock

Setup :            0  Failing Endpoints,  Worst Slack       97.791ns,  Total Violation        0.000ns
Hold  :            0  Failing Endpoints,  Worst Slack        0.057ns,  Total Violation        0.000ns
PW    :            0  Failing Endpoints,  Worst Slack       49.600ns,  Total Violation        0.000ns
---------------------------------------------------------------------------------------------------


Max Delay Paths
--------------------------------------------------------------------------------------
Slack (MET) :             97.791ns  (required time - arrival time)
  Source:                 step_reg[0]/C
                            (rising edge-triggered cell FDRE clocked by clock  {rise@0.000ns fall@50.000ns period=100.000ns})
  Destination:            step_reg[3]/D
                            (rising edge-triggered cell FDRE clocked by clock  {rise@0.000ns fall@50.000ns period=100.000ns})
  Path Group:             clock
  Path Type:              Setup (Max at Slow Process Corner)
  Requirement:            100.000ns  (clock rise@100.000ns - clock rise@0.000ns)
  Data Path Delay:        1.920ns  (logic 0.812ns (42.292%)  route 1.108ns (57.708%))
  Logic Levels:           2  (CARRY4=1 LUT1=1)
  Clock Path Skew:        -0.145ns (DCD - SCD + CPR)
    Destination Clock Delay (DCD):    1.722ns = ( 101.722 - 100.000 ) 
    Source Clock Delay      (SCD):    2.028ns
    Clock Pessimism Removal (CPR):    0.162ns
  Clock Uncertainty:      0.035ns  ((TSJ^2 + TIJ^2)^1/2 + DJ) / 2 + PE
    Total System Jitter     (TSJ):    0.071ns
    Total Input Jitter      (TIJ):    0.000ns
    Discrete Jitter          (DJ):    0.000ns
    Phase Error              (PE):    0.000ns

    Location             Delay type                Incr(ns)  Path(ns)    Netlist Resource(s)
  -------------------------------------------------------------------    -------------------
                         (clock clock rise edge)      0.000     0.000 r  
    BB39                                              0.000     0.000 r  clock (IN)
                         net (fo=0)                   0.000     0.000    clock
    BB39                 IBUF (Prop_ibuf_I_O)         0.741     0.741 r  clock_IBUF_inst/O
                         net (fo=1, unplaced)         0.584     1.324    clock_IBUF
                         BUFG (Prop_bufg_I_O)         0.120     1.444 r  clock_IBUF_BUFG_inst/O
                         net (fo=6, unplaced)         0.584     2.028    clock_IBUF_BUFG
                         FDRE                                         r  step_reg[0]/C
  -------------------------------------------------------------------    -------------------
                         FDRE (Prop_fdre_C_Q)         0.255     2.283 f  step_reg[0]/Q
                         net (fo=3, unplaced)         0.260     2.543    step_reg[0]
                         LUT1 (Prop_lut1_I0_O)        0.153     2.696 r  step[0]_i_3/O
                         net (fo=1, unplaced)         0.461     3.157    step[0]_i_3_n_0
                         CARRY4 (Prop_carry4_S[0]_O[3])
                                                      0.404     3.561 r  step_reg[0]_i_2/O[3]
                         net (fo=1, unplaced)         0.387     3.948    step_reg[0]_i_2_n_4
                         FDRE                                         r  step_reg[3]/D
  -------------------------------------------------------------------    -------------------

                         (clock clock rise edge)    100.000   100.000 r  
    BB39                                              0.000   100.000 r  clock (IN)
                         net (fo=0)                   0.000   100.000    clock
    BB39                 IBUF (Prop_ibuf_I_O)         0.615   100.615 r  clock_IBUF_inst/O
                         net (fo=1, unplaced)         0.554   101.170    clock_IBUF
                         BUFG (Prop_bufg_I_O)         0.113   101.283 r  clock_IBUF_BUFG_inst/O
                         net (fo=6, unplaced)         0.439   101.722    clock_IBUF_BUFG
                         FDRE                                         r  step_reg[3]/C
                         clock pessimism              0.162   101.883    
                         clock uncertainty           -0.035   101.848    
                         FDRE (Setup_fdre_C_D)       -0.109   101.739    step_reg[3]
  -------------------------------------------------------------------
                         required time                        101.739    
                         arrival time                          -3.948    
  -------------------------------------------------------------------
                         slack                                 97.791    





Min Delay Paths
--------------------------------------------------------------------------------------
Slack (MET) :             0.057ns  (arrival time - required time)
  Source:                 step_reg[1]/C
                            (rising edge-triggered cell FDRE clocked by clock  {rise@0.000ns fall@50.000ns period=100.000ns})
  Destination:            stopped_reg/D
                            (rising edge-triggered cell FDRE clocked by clock  {rise@0.000ns fall@50.000ns period=100.000ns})
  Path Group:             clock
  Path Type:              Hold (Min at Fast Process Corner)
  Requirement:            0.000ns  (clock rise@0.000ns - clock rise@0.000ns)
  Data Path Delay:        0.267ns  (logic 0.157ns (58.891%)  route 0.110ns (41.109%))
  Logic Levels:           1  (LUT5=1)
  Clock Path Skew:        0.145ns (DCD - SCD - CPR)
    Destination Clock Delay (DCD):    0.856ns
    Source Clock Delay      (SCD):    0.527ns
    Clock Pessimism Removal (CPR):    0.183ns

    Location             Delay type                Incr(ns)  Path(ns)    Netlist Resource(s)
  -------------------------------------------------------------------    -------------------
                         (clock clock rise edge)      0.000     0.000 r  
    BB39                                              0.000     0.000 r  clock (IN)
                         net (fo=0)                   0.000     0.000    clock
    BB39                 IBUF (Prop_ibuf_I_O)         0.141     0.141 r  clock_IBUF_inst/O
                         net (fo=1, unplaced)         0.246     0.387    clock_IBUF
                         BUFG (Prop_bufg_I_O)         0.026     0.413 r  clock_IBUF_BUFG_inst/O
                         net (fo=6, unplaced)         0.114     0.527    clock_IBUF_BUFG
                         FDRE                                         r  step_reg[1]/C
  -------------------------------------------------------------------    -------------------
                         FDRE (Prop_fdre_C_Q)         0.093     0.620 r  step_reg[1]/Q
                         net (fo=3, unplaced)         0.110     0.730    step_reg[1]
                         LUT5 (Prop_lut5_I4_O)        0.064     0.794 r  stopped_i_1/O
                         net (fo=2, unplaced)         0.000     0.794    stopped_i_1_n_0
                         FDRE                                         r  stopped_reg/D
  -------------------------------------------------------------------    -------------------

                         (clock clock rise edge)      0.000     0.000 r  
    BB39                                              0.000     0.000 r  clock (IN)
                         net (fo=0)                   0.000     0.000    clock
    BB39                 IBUF (Prop_ibuf_I_O)         0.308     0.308 r  clock_IBUF_inst/O
                         net (fo=1, unplaced)         0.259     0.567    clock_IBUF
                         BUFG (Prop_bufg_I_O)         0.030     0.597 r  clock_IBUF_BUFG_inst/O
                         net (fo=6, unplaced)         0.259     0.856    clock_IBUF_BUFG
                         FDRE                                         r  stopped_reg/C
                         clock pessimism             -0.183     0.672    
                         FDRE (Hold_fdre_C_D)         0.065     0.737    stopped_reg
  -------------------------------------------------------------------
                         required time                         -0.737    
                         arrival time                           0.794    
  -------------------------------------------------------------------
                         slack                                  0.057    





Pulse Width Checks
--------------------------------------------------------------------------------------
Clock Name:         clock
Waveform(ns):       { 0.000 50.000 }
Period(ns):         100.000
Sources:            { clock }

Check Type        Corner  Lib Pin  Reference Pin  Required(ns)  Actual(ns)  Slack(ns)  Location  Pin
Min Period        n/a     BUFG/I   n/a            1.600         100.000     98.400               clock_IBUF_BUFG_inst/I
Low Pulse Width   Slow    FDRE/C   n/a            0.400         50.000      49.600               step_reg[0]/C
High Pulse Width  Slow    FDRE/C   n/a            0.350         50.000      49.650               step_reg[0]/C



