Copyright 1986-2022 Xilinx, Inc. All Rights Reserved. Copyright 2022-2024 Advanced Micro Devices, Inc. All Rights Reserved.
---------------------------------------------------------------------------------------------------------------------------------------------
| Tool Version : Vivado v.2024.2 (lin64) Build 5239630 Fri Nov 08 22:34:34 MST 2024
| Date         : Sat Mar 15 17:08:50 2025
| Host         : vivado running 64-bit Ubuntu 24.04.1 LTS
| Command      : report_timing_summary -file /home/azureuser/btreeBlock/verilog/put/vivado/reports/timing_summary.rpt
| Design       : put
| Device       : 7v2000t-flg1925
| Speed File   : -1  PRODUCTION 1.10 2014-09-11
| Design State : Optimized
---------------------------------------------------------------------------------------------------------------------------------------------

Timing Summary Report

------------------------------------------------------------------------------------------------
| Timer Settings
| --------------
------------------------------------------------------------------------------------------------

  Enable Multi Corner Analysis               :  Yes
  Enable Pessimism Removal                   :  Yes
  Pessimism Removal Resolution               :  Nearest Common Node
  Enable Input Delay Default Clock           :  No
  Enable Preset / Clear Arcs                 :  No
  Disable Flight Delays                      :  No
  Ignore I/O Paths                           :  No
  Timing Early Launch at Borrowing Latches   :  No
  Borrow Time for Max Delay Exceptions       :  Yes
  Merge Timing Exceptions                    :  Yes
  Inter-SLR Compensation                     :  Conservative

  Corner  Analyze    Analyze    
  Name    Max Paths  Min Paths  
  ------  ---------  ---------  
  Slow    Yes        Yes        
  Fast    Yes        Yes        


------------------------------------------------------------------------------------------------
| Report Methodology
| ------------------
------------------------------------------------------------------------------------------------

Rule       Severity  Description                    Violations  
---------  --------  -----------------------------  ----------  
TIMING-18  Warning   Missing input or output delay  16          

Note: This report is based on the most recent report_methodology run and may not be up-to-date. Run report_methodology on the current design for the latest report.



check_timing report

Table of Contents
-----------------
1. checking no_clock (0)
2. checking constant_clock (0)
3. checking pulse_width_clock (0)
4. checking unconstrained_internal_endpoints (0)
5. checking no_input_delay (10)
6. checking no_output_delay (6)
7. checking multiple_clock (0)
8. checking generated_clocks (0)
9. checking loops (0)
10. checking partial_input_delay (0)
11. checking partial_output_delay (0)
12. checking latch_loops (0)

1. checking no_clock (0)
------------------------
 There are 0 register/latch pins with no clock.


2. checking constant_clock (0)
------------------------------
 There are 0 register/latch pins with constant_clock.


3. checking pulse_width_clock (0)
---------------------------------
 There are 0 register/latch pins which need pulse_width check


4. checking unconstrained_internal_endpoints (0)
------------------------------------------------
 There are 0 pins that are not constrained for maximum delay.

 There are 0 pins that are not constrained for maximum delay due to constant clock.


5. checking no_input_delay (10)
-------------------------------
 There are 10 input ports with no input delay specified. (HIGH)

 There are 0 input ports with no input delay but user has a false path constraint.


6. checking no_output_delay (6)
-------------------------------
 There are 6 ports with no output delay specified. (HIGH)

 There are 0 ports with no output delay but user has a false path constraint

 There are 0 ports with no output delay but with a timing clock defined on it or propagating through it


7. checking multiple_clock (0)
------------------------------
 There are 0 register/latch pins with multiple clocks.


8. checking generated_clocks (0)
--------------------------------
 There are 0 generated clocks that are not connected to a clock source.


9. checking loops (0)
---------------------
 There are 0 combinational loops in the design.


10. checking partial_input_delay (0)
------------------------------------
 There are 0 input ports with partial input delay specified.


11. checking partial_output_delay (0)
-------------------------------------
 There are 0 ports with partial output delay specified.


12. checking latch_loops (0)
----------------------------
 There are 0 combinational latch loops in the design through latch input



------------------------------------------------------------------------------------------------
| Design Timing Summary
| ---------------------
------------------------------------------------------------------------------------------------

    WNS(ns)      TNS(ns)  TNS Failing Endpoints  TNS Total Endpoints      WHS(ns)      THS(ns)  THS Failing Endpoints  THS Total Endpoints     WPWS(ns)     TPWS(ns)  TPWS Failing Endpoints  TPWS Total Endpoints  
    -------      -------  ---------------------  -------------------      -------      -------  ---------------------  -------------------     --------     --------  ----------------------  --------------------  
     91.999        0.000                      0               132088        0.056        0.000                      0               132088       49.650        0.000                       0                 77801  


All user specified timing constraints are met.


------------------------------------------------------------------------------------------------
| Clock Summary
| -------------
------------------------------------------------------------------------------------------------

Clock  Waveform(ns)         Period(ns)      Frequency(MHz)
-----  ------------         ----------      --------------
clock  {0.000 50.000}       100.000         10.000          


------------------------------------------------------------------------------------------------
| Intra Clock Table
| -----------------
------------------------------------------------------------------------------------------------

Clock             WNS(ns)      TNS(ns)  TNS Failing Endpoints  TNS Total Endpoints      WHS(ns)      THS(ns)  THS Failing Endpoints  THS Total Endpoints     WPWS(ns)     TPWS(ns)  TPWS Failing Endpoints  TPWS Total Endpoints  
-----             -------      -------  ---------------------  -------------------      -------      -------  ---------------------  -------------------     --------     --------  ----------------------  --------------------  
clock              91.999        0.000                      0               132088        0.056        0.000                      0               132088       49.650        0.000                       0                 77801  


------------------------------------------------------------------------------------------------
| Inter Clock Table
| -----------------
------------------------------------------------------------------------------------------------

From Clock    To Clock          WNS(ns)      TNS(ns)  TNS Failing Endpoints  TNS Total Endpoints      WHS(ns)      THS(ns)  THS Failing Endpoints  THS Total Endpoints  
----------    --------          -------      -------  ---------------------  -------------------      -------      -------  ---------------------  -------------------  


------------------------------------------------------------------------------------------------
| Other Path Groups Table
| -----------------------
------------------------------------------------------------------------------------------------

Path Group    From Clock    To Clock          WNS(ns)      TNS(ns)  TNS Failing Endpoints  TNS Total Endpoints      WHS(ns)      THS(ns)  THS Failing Endpoints  THS Total Endpoints  
----------    ----------    --------          -------      -------  ---------------------  -------------------      -------      -------  ---------------------  -------------------  


------------------------------------------------------------------------------------------------
| Timing Details
| --------------
------------------------------------------------------------------------------------------------


---------------------------------------------------------------------------------------------------
From Clock:  clock
  To Clock:  clock

Setup :            0  Failing Endpoints,  Worst Slack       91.999ns,  Total Violation        0.000ns
Hold  :            0  Failing Endpoints,  Worst Slack        0.056ns,  Total Violation        0.000ns
PW    :            0  Failing Endpoints,  Worst Slack       49.650ns,  Total Violation        0.000ns
---------------------------------------------------------------------------------------------------


Max Delay Paths
--------------------------------------------------------------------------------------
Slack (MET) :             91.999ns  (required time - arrival time)
  Source:                 bR_StuckSA_Memory_reg[31]_rep__9/C
                            (rising edge-triggered cell FDRE clocked by clock  {rise@0.000ns fall@50.000ns period=100.000ns})
  Destination:            bT_StuckSA_Memory_reg[24]/D
                            (rising edge-triggered cell FDRE clocked by clock  {rise@0.000ns fall@50.000ns period=100.000ns})
  Path Group:             clock
  Path Type:              Setup (Max at Slow Process Corner)
  Requirement:            100.000ns  (clock rise@100.000ns - clock rise@0.000ns)
  Data Path Delay:        7.858ns  (logic 1.217ns (15.487%)  route 6.641ns (84.513%))
  Logic Levels:           16  (LUT3=3 LUT5=8 LUT6=5)
  Clock Path Skew:        -0.145ns (DCD - SCD + CPR)
    Destination Clock Delay (DCD):    1.722ns = ( 101.722 - 100.000 ) 
    Source Clock Delay      (SCD):    2.028ns
    Clock Pessimism Removal (CPR):    0.162ns
  Clock Uncertainty:      0.035ns  ((TSJ^2 + TIJ^2)^1/2 + DJ) / 2 + PE
    Total System Jitter     (TSJ):    0.071ns
    Total Input Jitter      (TIJ):    0.000ns
    Discrete Jitter          (DJ):    0.000ns
    Phase Error              (PE):    0.000ns

    Location             Delay type                Incr(ns)  Path(ns)    Netlist Resource(s)
  -------------------------------------------------------------------    -------------------
                         (clock clock rise edge)      0.000     0.000 r  
    BB39                                              0.000     0.000 r  clock (IN)
                         net (fo=0)                   0.000     0.000    clock
    BB39                 IBUF (Prop_ibuf_I_O)         0.741     0.741 r  clock_IBUF_inst/O
                         net (fo=1, unplaced)         0.584     1.324    clock__0
                         BUFG (Prop_bufg_I_O)         0.120     1.444 r  clock__0_BUFG_inst/O
                         net (fo=77800, unplaced)     0.584     2.028    clock__0_BUFG
                         FDRE                                         r  bR_StuckSA_Memory_reg[31]_rep__9/C
  -------------------------------------------------------------------    -------------------
                         FDRE (Prop_fdre_C_Q)         0.269     2.297 r  bR_StuckSA_Memory_reg[31]_rep__9/Q
                         net (fo=2, unplaced)         0.669     2.966    bR_StuckSA_Memory_reg[31]_rep__9_n_0
                         LUT6 (Prop_lut6_I0_O)        0.153     3.119 r  bT_StuckSA_Memory121_in_inst_i_46/O
                         net (fo=2, unplaced)         0.532     3.651    bT_StuckSA_Memory121_in_inst_i_46_n_0
                         LUT5 (Prop_lut5_I0_O)        0.053     3.704 r  bT_StuckSA_Memory121_in_inst_i_24/O
                         net (fo=3, unplaced)         0.539     4.243    bT_StuckSA_Memory121_in_inst_i_24_n_0
                         LUT5 (Prop_lut5_I0_O)        0.053     4.296 r  bT_StuckSA_Memory121_in_inst_i_19/O
                         net (fo=2, unplaced)         0.532     4.828    bT_StuckSA_Memory121_in_inst_i_19_n_0
                         LUT5 (Prop_lut5_I0_O)        0.053     4.881 r  bT_StuckSA_Memory121_in_inst_i_8/O
                         net (fo=8, unplaced)         0.378     5.259    bT_StuckSA_Memory121_in_inst_i_8_n_0
                         LUT3 (Prop_lut3_I1_O)        0.053     5.312 r  bT_StuckSA_Memory033_in_inst__17_i_34/O
                         net (fo=12, unplaced)        0.569     5.881    bT_StuckSA_Memory033_in_inst__17_i_34_n_0
                         LUT5 (Prop_lut5_I0_O)        0.053     5.934 r  bT_StuckSA_Memory[8]_i_49/O
                         net (fo=2, unplaced)         0.351     6.285    bT_StuckSA_Memory[8]_i_49_n_0
                         LUT6 (Prop_lut6_I4_O)        0.053     6.338 r  bT_StuckSA_Memory[24]_i_63/O
                         net (fo=2, unplaced)         0.351     6.689    bT_StuckSA_Memory121_in[24]
                         LUT6 (Prop_lut6_I0_O)        0.053     6.742 r  bT_StuckSA_Memory[24]_i_68/O
                         net (fo=1, unplaced)         0.340     7.082    bT_StuckSA_Memory[24]_i_68_n_0
                         LUT6 (Prop_lut6_I5_O)        0.053     7.135 r  bT_StuckSA_Memory[24]_i_62/O
                         net (fo=1, unplaced)         0.340     7.475    bT_StuckSA_Memory022_in[24]
                         LUT3 (Prop_lut3_I0_O)        0.053     7.528 r  bT_StuckSA_Memory[24]_i_55/O
                         net (fo=1, unplaced)         0.340     7.868    bT_StuckSA_Memory[24]_i_55_n_0
                         LUT5 (Prop_lut5_I4_O)        0.053     7.921 r  bT_StuckSA_Memory[24]_i_43/O
                         net (fo=1, unplaced)         0.340     8.261    bT_StuckSA_Memory[24]_i_43_n_0
                         LUT5 (Prop_lut5_I0_O)        0.053     8.314 r  bT_StuckSA_Memory[24]_i_29/O
                         net (fo=1, unplaced)         0.340     8.654    bT_StuckSA_Memory[24]_i_29_n_0
                         LUT5 (Prop_lut5_I4_O)        0.053     8.707 r  bT_StuckSA_Memory[24]_i_11/O
                         net (fo=1, unplaced)         0.340     9.047    bT_StuckSA_Memory[24]_i_11_n_0
                         LUT6 (Prop_lut6_I3_O)        0.053     9.100 r  bT_StuckSA_Memory[24]_i_4/O
                         net (fo=1, unplaced)         0.340     9.440    bT_StuckSA_Memory[24]_i_4_n_0
                         LUT5 (Prop_lut5_I0_O)        0.053     9.493 r  bT_StuckSA_Memory[24]_i_2/O
                         net (fo=1, unplaced)         0.340     9.833    bT_StuckSA_Memory[24]
                         LUT3 (Prop_lut3_I0_O)        0.053     9.886 r  bT_StuckSA_Memory[24]_i_1/O
                         net (fo=420, unplaced)       0.000     9.886    bT_StuckSA_Memory[24]_i_1_n_0
                         FDRE                                         r  bT_StuckSA_Memory_reg[24]/D
  -------------------------------------------------------------------    -------------------

                         (clock clock rise edge)    100.000   100.000 r  
    BB39                                              0.000   100.000 r  clock (IN)
                         net (fo=0)                   0.000   100.000    clock
    BB39                 IBUF (Prop_ibuf_I_O)         0.615   100.615 r  clock_IBUF_inst/O
                         net (fo=1, unplaced)         0.554   101.170    clock__0
                         BUFG (Prop_bufg_I_O)         0.113   101.283 r  clock__0_BUFG_inst/O
                         net (fo=77800, unplaced)     0.439   101.722    clock__0_BUFG
                         FDRE                                         r  bT_StuckSA_Memory_reg[24]/C
                         clock pessimism              0.162   101.883    
                         clock uncertainty           -0.035   101.848    
                         FDRE (Setup_fdre_C_D)        0.037   101.885    bT_StuckSA_Memory_reg[24]
  -------------------------------------------------------------------
                         required time                        101.885    
                         arrival time                          -9.886    
  -------------------------------------------------------------------
                         slack                                 91.999    





Min Delay Paths
--------------------------------------------------------------------------------------
Slack (MET) :             0.056ns  (arrival time - required time)
  Source:                 lL_StuckSA_Transaction_reg[18]_rep/C
                            (rising edge-triggered cell FDRE clocked by clock  {rise@0.000ns fall@50.000ns period=100.000ns})
  Destination:            lL_StuckSA_Transaction_reg[23]/D
                            (rising edge-triggered cell FDRE clocked by clock  {rise@0.000ns fall@50.000ns period=100.000ns})
  Path Group:             clock
  Path Type:              Hold (Min at Fast Process Corner)
  Requirement:            0.000ns  (clock rise@0.000ns - clock rise@0.000ns)
  Data Path Delay:        0.266ns  (logic 0.164ns (61.652%)  route 0.102ns (38.348%))
  Logic Levels:           1  (LUT3=1)
  Clock Path Skew:        0.145ns (DCD - SCD - CPR)
    Destination Clock Delay (DCD):    0.856ns
    Source Clock Delay      (SCD):    0.527ns
    Clock Pessimism Removal (CPR):    0.183ns

    Location             Delay type                Incr(ns)  Path(ns)    Netlist Resource(s)
  -------------------------------------------------------------------    -------------------
                         (clock clock rise edge)      0.000     0.000 r  
    BB39                                              0.000     0.000 r  clock (IN)
                         net (fo=0)                   0.000     0.000    clock
    BB39                 IBUF (Prop_ibuf_I_O)         0.141     0.141 r  clock_IBUF_inst/O
                         net (fo=1, unplaced)         0.246     0.387    clock__0
                         BUFG (Prop_bufg_I_O)         0.026     0.413 r  clock__0_BUFG_inst/O
                         net (fo=77800, unplaced)     0.114     0.527    clock__0_BUFG
                         FDRE                                         r  lL_StuckSA_Transaction_reg[18]_rep/C
  -------------------------------------------------------------------    -------------------
                         FDRE (Prop_fdre_C_Q)         0.100     0.627 r  lL_StuckSA_Transaction_reg[18]_rep/Q
                         net (fo=1, unplaced)         0.102     0.729    lL_StuckSA_Transaction_reg[18]_rep_n_0
                         LUT3 (Prop_lut3_I2_O)        0.064     0.793 r  lL_StuckSA_Transaction[23]_i_1/O
                         net (fo=1, unplaced)         0.000     0.793    lL_StuckSA_Transaction[23]
                         FDRE                                         r  lL_StuckSA_Transaction_reg[23]/D
  -------------------------------------------------------------------    -------------------

                         (clock clock rise edge)      0.000     0.000 r  
    BB39                                              0.000     0.000 r  clock (IN)
                         net (fo=0)                   0.000     0.000    clock
    BB39                 IBUF (Prop_ibuf_I_O)         0.308     0.308 r  clock_IBUF_inst/O
                         net (fo=1, unplaced)         0.259     0.567    clock__0
                         BUFG (Prop_bufg_I_O)         0.030     0.597 r  clock__0_BUFG_inst/O
                         net (fo=77800, unplaced)     0.259     0.856    clock__0_BUFG
                         FDRE                                         r  lL_StuckSA_Transaction_reg[23]/C
                         clock pessimism             -0.183     0.672    
                         FDRE (Hold_fdre_C_D)         0.065     0.737    lL_StuckSA_Transaction_reg[23]
  -------------------------------------------------------------------
                         required time                         -0.737    
                         arrival time                           0.793    
  -------------------------------------------------------------------
                         slack                                  0.056    





Pulse Width Checks
--------------------------------------------------------------------------------------
Clock Name:         clock
Waveform(ns):       { 0.000 50.000 }
Period(ns):         100.000
Sources:            { clock }

Check Type        Corner  Lib Pin  Reference Pin  Required(ns)  Actual(ns)  Slack(ns)  Location  Pin
Min Period        n/a     BUFG/I   n/a            1.600         100.000     98.400               clock__0_BUFG_inst/I
Low Pulse Width   Slow    FDSE/C   n/a            0.350         50.000      49.650               M_reg[0]/C
High Pulse Width  Slow    FDSE/C   n/a            0.350         50.000      49.650               M_reg[0]/C



