Copyright 1986-2022 Xilinx, Inc. All Rights Reserved. Copyright 2022-2024 Advanced Micro Devices, Inc. All Rights Reserved.
---------------------------------------------------------------------------------------------------------------------------------------------
| Tool Version : Vivado v.2024.2 (lin64) Build 5239630 Fri Nov 08 22:34:34 MST 2024
| Date         : Sat Mar 15 17:27:59 2025
| Host         : vivado running 64-bit Ubuntu 24.04.1 LTS
| Command      : report_timing_summary -file /home/azureuser/btreeBlock/verilog/put/vivado/reports/timing_route.rpt
| Design       : put
| Device       : 7v2000t-flg1925
| Speed File   : -1  PRODUCTION 1.10 2014-09-11
| Design State : Routed
---------------------------------------------------------------------------------------------------------------------------------------------

Timing Summary Report

------------------------------------------------------------------------------------------------
| Timer Settings
| --------------
------------------------------------------------------------------------------------------------

  Enable Multi Corner Analysis               :  Yes
  Enable Pessimism Removal                   :  Yes
  Pessimism Removal Resolution               :  Nearest Common Node
  Enable Input Delay Default Clock           :  No
  Enable Preset / Clear Arcs                 :  No
  Disable Flight Delays                      :  No
  Ignore I/O Paths                           :  No
  Timing Early Launch at Borrowing Latches   :  No
  Borrow Time for Max Delay Exceptions       :  Yes
  Merge Timing Exceptions                    :  Yes
  Inter-SLR Compensation                     :  Conservative

  Corner  Analyze    Analyze    
  Name    Max Paths  Min Paths  
  ------  ---------  ---------  
  Slow    Yes        Yes        
  Fast    Yes        Yes        


------------------------------------------------------------------------------------------------
| Report Methodology
| ------------------
------------------------------------------------------------------------------------------------

Rule       Severity  Description                    Violations  
---------  --------  -----------------------------  ----------  
TIMING-18  Warning   Missing input or output delay  16          

Note: This report is based on the most recent report_methodology run and may not be up-to-date. Run report_methodology on the current design for the latest report.



check_timing report

Table of Contents
-----------------
1. checking no_clock (0)
2. checking constant_clock (0)
3. checking pulse_width_clock (0)
4. checking unconstrained_internal_endpoints (0)
5. checking no_input_delay (10)
6. checking no_output_delay (6)
7. checking multiple_clock (0)
8. checking generated_clocks (0)
9. checking loops (0)
10. checking partial_input_delay (0)
11. checking partial_output_delay (0)
12. checking latch_loops (0)

1. checking no_clock (0)
------------------------
 There are 0 register/latch pins with no clock.


2. checking constant_clock (0)
------------------------------
 There are 0 register/latch pins with constant_clock.


3. checking pulse_width_clock (0)
---------------------------------
 There are 0 register/latch pins which need pulse_width check


4. checking unconstrained_internal_endpoints (0)
------------------------------------------------
 There are 0 pins that are not constrained for maximum delay.

 There are 0 pins that are not constrained for maximum delay due to constant clock.


5. checking no_input_delay (10)
-------------------------------
 There are 10 input ports with no input delay specified. (HIGH)

 There are 0 input ports with no input delay but user has a false path constraint.


6. checking no_output_delay (6)
-------------------------------
 There are 6 ports with no output delay specified. (HIGH)

 There are 0 ports with no output delay but user has a false path constraint

 There are 0 ports with no output delay but with a timing clock defined on it or propagating through it


7. checking multiple_clock (0)
------------------------------
 There are 0 register/latch pins with multiple clocks.


8. checking generated_clocks (0)
--------------------------------
 There are 0 generated clocks that are not connected to a clock source.


9. checking loops (0)
---------------------
 There are 0 combinational loops in the design.


10. checking partial_input_delay (0)
------------------------------------
 There are 0 input ports with partial input delay specified.


11. checking partial_output_delay (0)
-------------------------------------
 There are 0 ports with partial output delay specified.


12. checking latch_loops (0)
----------------------------
 There are 0 combinational latch loops in the design through latch input



------------------------------------------------------------------------------------------------
| Design Timing Summary
| ---------------------
------------------------------------------------------------------------------------------------

    WNS(ns)      TNS(ns)  TNS Failing Endpoints  TNS Total Endpoints      WHS(ns)      THS(ns)  THS Failing Endpoints  THS Total Endpoints     WPWS(ns)     TPWS(ns)  TPWS Failing Endpoints  TPWS Total Endpoints  
    -------      -------  ---------------------  -------------------      -------      -------  ---------------------  -------------------     --------     --------  ----------------------  --------------------  
     18.808        0.000                      0               132088       -0.123       -2.162                     50               132088       49.600        0.000                       0                 77801  


Timing constraints are not met.


------------------------------------------------------------------------------------------------
| Clock Summary
| -------------
------------------------------------------------------------------------------------------------

Clock  Waveform(ns)         Period(ns)      Frequency(MHz)
-----  ------------         ----------      --------------
clock  {0.000 50.000}       100.000         10.000          


------------------------------------------------------------------------------------------------
| Intra Clock Table
| -----------------
------------------------------------------------------------------------------------------------

Clock             WNS(ns)      TNS(ns)  TNS Failing Endpoints  TNS Total Endpoints      WHS(ns)      THS(ns)  THS Failing Endpoints  THS Total Endpoints     WPWS(ns)     TPWS(ns)  TPWS Failing Endpoints  TPWS Total Endpoints  
-----             -------      -------  ---------------------  -------------------      -------      -------  ---------------------  -------------------     --------     --------  ----------------------  --------------------  
clock              18.808        0.000                      0               132088       -0.123       -2.162                     50               132088       49.600        0.000                       0                 77801  


------------------------------------------------------------------------------------------------
| Inter Clock Table
| -----------------
------------------------------------------------------------------------------------------------

From Clock    To Clock          WNS(ns)      TNS(ns)  TNS Failing Endpoints  TNS Total Endpoints      WHS(ns)      THS(ns)  THS Failing Endpoints  THS Total Endpoints  
----------    --------          -------      -------  ---------------------  -------------------      -------      -------  ---------------------  -------------------  


------------------------------------------------------------------------------------------------
| Other Path Groups Table
| -----------------------
------------------------------------------------------------------------------------------------

Path Group    From Clock    To Clock          WNS(ns)      TNS(ns)  TNS Failing Endpoints  TNS Total Endpoints      WHS(ns)      THS(ns)  THS Failing Endpoints  THS Total Endpoints  
----------    ----------    --------          -------      -------  ---------------------  -------------------      -------      -------  ---------------------  -------------------  


------------------------------------------------------------------------------------------------
| Timing Details
| --------------
------------------------------------------------------------------------------------------------


---------------------------------------------------------------------------------------------------
From Clock:  clock
  To Clock:  clock

Setup :            0  Failing Endpoints,  Worst Slack       18.808ns,  Total Violation        0.000ns
Hold  :           50  Failing Endpoints,  Worst Slack       -0.123ns,  Total Violation       -2.162ns
PW    :            0  Failing Endpoints,  Worst Slack       49.600ns,  Total Violation        0.000ns
---------------------------------------------------------------------------------------------------


Max Delay Paths
--------------------------------------------------------------------------------------
Slack (MET) :             18.808ns  (required time - arrival time)
  Source:                 opCodeMap_reg[332][2]/C
                            (rising edge-triggered cell FDSE clocked by clock  {rise@0.000ns fall@50.000ns period=100.000ns})
  Destination:            T_reg[87]_rep__265/CE
                            (rising edge-triggered cell FDRE clocked by clock  {rise@0.000ns fall@50.000ns period=100.000ns})
  Path Group:             clock
  Path Type:              Setup (Max at Slow Process Corner)
  Requirement:            100.000ns  (clock rise@100.000ns - clock rise@0.000ns)
  Data Path Delay:        80.930ns  (logic 0.700ns (0.865%)  route 80.230ns (99.135%))
  Logic Levels:           6  (LUT5=1 LUT6=5)
  Clock Path Skew:        0.017ns (DCD - SCD + CPR)
    Destination Clock Delay (DCD):    4.792ns = ( 104.792 - 100.000 ) 
    Source Clock Delay      (SCD):    5.070ns
    Clock Pessimism Removal (CPR):    0.294ns
  Clock Uncertainty:      0.035ns  ((TSJ^2 + TIJ^2)^1/2 + DJ) / 2 + PE
    Total System Jitter     (TSJ):    0.071ns
    Total Input Jitter      (TIJ):    0.000ns
    Discrete Jitter          (DJ):    0.000ns
    Phase Error              (PE):    0.000ns

    Location             Delay type                Incr(ns)  Path(ns)    Netlist Resource(s)
  -------------------------------------------------------------------    -------------------
                         (clock clock rise edge)      0.000     0.000 r  
    BB39                                              0.000     0.000 r  clock (IN)
                         net (fo=0)                   0.000     0.000    clock
    BB39                 IBUF (Prop_ibuf_I_O)         0.741     0.741 r  clock_IBUF_inst/O
                         net (fo=1, routed)           2.299     3.040    clock__0
    BUFGCTRL_X0Y0        BUFG (Prop_bufg_I_O)         0.120     3.160 r  clock__0_BUFG_inst/O
                         net (fo=77800, routed)       1.910     5.070    clock__0_BUFG
    SLR Crossing[0->1]   
    SLICE_X448Y151       FDSE                                         r  opCodeMap_reg[332][2]/C
  -------------------------------------------------------------------    -------------------
    SLICE_X448Y151       FDSE (Prop_fdse_C_Q)         0.282     5.352 f  opCodeMap_reg[332][2]/Q
                         net (fo=2, routed)           0.789     6.140    p_332_in[2]
    SLICE_X449Y151       LUT6 (Prop_lut6_I5_O)        0.153     6.293 f  bR_StuckSA_Memory126_in_inst_i_139/O
                         net (fo=1, routed)           0.468     6.762    bR_StuckSA_Memory126_in_inst_i_139_n_0
    SLICE_X447Y151       LUT6 (Prop_lut6_I0_O)        0.053     6.815 f  bR_StuckSA_Memory126_in_inst_i_42/O
                         net (fo=1, routed)           0.696     7.511    bR_StuckSA_Memory126_in_inst_i_42_n_0
    SLICE_X440Y153       LUT6 (Prop_lut6_I5_O)        0.053     7.564 f  bR_StuckSA_Memory126_in_inst_i_14__0/O
                         net (fo=1, routed)           1.009     8.573    bR_StuckSA_Memory126_in_inst_i_14__0_n_0
    SLICE_X430Y165       LUT6 (Prop_lut6_I3_O)        0.053     8.626 f  bR_StuckSA_Memory126_in_inst_i_5__0/O
                         net (fo=4, routed)           3.243    11.869    bR_StuckSA_Memory126_in_inst_i_5__0_n_0
    SLICE_X316Y181       LUT5 (Prop_lut5_I2_O)        0.053    11.922 f  bT_StuckSA_Memory124_in_inst__3_i_2/O
                         net (fo=3193, routed)       38.318    50.239    bT_StuckSA_Memory124_in_inst__3_i_2_n_0
    SLICE_X151Y223       LUT6 (Prop_lut6_I4_O)        0.053    50.292 r  T[90]_i_1/O
                         net (fo=6414, routed)       35.708    86.000    T[90]_i_1_n_0
    SLICE_X431Y246       FDRE                                         r  T_reg[87]_rep__265/CE
  -------------------------------------------------------------------    -------------------

                         (clock clock rise edge)    100.000   100.000 r  
    BB39                                              0.000   100.000 r  clock (IN)
                         net (fo=0)                   0.000   100.000    clock
    BB39                 IBUF (Prop_ibuf_I_O)         0.615   100.615 r  clock_IBUF_inst/O
                         net (fo=1, routed)           2.193   102.808    clock__0
    BUFGCTRL_X0Y0        BUFG (Prop_bufg_I_O)         0.113   102.921 r  clock__0_BUFG_inst/O
                         net (fo=77800, routed)       1.871   104.792    clock__0_BUFG
    SLR Crossing[0->1]   
    SLICE_X431Y246       FDRE                                         r  T_reg[87]_rep__265/C
                         clock pessimism              0.294   105.087    
                         clock uncertainty           -0.035   105.051    
    SLICE_X431Y246       FDRE (Setup_fdre_C_CE)      -0.244   104.807    T_reg[87]_rep__265
  -------------------------------------------------------------------
                         required time                        104.807    
                         arrival time                         -86.000    
  -------------------------------------------------------------------
                         slack                                 18.808    





Min Delay Paths
--------------------------------------------------------------------------------------
Slack (VIOLATED) :        -0.123ns  (arrival time - required time)
  Source:                 T_reg[1]_rep__182_rep__78/C
                            (rising edge-triggered cell FDRE clocked by clock  {rise@0.000ns fall@50.000ns period=100.000ns})
  Destination:            T_reg[167]_rep__232/D
                            (rising edge-triggered cell FDRE clocked by clock  {rise@0.000ns fall@50.000ns period=100.000ns})
  Path Group:             clock
  Path Type:              Hold (Min at Fast Process Corner)
  Requirement:            0.000ns  (clock rise@0.000ns - clock rise@0.000ns)
  Data Path Delay:        0.259ns  (logic 0.146ns (56.397%)  route 0.113ns (43.603%))
  Logic Levels:           1  (LUT2=1)
  Clock Path Skew:        0.295ns (DCD - SCD - CPR)
    Destination Clock Delay (DCD):    2.517ns
    Source Clock Delay      (SCD):    1.926ns
    Clock Pessimism Removal (CPR):    0.295ns

    Location             Delay type                Incr(ns)  Path(ns)    Netlist Resource(s)
  -------------------------------------------------------------------    -------------------
                         (clock clock rise edge)      0.000     0.000 r  
    BB39                                              0.000     0.000 r  clock (IN)
                         net (fo=0)                   0.000     0.000    clock
    BB39                 IBUF (Prop_ibuf_I_O)         0.141     0.141 r  clock_IBUF_inst/O
                         net (fo=1, routed)           0.948     1.089    clock__0
    BUFGCTRL_X0Y0        BUFG (Prop_bufg_I_O)         0.026     1.115 r  clock__0_BUFG_inst/O
                         net (fo=77800, routed)       0.811     1.926    clock__0_BUFG
    SLR Crossing[0->1]   
    SLICE_X380Y249       FDRE                                         r  T_reg[1]_rep__182_rep__78/C
  -------------------------------------------------------------------    -------------------
    SLICE_X380Y249       FDRE (Prop_fdre_C_Q)         0.118     2.044 r  T_reg[1]_rep__182_rep__78/Q
                         net (fo=2, routed)           0.113     2.157    T_reg[1]_rep__182_rep__78_n_0
    SLICE_X380Y251       LUT2 (Prop_lut2_I0_O)        0.028     2.185 r  T[167]_rep__232_i_1/O
                         net (fo=1, routed)           0.000     2.185    T[167]_rep__232_i_1_n_0
    SLICE_X380Y251       FDRE                                         r  T_reg[167]_rep__232/D
  -------------------------------------------------------------------    -------------------

                         (clock clock rise edge)      0.000     0.000 r  
    BB39                                              0.000     0.000 r  clock (IN)
                         net (fo=0)                   0.000     0.000    clock
    BB39                 IBUF (Prop_ibuf_I_O)         0.308     0.308 r  clock_IBUF_inst/O
                         net (fo=1, routed)           1.021     1.329    clock__0
    BUFGCTRL_X0Y0        BUFG (Prop_bufg_I_O)         0.030     1.359 r  clock__0_BUFG_inst/O
                         net (fo=77800, routed)       1.158     2.517    clock__0_BUFG
    SLR Crossing[0->1]   
    SLICE_X380Y251       FDRE                                         r  T_reg[167]_rep__232/C
                         clock pessimism             -0.295     2.221    
    SLICE_X380Y251       FDRE (Hold_fdre_C_D)         0.087     2.308    T_reg[167]_rep__232
  -------------------------------------------------------------------
                         required time                         -2.308    
                         arrival time                           2.185    
  -------------------------------------------------------------------
                         slack                                 -0.123    





Pulse Width Checks
--------------------------------------------------------------------------------------
Clock Name:         clock
Waveform(ns):       { 0.000 50.000 }
Period(ns):         100.000
Sources:            { clock }

Check Type        Corner  Lib Pin  Reference Pin  Required(ns)  Actual(ns)  Slack(ns)  Location        Pin
Min Period        n/a     BUFG/I   n/a            1.600         100.000     98.400     BUFGCTRL_X0Y0   clock__0_BUFG_inst/I
Low Pulse Width   Slow    FDRE/C   n/a            0.400         50.000      49.600     SLICE_X227Y236  M_reg[152]_rep__1/C
High Pulse Width  Slow    FDSE/C   n/a            0.350         50.000      49.650     SLICE_X218Y277  M_reg[0]/C



