Copyright 1986-2022 Xilinx, Inc. All Rights Reserved. Copyright 2022-2024 Advanced Micro Devices, Inc. All Rights Reserved.
---------------------------------------------------------------------------------------------------------------------------------------------
| Tool Version : Vivado v.2024.2 (lin64) Build 5239630 Fri Nov 08 22:34:34 MST 2024
| Date         : Mon Mar 17 07:00:40 2025
| Host         : vivado running 64-bit Ubuntu 24.04.1 LTS
| Command      : report_timing_summary -file /home/azureuser/btreeBlock/verilog/find/2/statement/11/vivado/reports/timing_route.rpt
| Design       : find
| Device       : 7a50t-cpg236
| Speed File   : -3  PRODUCTION 1.23 2018-06-13
| Design State : Routed
---------------------------------------------------------------------------------------------------------------------------------------------

Timing Summary Report

------------------------------------------------------------------------------------------------
| Timer Settings
| --------------
------------------------------------------------------------------------------------------------

  Enable Multi Corner Analysis               :  Yes
  Enable Pessimism Removal                   :  Yes
  Pessimism Removal Resolution               :  Nearest Common Node
  Enable Input Delay Default Clock           :  No
  Enable Preset / Clear Arcs                 :  No
  Disable Flight Delays                      :  No
  Ignore I/O Paths                           :  No
  Timing Early Launch at Borrowing Latches   :  No
  Borrow Time for Max Delay Exceptions       :  Yes
  Merge Timing Exceptions                    :  Yes
  Inter-SLR Compensation                     :  Conservative

  Corner  Analyze    Analyze    
  Name    Max Paths  Min Paths  
  ------  ---------  ---------  
  Slow    Yes        Yes        
  Fast    Yes        Yes        


------------------------------------------------------------------------------------------------
| Report Methodology
| ------------------
------------------------------------------------------------------------------------------------

Rule       Severity  Description                    Violations  
---------  --------  -----------------------------  ----------  
TIMING-18  Warning   Missing input or output delay  2           

Note: This report is based on the most recent report_methodology run and may not be up-to-date. Run report_methodology on the current design for the latest report.



check_timing report

Table of Contents
-----------------
1. checking no_clock (0)
2. checking constant_clock (0)
3. checking pulse_width_clock (0)
4. checking unconstrained_internal_endpoints (0)
5. checking no_input_delay (1)
6. checking no_output_delay (1)
7. checking multiple_clock (0)
8. checking generated_clocks (0)
9. checking loops (0)
10. checking partial_input_delay (0)
11. checking partial_output_delay (0)
12. checking latch_loops (0)

1. checking no_clock (0)
------------------------
 There are 0 register/latch pins with no clock.


2. checking constant_clock (0)
------------------------------
 There are 0 register/latch pins with constant_clock.


3. checking pulse_width_clock (0)
---------------------------------
 There are 0 register/latch pins which need pulse_width check


4. checking unconstrained_internal_endpoints (0)
------------------------------------------------
 There are 0 pins that are not constrained for maximum delay.

 There are 0 pins that are not constrained for maximum delay due to constant clock.


5. checking no_input_delay (1)
------------------------------
 There is 1 input port with no input delay specified. (HIGH)

 There are 0 input ports with no input delay but user has a false path constraint.


6. checking no_output_delay (1)
-------------------------------
 There is 1 port with no output delay specified. (HIGH)

 There are 0 ports with no output delay but user has a false path constraint

 There are 0 ports with no output delay but with a timing clock defined on it or propagating through it


7. checking multiple_clock (0)
------------------------------
 There are 0 register/latch pins with multiple clocks.


8. checking generated_clocks (0)
--------------------------------
 There are 0 generated clocks that are not connected to a clock source.


9. checking loops (0)
---------------------
 There are 0 combinational loops in the design.


10. checking partial_input_delay (0)
------------------------------------
 There are 0 input ports with partial input delay specified.


11. checking partial_output_delay (0)
-------------------------------------
 There are 0 ports with partial output delay specified.


12. checking latch_loops (0)
----------------------------
 There are 0 combinational latch loops in the design through latch input



------------------------------------------------------------------------------------------------
| Design Timing Summary
| ---------------------
------------------------------------------------------------------------------------------------

    WNS(ns)      TNS(ns)  TNS Failing Endpoints  TNS Total Endpoints      WHS(ns)      THS(ns)  THS Failing Endpoints  THS Total Endpoints     WPWS(ns)     TPWS(ns)  TPWS Failing Endpoints  TPWS Total Endpoints  
    -------      -------  ---------------------  -------------------      -------      -------  ---------------------  -------------------     --------     --------  ----------------------  --------------------  
     98.169        0.000                      0                   12        0.176        0.000                      0                   12       49.500        0.000                       0                     7  


All user specified timing constraints are met.


------------------------------------------------------------------------------------------------
| Clock Summary
| -------------
------------------------------------------------------------------------------------------------

Clock  Waveform(ns)         Period(ns)      Frequency(MHz)
-----  ------------         ----------      --------------
clock  {0.000 50.000}       100.000         10.000          


------------------------------------------------------------------------------------------------
| Intra Clock Table
| -----------------
------------------------------------------------------------------------------------------------

Clock             WNS(ns)      TNS(ns)  TNS Failing Endpoints  TNS Total Endpoints      WHS(ns)      THS(ns)  THS Failing Endpoints  THS Total Endpoints     WPWS(ns)     TPWS(ns)  TPWS Failing Endpoints  TPWS Total Endpoints  
-----             -------      -------  ---------------------  -------------------      -------      -------  ---------------------  -------------------     --------     --------  ----------------------  --------------------  
clock              98.169        0.000                      0                   12        0.176        0.000                      0                   12       49.500        0.000                       0                     7  


------------------------------------------------------------------------------------------------
| Inter Clock Table
| -----------------
------------------------------------------------------------------------------------------------

From Clock    To Clock          WNS(ns)      TNS(ns)  TNS Failing Endpoints  TNS Total Endpoints      WHS(ns)      THS(ns)  THS Failing Endpoints  THS Total Endpoints  
----------    --------          -------      -------  ---------------------  -------------------      -------      -------  ---------------------  -------------------  


------------------------------------------------------------------------------------------------
| Other Path Groups Table
| -----------------------
------------------------------------------------------------------------------------------------

Path Group    From Clock    To Clock          WNS(ns)      TNS(ns)  TNS Failing Endpoints  TNS Total Endpoints      WHS(ns)      THS(ns)  THS Failing Endpoints  THS Total Endpoints  
----------    ----------    --------          -------      -------  ---------------------  -------------------      -------      -------  ---------------------  -------------------  


------------------------------------------------------------------------------------------------
| Timing Details
| --------------
------------------------------------------------------------------------------------------------


---------------------------------------------------------------------------------------------------
From Clock:  clock
  To Clock:  clock

Setup :            0  Failing Endpoints,  Worst Slack       98.169ns,  Total Violation        0.000ns
Hold  :            0  Failing Endpoints,  Worst Slack        0.176ns,  Total Violation        0.000ns
PW    :            0  Failing Endpoints,  Worst Slack       49.500ns,  Total Violation        0.000ns
---------------------------------------------------------------------------------------------------


Max Delay Paths
--------------------------------------------------------------------------------------
Slack (MET) :             98.169ns  (required time - arrival time)
  Source:                 step_reg[4]/C
                            (rising edge-triggered cell FDRE clocked by clock  {rise@0.000ns fall@50.000ns period=100.000ns})
  Destination:            step_reg[0]/CE
                            (rising edge-triggered cell FDRE clocked by clock  {rise@0.000ns fall@50.000ns period=100.000ns})
  Path Group:             clock
  Path Type:              Setup (Max at Slow Process Corner)
  Requirement:            100.000ns  (clock rise@100.000ns - clock rise@0.000ns)
  Data Path Delay:        1.477ns  (logic 0.438ns (29.649%)  route 1.039ns (70.351%))
  Logic Levels:           1  (LUT5=1)
  Clock Path Skew:        -0.026ns (DCD - SCD + CPR)
    Destination Clock Delay (DCD):    3.592ns = ( 103.592 - 100.000 ) 
    Source Clock Delay      (SCD):    3.923ns
    Clock Pessimism Removal (CPR):    0.305ns
  Clock Uncertainty:      0.035ns  ((TSJ^2 + TIJ^2)^1/2 + DJ) / 2 + PE
    Total System Jitter     (TSJ):    0.071ns
    Total Input Jitter      (TIJ):    0.000ns
    Discrete Jitter          (DJ):    0.000ns
    Phase Error              (PE):    0.000ns

    Location             Delay type                Incr(ns)  Path(ns)    Netlist Resource(s)
  -------------------------------------------------------------------    -------------------
                         (clock clock rise edge)      0.000     0.000 r  
    C15                                               0.000     0.000 r  clock (IN)
                         net (fo=0)                   0.000     0.000    clock
    C15                  IBUF (Prop_ibuf_I_O)         0.784     0.784 r  clock_IBUF_inst/O
                         net (fo=1, routed)           1.757     2.541    clock_IBUF
    BUFGCTRL_X0Y16       BUFG (Prop_bufg_I_O)         0.076     2.617 r  clock_IBUF_BUFG_inst/O
                         net (fo=6, routed)           1.307     3.923    clock_IBUF_BUFG
    SLICE_X0Y48          FDRE                                         r  step_reg[4]/C
  -------------------------------------------------------------------    -------------------
    SLICE_X0Y48          FDRE (Prop_fdre_C_Q)         0.341     4.264 f  step_reg[4]/Q
                         net (fo=3, routed)           0.601     4.865    step_reg[4]
    SLICE_X1Y47          LUT5 (Prop_lut5_I2_O)        0.097     4.962 r  step[0]_i_1/O
                         net (fo=5, routed)           0.438     5.400    step[0]_i_1_n_0
    SLICE_X0Y47          FDRE                                         r  step_reg[0]/CE
  -------------------------------------------------------------------    -------------------

                         (clock clock rise edge)    100.000   100.000 r  
    C15                                               0.000   100.000 r  clock (IN)
                         net (fo=0)                   0.000   100.000    clock
    C15                  IBUF (Prop_ibuf_I_O)         0.653   100.653 r  clock_IBUF_inst/O
                         net (fo=1, routed)           1.663   102.316    clock_IBUF
    BUFGCTRL_X0Y16       BUFG (Prop_bufg_I_O)         0.072   102.388 r  clock_IBUF_BUFG_inst/O
                         net (fo=6, routed)           1.204   103.592    clock_IBUF_BUFG
    SLICE_X0Y47          FDRE                                         r  step_reg[0]/C
                         clock pessimism              0.305   103.897    
                         clock uncertainty           -0.035   103.862    
    SLICE_X0Y47          FDRE (Setup_fdre_C_CE)      -0.292   103.570    step_reg[0]
  -------------------------------------------------------------------
                         required time                        103.570    
                         arrival time                          -5.400    
  -------------------------------------------------------------------
                         slack                                 98.169    





Min Delay Paths
--------------------------------------------------------------------------------------
Slack (MET) :             0.176ns  (arrival time - required time)
  Source:                 step_reg[0]/C
                            (rising edge-triggered cell FDRE clocked by clock  {rise@0.000ns fall@50.000ns period=100.000ns})
  Destination:            stopped_reg/D
                            (rising edge-triggered cell FDRE clocked by clock  {rise@0.000ns fall@50.000ns period=100.000ns})
  Path Group:             clock
  Path Type:              Hold (Min at Fast Process Corner)
  Requirement:            0.000ns  (clock rise@0.000ns - clock rise@0.000ns)
  Data Path Delay:        0.280ns  (logic 0.186ns (66.342%)  route 0.094ns (33.658%))
  Logic Levels:           1  (LUT5=1)
  Clock Path Skew:        0.013ns (DCD - SCD - CPR)
    Destination Clock Delay (DCD):    2.115ns
    Source Clock Delay      (SCD):    1.589ns
    Clock Pessimism Removal (CPR):    0.513ns

    Location             Delay type                Incr(ns)  Path(ns)    Netlist Resource(s)
  -------------------------------------------------------------------    -------------------
                         (clock clock rise edge)      0.000     0.000 r  
    C15                                               0.000     0.000 r  clock (IN)
                         net (fo=0)                   0.000     0.000    clock
    C15                  IBUF (Prop_ibuf_I_O)         0.164     0.164 r  clock_IBUF_inst/O
                         net (fo=1, routed)           0.802     0.966    clock_IBUF
    BUFGCTRL_X0Y16       BUFG (Prop_bufg_I_O)         0.026     0.992 r  clock_IBUF_BUFG_inst/O
                         net (fo=6, routed)           0.598     1.589    clock_IBUF_BUFG
    SLICE_X0Y47          FDRE                                         r  step_reg[0]/C
  -------------------------------------------------------------------    -------------------
    SLICE_X0Y47          FDRE (Prop_fdre_C_Q)         0.141     1.730 f  step_reg[0]/Q
                         net (fo=3, routed)           0.094     1.825    step_reg[0]
    SLICE_X1Y47          LUT5 (Prop_lut5_I1_O)        0.045     1.870 r  stopped_i_1/O
                         net (fo=2, routed)           0.000     1.870    stopped_i_1_n_0
    SLICE_X1Y47          FDRE                                         r  stopped_reg/D
  -------------------------------------------------------------------    -------------------

                         (clock clock rise edge)      0.000     0.000 r  
    C15                                               0.000     0.000 r  clock (IN)
                         net (fo=0)                   0.000     0.000    clock
    C15                  IBUF (Prop_ibuf_I_O)         0.353     0.353 r  clock_IBUF_inst/O
                         net (fo=1, routed)           0.865     1.218    clock_IBUF
    BUFGCTRL_X0Y16       BUFG (Prop_bufg_I_O)         0.029     1.247 r  clock_IBUF_BUFG_inst/O
                         net (fo=6, routed)           0.869     2.115    clock_IBUF_BUFG
    SLICE_X1Y47          FDRE                                         r  stopped_reg/C
                         clock pessimism             -0.513     1.602    
    SLICE_X1Y47          FDRE (Hold_fdre_C_D)         0.091     1.693    stopped_reg
  -------------------------------------------------------------------
                         required time                         -1.693    
                         arrival time                           1.870    
  -------------------------------------------------------------------
                         slack                                  0.176    





Pulse Width Checks
--------------------------------------------------------------------------------------
Clock Name:         clock
Waveform(ns):       { 0.000 50.000 }
Period(ns):         100.000
Sources:            { clock }

Check Type        Corner  Lib Pin  Reference Pin  Required(ns)  Actual(ns)  Slack(ns)  Location        Pin
Min Period        n/a     BUFG/I   n/a            1.592         100.000     98.408     BUFGCTRL_X0Y16  clock_IBUF_BUFG_inst/I
Low Pulse Width   Slow    FDRE/C   n/a            0.500         50.000      49.500     SLICE_X0Y47     step_reg[0]/C
High Pulse Width  Slow    FDRE/C   n/a            0.500         50.000      49.500     SLICE_X0Y47     step_reg[0]/C



