#-----------------------------------------------------------
# Vivado v2024.2 (64-bit)
# SW Build 5239630 on Fri Nov 08 22:34:34 MST 2024
# IP Build 5239520 on Sun Nov 10 16:12:51 MST 2024
# SharedData Build 5239561 on Fri Nov 08 14:39:27 MST 2024
# Start of session at: Sun Mar 16 22:39:05 2025
# Process ID         : 904351
# Current directory  : /home/azureuser/btreeBlock/vivado
# Command line       : vivado -mode batch -source /home/azureuser/btreeBlock/vivado/delete.tcl
# Log file           : /home/azureuser/btreeBlock/vivado/vivado.log
# Journal file       : /home/azureuser/btreeBlock/vivado/vivado.jou
# Running On         : vivado
# Platform           : Ubuntu
# Operating System   : Ubuntu 24.04.1 LTS
# Processor Detail   : Intel(R) Xeon(R) Platinum 8272CL CPU @ 2.60GHz
# CPU Frequency      : 2993.099 MHz
# CPU Physical cores : 1
# CPU Logical cores  : 2
# Host memory        : 16714 MB
# Swap memory        : 0 MB
# Total Virtual      : 16714 MB
# Available Virtual  : 15519 MB
#-----------------------------------------------------------
source /home/azureuser/btreeBlock/vivado/delete.tcl
# read_verilog /home/azureuser/btreeBlock/verilog/delete/3/statement/10/delete.v
# read_xdc     /home/azureuser/btreeBlock/vivado/constraints/xc7a50tcpg236.xdc
# synth_design -name delete -top delete -part xc7a50tcpg236 -include_dirs /home/azureuser/btreeBlock/verilog/delete/3/statement/10/includes/ -flatten_hierarchy none -no_timing_driven -directive AlternateRoutability
Command: synth_design -name delete -top delete -part xc7a50tcpg236 -include_dirs /home/azureuser/btreeBlock/verilog/delete/3/statement/10/includes/ -flatten_hierarchy none -no_timing_driven -directive AlternateRoutability
Starting synth_design
Attempting to get a license for feature 'Synthesis' and/or device 'xc7a50t'
INFO: [Common 17-349] Got license for feature 'Synthesis' and/or device 'xc7a50t'
INFO: [Device 21-403] Loading part xc7a50tcpg236-3
INFO: [Synth 8-7079] Multithreading enabled for synth_design using a maximum of 7 processes.
INFO: [Synth 8-7078] Launching helper process for spawning children vivado processes
INFO: [Synth 8-7075] Helper process launched with PID 904989
---------------------------------------------------------------------------------
Starting RTL Elaboration : Time (s): cpu = 00:00:06 ; elapsed = 00:00:07 . Memory (MB): peak = 1950.867 ; gain = 427.832 ; free physical = 7899 ; free virtual = 13697
---------------------------------------------------------------------------------
INFO: [Synth 8-6157] synthesizing module 'delete' [/home/azureuser/btreeBlock/verilog/delete/3/statement/10/delete.v:6]
INFO: [Synth 8-6155] done synthesizing module 'delete' (0#1) [/home/azureuser/btreeBlock/verilog/delete/3/statement/10/delete.v:6]
WARNING: [Synth 8-6014] Unused sequential element M_reg was removed.  [/home/azureuser/btreeBlock/verilog/delete/3/statement/10/includes/initializeMemory.vh:1]
WARNING: [Synth 8-6014] Unused sequential element bT_StuckSA_Memory_reg was removed.  [/home/azureuser/btreeBlock/verilog/delete/3/statement/10/delete.v:56]
WARNING: [Synth 8-6014] Unused sequential element bT_StuckSA_Copy_reg was removed.  [/home/azureuser/btreeBlock/verilog/delete/3/statement/10/includes/initializeMemory.vh:4]
WARNING: [Synth 8-6014] Unused sequential element bT_StuckSA_Transaction_reg was removed.  [/home/azureuser/btreeBlock/verilog/delete/3/statement/10/delete.v:56]
WARNING: [Synth 8-6014] Unused sequential element bL_StuckSA_Memory_reg was removed.  [/home/azureuser/btreeBlock/verilog/delete/3/statement/10/includes/initializeMemory.vh:6]
WARNING: [Synth 8-6014] Unused sequential element bL_StuckSA_Copy_reg was removed.  [/home/azureuser/btreeBlock/verilog/delete/3/statement/10/includes/initializeMemory.vh:7]
WARNING: [Synth 8-6014] Unused sequential element bL_StuckSA_Transaction_reg was removed.  [/home/azureuser/btreeBlock/verilog/delete/3/statement/10/includes/initializeMemory.vh:8]
WARNING: [Synth 8-6014] Unused sequential element bR_StuckSA_Memory_reg was removed.  [/home/azureuser/btreeBlock/verilog/delete/3/statement/10/includes/initializeMemory.vh:9]
WARNING: [Synth 8-6014] Unused sequential element bR_StuckSA_Copy_reg was removed.  [/home/azureuser/btreeBlock/verilog/delete/3/statement/10/includes/initializeMemory.vh:10]
WARNING: [Synth 8-6014] Unused sequential element bR_StuckSA_Transaction_reg was removed.  [/home/azureuser/btreeBlock/verilog/delete/3/statement/10/includes/initializeMemory.vh:11]
WARNING: [Synth 8-6014] Unused sequential element lT_StuckSA_Memory_reg was removed.  [/home/azureuser/btreeBlock/verilog/delete/3/statement/10/includes/initializeMemory.vh:12]
WARNING: [Synth 8-6014] Unused sequential element lT_StuckSA_Copy_reg was removed.  [/home/azureuser/btreeBlock/verilog/delete/3/statement/10/includes/initializeMemory.vh:13]
WARNING: [Synth 8-6014] Unused sequential element lT_StuckSA_Transaction_reg was removed.  [/home/azureuser/btreeBlock/verilog/delete/3/statement/10/includes/initializeMemory.vh:14]
WARNING: [Synth 8-6014] Unused sequential element lL_StuckSA_Memory_reg was removed.  [/home/azureuser/btreeBlock/verilog/delete/3/statement/10/includes/initializeMemory.vh:15]
WARNING: [Synth 8-6014] Unused sequential element lL_StuckSA_Copy_reg was removed.  [/home/azureuser/btreeBlock/verilog/delete/3/statement/10/includes/initializeMemory.vh:16]
WARNING: [Synth 8-6014] Unused sequential element lL_StuckSA_Transaction_reg was removed.  [/home/azureuser/btreeBlock/verilog/delete/3/statement/10/includes/initializeMemory.vh:17]
WARNING: [Synth 8-6014] Unused sequential element lR_StuckSA_Memory_reg was removed.  [/home/azureuser/btreeBlock/verilog/delete/3/statement/10/includes/initializeMemory.vh:18]
WARNING: [Synth 8-6014] Unused sequential element lR_StuckSA_Copy_reg was removed.  [/home/azureuser/btreeBlock/verilog/delete/3/statement/10/includes/initializeMemory.vh:19]
WARNING: [Synth 8-6014] Unused sequential element lR_StuckSA_Transaction_reg was removed.  [/home/azureuser/btreeBlock/verilog/delete/3/statement/10/includes/initializeMemory.vh:20]
WARNING: [Synth 8-6014] Unused sequential element nT_reg was removed.  [/home/azureuser/btreeBlock/verilog/delete/3/statement/10/includes/initializeMemory.vh:21]
WARNING: [Synth 8-6014] Unused sequential element nL_reg was removed.  [/home/azureuser/btreeBlock/verilog/delete/3/statement/10/includes/initializeMemory.vh:22]
WARNING: [Synth 8-6014] Unused sequential element nR_reg was removed.  [/home/azureuser/btreeBlock/verilog/delete/3/statement/10/includes/initializeMemory.vh:23]
---------------------------------------------------------------------------------
Finished RTL Elaboration : Time (s): cpu = 00:00:09 ; elapsed = 00:00:10 . Memory (MB): peak = 2054.805 ; gain = 531.770 ; free physical = 7808 ; free virtual = 13608
---------------------------------------------------------------------------------
---------------------------------------------------------------------------------
Start Handling Custom Attributes
---------------------------------------------------------------------------------
---------------------------------------------------------------------------------
Finished Handling Custom Attributes : Time (s): cpu = 00:00:09 ; elapsed = 00:00:10 . Memory (MB): peak = 2054.805 ; gain = 531.770 ; free physical = 7805 ; free virtual = 13605
---------------------------------------------------------------------------------
---------------------------------------------------------------------------------
Finished RTL Optimization Phase 1 : Time (s): cpu = 00:00:09 ; elapsed = 00:00:10 . Memory (MB): peak = 2054.805 ; gain = 531.770 ; free physical = 7805 ; free virtual = 13605
---------------------------------------------------------------------------------
Netlist sorting complete. Time (s): cpu = 00:00:00.07 ; elapsed = 00:00:00.08 . Memory (MB): peak = 2054.805 ; gain = 0.000 ; free physical = 7805 ; free virtual = 13605
INFO: [Project 1-570] Preparing netlist for logic optimization
