max slew

Pin                                    Limit    Slew   Slack
------------------------------------------------------------
_4163_/ZN                               0.20    0.37   -0.17 (VIOLATED)
_4084_/ZN                               0.20    0.37   -0.17 (VIOLATED)
_4166_/ZN                               0.20    0.36   -0.16 (VIOLATED)
_4094_/ZN                               0.20    0.34   -0.15 (VIOLATED)
_4121_/ZN                               0.20    0.29   -0.09 (VIOLATED)
max_cap21/Z                             0.20    0.26   -0.07 (VIOLATED)
_7045_/ZN                               0.20    0.23   -0.03 (VIOLATED)
_4139_/ZN                               0.20    0.23   -0.03 (VIOLATED)
_4247_/ZN                               0.20    0.22   -0.02 (VIOLATED)
_6695_/ZN                               0.20    0.22   -0.02 (VIOLATED)
_7169_/ZN                               0.20    0.21   -0.01 (VIOLATED)

max capacitance

Pin                                    Limit     Cap   Slack
------------------------------------------------------------
max_cap21/Z                            60.65  119.30  -58.65 (VIOLATED)
_4163_/ZN                              26.70   81.74  -55.04 (VIOLATED)
_4084_/ZN                              26.70   80.59  -53.89 (VIOLATED)
_4166_/ZN                              26.70   80.08  -53.38 (VIOLATED)
_4094_/ZN                              26.70   75.64  -48.94 (VIOLATED)
_4121_/ZN                              26.70   62.48  -35.78 (VIOLATED)
_7045_/ZN                              26.70   50.55  -23.84 (VIOLATED)
_4169_/ZN                              59.36   82.79  -23.44 (VIOLATED)
_4139_/ZN                              26.70   49.56  -22.85 (VIOLATED)
_4149_/ZN                              59.36   82.13  -22.77 (VIOLATED)
_4168_/ZN                              59.36   81.45  -22.10 (VIOLATED)
_4148_/ZN                              59.36   81.44  -22.08 (VIOLATED)
_6731_/ZN                              59.36   80.71  -21.35 (VIOLATED)
_4113_/ZN                              60.73   81.85  -21.12 (VIOLATED)
_4247_/ZN                              26.70   47.65  -20.95 (VIOLATED)
_6695_/ZN                              26.70   46.85  -20.15 (VIOLATED)
_4151_/ZN                              59.36   78.14  -18.79 (VIOLATED)
_7169_/ZN                              26.70   45.29  -18.58 (VIOLATED)
_4069_/ZN                              26.70   42.54  -15.83 (VIOLATED)
_4162_/ZN                              60.73   71.90  -11.17 (VIOLATED)
_3968_/ZN                              26.70   35.46   -8.75 (VIOLATED)
_4193_/Z                               25.33   30.28   -4.95 (VIOLATED)
_4079_/ZN                              26.70   28.00   -1.29 (VIOLATED)
_4071_/ZN                              26.70   27.44   -0.74 (VIOLATED)

