[WARNING STA-0503] report_checks -group_count is deprecated. Use -group_path_count instead.
Startpoint: step[4]$_SDFFE_PP0P_
            (rising edge-triggered flip-flop clocked by clk0)
Endpoint: intermediateValue[28]$_DFFE_PP_
          (rising edge-triggered flip-flop clocked by clk0)
Path Group: clk0
Path Type: max

Fanout     Cap    Slew   Delay    Time   Description
-----------------------------------------------------------------------------
                          0.00    0.00   clock clk0 (rise edge)
                          0.19    0.19   clock network delay (propagated)
                  0.04    0.00    0.19 ^ step[4]$_SDFFE_PP0P_/CK (DFF_X1)
    12   42.06    0.10    0.19    0.38 ^ step[4]$_SDFFE_PP0P_/Q (DFF_X1)
                                         step[4] (net)
                  0.10    0.00    0.38 ^ _3885_/A1 (NOR2_X1)
     3   10.16    0.03    0.04    0.41 v _3885_/ZN (NOR2_X1)
                                         _3242_ (net)
                  0.03    0.00    0.41 v _3886_/A2 (NAND2_X1)
    18   36.41    0.09    0.11    0.52 ^ _3886_/ZN (NAND2_X1)
                                         _3243_ (net)
                  0.09    0.00    0.52 ^ _3927_/B2 (OAI22_X1)
     1    1.17    0.02    0.03    0.56 v _3927_/ZN (OAI22_X1)
                                         _3284_ (net)
                  0.02    0.00    0.56 v _3928_/A3 (OR3_X1)
     2    4.22    0.02    0.09    0.65 v _3928_/ZN (OR3_X1)
                                         _3285_ (net)
                  0.02    0.00    0.65 v _3934_/A (AOI211_X1)
     2    8.30    0.08    0.12    0.77 ^ _3934_/ZN (AOI211_X1)
                                         _3291_ (net)
                  0.08    0.00    0.77 ^ _3939_/A2 (NAND3_X1)
     2    4.57    0.03    0.05    0.81 v _3939_/ZN (NAND3_X1)
                                         _3296_ (net)
                  0.03    0.00    0.81 v _3956_/A1 (NOR2_X1)
     1    1.95    0.02    0.03    0.85 ^ _3956_/ZN (NOR2_X1)
                                         _3313_ (net)
                  0.02    0.00    0.85 ^ _3967_/A2 (NAND4_X1)
     6   15.74    0.06    0.08    0.93 v _3967_/ZN (NAND4_X1)
                                         _3324_ (net)
                  0.06    0.00    0.93 v _3968_/A2 (NOR2_X1)
    13   35.46    0.17    0.22    1.15 ^ _3968_/ZN (NOR2_X1)
                                         _3325_ (net)
                  0.17    0.00    1.15 ^ _4051_/A1 (AND2_X1)
     5   15.34    0.04    0.09    1.24 ^ _4051_/ZN (AND2_X1)
                                         _3621_ (net)
                  0.04    0.00    1.24 ^ max_cap21/A (BUF_X1)
    32  119.30    0.26    0.31    1.55 ^ max_cap21/Z (BUF_X1)
                                         net21 (net)
                  0.26    0.00    1.55 ^ _7207_/CI (FA_X1)
     2    4.46    0.02    0.09    1.64 ^ _7207_/CO (FA_X1)
                                         _3622_ (net)
                  0.02    0.00    1.64 ^ _5700_/B2 (AOI21_X1)
     1    1.58    0.02    0.02    1.66 v _5700_/ZN (AOI21_X1)
                                         _1982_ (net)
                  0.02    0.00    1.66 v _5701_/B1 (OAI21_X1)
     2    4.75    0.03    0.05    1.70 ^ _5701_/ZN (OAI21_X1)
                                         _1983_ (net)
                  0.03    0.00    1.70 ^ _5779_/B1 (AOI21_X1)
     1    1.82    0.01    0.02    1.72 v _5779_/ZN (AOI21_X1)
                                         _2059_ (net)
                  0.01    0.00    1.72 v _5780_/B1 (OAI21_X1)
     2    3.84    0.03    0.04    1.76 ^ _5780_/ZN (OAI21_X1)
                                         _2060_ (net)
                  0.03    0.00    1.76 ^ _5892_/A2 (AND2_X1)
     1    1.84    0.01    0.04    1.80 ^ _5892_/ZN (AND2_X1)
                                         _2170_ (net)
                  0.01    0.00    1.80 ^ _5893_/B2 (OAI21_X1)
     2    3.09    0.02    0.02    1.82 v _5893_/ZN (OAI21_X1)
                                         _2171_ (net)
                  0.02    0.00    1.82 v _5896_/B2 (AOI21_X1)
     2    3.75    0.03    0.04    1.86 ^ _5896_/ZN (AOI21_X1)
                                         _2174_ (net)
                  0.03    0.00    1.86 ^ _5995_/B2 (OAI21_X1)
     2    2.58    0.01    0.02    1.88 v _5995_/ZN (OAI21_X1)
                                         _2271_ (net)
                  0.01    0.00    1.88 v _5997_/B2 (AOI21_X1)
     2    2.86    0.03    0.04    1.92 ^ _5997_/ZN (AOI21_X1)
                                         _2273_ (net)
                  0.03    0.00    1.92 ^ _6082_/B2 (OAI21_X1)
     2    2.78    0.02    0.02    1.95 v _6082_/ZN (OAI21_X1)
                                         _2356_ (net)
                  0.02    0.00    1.95 v _6083_/B2 (AOI21_X1)
     2    3.47    0.03    0.04    1.99 ^ _6083_/ZN (AOI21_X1)
                                         _2357_ (net)
                  0.03    0.00    1.99 ^ _6166_/B2 (OAI21_X1)
     2    2.51    0.01    0.02    2.01 v _6166_/ZN (OAI21_X1)
                                         _2438_ (net)
                  0.01    0.00    2.01 v _6168_/B2 (AOI21_X1)
     2    5.40    0.04    0.05    2.07 ^ _6168_/ZN (AOI21_X1)
                                         _2440_ (net)
                  0.04    0.00    2.07 ^ _6266_/B2 (OAI21_X1)
     2    2.47    0.02    0.03    2.09 v _6266_/ZN (OAI21_X1)
                                         _2536_ (net)
                  0.02    0.00    2.09 v _6267_/B2 (AOI21_X1)
     2    3.52    0.03    0.04    2.13 ^ _6267_/ZN (AOI21_X1)
                                         _2537_ (net)
                  0.03    0.00    2.13 ^ _6282_/B2 (OAI21_X1)
     2    2.47    0.01    0.02    2.16 v _6282_/ZN (OAI21_X1)
                                         _2550_ (net)
                  0.01    0.00    2.16 v _6283_/B2 (AOI21_X1)
     2    3.40    0.03    0.04    2.20 ^ _6283_/ZN (AOI21_X1)
                                         _2551_ (net)
                  0.03    0.00    2.20 ^ _6297_/B2 (OAI21_X1)
     2    2.44    0.01    0.02    2.22 v _6297_/ZN (OAI21_X1)
                                         _2563_ (net)
                  0.01    0.00    2.22 v _6298_/B2 (AOI21_X1)
     2    3.47    0.03    0.04    2.27 ^ _6298_/ZN (AOI21_X1)
                                         _2564_ (net)
                  0.03    0.00    2.27 ^ _6312_/B2 (OAI21_X1)
     2    3.23    0.02    0.03    2.29 v _6312_/ZN (OAI21_X1)
                                         _2576_ (net)
                  0.02    0.00    2.29 v _6313_/B2 (AOI21_X1)
     2    3.48    0.03    0.04    2.34 ^ _6313_/ZN (AOI21_X1)
                                         _2577_ (net)
                  0.03    0.00    2.34 ^ _6328_/B2 (OAI21_X1)
     2    3.13    0.02    0.03    2.36 v _6328_/ZN (OAI21_X1)
                                         _2590_ (net)
                  0.02    0.00    2.36 v _6329_/B2 (AOI21_X1)
     2    3.42    0.03    0.04    2.40 ^ _6329_/ZN (AOI21_X1)
                                         _2591_ (net)
                  0.03    0.00    2.40 ^ _6343_/B2 (OAI21_X1)
     2    3.26    0.02    0.03    2.43 v _6343_/ZN (OAI21_X1)
                                         _2603_ (net)
                  0.02    0.00    2.43 v _6358_/C2 (AOI211_X1)
     1    1.95    0.04    0.05    2.48 ^ _6358_/ZN (AOI211_X1)
                                         _2616_ (net)
                  0.04    0.00    2.48 ^ _6359_/B (AOI211_X1)
     2    4.51    0.02    0.03    2.50 v _6359_/ZN (AOI211_X1)
                                         _2617_ (net)
                  0.02    0.00    2.50 v _6360_/B (XOR2_X1)
     1    1.59    0.02    0.06    2.57 v _6360_/Z (XOR2_X1)
                                         _2618_ (net)
                  0.02    0.00    2.57 v _6361_/B1 (OAI21_X1)
     1    1.73    0.02    0.03    2.60 ^ _6361_/ZN (OAI21_X1)
                                         _2619_ (net)
                  0.02    0.00    2.60 ^ _6362_/A (OAI21_X1)
     1    1.82    0.03    0.02    2.62 v _6362_/ZN (OAI21_X1)
                                         _2620_ (net)
                  0.03    0.00    2.62 v _6363_/A (INV_X1)
     1    1.32    0.01    0.02    2.64 ^ _6363_/ZN (INV_X1)
                                         _0070_ (net)
                  0.01    0.00    2.64 ^ intermediateValue[28]$_DFFE_PP_/D (DFF_X1)
                                  2.64   data arrival time

                        100.00  100.00   clock clk0 (rise edge)
                          0.18  100.18   clock network delay (propagated)
                          0.00  100.18   clock reconvergence pessimism
                                100.18 ^ intermediateValue[28]$_DFFE_PP_/CK (DFF_X1)
                         -0.03  100.15   library setup time
                                100.15   data required time
-----------------------------------------------------------------------------
                                100.15   data required time
                                 -2.64   data arrival time
-----------------------------------------------------------------------------
                                 97.52   slack (MET)


Startpoint: step[4]$_SDFFE_PP0P_
            (rising edge-triggered flip-flop clocked by clk0)
Endpoint: intermediateValue[30]$_DFFE_PP_
          (rising edge-triggered flip-flop clocked by clk0)
Path Group: clk0
Path Type: max

Fanout     Cap    Slew   Delay    Time   Description
-----------------------------------------------------------------------------
                          0.00    0.00   clock clk0 (rise edge)
                          0.19    0.19   clock network delay (propagated)
                  0.04    0.00    0.19 ^ step[4]$_SDFFE_PP0P_/CK (DFF_X1)
    12   42.06    0.10    0.19    0.38 ^ step[4]$_SDFFE_PP0P_/Q (DFF_X1)
                                         step[4] (net)
                  0.10    0.00    0.38 ^ _3885_/A1 (NOR2_X1)
     3   10.16    0.03    0.04    0.41 v _3885_/ZN (NOR2_X1)
                                         _3242_ (net)
                  0.03    0.00    0.41 v _3886_/A2 (NAND2_X1)
    18   36.41    0.09    0.11    0.52 ^ _3886_/ZN (NAND2_X1)
                                         _3243_ (net)
                  0.09    0.00    0.52 ^ _3927_/B2 (OAI22_X1)
     1    1.17    0.02    0.03    0.56 v _3927_/ZN (OAI22_X1)
                                         _3284_ (net)
                  0.02    0.00    0.56 v _3928_/A3 (OR3_X1)
     2    4.22    0.02    0.09    0.65 v _3928_/ZN (OR3_X1)
                                         _3285_ (net)
                  0.02    0.00    0.65 v _3934_/A (AOI211_X1)
     2    8.30    0.08    0.12    0.77 ^ _3934_/ZN (AOI211_X1)
                                         _3291_ (net)
                  0.08    0.00    0.77 ^ _3939_/A2 (NAND3_X1)
     2    4.57    0.03    0.05    0.81 v _3939_/ZN (NAND3_X1)
                                         _3296_ (net)
                  0.03    0.00    0.81 v _3956_/A1 (NOR2_X1)
     1    1.95    0.02    0.03    0.85 ^ _3956_/ZN (NOR2_X1)
                                         _3313_ (net)
                  0.02    0.00    0.85 ^ _3967_/A2 (NAND4_X1)
     6   15.74    0.06    0.08    0.93 v _3967_/ZN (NAND4_X1)
                                         _3324_ (net)
                  0.06    0.00    0.93 v _3968_/A2 (NOR2_X1)
    13   35.46    0.17    0.22    1.15 ^ _3968_/ZN (NOR2_X1)
                                         _3325_ (net)
                  0.17    0.00    1.15 ^ _4051_/A1 (AND2_X1)
     5   15.34    0.04    0.09    1.24 ^ _4051_/ZN (AND2_X1)
                                         _3621_ (net)
                  0.04    0.00    1.24 ^ max_cap21/A (BUF_X1)
    32  119.30    0.26    0.31    1.55 ^ max_cap21/Z (BUF_X1)
                                         net21 (net)
                  0.26    0.00    1.55 ^ _7207_/CI (FA_X1)
     2    4.46    0.02    0.09    1.64 ^ _7207_/CO (FA_X1)
                                         _3622_ (net)
                  0.02    0.00    1.64 ^ _5700_/B2 (AOI21_X1)
     1    1.58    0.02    0.02    1.66 v _5700_/ZN (AOI21_X1)
                                         _1982_ (net)
                  0.02    0.00    1.66 v _5701_/B1 (OAI21_X1)
     2    4.75    0.03    0.05    1.70 ^ _5701_/ZN (OAI21_X1)
                                         _1983_ (net)
                  0.03    0.00    1.70 ^ _5779_/B1 (AOI21_X1)
     1    1.82    0.01    0.02    1.72 v _5779_/ZN (AOI21_X1)
                                         _2059_ (net)
                  0.01    0.00    1.72 v _5780_/B1 (OAI21_X1)
     2    3.84    0.03    0.04    1.76 ^ _5780_/ZN (OAI21_X1)
                                         _2060_ (net)
                  0.03    0.00    1.76 ^ _5892_/A2 (AND2_X1)
     1    1.84    0.01    0.04    1.80 ^ _5892_/ZN (AND2_X1)
                                         _2170_ (net)
                  0.01    0.00    1.80 ^ _5893_/B2 (OAI21_X1)
     2    3.09    0.02    0.02    1.82 v _5893_/ZN (OAI21_X1)
                                         _2171_ (net)
                  0.02    0.00    1.82 v _5896_/B2 (AOI21_X1)
     2    3.75    0.03    0.04    1.86 ^ _5896_/ZN (AOI21_X1)
                                         _2174_ (net)
                  0.03    0.00    1.86 ^ _5995_/B2 (OAI21_X1)
     2    2.58    0.01    0.02    1.88 v _5995_/ZN (OAI21_X1)
                                         _2271_ (net)
                  0.01    0.00    1.88 v _5997_/B2 (AOI21_X1)
     2    2.86    0.03    0.04    1.92 ^ _5997_/ZN (AOI21_X1)
                                         _2273_ (net)
                  0.03    0.00    1.92 ^ _6082_/B2 (OAI21_X1)
     2    2.78    0.02    0.02    1.95 v _6082_/ZN (OAI21_X1)
                                         _2356_ (net)
                  0.02    0.00    1.95 v _6083_/B2 (AOI21_X1)
     2    3.47    0.03    0.04    1.99 ^ _6083_/ZN (AOI21_X1)
                                         _2357_ (net)
                  0.03    0.00    1.99 ^ _6166_/B2 (OAI21_X1)
     2    2.51    0.01    0.02    2.01 v _6166_/ZN (OAI21_X1)
                                         _2438_ (net)
                  0.01    0.00    2.01 v _6168_/B2 (AOI21_X1)
     2    5.40    0.04    0.05    2.07 ^ _6168_/ZN (AOI21_X1)
                                         _2440_ (net)
                  0.04    0.00    2.07 ^ _6266_/B2 (OAI21_X1)
     2    2.47    0.02    0.03    2.09 v _6266_/ZN (OAI21_X1)
                                         _2536_ (net)
                  0.02    0.00    2.09 v _6267_/B2 (AOI21_X1)
     2    3.52    0.03    0.04    2.13 ^ _6267_/ZN (AOI21_X1)
                                         _2537_ (net)
                  0.03    0.00    2.13 ^ _6282_/B2 (OAI21_X1)
     2    2.47    0.01    0.02    2.16 v _6282_/ZN (OAI21_X1)
                                         _2550_ (net)
                  0.01    0.00    2.16 v _6283_/B2 (AOI21_X1)
     2    3.40    0.03    0.04    2.20 ^ _6283_/ZN (AOI21_X1)
                                         _2551_ (net)
                  0.03    0.00    2.20 ^ _6297_/B2 (OAI21_X1)
     2    2.44    0.01    0.02    2.22 v _6297_/ZN (OAI21_X1)
                                         _2563_ (net)
                  0.01    0.00    2.22 v _6298_/B2 (AOI21_X1)
     2    3.47    0.03    0.04    2.27 ^ _6298_/ZN (AOI21_X1)
                                         _2564_ (net)
                  0.03    0.00    2.27 ^ _6312_/B2 (OAI21_X1)
     2    3.23    0.02    0.03    2.29 v _6312_/ZN (OAI21_X1)
                                         _2576_ (net)
                  0.02    0.00    2.29 v _6313_/B2 (AOI21_X1)
     2    3.48    0.03    0.04    2.34 ^ _6313_/ZN (AOI21_X1)
                                         _2577_ (net)
                  0.03    0.00    2.34 ^ _6328_/B2 (OAI21_X1)
     2    3.13    0.02    0.03    2.36 v _6328_/ZN (OAI21_X1)
                                         _2590_ (net)
                  0.02    0.00    2.36 v _6329_/B2 (AOI21_X1)
     2    3.42    0.03    0.04    2.40 ^ _6329_/ZN (AOI21_X1)
                                         _2591_ (net)
                  0.03    0.00    2.40 ^ _6343_/B2 (OAI21_X1)
     2    3.26    0.02    0.03    2.43 v _6343_/ZN (OAI21_X1)
                                         _2603_ (net)
                  0.02    0.00    2.43 v _6358_/C2 (AOI211_X1)
     1    1.95    0.04    0.05    2.48 ^ _6358_/ZN (AOI211_X1)
                                         _2616_ (net)
                  0.04    0.00    2.48 ^ _6359_/B (AOI211_X1)
     2    4.51    0.02    0.03    2.50 v _6359_/ZN (AOI211_X1)
                                         _2617_ (net)
                  0.02    0.00    2.50 v _6375_/B2 (OAI21_X1)
     2    3.47    0.03    0.05    2.55 ^ _6375_/ZN (OAI21_X1)
                                         _2631_ (net)
                  0.03    0.00    2.55 ^ _6376_/B1 (AOI21_X1)
     1    1.58    0.02    0.02    2.57 v _6376_/ZN (AOI21_X1)
                                         _2632_ (net)
                  0.02    0.00    2.57 v _6377_/A (OAI21_X1)
     1    1.78    0.02    0.02    2.59 ^ _6377_/ZN (OAI21_X1)
                                         _2633_ (net)
                  0.02    0.00    2.59 ^ _6378_/B1 (AOI21_X1)
     1    1.34    0.02    0.02    2.61 v _6378_/ZN (AOI21_X1)
                                         _0072_ (net)
                  0.02    0.00    2.61 v intermediateValue[30]$_DFFE_PP_/D (DFF_X1)
                                  2.61   data arrival time

                        100.00  100.00   clock clk0 (rise edge)
                          0.18  100.18   clock network delay (propagated)
                          0.00  100.18   clock reconvergence pessimism
                                100.18 ^ intermediateValue[30]$_DFFE_PP_/CK (DFF_X1)
                         -0.03  100.15   library setup time
                                100.15   data required time
-----------------------------------------------------------------------------
                                100.15   data required time
                                 -2.61   data arrival time
-----------------------------------------------------------------------------
                                 97.54   slack (MET)


Startpoint: step[4]$_SDFFE_PP0P_
            (rising edge-triggered flip-flop clocked by clk0)
Endpoint: intermediateValue[31]$_DFFE_PP_
          (rising edge-triggered flip-flop clocked by clk0)
Path Group: clk0
Path Type: max

Fanout     Cap    Slew   Delay    Time   Description
-----------------------------------------------------------------------------
                          0.00    0.00   clock clk0 (rise edge)
                          0.19    0.19   clock network delay (propagated)
                  0.04    0.00    0.19 ^ step[4]$_SDFFE_PP0P_/CK (DFF_X1)
    12   42.06    0.10    0.19    0.38 ^ step[4]$_SDFFE_PP0P_/Q (DFF_X1)
                                         step[4] (net)
                  0.10    0.00    0.38 ^ _3885_/A1 (NOR2_X1)
     3   10.16    0.03    0.04    0.41 v _3885_/ZN (NOR2_X1)
                                         _3242_ (net)
                  0.03    0.00    0.41 v _3886_/A2 (NAND2_X1)
    18   36.41    0.09    0.11    0.52 ^ _3886_/ZN (NAND2_X1)
                                         _3243_ (net)
                  0.09    0.00    0.52 ^ _3927_/B2 (OAI22_X1)
     1    1.17    0.02    0.03    0.56 v _3927_/ZN (OAI22_X1)
                                         _3284_ (net)
                  0.02    0.00    0.56 v _3928_/A3 (OR3_X1)
     2    4.22    0.02    0.09    0.65 v _3928_/ZN (OR3_X1)
                                         _3285_ (net)
                  0.02    0.00    0.65 v _3934_/A (AOI211_X1)
     2    8.30    0.08    0.12    0.77 ^ _3934_/ZN (AOI211_X1)
                                         _3291_ (net)
                  0.08    0.00    0.77 ^ _3939_/A2 (NAND3_X1)
     2    4.57    0.03    0.05    0.81 v _3939_/ZN (NAND3_X1)
                                         _3296_ (net)
                  0.03    0.00    0.81 v _3956_/A1 (NOR2_X1)
     1    1.95    0.02    0.03    0.85 ^ _3956_/ZN (NOR2_X1)
                                         _3313_ (net)
                  0.02    0.00    0.85 ^ _3967_/A2 (NAND4_X1)
     6   15.74    0.06    0.08    0.93 v _3967_/ZN (NAND4_X1)
                                         _3324_ (net)
                  0.06    0.00    0.93 v _3968_/A2 (NOR2_X1)
    13   35.46    0.17    0.22    1.15 ^ _3968_/ZN (NOR2_X1)
                                         _3325_ (net)
                  0.17    0.00    1.15 ^ _4051_/A1 (AND2_X1)
     5   15.34    0.04    0.09    1.24 ^ _4051_/ZN (AND2_X1)
                                         _3621_ (net)
                  0.04    0.00    1.24 ^ max_cap21/A (BUF_X1)
    32  119.30    0.26    0.31    1.55 ^ max_cap21/Z (BUF_X1)
                                         net21 (net)
                  0.26    0.00    1.55 ^ _7263_/B (HA_X1)
     3    6.39    0.06    0.08    1.63 ^ _7263_/S (HA_X1)
                                         _3781_ (net)
                  0.06    0.00    1.63 ^ _5638_/A (INV_X1)
     1    1.68    0.01    0.01    1.64 v _5638_/ZN (INV_X1)
                                         _1921_ (net)
                  0.01    0.00    1.64 v _5639_/B2 (OAI21_X1)
     2    4.52    0.03    0.05    1.69 ^ _5639_/ZN (OAI21_X1)
                                         _1922_ (net)
                  0.03    0.00    1.69 ^ _5737_/B1 (AOI21_X1)
     1    1.64    0.01    0.02    1.71 v _5737_/ZN (AOI21_X1)
                                         _2018_ (net)
                  0.01    0.00    1.71 v _5738_/B1 (OAI21_X1)
     2    4.68    0.03    0.04    1.75 ^ _5738_/ZN (OAI21_X1)
                                         _2019_ (net)
                  0.03    0.00    1.75 ^ _5827_/B1 (AOI21_X1)
     1    1.70    0.01    0.02    1.77 v _5827_/ZN (AOI21_X1)
                                         _2106_ (net)
                  0.01    0.00    1.77 v _5828_/B1 (OAI21_X1)
     2    4.29    0.03    0.04    1.81 ^ _5828_/ZN (OAI21_X1)
                                         _2107_ (net)
                  0.03    0.00    1.81 ^ _5961_/B1 (AOI21_X1)
     1    1.72    0.01    0.02    1.83 v _5961_/ZN (AOI21_X1)
                                         _2238_ (net)
                  0.01    0.00    1.83 v _5962_/B1 (OAI21_X1)
     2    4.50    0.03    0.04    1.87 ^ _5962_/ZN (OAI21_X1)
                                         _2239_ (net)
                  0.03    0.00    1.87 ^ _6061_/B1 (AOI21_X1)
     1    1.57    0.01    0.02    1.89 v _6061_/ZN (AOI21_X1)
                                         _2336_ (net)
                  0.01    0.00    1.89 v _6062_/B1 (OAI21_X1)
     2    4.65    0.03    0.04    1.93 ^ _6062_/ZN (OAI21_X1)
                                         _2337_ (net)
                  0.03    0.00    1.93 ^ _6155_/B1 (AOI21_X1)
     1    1.57    0.01    0.02    1.95 v _6155_/ZN (AOI21_X1)
                                         _2428_ (net)
                  0.01    0.00    1.95 v _6156_/B1 (OAI21_X1)
     2    4.46    0.03    0.04    1.99 ^ _6156_/ZN (OAI21_X1)
                                         _2429_ (net)
                  0.03    0.00    1.99 ^ _6257_/B1 (AOI21_X1)
     1    1.57    0.01    0.02    2.01 v _6257_/ZN (AOI21_X1)
                                         _2528_ (net)
                  0.01    0.00    2.01 v _6258_/B1 (OAI21_X1)
     2    4.65    0.03    0.04    2.06 ^ _6258_/ZN (OAI21_X1)
                                         _2529_ (net)
                  0.03    0.00    2.06 ^ _6274_/B1 (AOI21_X1)
     1    1.63    0.01    0.02    2.07 v _6274_/ZN (AOI21_X1)
                                         _2543_ (net)
                  0.01    0.00    2.07 v _6275_/B1 (OAI21_X1)
     2    4.45    0.03    0.04    2.12 ^ _6275_/ZN (OAI21_X1)
                                         _2544_ (net)
                  0.03    0.00    2.12 ^ _6289_/B1 (AOI21_X1)
     1    1.63    0.01    0.02    2.13 v _6289_/ZN (AOI21_X1)
                                         _2556_ (net)
                  0.01    0.00    2.13 v _6290_/B1 (OAI21_X1)
     2    4.63    0.03    0.04    2.18 ^ _6290_/ZN (OAI21_X1)
                                         _2557_ (net)
                  0.03    0.00    2.18 ^ _6304_/B1 (AOI21_X1)
     1    1.73    0.01    0.02    2.20 v _6304_/ZN (AOI21_X1)
                                         _2569_ (net)
                  0.01    0.00    2.20 v _6305_/B1 (OAI21_X1)
     2    4.46    0.03    0.04    2.24 ^ _6305_/ZN (OAI21_X1)
                                         _2570_ (net)
                  0.03    0.00    2.24 ^ _6320_/B1 (AOI21_X1)
     1    1.63    0.01    0.02    2.26 v _6320_/ZN (AOI21_X1)
                                         _2583_ (net)
                  0.01    0.00    2.26 v _6321_/B1 (OAI21_X1)
     2    4.53    0.03    0.04    2.30 ^ _6321_/ZN (OAI21_X1)
                                         _2584_ (net)
                  0.03    0.00    2.30 ^ _6336_/B1 (AOI21_X1)
     1    1.60    0.01    0.02    2.32 v _6336_/ZN (AOI21_X1)
                                         _2597_ (net)
                  0.01    0.00    2.32 v _6337_/B1 (OAI21_X1)
     2    4.70    0.03    0.04    2.36 ^ _6337_/ZN (OAI21_X1)
                                         _2598_ (net)
                  0.03    0.00    2.36 ^ _6350_/B1 (AOI21_X1)
     1    1.58    0.01    0.02    2.38 v _6350_/ZN (AOI21_X1)
                                         _2609_ (net)
                  0.01    0.00    2.38 v _6352_/B1 (OAI21_X1)
     3    5.57    0.04    0.05    2.43 ^ _6352_/ZN (OAI21_X1)
                                         _2611_ (net)
                  0.04    0.00    2.43 ^ _6383_/A3 (NAND4_X1)
     2    2.40    0.03    0.04    2.47 v _6383_/ZN (NAND4_X1)
                                         _2638_ (net)
                  0.03    0.00    2.47 v _6386_/A1 (AND3_X1)
     1    1.16    0.01    0.04    2.50 v _6386_/ZN (AND3_X1)
                                         _2641_ (net)
                  0.01    0.00    2.50 v _6388_/A2 (OR3_X1)
     1    1.50    0.01    0.07    2.58 v _6388_/ZN (OR3_X1)
                                         _2643_ (net)
                  0.01    0.00    2.58 v _6389_/B1 (AOI21_X1)
     1    1.26    0.02    0.03    2.60 ^ _6389_/ZN (AOI21_X1)
                                         _0073_ (net)
                  0.02    0.00    2.60 ^ intermediateValue[31]$_DFFE_PP_/D (DFF_X1)
                                  2.60   data arrival time

                        100.00  100.00   clock clk0 (rise edge)
                          0.18  100.18   clock network delay (propagated)
                          0.00  100.18   clock reconvergence pessimism
                                100.18 ^ intermediateValue[31]$_DFFE_PP_/CK (DFF_X1)
                         -0.03  100.15   library setup time
                                100.15   data required time
-----------------------------------------------------------------------------
                                100.15   data required time
                                 -2.60   data arrival time
-----------------------------------------------------------------------------
                                 97.55   slack (MET)


Startpoint: step[4]$_SDFFE_PP0P_
            (rising edge-triggered flip-flop clocked by clk0)
Endpoint: intermediateValue[29]$_DFFE_PP_
          (rising edge-triggered flip-flop clocked by clk0)
Path Group: clk0
Path Type: max

Fanout     Cap    Slew   Delay    Time   Description
-----------------------------------------------------------------------------
                          0.00    0.00   clock clk0 (rise edge)
                          0.19    0.19   clock network delay (propagated)
                  0.04    0.00    0.19 ^ step[4]$_SDFFE_PP0P_/CK (DFF_X1)
    12   42.06    0.10    0.19    0.38 ^ step[4]$_SDFFE_PP0P_/Q (DFF_X1)
                                         step[4] (net)
                  0.10    0.00    0.38 ^ _3885_/A1 (NOR2_X1)
     3   10.16    0.03    0.04    0.41 v _3885_/ZN (NOR2_X1)
                                         _3242_ (net)
                  0.03    0.00    0.41 v _3886_/A2 (NAND2_X1)
    18   36.41    0.09    0.11    0.52 ^ _3886_/ZN (NAND2_X1)
                                         _3243_ (net)
                  0.09    0.00    0.52 ^ _3927_/B2 (OAI22_X1)
     1    1.17    0.02    0.03    0.56 v _3927_/ZN (OAI22_X1)
                                         _3284_ (net)
                  0.02    0.00    0.56 v _3928_/A3 (OR3_X1)
     2    4.22    0.02    0.09    0.65 v _3928_/ZN (OR3_X1)
                                         _3285_ (net)
                  0.02    0.00    0.65 v _3934_/A (AOI211_X1)
     2    8.30    0.08    0.12    0.77 ^ _3934_/ZN (AOI211_X1)
                                         _3291_ (net)
                  0.08    0.00    0.77 ^ _3939_/A2 (NAND3_X1)
     2    4.57    0.03    0.05    0.81 v _3939_/ZN (NAND3_X1)
                                         _3296_ (net)
                  0.03    0.00    0.81 v _3956_/A1 (NOR2_X1)
     1    1.95    0.02    0.03    0.85 ^ _3956_/ZN (NOR2_X1)
                                         _3313_ (net)
                  0.02    0.00    0.85 ^ _3967_/A2 (NAND4_X1)
     6   15.74    0.06    0.08    0.93 v _3967_/ZN (NAND4_X1)
                                         _3324_ (net)
                  0.06    0.00    0.93 v _3968_/A2 (NOR2_X1)
    13   35.46    0.17    0.22    1.15 ^ _3968_/ZN (NOR2_X1)
                                         _3325_ (net)
                  0.17    0.00    1.15 ^ _4051_/A1 (AND2_X1)
     5   15.34    0.04    0.09    1.24 ^ _4051_/ZN (AND2_X1)
                                         _3621_ (net)
                  0.04    0.00    1.24 ^ max_cap21/A (BUF_X1)
    32  119.30    0.26    0.31    1.55 ^ max_cap21/Z (BUF_X1)
                                         net21 (net)
                  0.26    0.00    1.55 ^ _7263_/B (HA_X1)
     3    6.39    0.06    0.08    1.63 ^ _7263_/S (HA_X1)
                                         _3781_ (net)
                  0.06    0.00    1.63 ^ _5638_/A (INV_X1)
     1    1.68    0.01    0.01    1.64 v _5638_/ZN (INV_X1)
                                         _1921_ (net)
                  0.01    0.00    1.64 v _5639_/B2 (OAI21_X1)
     2    4.52    0.03    0.05    1.69 ^ _5639_/ZN (OAI21_X1)
                                         _1922_ (net)
                  0.03    0.00    1.69 ^ _5737_/B1 (AOI21_X1)
     1    1.64    0.01    0.02    1.71 v _5737_/ZN (AOI21_X1)
                                         _2018_ (net)
                  0.01    0.00    1.71 v _5738_/B1 (OAI21_X1)
     2    4.68    0.03    0.04    1.75 ^ _5738_/ZN (OAI21_X1)
                                         _2019_ (net)
                  0.03    0.00    1.75 ^ _5827_/B1 (AOI21_X1)
     1    1.70    0.01    0.02    1.77 v _5827_/ZN (AOI21_X1)
                                         _2106_ (net)
                  0.01    0.00    1.77 v _5828_/B1 (OAI21_X1)
     2    4.29    0.03    0.04    1.81 ^ _5828_/ZN (OAI21_X1)
                                         _2107_ (net)
                  0.03    0.00    1.81 ^ _5961_/B1 (AOI21_X1)
     1    1.72    0.01    0.02    1.83 v _5961_/ZN (AOI21_X1)
                                         _2238_ (net)
                  0.01    0.00    1.83 v _5962_/B1 (OAI21_X1)
     2    4.50    0.03    0.04    1.87 ^ _5962_/ZN (OAI21_X1)
                                         _2239_ (net)
                  0.03    0.00    1.87 ^ _6061_/B1 (AOI21_X1)
     1    1.57    0.01    0.02    1.89 v _6061_/ZN (AOI21_X1)
                                         _2336_ (net)
                  0.01    0.00    1.89 v _6062_/B1 (OAI21_X1)
     2    4.65    0.03    0.04    1.93 ^ _6062_/ZN (OAI21_X1)
                                         _2337_ (net)
                  0.03    0.00    1.93 ^ _6155_/B1 (AOI21_X1)
     1    1.57    0.01    0.02    1.95 v _6155_/ZN (AOI21_X1)
                                         _2428_ (net)
                  0.01    0.00    1.95 v _6156_/B1 (OAI21_X1)
     2    4.46    0.03    0.04    1.99 ^ _6156_/ZN (OAI21_X1)
                                         _2429_ (net)
                  0.03    0.00    1.99 ^ _6257_/B1 (AOI21_X1)
     1    1.57    0.01    0.02    2.01 v _6257_/ZN (AOI21_X1)
                                         _2528_ (net)
                  0.01    0.00    2.01 v _6258_/B1 (OAI21_X1)
     2    4.65    0.03    0.04    2.06 ^ _6258_/ZN (OAI21_X1)
                                         _2529_ (net)
                  0.03    0.00    2.06 ^ _6274_/B1 (AOI21_X1)
     1    1.63    0.01    0.02    2.07 v _6274_/ZN (AOI21_X1)
                                         _2543_ (net)
                  0.01    0.00    2.07 v _6275_/B1 (OAI21_X1)
     2    4.45    0.03    0.04    2.12 ^ _6275_/ZN (OAI21_X1)
                                         _2544_ (net)
                  0.03    0.00    2.12 ^ _6289_/B1 (AOI21_X1)
     1    1.63    0.01    0.02    2.13 v _6289_/ZN (AOI21_X1)
                                         _2556_ (net)
                  0.01    0.00    2.13 v _6290_/B1 (OAI21_X1)
     2    4.63    0.03    0.04    2.18 ^ _6290_/ZN (OAI21_X1)
                                         _2557_ (net)
                  0.03    0.00    2.18 ^ _6304_/B1 (AOI21_X1)
     1    1.73    0.01    0.02    2.20 v _6304_/ZN (AOI21_X1)
                                         _2569_ (net)
                  0.01    0.00    2.20 v _6305_/B1 (OAI21_X1)
     2    4.46    0.03    0.04    2.24 ^ _6305_/ZN (OAI21_X1)
                                         _2570_ (net)
                  0.03    0.00    2.24 ^ _6320_/B1 (AOI21_X1)
     1    1.63    0.01    0.02    2.26 v _6320_/ZN (AOI21_X1)
                                         _2583_ (net)
                  0.01    0.00    2.26 v _6321_/B1 (OAI21_X1)
     2    4.53    0.03    0.04    2.30 ^ _6321_/ZN (OAI21_X1)
                                         _2584_ (net)
                  0.03    0.00    2.30 ^ _6336_/B1 (AOI21_X1)
     1    1.60    0.01    0.02    2.32 v _6336_/ZN (AOI21_X1)
                                         _2597_ (net)
                  0.01    0.00    2.32 v _6337_/B1 (OAI21_X1)
     2    4.70    0.03    0.04    2.36 ^ _6337_/ZN (OAI21_X1)
                                         _2598_ (net)
                  0.03    0.00    2.36 ^ _6350_/B1 (AOI21_X1)
     1    1.58    0.01    0.02    2.38 v _6350_/ZN (AOI21_X1)
                                         _2609_ (net)
                  0.01    0.00    2.38 v _6352_/B1 (OAI21_X1)
     3    5.57    0.04    0.05    2.43 ^ _6352_/ZN (OAI21_X1)
                                         _2611_ (net)
                  0.04    0.00    2.43 ^ _6367_/A3 (AND3_X1)
     2    2.84    0.01    0.05    2.48 ^ _6367_/ZN (AND3_X1)
                                         _2624_ (net)
                  0.01    0.00    2.48 ^ _6368_/A3 (OR3_X1)
     1    1.79    0.01    0.03    2.51 ^ _6368_/ZN (OR3_X1)
                                         _2625_ (net)
                  0.01    0.00    2.51 ^ _6370_/A2 (NAND3_X1)
     1    1.54    0.01    0.02    2.53 v _6370_/ZN (NAND3_X1)
                                         _2627_ (net)
                  0.01    0.00    2.53 v _6371_/B1 (AOI21_X1)
     1    1.32    0.02    0.03    2.55 ^ _6371_/ZN (AOI21_X1)
                                         _0071_ (net)
                  0.02    0.00    2.55 ^ intermediateValue[29]$_DFFE_PP_/D (DFF_X1)
                                  2.55   data arrival time

                        100.00  100.00   clock clk0 (rise edge)
                          0.18  100.18   clock network delay (propagated)
                          0.00  100.18   clock reconvergence pessimism
                                100.18 ^ intermediateValue[29]$_DFFE_PP_/CK (DFF_X1)
                         -0.03  100.15   library setup time
                                100.15   data required time
-----------------------------------------------------------------------------
                                100.15   data required time
                                 -2.55   data arrival time
-----------------------------------------------------------------------------
                                 97.60   slack (MET)


Startpoint: step[4]$_SDFFE_PP0P_
            (rising edge-triggered flip-flop clocked by clk0)
Endpoint: intermediateValue[26]$_DFFE_PP_
          (rising edge-triggered flip-flop clocked by clk0)
Path Group: clk0
Path Type: max

Fanout     Cap    Slew   Delay    Time   Description
-----------------------------------------------------------------------------
                          0.00    0.00   clock clk0 (rise edge)
                          0.19    0.19   clock network delay (propagated)
                  0.04    0.00    0.19 ^ step[4]$_SDFFE_PP0P_/CK (DFF_X1)
    12   42.06    0.10    0.19    0.38 ^ step[4]$_SDFFE_PP0P_/Q (DFF_X1)
                                         step[4] (net)
                  0.10    0.00    0.38 ^ _3885_/A1 (NOR2_X1)
     3   10.16    0.03    0.04    0.41 v _3885_/ZN (NOR2_X1)
                                         _3242_ (net)
                  0.03    0.00    0.41 v _3886_/A2 (NAND2_X1)
    18   36.41    0.09    0.11    0.52 ^ _3886_/ZN (NAND2_X1)
                                         _3243_ (net)
                  0.09    0.00    0.52 ^ _3927_/B2 (OAI22_X1)
     1    1.17    0.02    0.03    0.56 v _3927_/ZN (OAI22_X1)
                                         _3284_ (net)
                  0.02    0.00    0.56 v _3928_/A3 (OR3_X1)
     2    4.22    0.02    0.09    0.65 v _3928_/ZN (OR3_X1)
                                         _3285_ (net)
                  0.02    0.00    0.65 v _3934_/A (AOI211_X1)
     2    8.30    0.08    0.12    0.77 ^ _3934_/ZN (AOI211_X1)
                                         _3291_ (net)
                  0.08    0.00    0.77 ^ _3939_/A2 (NAND3_X1)
     2    4.57    0.03    0.05    0.81 v _3939_/ZN (NAND3_X1)
                                         _3296_ (net)
                  0.03    0.00    0.81 v _3956_/A1 (NOR2_X1)
     1    1.95    0.02    0.03    0.85 ^ _3956_/ZN (NOR2_X1)
                                         _3313_ (net)
                  0.02    0.00    0.85 ^ _3967_/A2 (NAND4_X1)
     6   15.74    0.06    0.08    0.93 v _3967_/ZN (NAND4_X1)
                                         _3324_ (net)
                  0.06    0.00    0.93 v _3968_/A2 (NOR2_X1)
    13   35.46    0.17    0.22    1.15 ^ _3968_/ZN (NOR2_X1)
                                         _3325_ (net)
                  0.17    0.00    1.15 ^ _4051_/A1 (AND2_X1)
     5   15.34    0.04    0.09    1.24 ^ _4051_/ZN (AND2_X1)
                                         _3621_ (net)
                  0.04    0.00    1.24 ^ max_cap21/A (BUF_X1)
    32  119.30    0.26    0.31    1.55 ^ max_cap21/Z (BUF_X1)
                                         net21 (net)
                  0.26    0.00    1.55 ^ _7207_/CI (FA_X1)
     2    4.46    0.02    0.09    1.64 ^ _7207_/CO (FA_X1)
                                         _3622_ (net)
                  0.02    0.00    1.64 ^ _5700_/B2 (AOI21_X1)
     1    1.58    0.02    0.02    1.66 v _5700_/ZN (AOI21_X1)
                                         _1982_ (net)
                  0.02    0.00    1.66 v _5701_/B1 (OAI21_X1)
     2    4.75    0.03    0.05    1.70 ^ _5701_/ZN (OAI21_X1)
                                         _1983_ (net)
                  0.03    0.00    1.70 ^ _5779_/B1 (AOI21_X1)
     1    1.82    0.01    0.02    1.72 v _5779_/ZN (AOI21_X1)
                                         _2059_ (net)
                  0.01    0.00    1.72 v _5780_/B1 (OAI21_X1)
     2    3.84    0.03    0.04    1.76 ^ _5780_/ZN (OAI21_X1)
                                         _2060_ (net)
                  0.03    0.00    1.76 ^ _5892_/A2 (AND2_X1)
     1    1.84    0.01    0.04    1.80 ^ _5892_/ZN (AND2_X1)
                                         _2170_ (net)
                  0.01    0.00    1.80 ^ _5893_/B2 (OAI21_X1)
     2    3.09    0.02    0.02    1.82 v _5893_/ZN (OAI21_X1)
                                         _2171_ (net)
                  0.02    0.00    1.82 v _5896_/B2 (AOI21_X1)
     2    3.75    0.03    0.04    1.86 ^ _5896_/ZN (AOI21_X1)
                                         _2174_ (net)
                  0.03    0.00    1.86 ^ _5995_/B2 (OAI21_X1)
     2    2.58    0.01    0.02    1.88 v _5995_/ZN (OAI21_X1)
                                         _2271_ (net)
                  0.01    0.00    1.88 v _5997_/B2 (AOI21_X1)
     2    2.86    0.03    0.04    1.92 ^ _5997_/ZN (AOI21_X1)
                                         _2273_ (net)
                  0.03    0.00    1.92 ^ _6082_/B2 (OAI21_X1)
     2    2.78    0.02    0.02    1.95 v _6082_/ZN (OAI21_X1)
                                         _2356_ (net)
                  0.02    0.00    1.95 v _6083_/B2 (AOI21_X1)
     2    3.47    0.03    0.04    1.99 ^ _6083_/ZN (AOI21_X1)
                                         _2357_ (net)
                  0.03    0.00    1.99 ^ _6166_/B2 (OAI21_X1)
     2    2.51    0.01    0.02    2.01 v _6166_/ZN (OAI21_X1)
                                         _2438_ (net)
                  0.01    0.00    2.01 v _6168_/B2 (AOI21_X1)
     2    5.40    0.04    0.05    2.07 ^ _6168_/ZN (AOI21_X1)
                                         _2440_ (net)
                  0.04    0.00    2.07 ^ _6266_/B2 (OAI21_X1)
     2    2.47    0.02    0.03    2.09 v _6266_/ZN (OAI21_X1)
                                         _2536_ (net)
                  0.02    0.00    2.09 v _6267_/B2 (AOI21_X1)
     2    3.52    0.03    0.04    2.13 ^ _6267_/ZN (AOI21_X1)
                                         _2537_ (net)
                  0.03    0.00    2.13 ^ _6282_/B2 (OAI21_X1)
     2    2.47    0.01    0.02    2.16 v _6282_/ZN (OAI21_X1)
                                         _2550_ (net)
                  0.01    0.00    2.16 v _6283_/B2 (AOI21_X1)
     2    3.40    0.03    0.04    2.20 ^ _6283_/ZN (AOI21_X1)
                                         _2551_ (net)
                  0.03    0.00    2.20 ^ _6297_/B2 (OAI21_X1)
     2    2.44    0.01    0.02    2.22 v _6297_/ZN (OAI21_X1)
                                         _2563_ (net)
                  0.01    0.00    2.22 v _6298_/B2 (AOI21_X1)
     2    3.47    0.03    0.04    2.27 ^ _6298_/ZN (AOI21_X1)
                                         _2564_ (net)
                  0.03    0.00    2.27 ^ _6312_/B2 (OAI21_X1)
     2    3.23    0.02    0.03    2.29 v _6312_/ZN (OAI21_X1)
                                         _2576_ (net)
                  0.02    0.00    2.29 v _6313_/B2 (AOI21_X1)
     2    3.48    0.03    0.04    2.34 ^ _6313_/ZN (AOI21_X1)
                                         _2577_ (net)
                  0.03    0.00    2.34 ^ _6328_/B2 (OAI21_X1)
     2    3.13    0.02    0.03    2.36 v _6328_/ZN (OAI21_X1)
                                         _2590_ (net)
                  0.02    0.00    2.36 v _6329_/B2 (AOI21_X1)
     2    3.42    0.03    0.04    2.40 ^ _6329_/ZN (AOI21_X1)
                                         _2591_ (net)
                  0.03    0.00    2.40 ^ _6343_/B2 (OAI21_X1)
     2    3.26    0.02    0.03    2.43 v _6343_/ZN (OAI21_X1)
                                         _2603_ (net)
                  0.02    0.00    2.43 v _6344_/A2 (NAND2_X1)
     1    2.70    0.01    0.02    2.45 ^ _6344_/ZN (NAND2_X1)
                                         _2604_ (net)
                  0.01    0.00    2.45 ^ _6345_/B (XNOR2_X1)
     1    1.80    0.02    0.04    2.49 ^ _6345_/ZN (XNOR2_X1)
                                         _2605_ (net)
                  0.02    0.00    2.49 ^ _6346_/B1 (OAI21_X1)
     1    1.58    0.02    0.02    2.51 v _6346_/ZN (OAI21_X1)
                                         _2606_ (net)
                  0.02    0.00    2.51 v _6347_/A (OAI21_X1)
     1    1.79    0.02    0.03    2.53 ^ _6347_/ZN (OAI21_X1)
                                         _2607_ (net)
                  0.02    0.00    2.53 ^ _6348_/A (INV_X1)
     1    1.25    0.01    0.01    2.54 v _6348_/ZN (INV_X1)
                                         _0068_ (net)
                  0.01    0.00    2.54 v intermediateValue[26]$_DFFE_PP_/D (DFF_X1)
                                  2.54   data arrival time

                        100.00  100.00   clock clk0 (rise edge)
                          0.18  100.18   clock network delay (propagated)
                          0.00  100.18   clock reconvergence pessimism
                                100.18 ^ intermediateValue[26]$_DFFE_PP_/CK (DFF_X1)
                         -0.03  100.15   library setup time
                                100.15   data required time
-----------------------------------------------------------------------------
                                100.15   data required time
                                 -2.54   data arrival time
-----------------------------------------------------------------------------
                                 97.61   slack (MET)


Startpoint: step[4]$_SDFFE_PP0P_
            (rising edge-triggered flip-flop clocked by clk0)
Endpoint: intermediateValue[27]$_DFFE_PP_
          (rising edge-triggered flip-flop clocked by clk0)
Path Group: clk0
Path Type: max

Fanout     Cap    Slew   Delay    Time   Description
-----------------------------------------------------------------------------
                          0.00    0.00   clock clk0 (rise edge)
                          0.19    0.19   clock network delay (propagated)
                  0.04    0.00    0.19 ^ step[4]$_SDFFE_PP0P_/CK (DFF_X1)
    12   42.06    0.10    0.19    0.38 ^ step[4]$_SDFFE_PP0P_/Q (DFF_X1)
                                         step[4] (net)
                  0.10    0.00    0.38 ^ _3885_/A1 (NOR2_X1)
     3   10.16    0.03    0.04    0.41 v _3885_/ZN (NOR2_X1)
                                         _3242_ (net)
                  0.03    0.00    0.41 v _3886_/A2 (NAND2_X1)
    18   36.41    0.09    0.11    0.52 ^ _3886_/ZN (NAND2_X1)
                                         _3243_ (net)
                  0.09    0.00    0.52 ^ _3927_/B2 (OAI22_X1)
     1    1.17    0.02    0.03    0.56 v _3927_/ZN (OAI22_X1)
                                         _3284_ (net)
                  0.02    0.00    0.56 v _3928_/A3 (OR3_X1)
     2    4.22    0.02    0.09    0.65 v _3928_/ZN (OR3_X1)
                                         _3285_ (net)
                  0.02    0.00    0.65 v _3934_/A (AOI211_X1)
     2    8.30    0.08    0.12    0.77 ^ _3934_/ZN (AOI211_X1)
                                         _3291_ (net)
                  0.08    0.00    0.77 ^ _3939_/A2 (NAND3_X1)
     2    4.57    0.03    0.05    0.81 v _3939_/ZN (NAND3_X1)
                                         _3296_ (net)
                  0.03    0.00    0.81 v _3956_/A1 (NOR2_X1)
     1    1.95    0.02    0.03    0.85 ^ _3956_/ZN (NOR2_X1)
                                         _3313_ (net)
                  0.02    0.00    0.85 ^ _3967_/A2 (NAND4_X1)
     6   15.74    0.06    0.08    0.93 v _3967_/ZN (NAND4_X1)
                                         _3324_ (net)
                  0.06    0.00    0.93 v _3968_/A2 (NOR2_X1)
    13   35.46    0.17    0.22    1.15 ^ _3968_/ZN (NOR2_X1)
                                         _3325_ (net)
                  0.17    0.00    1.15 ^ _4051_/A1 (AND2_X1)
     5   15.34    0.04    0.09    1.24 ^ _4051_/ZN (AND2_X1)
                                         _3621_ (net)
                  0.04    0.00    1.24 ^ max_cap21/A (BUF_X1)
    32  119.30    0.26    0.31    1.55 ^ max_cap21/Z (BUF_X1)
                                         net21 (net)
                  0.26    0.00    1.55 ^ _7263_/B (HA_X1)
     3    6.39    0.06    0.08    1.63 ^ _7263_/S (HA_X1)
                                         _3781_ (net)
                  0.06    0.00    1.63 ^ _5638_/A (INV_X1)
     1    1.68    0.01    0.01    1.64 v _5638_/ZN (INV_X1)
                                         _1921_ (net)
                  0.01    0.00    1.64 v _5639_/B2 (OAI21_X1)
     2    4.52    0.03    0.05    1.69 ^ _5639_/ZN (OAI21_X1)
                                         _1922_ (net)
                  0.03    0.00    1.69 ^ _5737_/B1 (AOI21_X1)
     1    1.64    0.01    0.02    1.71 v _5737_/ZN (AOI21_X1)
                                         _2018_ (net)
                  0.01    0.00    1.71 v _5738_/B1 (OAI21_X1)
     2    4.68    0.03    0.04    1.75 ^ _5738_/ZN (OAI21_X1)
                                         _2019_ (net)
                  0.03    0.00    1.75 ^ _5827_/B1 (AOI21_X1)
     1    1.70    0.01    0.02    1.77 v _5827_/ZN (AOI21_X1)
                                         _2106_ (net)
                  0.01    0.00    1.77 v _5828_/B1 (OAI21_X1)
     2    4.29    0.03    0.04    1.81 ^ _5828_/ZN (OAI21_X1)
                                         _2107_ (net)
                  0.03    0.00    1.81 ^ _5961_/B1 (AOI21_X1)
     1    1.72    0.01    0.02    1.83 v _5961_/ZN (AOI21_X1)
                                         _2238_ (net)
                  0.01    0.00    1.83 v _5962_/B1 (OAI21_X1)
     2    4.50    0.03    0.04    1.87 ^ _5962_/ZN (OAI21_X1)
                                         _2239_ (net)
                  0.03    0.00    1.87 ^ _6061_/B1 (AOI21_X1)
     1    1.57    0.01    0.02    1.89 v _6061_/ZN (AOI21_X1)
                                         _2336_ (net)
                  0.01    0.00    1.89 v _6062_/B1 (OAI21_X1)
     2    4.65    0.03    0.04    1.93 ^ _6062_/ZN (OAI21_X1)
                                         _2337_ (net)
                  0.03    0.00    1.93 ^ _6155_/B1 (AOI21_X1)
     1    1.57    0.01    0.02    1.95 v _6155_/ZN (AOI21_X1)
                                         _2428_ (net)
                  0.01    0.00    1.95 v _6156_/B1 (OAI21_X1)
     2    4.46    0.03    0.04    1.99 ^ _6156_/ZN (OAI21_X1)
                                         _2429_ (net)
                  0.03    0.00    1.99 ^ _6257_/B1 (AOI21_X1)
     1    1.57    0.01    0.02    2.01 v _6257_/ZN (AOI21_X1)
                                         _2528_ (net)
                  0.01    0.00    2.01 v _6258_/B1 (OAI21_X1)
     2    4.65    0.03    0.04    2.06 ^ _6258_/ZN (OAI21_X1)
                                         _2529_ (net)
                  0.03    0.00    2.06 ^ _6274_/B1 (AOI21_X1)
     1    1.63    0.01    0.02    2.07 v _6274_/ZN (AOI21_X1)
                                         _2543_ (net)
                  0.01    0.00    2.07 v _6275_/B1 (OAI21_X1)
     2    4.45    0.03    0.04    2.12 ^ _6275_/ZN (OAI21_X1)
                                         _2544_ (net)
                  0.03    0.00    2.12 ^ _6289_/B1 (AOI21_X1)
     1    1.63    0.01    0.02    2.13 v _6289_/ZN (AOI21_X1)
                                         _2556_ (net)
                  0.01    0.00    2.13 v _6290_/B1 (OAI21_X1)
     2    4.63    0.03    0.04    2.18 ^ _6290_/ZN (OAI21_X1)
                                         _2557_ (net)
                  0.03    0.00    2.18 ^ _6304_/B1 (AOI21_X1)
     1    1.73    0.01    0.02    2.20 v _6304_/ZN (AOI21_X1)
                                         _2569_ (net)
                  0.01    0.00    2.20 v _6305_/B1 (OAI21_X1)
     2    4.46    0.03    0.04    2.24 ^ _6305_/ZN (OAI21_X1)
                                         _2570_ (net)
                  0.03    0.00    2.24 ^ _6320_/B1 (AOI21_X1)
     1    1.63    0.01    0.02    2.26 v _6320_/ZN (AOI21_X1)
                                         _2583_ (net)
                  0.01    0.00    2.26 v _6321_/B1 (OAI21_X1)
     2    4.53    0.03    0.04    2.30 ^ _6321_/ZN (OAI21_X1)
                                         _2584_ (net)
                  0.03    0.00    2.30 ^ _6336_/B1 (AOI21_X1)
     1    1.60    0.01    0.02    2.32 v _6336_/ZN (AOI21_X1)
                                         _2597_ (net)
                  0.01    0.00    2.32 v _6337_/B1 (OAI21_X1)
     2    4.70    0.03    0.04    2.36 ^ _6337_/ZN (OAI21_X1)
                                         _2598_ (net)
                  0.03    0.00    2.36 ^ _6350_/B1 (AOI21_X1)
     1    1.58    0.01    0.02    2.38 v _6350_/ZN (AOI21_X1)
                                         _2609_ (net)
                  0.01    0.00    2.38 v _6352_/B1 (OAI21_X1)
     3    5.57    0.04    0.05    2.43 ^ _6352_/ZN (OAI21_X1)
                                         _2611_ (net)
                  0.04    0.00    2.43 ^ _6353_/B (XNOR2_X1)
     1    1.80    0.03    0.05    2.47 ^ _6353_/ZN (XNOR2_X1)
                                         _2612_ (net)
                  0.03    0.00    2.47 ^ _6354_/B1 (OAI21_X1)
     1    1.77    0.02    0.02    2.49 v _6354_/ZN (OAI21_X1)
                                         _2613_ (net)
                  0.02    0.00    2.49 v _6355_/A (OAI21_X1)
     1    1.81    0.02    0.03    2.52 ^ _6355_/ZN (OAI21_X1)
                                         _2614_ (net)
                  0.02    0.00    2.52 ^ _6356_/A (INV_X1)
     1    1.29    0.01    0.01    2.52 v _6356_/ZN (INV_X1)
                                         _0069_ (net)
                  0.01    0.00    2.52 v intermediateValue[27]$_DFFE_PP_/D (DFF_X1)
                                  2.52   data arrival time

                        100.00  100.00   clock clk0 (rise edge)
                          0.18  100.18   clock network delay (propagated)
                          0.00  100.18   clock reconvergence pessimism
                                100.18 ^ intermediateValue[27]$_DFFE_PP_/CK (DFF_X1)
                         -0.03  100.15   library setup time
                                100.15   data required time
-----------------------------------------------------------------------------
                                100.15   data required time
                                 -2.52   data arrival time
-----------------------------------------------------------------------------
                                 97.63   slack (MET)


Startpoint: step[4]$_SDFFE_PP0P_
            (rising edge-triggered flip-flop clocked by clk0)
Endpoint: intermediateValue[24]$_DFFE_PP_
          (rising edge-triggered flip-flop clocked by clk0)
Path Group: clk0
Path Type: max

Fanout     Cap    Slew   Delay    Time   Description
-----------------------------------------------------------------------------
                          0.00    0.00   clock clk0 (rise edge)
                          0.19    0.19   clock network delay (propagated)
                  0.04    0.00    0.19 ^ step[4]$_SDFFE_PP0P_/CK (DFF_X1)
    12   42.06    0.10    0.19    0.38 ^ step[4]$_SDFFE_PP0P_/Q (DFF_X1)
                                         step[4] (net)
                  0.10    0.00    0.38 ^ _3885_/A1 (NOR2_X1)
     3   10.16    0.03    0.04    0.41 v _3885_/ZN (NOR2_X1)
                                         _3242_ (net)
                  0.03    0.00    0.41 v _3886_/A2 (NAND2_X1)
    18   36.41    0.09    0.11    0.52 ^ _3886_/ZN (NAND2_X1)
                                         _3243_ (net)
                  0.09    0.00    0.52 ^ _3927_/B2 (OAI22_X1)
     1    1.17    0.02    0.03    0.56 v _3927_/ZN (OAI22_X1)
                                         _3284_ (net)
                  0.02    0.00    0.56 v _3928_/A3 (OR3_X1)
     2    4.22    0.02    0.09    0.65 v _3928_/ZN (OR3_X1)
                                         _3285_ (net)
                  0.02    0.00    0.65 v _3934_/A (AOI211_X1)
     2    8.30    0.08    0.12    0.77 ^ _3934_/ZN (AOI211_X1)
                                         _3291_ (net)
                  0.08    0.00    0.77 ^ _3939_/A2 (NAND3_X1)
     2    4.57    0.03    0.05    0.81 v _3939_/ZN (NAND3_X1)
                                         _3296_ (net)
                  0.03    0.00    0.81 v _3956_/A1 (NOR2_X1)
     1    1.95    0.02    0.03    0.85 ^ _3956_/ZN (NOR2_X1)
                                         _3313_ (net)
                  0.02    0.00    0.85 ^ _3967_/A2 (NAND4_X1)
     6   15.74    0.06    0.08    0.93 v _3967_/ZN (NAND4_X1)
                                         _3324_ (net)
                  0.06    0.00    0.93 v _3968_/A2 (NOR2_X1)
    13   35.46    0.17    0.22    1.15 ^ _3968_/ZN (NOR2_X1)
                                         _3325_ (net)
                  0.17    0.00    1.15 ^ _4051_/A1 (AND2_X1)
     5   15.34    0.04    0.09    1.24 ^ _4051_/ZN (AND2_X1)
                                         _3621_ (net)
                  0.04    0.00    1.24 ^ max_cap21/A (BUF_X1)
    32  119.30    0.26    0.31    1.55 ^ max_cap21/Z (BUF_X1)
                                         net21 (net)
                  0.26    0.00    1.55 ^ _7207_/CI (FA_X1)
     2    4.46    0.02    0.09    1.64 ^ _7207_/CO (FA_X1)
                                         _3622_ (net)
                  0.02    0.00    1.64 ^ _5700_/B2 (AOI21_X1)
     1    1.58    0.02    0.02    1.66 v _5700_/ZN (AOI21_X1)
                                         _1982_ (net)
                  0.02    0.00    1.66 v _5701_/B1 (OAI21_X1)
     2    4.75    0.03    0.05    1.70 ^ _5701_/ZN (OAI21_X1)
                                         _1983_ (net)
                  0.03    0.00    1.70 ^ _5779_/B1 (AOI21_X1)
     1    1.82    0.01    0.02    1.72 v _5779_/ZN (AOI21_X1)
                                         _2059_ (net)
                  0.01    0.00    1.72 v _5780_/B1 (OAI21_X1)
     2    3.84    0.03    0.04    1.76 ^ _5780_/ZN (OAI21_X1)
                                         _2060_ (net)
                  0.03    0.00    1.76 ^ _5892_/A2 (AND2_X1)
     1    1.84    0.01    0.04    1.80 ^ _5892_/ZN (AND2_X1)
                                         _2170_ (net)
                  0.01    0.00    1.80 ^ _5893_/B2 (OAI21_X1)
     2    3.09    0.02    0.02    1.82 v _5893_/ZN (OAI21_X1)
                                         _2171_ (net)
                  0.02    0.00    1.82 v _5896_/B2 (AOI21_X1)
     2    3.75    0.03    0.04    1.86 ^ _5896_/ZN (AOI21_X1)
                                         _2174_ (net)
                  0.03    0.00    1.86 ^ _5995_/B2 (OAI21_X1)
     2    2.58    0.01    0.02    1.88 v _5995_/ZN (OAI21_X1)
                                         _2271_ (net)
                  0.01    0.00    1.88 v _5997_/B2 (AOI21_X1)
     2    2.86    0.03    0.04    1.92 ^ _5997_/ZN (AOI21_X1)
                                         _2273_ (net)
                  0.03    0.00    1.92 ^ _6082_/B2 (OAI21_X1)
     2    2.78    0.02    0.02    1.95 v _6082_/ZN (OAI21_X1)
                                         _2356_ (net)
                  0.02    0.00    1.95 v _6083_/B2 (AOI21_X1)
     2    3.47    0.03    0.04    1.99 ^ _6083_/ZN (AOI21_X1)
                                         _2357_ (net)
                  0.03    0.00    1.99 ^ _6166_/B2 (OAI21_X1)
     2    2.51    0.01    0.02    2.01 v _6166_/ZN (OAI21_X1)
                                         _2438_ (net)
                  0.01    0.00    2.01 v _6168_/B2 (AOI21_X1)
     2    5.40    0.04    0.05    2.07 ^ _6168_/ZN (AOI21_X1)
                                         _2440_ (net)
                  0.04    0.00    2.07 ^ _6266_/B2 (OAI21_X1)
     2    2.47    0.02    0.03    2.09 v _6266_/ZN (OAI21_X1)
                                         _2536_ (net)
                  0.02    0.00    2.09 v _6267_/B2 (AOI21_X1)
     2    3.52    0.03    0.04    2.13 ^ _6267_/ZN (AOI21_X1)
                                         _2537_ (net)
                  0.03    0.00    2.13 ^ _6282_/B2 (OAI21_X1)
     2    2.47    0.01    0.02    2.16 v _6282_/ZN (OAI21_X1)
                                         _2550_ (net)
                  0.01    0.00    2.16 v _6283_/B2 (AOI21_X1)
     2    3.40    0.03    0.04    2.20 ^ _6283_/ZN (AOI21_X1)
                                         _2551_ (net)
                  0.03    0.00    2.20 ^ _6297_/B2 (OAI21_X1)
     2    2.44    0.01    0.02    2.22 v _6297_/ZN (OAI21_X1)
                                         _2563_ (net)
                  0.01    0.00    2.22 v _6298_/B2 (AOI21_X1)
     2    3.47    0.03    0.04    2.27 ^ _6298_/ZN (AOI21_X1)
                                         _2564_ (net)
                  0.03    0.00    2.27 ^ _6312_/B2 (OAI21_X1)
     2    3.23    0.02    0.03    2.29 v _6312_/ZN (OAI21_X1)
                                         _2576_ (net)
                  0.02    0.00    2.29 v _6313_/B2 (AOI21_X1)
     2    3.48    0.03    0.04    2.34 ^ _6313_/ZN (AOI21_X1)
                                         _2577_ (net)
                  0.03    0.00    2.34 ^ _6328_/B2 (OAI21_X1)
     2    3.13    0.02    0.03    2.36 v _6328_/ZN (OAI21_X1)
                                         _2590_ (net)
                  0.02    0.00    2.36 v _6330_/A3 (NAND3_X1)
     1    1.91    0.01    0.02    2.38 ^ _6330_/ZN (NAND3_X1)
                                         _2592_ (net)
                  0.01    0.00    2.38 ^ _6331_/A2 (NAND2_X1)
     1    1.86    0.01    0.01    2.40 v _6331_/ZN (NAND2_X1)
                                         _2593_ (net)
                  0.01    0.00    2.40 v _6332_/B2 (OAI21_X1)
     1    1.78    0.02    0.03    2.43 ^ _6332_/ZN (OAI21_X1)
                                         _2594_ (net)
                  0.02    0.00    2.43 ^ _6333_/A (OAI21_X1)
     1    1.61    0.03    0.02    2.45 v _6333_/ZN (OAI21_X1)
                                         _2595_ (net)
                  0.03    0.00    2.45 v _6334_/A (INV_X1)
     1    1.28    0.01    0.02    2.47 ^ _6334_/ZN (INV_X1)
                                         _0066_ (net)
                  0.01    0.00    2.47 ^ intermediateValue[24]$_DFFE_PP_/D (DFF_X1)
                                  2.47   data arrival time

                        100.00  100.00   clock clk0 (rise edge)
                          0.18  100.18   clock network delay (propagated)
                          0.00  100.18   clock reconvergence pessimism
                                100.18 ^ intermediateValue[24]$_DFFE_PP_/CK (DFF_X1)
                         -0.03  100.15   library setup time
                                100.15   data required time
-----------------------------------------------------------------------------
                                100.15   data required time
                                 -2.47   data arrival time
-----------------------------------------------------------------------------
                                 97.68   slack (MET)


Startpoint: step[4]$_SDFFE_PP0P_
            (rising edge-triggered flip-flop clocked by clk0)
Endpoint: intermediateValue[25]$_DFFE_PP_
          (rising edge-triggered flip-flop clocked by clk0)
Path Group: clk0
Path Type: max

Fanout     Cap    Slew   Delay    Time   Description
-----------------------------------------------------------------------------
                          0.00    0.00   clock clk0 (rise edge)
                          0.19    0.19   clock network delay (propagated)
                  0.04    0.00    0.19 ^ step[4]$_SDFFE_PP0P_/CK (DFF_X1)
    12   42.06    0.10    0.19    0.38 ^ step[4]$_SDFFE_PP0P_/Q (DFF_X1)
                                         step[4] (net)
                  0.10    0.00    0.38 ^ _3885_/A1 (NOR2_X1)
     3   10.16    0.03    0.04    0.41 v _3885_/ZN (NOR2_X1)
                                         _3242_ (net)
                  0.03    0.00    0.41 v _3886_/A2 (NAND2_X1)
    18   36.41    0.09    0.11    0.52 ^ _3886_/ZN (NAND2_X1)
                                         _3243_ (net)
                  0.09    0.00    0.52 ^ _3927_/B2 (OAI22_X1)
     1    1.17    0.02    0.03    0.56 v _3927_/ZN (OAI22_X1)
                                         _3284_ (net)
                  0.02    0.00    0.56 v _3928_/A3 (OR3_X1)
     2    4.22    0.02    0.09    0.65 v _3928_/ZN (OR3_X1)
                                         _3285_ (net)
                  0.02    0.00    0.65 v _3934_/A (AOI211_X1)
     2    8.30    0.08    0.12    0.77 ^ _3934_/ZN (AOI211_X1)
                                         _3291_ (net)
                  0.08    0.00    0.77 ^ _3939_/A2 (NAND3_X1)
     2    4.57    0.03    0.05    0.81 v _3939_/ZN (NAND3_X1)
                                         _3296_ (net)
                  0.03    0.00    0.81 v _3956_/A1 (NOR2_X1)
     1    1.95    0.02    0.03    0.85 ^ _3956_/ZN (NOR2_X1)
                                         _3313_ (net)
                  0.02    0.00    0.85 ^ _3967_/A2 (NAND4_X1)
     6   15.74    0.06    0.08    0.93 v _3967_/ZN (NAND4_X1)
                                         _3324_ (net)
                  0.06    0.00    0.93 v _3968_/A2 (NOR2_X1)
    13   35.46    0.17    0.22    1.15 ^ _3968_/ZN (NOR2_X1)
                                         _3325_ (net)
                  0.17    0.00    1.15 ^ _4051_/A1 (AND2_X1)
     5   15.34    0.04    0.09    1.24 ^ _4051_/ZN (AND2_X1)
                                         _3621_ (net)
                  0.04    0.00    1.24 ^ max_cap21/A (BUF_X1)
    32  119.30    0.26    0.31    1.55 ^ max_cap21/Z (BUF_X1)
                                         net21 (net)
                  0.26    0.00    1.55 ^ _7263_/B (HA_X1)
     3    6.39    0.06    0.08    1.63 ^ _7263_/S (HA_X1)
                                         _3781_ (net)
                  0.06    0.00    1.63 ^ _5638_/A (INV_X1)
     1    1.68    0.01    0.01    1.64 v _5638_/ZN (INV_X1)
                                         _1921_ (net)
                  0.01    0.00    1.64 v _5639_/B2 (OAI21_X1)
     2    4.52    0.03    0.05    1.69 ^ _5639_/ZN (OAI21_X1)
                                         _1922_ (net)
                  0.03    0.00    1.69 ^ _5737_/B1 (AOI21_X1)
     1    1.64    0.01    0.02    1.71 v _5737_/ZN (AOI21_X1)
                                         _2018_ (net)
                  0.01    0.00    1.71 v _5738_/B1 (OAI21_X1)
     2    4.68    0.03    0.04    1.75 ^ _5738_/ZN (OAI21_X1)
                                         _2019_ (net)
                  0.03    0.00    1.75 ^ _5827_/B1 (AOI21_X1)
     1    1.70    0.01    0.02    1.77 v _5827_/ZN (AOI21_X1)
                                         _2106_ (net)
                  0.01    0.00    1.77 v _5828_/B1 (OAI21_X1)
     2    4.29    0.03    0.04    1.81 ^ _5828_/ZN (OAI21_X1)
                                         _2107_ (net)
                  0.03    0.00    1.81 ^ _5961_/B1 (AOI21_X1)
     1    1.72    0.01    0.02    1.83 v _5961_/ZN (AOI21_X1)
                                         _2238_ (net)
                  0.01    0.00    1.83 v _5962_/B1 (OAI21_X1)
     2    4.50    0.03    0.04    1.87 ^ _5962_/ZN (OAI21_X1)
                                         _2239_ (net)
                  0.03    0.00    1.87 ^ _6061_/B1 (AOI21_X1)
     1    1.57    0.01    0.02    1.89 v _6061_/ZN (AOI21_X1)
                                         _2336_ (net)
                  0.01    0.00    1.89 v _6062_/B1 (OAI21_X1)
     2    4.65    0.03    0.04    1.93 ^ _6062_/ZN (OAI21_X1)
                                         _2337_ (net)
                  0.03    0.00    1.93 ^ _6155_/B1 (AOI21_X1)
     1    1.57    0.01    0.02    1.95 v _6155_/ZN (AOI21_X1)
                                         _2428_ (net)
                  0.01    0.00    1.95 v _6156_/B1 (OAI21_X1)
     2    4.46    0.03    0.04    1.99 ^ _6156_/ZN (OAI21_X1)
                                         _2429_ (net)
                  0.03    0.00    1.99 ^ _6257_/B1 (AOI21_X1)
     1    1.57    0.01    0.02    2.01 v _6257_/ZN (AOI21_X1)
                                         _2528_ (net)
                  0.01    0.00    2.01 v _6258_/B1 (OAI21_X1)
     2    4.65    0.03    0.04    2.06 ^ _6258_/ZN (OAI21_X1)
                                         _2529_ (net)
                  0.03    0.00    2.06 ^ _6274_/B1 (AOI21_X1)
     1    1.63    0.01    0.02    2.07 v _6274_/ZN (AOI21_X1)
                                         _2543_ (net)
                  0.01    0.00    2.07 v _6275_/B1 (OAI21_X1)
     2    4.45    0.03    0.04    2.12 ^ _6275_/ZN (OAI21_X1)
                                         _2544_ (net)
                  0.03    0.00    2.12 ^ _6289_/B1 (AOI21_X1)
     1    1.63    0.01    0.02    2.13 v _6289_/ZN (AOI21_X1)
                                         _2556_ (net)
                  0.01    0.00    2.13 v _6290_/B1 (OAI21_X1)
     2    4.63    0.03    0.04    2.18 ^ _6290_/ZN (OAI21_X1)
                                         _2557_ (net)
                  0.03    0.00    2.18 ^ _6304_/B1 (AOI21_X1)
     1    1.73    0.01    0.02    2.20 v _6304_/ZN (AOI21_X1)
                                         _2569_ (net)
                  0.01    0.00    2.20 v _6305_/B1 (OAI21_X1)
     2    4.46    0.03    0.04    2.24 ^ _6305_/ZN (OAI21_X1)
                                         _2570_ (net)
                  0.03    0.00    2.24 ^ _6320_/B1 (AOI21_X1)
     1    1.63    0.01    0.02    2.26 v _6320_/ZN (AOI21_X1)
                                         _2583_ (net)
                  0.01    0.00    2.26 v _6321_/B1 (OAI21_X1)
     2    4.53    0.03    0.04    2.30 ^ _6321_/ZN (OAI21_X1)
                                         _2584_ (net)
                  0.03    0.00    2.30 ^ _6336_/B1 (AOI21_X1)
     1    1.60    0.01    0.02    2.32 v _6336_/ZN (AOI21_X1)
                                         _2597_ (net)
                  0.01    0.00    2.32 v _6337_/B1 (OAI21_X1)
     2    4.70    0.03    0.04    2.36 ^ _6337_/ZN (OAI21_X1)
                                         _2598_ (net)
                  0.03    0.00    2.36 ^ _6338_/B (XNOR2_X1)
     1    1.79    0.02    0.04    2.41 ^ _6338_/ZN (XNOR2_X1)
                                         _2599_ (net)
                  0.02    0.00    2.41 ^ _6339_/B1 (OAI21_X1)
     1    1.67    0.02    0.02    2.42 v _6339_/ZN (OAI21_X1)
                                         _2600_ (net)
                  0.02    0.00    2.42 v _6340_/A (OAI21_X1)
     1    1.97    0.02    0.03    2.45 ^ _6340_/ZN (OAI21_X1)
                                         _2601_ (net)
                  0.02    0.00    2.45 ^ _6341_/A (INV_X1)
     1    1.26    0.01    0.01    2.46 v _6341_/ZN (INV_X1)
                                         _0067_ (net)
                  0.01    0.00    2.46 v intermediateValue[25]$_DFFE_PP_/D (DFF_X1)
                                  2.46   data arrival time

                        100.00  100.00   clock clk0 (rise edge)
                          0.18  100.18   clock network delay (propagated)
                          0.00  100.18   clock reconvergence pessimism
                                100.18 ^ intermediateValue[25]$_DFFE_PP_/CK (DFF_X1)
                         -0.03  100.15   library setup time
                                100.15   data required time
-----------------------------------------------------------------------------
                                100.15   data required time
                                 -2.46   data arrival time
-----------------------------------------------------------------------------
                                 97.70   slack (MET)


Startpoint: step[4]$_SDFFE_PP0P_
            (rising edge-triggered flip-flop clocked by clk0)
Endpoint: intermediateValue[22]$_DFFE_PP_
          (rising edge-triggered flip-flop clocked by clk0)
Path Group: clk0
Path Type: max

Fanout     Cap    Slew   Delay    Time   Description
-----------------------------------------------------------------------------
                          0.00    0.00   clock clk0 (rise edge)
                          0.19    0.19   clock network delay (propagated)
                  0.04    0.00    0.19 ^ step[4]$_SDFFE_PP0P_/CK (DFF_X1)
    12   42.06    0.10    0.19    0.38 ^ step[4]$_SDFFE_PP0P_/Q (DFF_X1)
                                         step[4] (net)
                  0.10    0.00    0.38 ^ _3885_/A1 (NOR2_X1)
     3   10.16    0.03    0.04    0.41 v _3885_/ZN (NOR2_X1)
                                         _3242_ (net)
                  0.03    0.00    0.41 v _3886_/A2 (NAND2_X1)
    18   36.41    0.09    0.11    0.52 ^ _3886_/ZN (NAND2_X1)
                                         _3243_ (net)
                  0.09    0.00    0.52 ^ _3927_/B2 (OAI22_X1)
     1    1.17    0.02    0.03    0.56 v _3927_/ZN (OAI22_X1)
                                         _3284_ (net)
                  0.02    0.00    0.56 v _3928_/A3 (OR3_X1)
     2    4.22    0.02    0.09    0.65 v _3928_/ZN (OR3_X1)
                                         _3285_ (net)
                  0.02    0.00    0.65 v _3934_/A (AOI211_X1)
     2    8.30    0.08    0.12    0.77 ^ _3934_/ZN (AOI211_X1)
                                         _3291_ (net)
                  0.08    0.00    0.77 ^ _3939_/A2 (NAND3_X1)
     2    4.57    0.03    0.05    0.81 v _3939_/ZN (NAND3_X1)
                                         _3296_ (net)
                  0.03    0.00    0.81 v _3956_/A1 (NOR2_X1)
     1    1.95    0.02    0.03    0.85 ^ _3956_/ZN (NOR2_X1)
                                         _3313_ (net)
                  0.02    0.00    0.85 ^ _3967_/A2 (NAND4_X1)
     6   15.74    0.06    0.08    0.93 v _3967_/ZN (NAND4_X1)
                                         _3324_ (net)
                  0.06    0.00    0.93 v _3968_/A2 (NOR2_X1)
    13   35.46    0.17    0.22    1.15 ^ _3968_/ZN (NOR2_X1)
                                         _3325_ (net)
                  0.17    0.00    1.15 ^ _4051_/A1 (AND2_X1)
     5   15.34    0.04    0.09    1.24 ^ _4051_/ZN (AND2_X1)
                                         _3621_ (net)
                  0.04    0.00    1.24 ^ max_cap21/A (BUF_X1)
    32  119.30    0.26    0.31    1.55 ^ max_cap21/Z (BUF_X1)
                                         net21 (net)
                  0.26    0.00    1.55 ^ _7207_/CI (FA_X1)
     2    4.46    0.02    0.09    1.64 ^ _7207_/CO (FA_X1)
                                         _3622_ (net)
                  0.02    0.00    1.64 ^ _5700_/B2 (AOI21_X1)
     1    1.58    0.02    0.02    1.66 v _5700_/ZN (AOI21_X1)
                                         _1982_ (net)
                  0.02    0.00    1.66 v _5701_/B1 (OAI21_X1)
     2    4.75    0.03    0.05    1.70 ^ _5701_/ZN (OAI21_X1)
                                         _1983_ (net)
                  0.03    0.00    1.70 ^ _5779_/B1 (AOI21_X1)
     1    1.82    0.01    0.02    1.72 v _5779_/ZN (AOI21_X1)
                                         _2059_ (net)
                  0.01    0.00    1.72 v _5780_/B1 (OAI21_X1)
     2    3.84    0.03    0.04    1.76 ^ _5780_/ZN (OAI21_X1)
                                         _2060_ (net)
                  0.03    0.00    1.76 ^ _5892_/A2 (AND2_X1)
     1    1.84    0.01    0.04    1.80 ^ _5892_/ZN (AND2_X1)
                                         _2170_ (net)
                  0.01    0.00    1.80 ^ _5893_/B2 (OAI21_X1)
     2    3.09    0.02    0.02    1.82 v _5893_/ZN (OAI21_X1)
                                         _2171_ (net)
                  0.02    0.00    1.82 v _5896_/B2 (AOI21_X1)
     2    3.75    0.03    0.04    1.86 ^ _5896_/ZN (AOI21_X1)
                                         _2174_ (net)
                  0.03    0.00    1.86 ^ _5995_/B2 (OAI21_X1)
     2    2.58    0.01    0.02    1.88 v _5995_/ZN (OAI21_X1)
                                         _2271_ (net)
                  0.01    0.00    1.88 v _5997_/B2 (AOI21_X1)
     2    2.86    0.03    0.04    1.92 ^ _5997_/ZN (AOI21_X1)
                                         _2273_ (net)
                  0.03    0.00    1.92 ^ _6082_/B2 (OAI21_X1)
     2    2.78    0.02    0.02    1.95 v _6082_/ZN (OAI21_X1)
                                         _2356_ (net)
                  0.02    0.00    1.95 v _6083_/B2 (AOI21_X1)
     2    3.47    0.03    0.04    1.99 ^ _6083_/ZN (AOI21_X1)
                                         _2357_ (net)
                  0.03    0.00    1.99 ^ _6166_/B2 (OAI21_X1)
     2    2.51    0.01    0.02    2.01 v _6166_/ZN (OAI21_X1)
                                         _2438_ (net)
                  0.01    0.00    2.01 v _6168_/B2 (AOI21_X1)
     2    5.40    0.04    0.05    2.07 ^ _6168_/ZN (AOI21_X1)
                                         _2440_ (net)
                  0.04    0.00    2.07 ^ _6266_/B2 (OAI21_X1)
     2    2.47    0.02    0.03    2.09 v _6266_/ZN (OAI21_X1)
                                         _2536_ (net)
                  0.02    0.00    2.09 v _6267_/B2 (AOI21_X1)
     2    3.52    0.03    0.04    2.13 ^ _6267_/ZN (AOI21_X1)
                                         _2537_ (net)
                  0.03    0.00    2.13 ^ _6282_/B2 (OAI21_X1)
     2    2.47    0.01    0.02    2.16 v _6282_/ZN (OAI21_X1)
                                         _2550_ (net)
                  0.01    0.00    2.16 v _6283_/B2 (AOI21_X1)
     2    3.40    0.03    0.04    2.20 ^ _6283_/ZN (AOI21_X1)
                                         _2551_ (net)
                  0.03    0.00    2.20 ^ _6297_/B2 (OAI21_X1)
     2    2.44    0.01    0.02    2.22 v _6297_/ZN (OAI21_X1)
                                         _2563_ (net)
                  0.01    0.00    2.22 v _6298_/B2 (AOI21_X1)
     2    3.47    0.03    0.04    2.27 ^ _6298_/ZN (AOI21_X1)
                                         _2564_ (net)
                  0.03    0.00    2.27 ^ _6312_/B2 (OAI21_X1)
     2    3.23    0.02    0.03    2.29 v _6312_/ZN (OAI21_X1)
                                         _2576_ (net)
                  0.02    0.00    2.29 v _6314_/A3 (NAND3_X1)
     1    1.72    0.01    0.02    2.32 ^ _6314_/ZN (NAND3_X1)
                                         _2578_ (net)
                  0.01    0.00    2.32 ^ _6315_/A2 (NAND2_X1)
     1    1.83    0.01    0.01    2.33 v _6315_/ZN (NAND2_X1)
                                         _2579_ (net)
                  0.01    0.00    2.33 v _6316_/B2 (OAI21_X1)
     1    2.26    0.02    0.03    2.36 ^ _6316_/ZN (OAI21_X1)
                                         _2580_ (net)
                  0.02    0.00    2.36 ^ _6317_/A (OAI21_X1)
     1    1.99    0.03    0.02    2.39 v _6317_/ZN (OAI21_X1)
                                         _2581_ (net)
                  0.03    0.00    2.39 v _6318_/A (INV_X1)
     1    1.35    0.01    0.02    2.40 ^ _6318_/ZN (INV_X1)
                                         _0064_ (net)
                  0.01    0.00    2.40 ^ intermediateValue[22]$_DFFE_PP_/D (DFF_X1)
                                  2.40   data arrival time

                        100.00  100.00   clock clk0 (rise edge)
                          0.18  100.18   clock network delay (propagated)
                          0.00  100.18   clock reconvergence pessimism
                                100.18 ^ intermediateValue[22]$_DFFE_PP_/CK (DFF_X1)
                         -0.03  100.15   library setup time
                                100.15   data required time
-----------------------------------------------------------------------------
                                100.15   data required time
                                 -2.40   data arrival time
-----------------------------------------------------------------------------
                                 97.75   slack (MET)


Startpoint: step[4]$_SDFFE_PP0P_
            (rising edge-triggered flip-flop clocked by clk0)
Endpoint: intermediateValue[23]$_DFFE_PP_
          (rising edge-triggered flip-flop clocked by clk0)
Path Group: clk0
Path Type: max

Fanout     Cap    Slew   Delay    Time   Description
-----------------------------------------------------------------------------
                          0.00    0.00   clock clk0 (rise edge)
                          0.19    0.19   clock network delay (propagated)
                  0.04    0.00    0.19 ^ step[4]$_SDFFE_PP0P_/CK (DFF_X1)
    12   42.06    0.10    0.19    0.38 ^ step[4]$_SDFFE_PP0P_/Q (DFF_X1)
                                         step[4] (net)
                  0.10    0.00    0.38 ^ _3885_/A1 (NOR2_X1)
     3   10.16    0.03    0.04    0.41 v _3885_/ZN (NOR2_X1)
                                         _3242_ (net)
                  0.03    0.00    0.41 v _3886_/A2 (NAND2_X1)
    18   36.41    0.09    0.11    0.52 ^ _3886_/ZN (NAND2_X1)
                                         _3243_ (net)
                  0.09    0.00    0.52 ^ _3927_/B2 (OAI22_X1)
     1    1.17    0.02    0.03    0.56 v _3927_/ZN (OAI22_X1)
                                         _3284_ (net)
                  0.02    0.00    0.56 v _3928_/A3 (OR3_X1)
     2    4.22    0.02    0.09    0.65 v _3928_/ZN (OR3_X1)
                                         _3285_ (net)
                  0.02    0.00    0.65 v _3934_/A (AOI211_X1)
     2    8.30    0.08    0.12    0.77 ^ _3934_/ZN (AOI211_X1)
                                         _3291_ (net)
                  0.08    0.00    0.77 ^ _3939_/A2 (NAND3_X1)
     2    4.57    0.03    0.05    0.81 v _3939_/ZN (NAND3_X1)
                                         _3296_ (net)
                  0.03    0.00    0.81 v _3956_/A1 (NOR2_X1)
     1    1.95    0.02    0.03    0.85 ^ _3956_/ZN (NOR2_X1)
                                         _3313_ (net)
                  0.02    0.00    0.85 ^ _3967_/A2 (NAND4_X1)
     6   15.74    0.06    0.08    0.93 v _3967_/ZN (NAND4_X1)
                                         _3324_ (net)
                  0.06    0.00    0.93 v _3968_/A2 (NOR2_X1)
    13   35.46    0.17    0.22    1.15 ^ _3968_/ZN (NOR2_X1)
                                         _3325_ (net)
                  0.17    0.00    1.15 ^ _4051_/A1 (AND2_X1)
     5   15.34    0.04    0.09    1.24 ^ _4051_/ZN (AND2_X1)
                                         _3621_ (net)
                  0.04    0.00    1.24 ^ max_cap21/A (BUF_X1)
    32  119.30    0.26    0.31    1.55 ^ max_cap21/Z (BUF_X1)
                                         net21 (net)
                  0.26    0.00    1.55 ^ _7263_/B (HA_X1)
     3    6.39    0.06    0.08    1.63 ^ _7263_/S (HA_X1)
                                         _3781_ (net)
                  0.06    0.00    1.63 ^ _5638_/A (INV_X1)
     1    1.68    0.01    0.01    1.64 v _5638_/ZN (INV_X1)
                                         _1921_ (net)
                  0.01    0.00    1.64 v _5639_/B2 (OAI21_X1)
     2    4.52    0.03    0.05    1.69 ^ _5639_/ZN (OAI21_X1)
                                         _1922_ (net)
                  0.03    0.00    1.69 ^ _5737_/B1 (AOI21_X1)
     1    1.64    0.01    0.02    1.71 v _5737_/ZN (AOI21_X1)
                                         _2018_ (net)
                  0.01    0.00    1.71 v _5738_/B1 (OAI21_X1)
     2    4.68    0.03    0.04    1.75 ^ _5738_/ZN (OAI21_X1)
                                         _2019_ (net)
                  0.03    0.00    1.75 ^ _5827_/B1 (AOI21_X1)
     1    1.70    0.01    0.02    1.77 v _5827_/ZN (AOI21_X1)
                                         _2106_ (net)
                  0.01    0.00    1.77 v _5828_/B1 (OAI21_X1)
     2    4.29    0.03    0.04    1.81 ^ _5828_/ZN (OAI21_X1)
                                         _2107_ (net)
                  0.03    0.00    1.81 ^ _5961_/B1 (AOI21_X1)
     1    1.72    0.01    0.02    1.83 v _5961_/ZN (AOI21_X1)
                                         _2238_ (net)
                  0.01    0.00    1.83 v _5962_/B1 (OAI21_X1)
     2    4.50    0.03    0.04    1.87 ^ _5962_/ZN (OAI21_X1)
                                         _2239_ (net)
                  0.03    0.00    1.87 ^ _6061_/B1 (AOI21_X1)
     1    1.57    0.01    0.02    1.89 v _6061_/ZN (AOI21_X1)
                                         _2336_ (net)
                  0.01    0.00    1.89 v _6062_/B1 (OAI21_X1)
     2    4.65    0.03    0.04    1.93 ^ _6062_/ZN (OAI21_X1)
                                         _2337_ (net)
                  0.03    0.00    1.93 ^ _6155_/B1 (AOI21_X1)
     1    1.57    0.01    0.02    1.95 v _6155_/ZN (AOI21_X1)
                                         _2428_ (net)
                  0.01    0.00    1.95 v _6156_/B1 (OAI21_X1)
     2    4.46    0.03    0.04    1.99 ^ _6156_/ZN (OAI21_X1)
                                         _2429_ (net)
                  0.03    0.00    1.99 ^ _6257_/B1 (AOI21_X1)
     1    1.57    0.01    0.02    2.01 v _6257_/ZN (AOI21_X1)
                                         _2528_ (net)
                  0.01    0.00    2.01 v _6258_/B1 (OAI21_X1)
     2    4.65    0.03    0.04    2.06 ^ _6258_/ZN (OAI21_X1)
                                         _2529_ (net)
                  0.03    0.00    2.06 ^ _6274_/B1 (AOI21_X1)
     1    1.63    0.01    0.02    2.07 v _6274_/ZN (AOI21_X1)
                                         _2543_ (net)
                  0.01    0.00    2.07 v _6275_/B1 (OAI21_X1)
     2    4.45    0.03    0.04    2.12 ^ _6275_/ZN (OAI21_X1)
                                         _2544_ (net)
                  0.03    0.00    2.12 ^ _6289_/B1 (AOI21_X1)
     1    1.63    0.01    0.02    2.13 v _6289_/ZN (AOI21_X1)
                                         _2556_ (net)
                  0.01    0.00    2.13 v _6290_/B1 (OAI21_X1)
     2    4.63    0.03    0.04    2.18 ^ _6290_/ZN (OAI21_X1)
                                         _2557_ (net)
                  0.03    0.00    2.18 ^ _6304_/B1 (AOI21_X1)
     1    1.73    0.01    0.02    2.20 v _6304_/ZN (AOI21_X1)
                                         _2569_ (net)
                  0.01    0.00    2.20 v _6305_/B1 (OAI21_X1)
     2    4.46    0.03    0.04    2.24 ^ _6305_/ZN (OAI21_X1)
                                         _2570_ (net)
                  0.03    0.00    2.24 ^ _6320_/B1 (AOI21_X1)
     1    1.63    0.01    0.02    2.26 v _6320_/ZN (AOI21_X1)
                                         _2583_ (net)
                  0.01    0.00    2.26 v _6321_/B1 (OAI21_X1)
     2    4.53    0.03    0.04    2.30 ^ _6321_/ZN (OAI21_X1)
                                         _2584_ (net)
                  0.03    0.00    2.30 ^ _6322_/B (XNOR2_X1)
     1    1.94    0.02    0.04    2.34 ^ _6322_/ZN (XNOR2_X1)
                                         _2585_ (net)
                  0.02    0.00    2.34 ^ _6323_/B1 (OAI21_X1)
     1    1.58    0.02    0.02    2.36 v _6323_/ZN (OAI21_X1)
                                         _2586_ (net)
                  0.02    0.00    2.36 v _6324_/A (OAI21_X1)
     1    2.09    0.02    0.03    2.39 ^ _6324_/ZN (OAI21_X1)
                                         _2587_ (net)
                  0.02    0.00    2.39 ^ _6325_/A (INV_X1)
     1    1.21    0.01    0.01    2.39 v _6325_/ZN (INV_X1)
                                         _0065_ (net)
                  0.01    0.00    2.39 v intermediateValue[23]$_DFFE_PP_/D (DFF_X1)
                                  2.39   data arrival time

                        100.00  100.00   clock clk0 (rise edge)
                          0.18  100.18   clock network delay (propagated)
                          0.00  100.18   clock reconvergence pessimism
                                100.18 ^ intermediateValue[23]$_DFFE_PP_/CK (DFF_X1)
                         -0.03  100.15   library setup time
                                100.15   data required time
-----------------------------------------------------------------------------
                                100.15   data required time
                                 -2.39   data arrival time
-----------------------------------------------------------------------------
                                 97.76   slack (MET)


