Cell type report:                       Count       Area
  Tap cell                                162      43.09
  Clock buffer                             13      17.29
  Timing Repair Buffer                     18      60.65
  Inverter                                294     224.50
  Clock inverter                            1       0.80
  Sequential cell                         297    1343.03
  Multi-Input combinational cell         2948    4266.11
  Total                                  3733    5955.47

Cell instance report:
  AND2_X1                                  10      10.64
  AND2_X2                                  14      18.62
  AND2_X4                                  46     110.12
  AND3_X1                                  11      14.63
  AND3_X2                                   2       3.19
  AND3_X4                                   6      17.56
  AND4_X1                                   8      12.77
  AND4_X2                                   1       1.86
  AND4_X4                                   5      17.29
  AOI211_X1                               202     268.66
  AOI211_X2                                 1       2.39
  AOI21_X1                                274     291.54
  AOI21_X2                                 12      22.34
  AOI21_X4                                  1       3.46
  AOI221_X1                                62      98.95
  AOI222_X1                               154     327.71
  AOI22_X1                                312     414.96
  BUF_X4                                    1       1.86
  BUF_X8                                   17      58.79
  CLKBUF_X3                                13      17.29
  DFF_X1                                  297    1343.03
  FA_X1                                     3      12.77
  TAPCELL_X1                              162      43.09
  HA_X1                                    84     223.44
  INV_X1                                  234     124.49
  INV_X16                                   2       9.04
  INV_X2                                   15      11.97
  INV_X32                                   1       8.78
  INV_X4                                   30      39.90
  INV_X8                                   13      31.12
  MUX2_X1                                   9      16.76
  MUX2_X2                                   1       2.39
  NAND2_X1                                164     130.87
  NAND2_X2                                 45      59.85
  NAND2_X4                                105     251.37
  NAND3_X1                                112     119.17
  NAND3_X2                                 13      24.21
  NAND3_X4                                 17      58.79
  NAND4_X1                                 98     130.34
  NAND4_X2                                 12      28.73
  NAND4_X4                                  3      14.36
  NOR2_X1                                 315     251.37
  NOR2_X2                                  62      82.46
  NOR2_X4                                 107     256.16
  NOR3_X1                                  63      67.03
  NOR3_X2                                  14      26.07
  NOR3_X4                                  16      59.58
  NOR4_X1                                  53      70.49
  NOR4_X2                                   3       7.18
  OAI21_X1                                295     313.88
  OAI21_X2                                  7      13.03
  OAI21_X4                                  1       3.46
  OAI221_X1                                20      31.92
  OAI221_X2                                 1       2.93
  OAI222_X1                                 8      17.02
  OAI22_X1                                 48      63.84
  OAI22_X2                                  2       4.79
  OAI33_X1                                 14      26.07
  OR2_X1                                   10      10.64
  OR2_X2                                    7       9.31
  OR2_X4                                   20      47.88
  OR3_X1                                   12      15.96
  OR3_X2                                    5       7.98
  OR3_X4                                    2       5.85
  OR4_X1                                    7      11.17
  OR4_X2                                    3       5.59
  OR4_X4                                    3      10.37
  XNOR2_X1                                 23      36.71
  XNOR2_X2                                 22      58.52
  XOR2_X1                                   5       7.98
  XOR2_X2                                  13      31.12
