Copyright 1986-2022 Xilinx, Inc. All Rights Reserved. Copyright 2022-2024 Advanced Micro Devices, Inc. All Rights Reserved.
---------------------------------------------------------------------------------------------------------------------------------------------
| Tool Version : Vivado v.2024.2 (lin64) Build 5239630 Fri Nov 08 22:34:34 MST 2024
| Date         : Sat Mar 15 16:31:24 2025
| Host         : vivado running 64-bit Ubuntu 24.04.1 LTS
| Command      : report_high_fanout_nets -file /home/azureuser/btreeBlock/verilog/delete/vivado/reports/high_fanout_nets.rpt
| Design       : delete
| Device       : xc7v2000t
---------------------------------------------------------------------------------------------------------------------------------------------

High Fan-out Nets Information

1. Summary
----------

+-----------------------------------+--------+-------------+
| Net Name                          | Fanout | Driver Type |
+-----------------------------------+--------+-------------+
| reset__0_BUFG                     |  66447 | BUFG        |
| T[181]_i_1_n_0                    |   7616 | LUT6        |
| T[133]_i_1_n_0                    |   6151 | LUT6        |
| T[181]_i_3_n_0                    |   5266 | LUT5        |
| bT_StuckSA_Transaction__0[9]      |   5222 | LUT6        |
| T[82]_i_1_n_0                     |   3674 | LUT6        |
| bT_StuckSA_Transaction[9]_i_6_n_0 |   3314 | LUT3        |
| T[173]_i_1_n_0                    |   3247 | LUT4        |
| opCodeMap[8]                      |   2890 | LUT5        |
| bT_StuckSA_Transaction__0[69]     |   2799 | LUT4        |
+-----------------------------------+--------+-------------+


